<?xml version="1.0"?>
<testsuite name="Chrome Headless 114.0.5735.199 (Windows 10)" package="" timestamp="2023-07-11T13:19:51" id="0" hostname="DESKTOP-BGHAS87" tests="87" errors="0" failures="0" time="0.696">
  <properties>
    <property name="browser.fullName" value="Mozilla/5.0 (Windows NT 10.0; Win64; x64) AppleWebKit/537.36 (KHTML, like Gecko) HeadlessChrome/114.0.5735.199 Safari/537.36"/>
  </properties>
  <testcase name="UserService isUserAuthenticated - NO CREDENTIALS" time="0.012" classname="UserService"/>
  <testcase name="UserService isUserAuthenticated - NO USERID" time="0.004" classname="UserService"/>
  <testcase name="UserService should be created" time="0.002" classname="UserService"/>
  <testcase name="UserService isUserAuthenticated - SUCCESS" time="0.003" classname="UserService"/>
  <testcase name="PersonalInfoComponent should create" time="0.019" classname="PersonalInfoComponent"/>
  <testcase name="LoginComponent Sign In - Incomplete info" time="0.039" classname="LoginComponent"/>
  <testcase name="LoginComponent Sign In - Non existant profile!" time="0.011" classname="LoginComponent"/>
  <testcase name="LoginComponent Static HTML content" time="0.005" classname="LoginComponent"/>
  <testcase name="LoginComponent Register page redirection" time="0.004" classname="LoginComponent"/>
  <testcase name="LoginComponent Succesful Sign In" time="0.009" classname="LoginComponent"/>
  <testcase name="RegisterComponent should create" time="0.061" classname="RegisterComponent"/>
  <testcase name="RegisterComponent Return to login page" time="0.007" classname="RegisterComponent"/>
  <testcase name="RegisterComponent Get countries" time="0.008" classname="RegisterComponent"/>
  <testcase name="RegisterComponent National documents depending of selected country" time="0.007" classname="RegisterComponent"/>
  <testcase name="RegisterComponent Static HTML Content" time="0.009" classname="RegisterComponent"/>
  <testcase name="RegisterComponent Unsuccesful register - already registered user" time="0.008" classname="RegisterComponent"/>
  <testcase name="RegisterComponent Unsuccesful register - passwords does not match" time="0.009" classname="RegisterComponent"/>
  <testcase name="RegisterComponent Failed to get countries" time="0.009" classname="RegisterComponent"/>
  <testcase name="RegisterComponent Successful register" time="0.009" classname="RegisterComponent"/>
  <testcase name="RegisterComponent Unsuccesful register - connection error" time="0.008" classname="RegisterComponent"/>
  <testcase name="RegisterComponent Unsuccesful register - incomplete info" time="0.005" classname="RegisterComponent"/>
  <testcase name="HomeEconomicsIndicatorsComponent should create" time="0.005" classname="HomeEconomicsIndicatorsComponent"/>
  <testcase name="InvestmentComponent should create" time="0.003" classname="InvestmentComponent"/>
  <testcase name="HomePublicationsComponent should create" time="0.018" classname="HomePublicationsComponent"/>
  <testcase name="MessengerComponent should have a search icon" time="0.035" classname="MessengerComponent"/>
  <testcase name="MessengerComponent should have a search button with the correct text" time="0.008" classname="MessengerComponent"/>
  <testcase name="MessengerComponent should have a search input with the correct placeholder" time="0.008" classname="MessengerComponent"/>
  <testcase name="MessengerComponent should have a search button with the correct type" time="0.008" classname="MessengerComponent"/>
  <testcase name="MessengerComponent should send a message" time="0.01" classname="MessengerComponent"/>
  <testcase name="MessengerComponent should create" time="0.007" classname="MessengerComponent"/>
  <testcase name="MessengerComponent should update searchResults with the results returned by messengerService.searchUsers" time="0.011" classname="MessengerComponent"/>
  <testcase name="MessengerComponent should call searchUsers from messengerService with the entered search query" time="0.01" classname="MessengerComponent"/>
  <testcase name="MessengerComponent should have a search button" time="0.011" classname="MessengerComponent"/>
  <testcase name="MessengerComponent should have a user search form" time="0.008" classname="MessengerComponent"/>
  <testcase name="MessengerComponent should have a search input" time="0.008" classname="MessengerComponent"/>
  <testcase name="MessengerComponent should have a search icon with the correct name" time="0.008" classname="MessengerComponent"/>
  <testcase name="FooterComponent should create" time="0.004" classname="FooterComponent"/>
  <testcase name="NotificationsComponent should apply the correct background color to the notifications container" time="0.017" classname="NotificationsComponent"/>
  <testcase name="NotificationsComponent should create" time="0.005" classname="NotificationsComponent"/>
  <testcase name="NotificationsComponent should display the correct number of notifications" time="0.005" classname="NotificationsComponent"/>
  <testcase name="NotificationsComponent should display the notifications container" time="0.005" classname="NotificationsComponent"/>
  <testcase name="NotificationsComponent should display the notification list" time="0.004" classname="NotificationsComponent"/>
  <testcase name="NotificationsComponent should display the notifications title" time="0.005" classname="NotificationsComponent"/>
  <testcase name="NotificationsComponent should apply the correct font size to the notifications title" time="0.006" classname="NotificationsComponent"/>
  <testcase name="HomeContentService should get notifications" time="0.003" classname="HomeContentService"/>
  <testcase name="HomeContentService should get connections" time="0.002" classname="HomeContentService"/>
  <testcase name="HomeContentService should get events" time="0.002" classname="HomeContentService"/>
  <testcase name="HomeContentService should be created" time="0.003" classname="HomeContentService"/>
  <testcase name="HomeContentComponent should create" time="0.009" classname="HomeContentComponent"/>
  <testcase name="HomeEconomicefficiencyComponent should create" time="0.006" classname="HomeEconomicefficiencyComponent"/>
  <testcase name="LoginService signIn - should return the correct profile" time="0.006" classname="LoginService"/>
  <testcase name="LoginService should be created" time="0.005" classname="LoginService"/>
  <testcase name="RegisterService Get countries" time="0.003" classname="RegisterService"/>
  <testcase name="RegisterService should be created" time="0.002" classname="RegisterService"/>
  <testcase name="RegisterService countryDocumentType" time="0.006" classname="RegisterService"/>
  <testcase name="RegisterService Registering new user" time="0.002" classname="RegisterService"/>
  <testcase name="AppComponent should create the app" time="0.008" classname="AppComponent"/>
  <testcase name="UserProfileComponent should have a form with required controls" time="0.018" classname="UserProfileComponent"/>
  <testcase name="UserProfileComponent should show an error message when last name is not provided" time="0.01" classname="UserProfileComponent"/>
  <testcase name="UserProfileComponent should create" time="0.01" classname="UserProfileComponent"/>
  <testcase name="UserProfileComponent should show an error message when first name is not provided" time="0.007" classname="UserProfileComponent"/>
  <testcase name="UserProfileComponent should show an error message when email is not provided" time="0.008" classname="UserProfileComponent"/>
  <testcase name="UserProfileComponent should render the profile form" time="0.007" classname="UserProfileComponent"/>
  <testcase name="UserProfileComponent should show an error message when phone is not provided" time="0.01" classname="UserProfileComponent"/>
  <testcase name="UserProfileComponent should display the profile header" time="0.009" classname="UserProfileComponent"/>
  <testcase name="UserProfileComponent should show an error message when email is not valid" time="0.007" classname="UserProfileComponent"/>
  <testcase name="UserProfileComponent should have an image profile" time="0.008" classname="UserProfileComponent"/>
  <testcase name="NotificationService should be created" time="0.002" classname="NotificationService"/>
  <testcase name="NotificationService should return notifications for a user" time="0.001" classname="NotificationService"/>
  <testcase name="NavMenuComponent Notificaciones" time="0.006" classname="NavMenuComponent"/>
  <testcase name="NavMenuComponent Inicio" time="0.008" classname="NavMenuComponent"/>
  <testcase name="NavMenuComponent Yo" time="0.004" classname="NavMenuComponent"/>
  <testcase name="NavMenuComponent Red" time="0.006" classname="NavMenuComponent"/>
  <testcase name="NavMenuComponent Oportunidades" time="0.005" classname="NavMenuComponent"/>
  <testcase name="NavMenuComponent search widget" time="0.005" classname="NavMenuComponent"/>
  <testcase name="NavMenuComponent Mensajes" time="0.006" classname="NavMenuComponent"/>
  <testcase name="NavMenuComponent search functionality" time="0.005" classname="NavMenuComponent"/>
  <testcase name="NavMenuComponent should create" time="0.004" classname="NavMenuComponent"/>
  <testcase name="NavMenuComponent Logo" time="0.006" classname="NavMenuComponent"/>
  <testcase name="QuickAccessComponent should create" time="0.005" classname="QuickAccessComponent"/>
  <testcase name="HomeBussinessRedComponent should create" time="0.012" classname="HomeBussinessRedComponent"/>
  <testcase name="SearchService getProfiles" time="0.003" classname="SearchService"/>
  <testcase name="SearchService should be created" time="0.002" classname="SearchService"/>
  <testcase name="PostService should be created" time="0.003" classname="PostService"/>
  <testcase name="UserProfileService should be created" time="0.002" classname="UserProfileService"/>
  <testcase name="UserProfileService should send a GET request to retrieve user profile" time="0.002" classname="UserProfileService"/>
  <testcase name="UserProfileService should send a POST request to save user profile" time="0.001" classname="UserProfileService"/>
  <system-out>
    <![CDATA[Chrome Headless 114.0.5735.199 (Windows 10) ERROR: 'NG0304: 'mat-card' is not a known element:
1. If 'mat-card' is an Angular component, then verify that it is part of this module.
2. If 'mat-card' is a Web Component then add 'CUSTOM_ELEMENTS_SCHEMA' to the '@NgModule.schemas' of this component to suppress this message.'
,Chrome Headless 114.0.5735.199 (Windows 10) ERROR: 'NG0304: 'mat-card-content' is not a known element:
1. If 'mat-card-content' is an Angular component, then verify that it is part of this module.
2. If 'mat-card-content' is a Web Component then add 'CUSTOM_ELEMENTS_SCHEMA' to the '@NgModule.schemas' of this component to suppress this message.'
,Chrome Headless 114.0.5735.199 (Windows 10) WARN: 'Spec 'LoginComponent Sign In - Incomplete info' has no expectations.'
,Chrome Headless 114.0.5735.199 (Windows 10) LOG: Error: HTTP Response error!
Error: HTTP Response error!
    at Observable._subscribe (http://localhost:9876/_karma_webpack_/webpack:/src/app/routes/login/login.component.spec.ts:82:15)
    at Observable._trySubscribe (http://localhost:9876/_karma_webpack_/webpack:/node_modules/rxjs/dist/esm/internal/Observable.js:37:1)
    at http://localhost:9876/_karma_webpack_/webpack:/node_modules/rxjs/dist/esm/internal/Observable.js:31:1
    at errorContext (http://localhost:9876/_karma_webpack_/webpack:/node_modules/rxjs/dist/esm/internal/util/errorContext.js:19:1)
    at Observable.subscribe (http://localhost:9876/_karma_webpack_/webpack:/node_modules/rxjs/dist/esm/internal/Observable.js:22:21)
    at LoginComponent.signInSubscription (http://localhost:9876/_karma_webpack_/webpack:/src/app/routes/login/login.component.ts:77:38)
    at LoginComponent.signIn (http://localhost:9876/_karma_webpack_/webpack:/src/app/routes/login/login.component.ts:61:12)
    at LoginComponent_Template_button_click_11_listener (ng:///LoginComponent.js:42:22)
    at executeListenerWithErrorHandling (http://localhost:9876/_karma_webpack_/webpack:/node_modules/@angular/core/fesm2015/core.mjs:15116:1)
    at wrapListenerIn_markDirtyAndPreventDefault (http://localhost:9876/_karma_webpack_/webpack:/node_modules/@angular/core/fesm2015/core.mjs:15154:1)
,Chrome Headless 114.0.5735.199 (Windows 10) WARN: 'Spec 'LoginComponent Sign In - Non existant profile!' has no expectations.'
,Chrome Headless 114.0.5735.199 (Windows 10) WARN: 'Spec 'LoginComponent Register page redirection' has no expectations.'
,Chrome Headless 114.0.5735.199 (Windows 10) ERROR: 'ERROR', Error: Spy 'loginService.signIn' received a call with arguments [ User({ _userId: -1, _userName: 'example@email.com', _password: '12345678', _securityToken: '', _photo: '' }) ] but all configured strategies specify other arguments.
Error: Spy 'loginService.signIn' received a call with arguments [ User({ _userId: -1, _userName: 'example@email.com', _password: '12345678', _securityToken: '', _photo: '' }) ] but all configured strategies specify other arguments.
    at SpyStrategyDispatcher.exec (http://localhost:9876/base/node_modules/karma-jasmine/node_modules/jasmine-core/lib/jasmine-core/jasmine.js?7cbe40ea01cb84b567ab94817dab395ea48ff6b7:9448:17)
    at spy (http://localhost:9876/base/node_modules/karma-jasmine/node_modules/jasmine-core/lib/jasmine-core/jasmine.js?7cbe40ea01cb84b567ab94817dab395ea48ff6b7:9340:46)
    at http://localhost:9876/base/node_modules/karma-jasmine/node_modules/jasmine-core/lib/jasmine-core/jasmine.js?7cbe40ea01cb84b567ab94817dab395ea48ff6b7:9313:16
    at Object.wrap [as signIn] (http://localhost:9876/base/node_modules/karma-jasmine/node_modules/jasmine-core/lib/jasmine-core/jasmine.js?7cbe40ea01cb84b567ab94817dab395ea48ff6b7:9386:20)
    at LoginComponent.signInSubscription (http://localhost:9876/_karma_webpack_/webpack:/src/app/routes/login/login.component.ts:77:25)
    at LoginComponent.signIn (http://localhost:9876/_karma_webpack_/webpack:/src/app/routes/login/login.component.ts:61:12)
    at LoginComponent_Template_button_click_11_listener (ng:///LoginComponent.js:42:22)
    at executeListenerWithErrorHandling (http://localhost:9876/_karma_webpack_/webpack:/node_modules/@angular/core/fesm2015/core.mjs:15116:1)
    at eventHandler (http://localhost:9876/_karma_webpack_/webpack:/node_modules/@angular/core/fesm2015/core.mjs:15154:1)
    at HTMLButtonElement.<anonymous> (http://localhost:9876/_karma_webpack_/webpack:/node_modules/@angular/platform-browser/fesm2015/platform-browser.mjs:466:38)
,Chrome Headless 114.0.5735.199 (Windows 10) WARN: 'Spec 'LoginComponent Succesful Sign In' has no expectations.'
,Chrome Headless 114.0.5735.199 (Windows 10) ERROR: 'ERROR', TypeError: Cannot read properties of undefined (reading '0')
TypeError: Cannot read properties of undefined (reading '0')
    at RegisterComponent.selectedCountry (http://localhost:9876/_karma_webpack_/webpack:/src/app/routes/register/register.component.ts:58:75)
    at RegisterComponent_Template_select_change_16_listener (ng:///RegisterComponent.js:73:22)
    at executeListenerWithErrorHandling (http://localhost:9876/_karma_webpack_/webpack:/node_modules/@angular/core/fesm2015/core.mjs:15116:1)
    at eventHandler (http://localhost:9876/_karma_webpack_/webpack:/node_modules/@angular/core/fesm2015/core.mjs:15160:1)
    at HTMLSelectElement.<anonymous> (http://localhost:9876/_karma_webpack_/webpack:/node_modules/@angular/platform-browser/fesm2015/platform-browser.mjs:466:38)
    at _ZoneDelegate.invokeTask (http://localhost:9876/_karma_webpack_/webpack:/node_modules/zone.js/fesm2015/zone.js:406:1)
    at ProxyZoneSpec.onInvokeTask (http://localhost:9876/_karma_webpack_/webpack:/node_modules/zone.js/fesm2015/zone-testing.js:318:1)
    at _ZoneDelegate.invokeTask (http://localhost:9876/_karma_webpack_/webpack:/node_modules/zone.js/fesm2015/zone.js:405:1)
    at Object.onInvokeTask (http://localhost:9876/_karma_webpack_/webpack:/node_modules/zone.js/fesm2015/zone.js:284:1)
    at _ZoneDelegate.invokeTask (http://localhost:9876/_karma_webpack_/webpack:/node_modules/zone.js/fesm2015/zone.js:405:1)
,Chrome Headless 114.0.5735.199 (Windows 10) ERROR: 'ERROR', TypeError: Cannot read properties of undefined (reading '0')
TypeError: Cannot read properties of undefined (reading '0')
    at RegisterComponent.selectedCountry (http://localhost:9876/_karma_webpack_/webpack:/src/app/routes/register/register.component.ts:58:75)
    at RegisterComponent_Template_select_change_16_listener (ng:///RegisterComponent.js:73:22)
    at executeListenerWithErrorHandling (http://localhost:9876/_karma_webpack_/webpack:/node_modules/@angular/core/fesm2015/core.mjs:15116:1)
    at eventHandler (http://localhost:9876/_karma_webpack_/webpack:/node_modules/@angular/core/fesm2015/core.mjs:15160:1)
    at HTMLSelectElement.<anonymous> (http://localhost:9876/_karma_webpack_/webpack:/node_modules/@angular/platform-browser/fesm2015/platform-browser.mjs:466:38)
    at _ZoneDelegate.invokeTask (http://localhost:9876/_karma_webpack_/webpack:/node_modules/zone.js/fesm2015/zone.js:406:1)
    at ProxyZoneSpec.onInvokeTask (http://localhost:9876/_karma_webpack_/webpack:/node_modules/zone.js/fesm2015/zone-testing.js:318:1)
    at _ZoneDelegate.invokeTask (http://localhost:9876/_karma_webpack_/webpack:/node_modules/zone.js/fesm2015/zone.js:405:1)
    at Object.onInvokeTask (http://localhost:9876/_karma_webpack_/webpack:/node_modules/zone.js/fesm2015/zone.js:284:1)
    at _ZoneDelegate.invokeTask (http://localhost:9876/_karma_webpack_/webpack:/node_modules/zone.js/fesm2015/zone.js:405:1)
,Chrome Headless 114.0.5735.199 (Windows 10) ERROR: 'ERROR', TypeError: Cannot read properties of undefined (reading '0')
TypeError: Cannot read properties of undefined (reading '0')
    at RegisterComponent.selectedCountry (http://localhost:9876/_karma_webpack_/webpack:/src/app/routes/register/register.component.ts:58:75)
    at RegisterComponent_Template_select_change_16_listener (ng:///RegisterComponent.js:73:22)
    at executeListenerWithErrorHandling (http://localhost:9876/_karma_webpack_/webpack:/node_modules/@angular/core/fesm2015/core.mjs:15116:1)
    at eventHandler (http://localhost:9876/_karma_webpack_/webpack:/node_modules/@angular/core/fesm2015/core.mjs:15160:1)
    at HTMLSelectElement.<anonymous> (http://localhost:9876/_karma_webpack_/webpack:/node_modules/@angular/platform-browser/fesm2015/platform-browser.mjs:466:38)
    at _ZoneDelegate.invokeTask (http://localhost:9876/_karma_webpack_/webpack:/node_modules/zone.js/fesm2015/zone.js:406:1)
    at ProxyZoneSpec.onInvokeTask (http://localhost:9876/_karma_webpack_/webpack:/node_modules/zone.js/fesm2015/zone-testing.js:318:1)
    at _ZoneDelegate.invokeTask (http://localhost:9876/_karma_webpack_/webpack:/node_modules/zone.js/fesm2015/zone.js:405:1)
    at Object.onInvokeTask (http://localhost:9876/_karma_webpack_/webpack:/node_modules/zone.js/fesm2015/zone.js:284:1)
    at _ZoneDelegate.invokeTask (http://localhost:9876/_karma_webpack_/webpack:/node_modules/zone.js/fesm2015/zone.js:405:1)
,Chrome Headless 114.0.5735.199 (Windows 10) ERROR: 'ERROR', TypeError: Cannot read properties of undefined (reading '0')
TypeError: Cannot read properties of undefined (reading '0')
    at RegisterComponent.selectedCountry (http://localhost:9876/_karma_webpack_/webpack:/src/app/routes/register/register.component.ts:58:75)
    at RegisterComponent_Template_select_change_16_listener (ng:///RegisterComponent.js:73:22)
    at executeListenerWithErrorHandling (http://localhost:9876/_karma_webpack_/webpack:/node_modules/@angular/core/fesm2015/core.mjs:15116:1)
    at eventHandler (http://localhost:9876/_karma_webpack_/webpack:/node_modules/@angular/core/fesm2015/core.mjs:15160:1)
    at HTMLSelectElement.<anonymous> (http://localhost:9876/_karma_webpack_/webpack:/node_modules/@angular/platform-browser/fesm2015/platform-browser.mjs:466:38)
    at _ZoneDelegate.invokeTask (http://localhost:9876/_karma_webpack_/webpack:/node_modules/zone.js/fesm2015/zone.js:406:1)
    at ProxyZoneSpec.onInvokeTask (http://localhost:9876/_karma_webpack_/webpack:/node_modules/zone.js/fesm2015/zone-testing.js:318:1)
    at _ZoneDelegate.invokeTask (http://localhost:9876/_karma_webpack_/webpack:/node_modules/zone.js/fesm2015/zone.js:405:1)
    at Object.onInvokeTask (http://localhost:9876/_karma_webpack_/webpack:/node_modules/zone.js/fesm2015/zone.js:284:1)
    at _ZoneDelegate.invokeTask (http://localhost:9876/_karma_webpack_/webpack:/node_modules/zone.js/fesm2015/zone.js:405:1)
,Chrome Headless 114.0.5735.199 (Windows 10) WARN: 'Spec 'RegisterComponent National documents depending of selected country' has no expectations.'
,Chrome Headless 114.0.5735.199 (Windows 10) ERROR: 'ERROR', TypeError: Cannot read properties of undefined (reading '0')
TypeError: Cannot read properties of undefined (reading '0')
    at RegisterComponent.selectedCountry (http://localhost:9876/_karma_webpack_/webpack:/src/app/routes/register/register.component.ts:58:75)
    at RegisterComponent_Template_select_change_16_listener (ng:///RegisterComponent.js:73:22)
    at executeListenerWithErrorHandling (http://localhost:9876/_karma_webpack_/webpack:/node_modules/@angular/core/fesm2015/core.mjs:15116:1)
    at eventHandler (http://localhost:9876/_karma_webpack_/webpack:/node_modules/@angular/core/fesm2015/core.mjs:15160:1)
    at HTMLSelectElement.<anonymous> (http://localhost:9876/_karma_webpack_/webpack:/node_modules/@angular/platform-browser/fesm2015/platform-browser.mjs:466:38)
    at _ZoneDelegate.invokeTask (http://localhost:9876/_karma_webpack_/webpack:/node_modules/zone.js/fesm2015/zone.js:406:1)
    at ProxyZoneSpec.onInvokeTask (http://localhost:9876/_karma_webpack_/webpack:/node_modules/zone.js/fesm2015/zone-testing.js:318:1)
    at _ZoneDelegate.invokeTask (http://localhost:9876/_karma_webpack_/webpack:/node_modules/zone.js/fesm2015/zone.js:405:1)
    at Object.onInvokeTask (http://localhost:9876/_karma_webpack_/webpack:/node_modules/zone.js/fesm2015/zone.js:284:1)
    at _ZoneDelegate.invokeTask (http://localhost:9876/_karma_webpack_/webpack:/node_modules/zone.js/fesm2015/zone.js:405:1)
,Chrome Headless 114.0.5735.199 (Windows 10) ERROR: 'ERROR', TypeError: Cannot read properties of undefined (reading '0')
TypeError: Cannot read properties of undefined (reading '0')
    at RegisterComponent.selectedCountry (http://localhost:9876/_karma_webpack_/webpack:/src/app/routes/register/register.component.ts:58:75)
    at RegisterComponent_Template_select_change_16_listener (ng:///RegisterComponent.js:73:22)
    at executeListenerWithErrorHandling (http://localhost:9876/_karma_webpack_/webpack:/node_modules/@angular/core/fesm2015/core.mjs:15116:1)
    at eventHandler (http://localhost:9876/_karma_webpack_/webpack:/node_modules/@angular/core/fesm2015/core.mjs:15160:1)
    at HTMLSelectElement.<anonymous> (http://localhost:9876/_karma_webpack_/webpack:/node_modules/@angular/platform-browser/fesm2015/platform-browser.mjs:466:38)
    at _ZoneDelegate.invokeTask (http://localhost:9876/_karma_webpack_/webpack:/node_modules/zone.js/fesm2015/zone.js:406:1)
    at ProxyZoneSpec.onInvokeTask (http://localhost:9876/_karma_webpack_/webpack:/node_modules/zone.js/fesm2015/zone-testing.js:318:1)
    at _ZoneDelegate.invokeTask (http://localhost:9876/_karma_webpack_/webpack:/node_modules/zone.js/fesm2015/zone.js:405:1)
    at Object.onInvokeTask (http://localhost:9876/_karma_webpack_/webpack:/node_modules/zone.js/fesm2015/zone.js:284:1)
    at _ZoneDelegate.invokeTask (http://localhost:9876/_karma_webpack_/webpack:/node_modules/zone.js/fesm2015/zone.js:405:1)
,Chrome Headless 114.0.5735.199 (Windows 10) ERROR: 'ERROR', TypeError: Cannot read properties of undefined (reading '0')
TypeError: Cannot read properties of undefined (reading '0')
    at RegisterComponent.selectedCountry (http://localhost:9876/_karma_webpack_/webpack:/src/app/routes/register/register.component.ts:58:75)
    at RegisterComponent_Template_select_change_16_listener (ng:///RegisterComponent.js:73:22)
    at executeListenerWithErrorHandling (http://localhost:9876/_karma_webpack_/webpack:/node_modules/@angular/core/fesm2015/core.mjs:15116:1)
    at eventHandler (http://localhost:9876/_karma_webpack_/webpack:/node_modules/@angular/core/fesm2015/core.mjs:15160:1)
    at HTMLSelectElement.<anonymous> (http://localhost:9876/_karma_webpack_/webpack:/node_modules/@angular/platform-browser/fesm2015/platform-browser.mjs:466:38)
    at _ZoneDelegate.invokeTask (http://localhost:9876/_karma_webpack_/webpack:/node_modules/zone.js/fesm2015/zone.js:406:1)
    at ProxyZoneSpec.onInvokeTask (http://localhost:9876/_karma_webpack_/webpack:/node_modules/zone.js/fesm2015/zone-testing.js:318:1)
    at _ZoneDelegate.invokeTask (http://localhost:9876/_karma_webpack_/webpack:/node_modules/zone.js/fesm2015/zone.js:405:1)
    at Object.onInvokeTask (http://localhost:9876/_karma_webpack_/webpack:/node_modules/zone.js/fesm2015/zone.js:284:1)
    at _ZoneDelegate.invokeTask (http://localhost:9876/_karma_webpack_/webpack:/node_modules/zone.js/fesm2015/zone.js:405:1)
,Chrome Headless 114.0.5735.199 (Windows 10) WARN: 'Spec 'RegisterComponent Unsuccesful register - passwords does not match' has no expectations.'
,Chrome Headless 114.0.5735.199 (Windows 10) ERROR: 'ERROR', TypeError: Cannot read properties of undefined (reading '0')
TypeError: Cannot read properties of undefined (reading '0')
    at RegisterComponent.selectedCountry (http://localhost:9876/_karma_webpack_/webpack:/src/app/routes/register/register.component.ts:58:75)
    at RegisterComponent_Template_select_change_16_listener (ng:///RegisterComponent.js:73:22)
    at executeListenerWithErrorHandling (http://localhost:9876/_karma_webpack_/webpack:/node_modules/@angular/core/fesm2015/core.mjs:15116:1)
    at eventHandler (http://localhost:9876/_karma_webpack_/webpack:/node_modules/@angular/core/fesm2015/core.mjs:15160:1)
    at HTMLSelectElement.<anonymous> (http://localhost:9876/_karma_webpack_/webpack:/node_modules/@angular/platform-browser/fesm2015/platform-browser.mjs:466:38)
    at _ZoneDelegate.invokeTask (http://localhost:9876/_karma_webpack_/webpack:/node_modules/zone.js/fesm2015/zone.js:406:1)
    at ProxyZoneSpec.onInvokeTask (http://localhost:9876/_karma_webpack_/webpack:/node_modules/zone.js/fesm2015/zone-testing.js:318:1)
    at _ZoneDelegate.invokeTask (http://localhost:9876/_karma_webpack_/webpack:/node_modules/zone.js/fesm2015/zone.js:405:1)
    at Object.onInvokeTask (http://localhost:9876/_karma_webpack_/webpack:/node_modules/zone.js/fesm2015/zone.js:284:1)
    at _ZoneDelegate.invokeTask (http://localhost:9876/_karma_webpack_/webpack:/node_modules/zone.js/fesm2015/zone.js:405:1)
,Chrome Headless 114.0.5735.199 (Windows 10) WARN: 'Spec 'RegisterComponent Failed to get countries' has no expectations.'
,Chrome Headless 114.0.5735.199 (Windows 10) ERROR: 'ERROR', TypeError: Cannot read properties of undefined (reading '0')
TypeError: Cannot read properties of undefined (reading '0')
    at RegisterComponent.selectedCountry (http://localhost:9876/_karma_webpack_/webpack:/src/app/routes/register/register.component.ts:58:75)
    at RegisterComponent_Template_select_change_16_listener (ng:///RegisterComponent.js:73:22)
    at executeListenerWithErrorHandling (http://localhost:9876/_karma_webpack_/webpack:/node_modules/@angular/core/fesm2015/core.mjs:15116:1)
    at eventHandler (http://localhost:9876/_karma_webpack_/webpack:/node_modules/@angular/core/fesm2015/core.mjs:15160:1)
    at HTMLSelectElement.<anonymous> (http://localhost:9876/_karma_webpack_/webpack:/node_modules/@angular/platform-browser/fesm2015/platform-browser.mjs:466:38)
    at _ZoneDelegate.invokeTask (http://localhost:9876/_karma_webpack_/webpack:/node_modules/zone.js/fesm2015/zone.js:406:1)
    at ProxyZoneSpec.onInvokeTask (http://localhost:9876/_karma_webpack_/webpack:/node_modules/zone.js/fesm2015/zone-testing.js:318:1)
    at _ZoneDelegate.invokeTask (http://localhost:9876/_karma_webpack_/webpack:/node_modules/zone.js/fesm2015/zone.js:405:1)
    at Object.onInvokeTask (http://localhost:9876/_karma_webpack_/webpack:/node_modules/zone.js/fesm2015/zone.js:284:1)
    at _ZoneDelegate.invokeTask (http://localhost:9876/_karma_webpack_/webpack:/node_modules/zone.js/fesm2015/zone.js:405:1)
,Chrome Headless 114.0.5735.199 (Windows 10) ERROR: 'ERROR', TypeError: Cannot read properties of undefined (reading '0')
TypeError: Cannot read properties of undefined (reading '0')
    at RegisterComponent.selectedCountry (http://localhost:9876/_karma_webpack_/webpack:/src/app/routes/register/register.component.ts:58:75)
    at RegisterComponent_Template_select_change_16_listener (ng:///RegisterComponent.js:73:22)
    at executeListenerWithErrorHandling (http://localhost:9876/_karma_webpack_/webpack:/node_modules/@angular/core/fesm2015/core.mjs:15116:1)
    at eventHandler (http://localhost:9876/_karma_webpack_/webpack:/node_modules/@angular/core/fesm2015/core.mjs:15160:1)
    at HTMLSelectElement.<anonymous> (http://localhost:9876/_karma_webpack_/webpack:/node_modules/@angular/platform-browser/fesm2015/platform-browser.mjs:466:38)
    at _ZoneDelegate.invokeTask (http://localhost:9876/_karma_webpack_/webpack:/node_modules/zone.js/fesm2015/zone.js:406:1)
    at ProxyZoneSpec.onInvokeTask (http://localhost:9876/_karma_webpack_/webpack:/node_modules/zone.js/fesm2015/zone-testing.js:318:1)
    at _ZoneDelegate.invokeTask (http://localhost:9876/_karma_webpack_/webpack:/node_modules/zone.js/fesm2015/zone.js:405:1)
    at Object.onInvokeTask (http://localhost:9876/_karma_webpack_/webpack:/node_modules/zone.js/fesm2015/zone.js:284:1)
    at _ZoneDelegate.invokeTask (http://localhost:9876/_karma_webpack_/webpack:/node_modules/zone.js/fesm2015/zone.js:405:1)
,Chrome Headless 114.0.5735.199 (Windows 10) ERROR: 'ERROR', TypeError: Cannot read properties of undefined (reading '0')
TypeError: Cannot read properties of undefined (reading '0')
    at RegisterComponent.selectedCountry (http://localhost:9876/_karma_webpack_/webpack:/src/app/routes/register/register.component.ts:58:75)
    at RegisterComponent_Template_select_change_16_listener (ng:///RegisterComponent.js:73:22)
    at executeListenerWithErrorHandling (http://localhost:9876/_karma_webpack_/webpack:/node_modules/@angular/core/fesm2015/core.mjs:15116:1)
    at eventHandler (http://localhost:9876/_karma_webpack_/webpack:/node_modules/@angular/core/fesm2015/core.mjs:15160:1)
    at HTMLSelectElement.<anonymous> (http://localhost:9876/_karma_webpack_/webpack:/node_modules/@angular/platform-browser/fesm2015/platform-browser.mjs:466:38)
    at _ZoneDelegate.invokeTask (http://localhost:9876/_karma_webpack_/webpack:/node_modules/zone.js/fesm2015/zone.js:406:1)
    at ProxyZoneSpec.onInvokeTask (http://localhost:9876/_karma_webpack_/webpack:/node_modules/zone.js/fesm2015/zone-testing.js:318:1)
    at _ZoneDelegate.invokeTask (http://localhost:9876/_karma_webpack_/webpack:/node_modules/zone.js/fesm2015/zone.js:405:1)
    at Object.onInvokeTask (http://localhost:9876/_karma_webpack_/webpack:/node_modules/zone.js/fesm2015/zone.js:284:1)
    at _ZoneDelegate.invokeTask (http://localhost:9876/_karma_webpack_/webpack:/node_modules/zone.js/fesm2015/zone.js:405:1)
,Chrome Headless 114.0.5735.199 (Windows 10) WARN: 'Spec 'RegisterComponent Unsuccesful register - incomplete info' has no expectations.'
,Chrome Headless 114.0.5735.199 (Windows 10) ERROR: 'NG0304: 'mat-list' is not a known element:
1. If 'mat-list' is an Angular component, then verify that it is part of this module.
2. If 'mat-list' is a Web Component then add 'CUSTOM_ELEMENTS_SCHEMA' to the '@NgModule.schemas' of this component to suppress this message.'
,Chrome Headless 114.0.5735.199 (Windows 10) LOG: 'response posts', [Object{id: '1', likes: 6, commentPeople: [..., ...], imgUserPost: 'data:image/jpeg;base64,/9j/4AAQSkZJRgABAQEAZABkAAD/2wBDAAMCAgMCAgMDAwMEAwMEBQgFBQQEBQoHBwYIDAoMDAsKCwsNDhIQDQ4RDgsLEBYQERMUFRUVDA8XGBYUGBIUFRT/2wBDAQMEBAUEBQkFBQkUDQsNFBQUFBQUFBQUFBQUFBQUFBQUFBQUFBQUFBQUFBQUFBQUFBQUFBQUFBQUFBQUFBQUFBT/wAARCAD6APoDAREAAhEBAxEB/8QAHAABAAICAwEAAAAAAAAAAAAAAAYHAQUDBAgC/8QAPhAAAgEDAQUFBAgFAgcAAAAAAAECAwQFEQYHEjFBEyFRcYEiYZGhFCMyQlKxwdEVM0NicmOyNTZEc3Si4f/EABkBAQADAQEAAAAAAAAAAAAAAAACBAUDAf/EACcRAQACAgIDAAEEAgMAAAAAAAABAgMRBCESMTJBEzNRYRQiQlJx/9oADAMBAAIRAxEAPwD2WbrMAAAAAAAAAAAAAAAAAAAAAAAAAAAAAAAAAAAAAAAAAAAAAAAAAAAAAAAAAAAAAAAAAAAAAAAAAAAAAAAAAAAAAAAAAAAAAAAAAAAAAAAAAAAAAAAAAAAAAAAAAAAAAAAAAAAAAAAAAAAAAAAAAAAAAAAAAAAAAAAAAAAAAAAAAAAAAAAAAAAAAAAAAAAAAAAAAAAAAAAAAAAAAAAAAAAAAAAAAAAAAAAAAAAAAAAAAAAAAAdiwxt1la/Y2lvUuKnVQXLzfJepG1orG7SlETPUJdjt1d9XSleXVK1T+5TXaSX5L8yrbk1j5h2jDP5buhuqxkI/W3F1Vl7pRivyOM8m/wCIdIw1c0t1uHa0UruPvVVfsef5Nz9GrW3u6am03aZCcZdI14Jr4rQ6Ryp/5QjOH+JRPNbIZTBJzuKHHQX9ei+KPr1XqWqZaX9S42pavtpddTq5sgAAAAAAAAAAAAAAAAAAAAAAAAAAAkGyGyNXaa6cpuVKxpv6youcn+GPv/I4ZcsY4/t1pTylb2OxlriraNva0Y0KUfuxXP3t9X7zLtabTuV2Iisah2SL1kAAA+ZRUk01qnzTArLeFsXHHUKmWx1H6iHtXFvTX2V1nFeHivVGhgzb/wBbKmWmv9oQGjcU7iHFTkpR93QvK8TtyngAAAAAAAAAAAAAAAAAAAAAAEm2klq33JID7dvWjVdN0aiqJ6cDg+LXyPNx7e6lK9m93d7lKkat9GVlac3GXdUn7kunmytkz1r1XuXauKZ9rSsrKhjrWnb29ONKjTWkYR6GbMzadytxERGodg8egAAAAAfM4KcXGSUotaNNapoDz5t5sRebGZKd1bpvGVqj7GrD+nr3qEv06M18OWMkan2zMmOcc7j001pm4y0jXXA/xrl6+B30hFv5bSM1OKaaafJrqeJvoAAAAAAAAAAAAAAAAAAAAHcwlBXWax9J8p3FNf8AsiF51WZSr3ML64dXqYrRZ0AyAAAAAAAAA6uTxtvl7CvZ3VNVbetFxnB9V+5KtprO4RmItGpeadqtnq2y+ducdVbmoPip1H9+D+y/396ZtY7xkrFoZV6+FtNfbXlW0etOXd1i+TOiETMNzZ5alcaRl9VUfRvufkyOnWLRLvaniTIAAAAAAAAAAAAAAAAAA22yEeLanFr/AF0/kzll/blOn1C8VyMdoMgAAAAAAAAAACrd+WGjVxtjlIx+soVOwm/GMu9fBr5l7i21M1U+RXqLKbNJQNAO5aZSta6Rb7Sn+GXTyZ5pKLTDc2t/Su17Eva6wfNHjrExLsnj0AAAAAAAAAAAAAAAAbXZOfZ7T4t/68V8e79Tnl+JTp9QvJcjGaDIAAAAAAAAAAAie9KhGvsJldVq4QjUXuanFljBOskOOb4l51NhlAADKbTTT0a6oDY2mZnT0jXXHH8S5/8A0806Rb+W4o3FO4hxU5KUfd0PHTe3IeAAAAAAAAAAAAAADsY64+h5G0r8uyrQn8JIjaN1mHsTqdr/AIvUxGkyAAAAAAAAAAAInvTrqhsJltXo5wjTXm5xRYwRvJDjm/bl51NhlAAAAA+6VWdCfHTk4S8UHu9NtaZqMtI11wP8a5evgR06Rb+WzjNSimmmnya6nib6AAAAAAAAAAAADDWqaAvPZbILKYCxuNdZSpKMv8l3P5oxslfG8w0KTusS2xzTAAAAAAAAAACtN+OTVDA2Vin7dzX42tfuwX7uJd4td2mVTkTqsQpQ02eAAAAAAA57a8q2kvq5ez1i+TCUTMNzaZalc6Rl9XUfSXJ+TI6dItEu7qeJsh4AAAAAAAAAMN6IC293eNyOJxtSje0lTozarUfbTa1XemunR+pl57VtbdV3FExHaXFZ2AAAAAAAAAGHyAojfRWu6m1sIV6bp28KEVbvXVTWuspfHu9EavGiPDpm8jfn2gJbVgAAAAAAABoByK4qpJKrNL/Jh7uUqIO4AAAAAAAAAxrw9/h3gehaE1VownH7Mopr4GHPUtJyHj0AAAAAAAAAAKX37VYvMYqmvtRt5yfk5LT8maXF+ZUOT9QrEvKYAAAAAAAAAAS4gsAAAAAAAAADDWq0AvHZG8+n7N46trrLsVB+cfZf5GPljxvMNCk7rDcHJMAAAAAAAAAYfIDz7vdv/p229zBS1jbU4UV56cT+cjX48axwzM87uhhZVwAAAAAAAAAAlxBYAAAAAAAAAACy91eWjUsbjHTlpUpT7WC8Yvn8H+Zn8mupiy3ht1pPSksAAAAAAAAADrZC+o42zr3VxNU6FGDqTk+iSPYibTqHkzERuXlzK5CeWyd3fVO6dxVlVa8NXrp6cjdrXxiIY9p8pmXVJIgAAAAAAAAABLiCwAAAAAAAAAAHJb3NazrRrW9WdCtH7NSnLRo8mInqXsTr0vLZ7I/xXC2V1rq6lJOX+S7n80zHyV8bTDQrO6xLZHNIAAAAAABh8gKM3x7RXF1tJUxlK5qKzt6cI1KMZvglU+1q11a1RqcakRTyn2zs95m3ir0uKoAAAAAAAAAAAJcQWAAAAAAAAAAAAWXuqyva2Nzj5v26Mu1gv7Zc/g/zM/k11MWW8NutJ6UlgAAAAAAB17+8pY+zr3VeXDRowlUm30SWrPYibTqHkzqNy8t5PIVMtkrq9q/zLirKq/dq9dPTl6G7WvjERDHtPlO3VJIgAAAAAAAAAAAlxBYAAAAAAAAAAABs9m8zLA5m3vO904vhqxXWD5/v6HPJTzrMJ0t4zteVGrGtSjOElOEkpRkuTT5Mx5jXTQfZ4AAAAAAVlvp2oVni6eGoz+vu9J1tPu0k+5erXwTLvGx7nzn8KnIvqPGFLGmzwAAAAAAAAAAAAJcQWAAAAAAAAAAAAALm2BjKOyeP45OTcZNa9FxPRGTn/clex/MJEcHUAAAAGHyA85bzYVIbd5ZVJSm+OLjxPXSLhFpeRs4P24ZWb7lFzu4gAAAAAAAAAAAAS4gsAAAAAAAAAAAAw+5AXpsvQ+jbO42n4W8H8Vr+pjZJ3eZaFOqw2pzTAAAABh8gKC3yW7o7b1J6fzrelP5OP6Gtxp3jZueNXQctKwAAAAAAAAAAAAEuILAAAAAAAAAAAAJdsdsNR2kspXdxdThSjUdN0qUdJPTT7z8/Aq5c0458Yh3pj8o3K1qFGNvRhTgtIwioryS0M2Z3O1z05DwAAAAAAh22+7e12yr0rmV1VtLunT7KM4pSg1q33x82+TLGLNOKNa6cMmKMnagsjafw/IXVr2iq9hVlS7RLRS4W1rp6GvWdxEs2Y1OnXPUQAAAAAAAAAAAS4gsAAAAAAAAAABhgXLsBjZY3Zm2U041KzdeSfTi5fLQyc9vK8r2ONVSQ4OoAAAAAADDA83bxcRPDbY5Gk46U61T6RTfjGff+eq9DZw28qQystfG8o2d3EAAAAAAAAAAAEuILAAAAAAAAAAdUubYEq2Y2DvspdUK15QdtYqSlLte6U14Jc+/xZWyZ61iYrPbtTHMz36W5GKikkkkuSXQy119AAAAAAAAAIPvO2FqbW2NCtZcCyNs2o8b4VUg+cdfPvXr4lrBl/TnU+lfNj843HtRuVw99hLnsL+1q2tXoqkdFLyfJ+hqVtW0brLOtWazqYdMkiAAAAAAAAAAEuILAAAAAAADNOEqtSMKcZTnJ6KMVq35Ievb1LcJu1yOR4al41YUX0ktaj9Onr8CrfkVr1Xt2rimfaf4TZDGYJKVvbqVZf16vtT9H09NCjfLe/uVitK19N1pocnRkAAAAAAAAAAAdW/xtrlLaVvd29O5oS506sVJEotNZ3DyYi0alW+0m5K1uOKthrh2dTn9HrtypvylzXzLlOVMdXVL8eJ+VX53ZjKbNVeDI2dSgm9I1ftU5eUl3fqXqZK3+ZU7UtT6hqzogAAAAAAAAS4gsAAAAA5La2rXlaNG3pTr1ZcoU4ts8mYiNy9iJn0meE3X3V1w1MlVVrT59jT0lN+b5L5lS/JiOq9u9cMz7T7EbOY/B0+Gzto05aaOo++cvNvvKV8lr/UrNaxX02SWhzSZAAAAAAAAAAAAAAAAcVe3pXVKVKtThVpSWkoTipRa96Z7EzHp5Mb9q/wBpNzGLyXHVxk3jLh9/AlxUW/LmvR+hbpybV6t2rX49Z+elWbRbEZjZeUne2knbp91zR9um/Xp66F+mWuT1KnfHanuGh11OrkAAAAABLiCwAAOexsLnJ11RtKE7iq/uwWunn4ep5a0Vjcy9iJnqE4wm6yc+GplK/AufYUH3+sv2+JSvyfxRYrh/7J5jcPZ4ij2VnbwoQ68K735vmyla1rzu0rEVivp3NNCKTIAAAAAAAAAAAAAAAAAAAAPmUIzi4ySaa0afJgQfaXdHhs3x1bWLxd0+/joL6tv3w5fDQtU5F69T2r3wVt66VVtLu6zWzPHUrW/0q0j/ANTbayil71zj693vL9M1L+lK+K1PaMJ68ju4gAABLiCwfNgT7Zrdm69OFzlpSgpd6tYPR6f3Pp5L4lHJyNdUWaYt92WBY422xtBUbWhC3pL7tNafHxKU2m07lZiIjqHaIvQAAAAAAAAAAAAAAAAAAAAAAAAAYa1Ah21G6zDbRcdWFL+H3j7+3t0km/7o8n8n7yzTPenXuHC+Gtv6UntPstfbJZH6JexTUlxUq0PsVI+K/VdDTx5K5I3DPvSaTqWnOjmAS4gsJPu6xcMltHGdVKVO2g63C+TlqlH5vX0K/It406/LtijdlwIyl1kAAAAAAAAAAAAAAAAAAAAAAAAAAAAABEd6ODp5nY+9k4J17SLuaUuqcea9Vqixgt43j+3DNXypLzubDLAJcQWE33T/APFr/wD7C/3FPlfMLGH6laC5GctsgAAAAAAAAAAAAAAAAAAAAAAAAAAAAANRtd/ytmP/AA63+xnTH9x/6hf5l5gXJG4xwD//2Q==', userPost: 'user_1', ownerMural: 'user_1', resume: 'StartUp telas', imgPost: 'data:image/jpeg;base64,/9j/4QAYRXhpZgAASUkqAAgAAAAAAAAAAAAAAP/sABFEdWNreQABAAQAAAAUAAD/4QMvaHR0cDovL25zLmFkb2JlLmNvbS94YXAvMS4wLwA8P3hwYWNrZXQgYmVnaW49Iu+7vyIgaWQ9Ilc1TTBNcENlaGlIenJlU3pOVGN6a2M5ZCI/PiA8eDp4bXBtZXRhIHhtbG5zOng9ImFkb2JlOm5zOm1ldGEvIiB4OnhtcHRrPSJBZG9iZSBYTVAgQ29yZSA1LjYtYzE0NSA3OS4xNjM0OTksIDIwMTgvMDgvMTMtMTY6NDA6MjIgICAgICAgICI+IDxyZGY6UkRGIHhtbG5zOnJkZj0iaHR0cDovL3d3dy53My5vcmcvMTk5OS8wMi8yMi1yZGYtc3ludGF4LW5zIyI+IDxyZGY6RGVzY3JpcHRpb24gcmRmOmFib3V0PSIiIHhtbG5zOnhtcD0iaHR0cDovL25zLmFkb2JlLmNvbS94YXAvMS4wLyIgeG1sbnM6eG1wTU09Imh0dHA6Ly9ucy5hZG9iZS5jb20veGFwLzEuMC9tbS8iIHhtbG5zOnN0UmVmPSJodHRwOi8vbnMuYWRvYmUuY29tL3hhcC8xLjAvc1R5cGUvUmVzb3VyY2VSZWYjIiB4bXA6Q3JlYXRvclRvb2w9IkFkb2JlIFBob3Rvc2hvcCBDQyAyMDE5IChXaW5kb3dzKSIgeG1wTU06SW5zdGFuY2VJRD0ieG1wLmlpZDpDQTIyM0M4REIyNEQxMUVBQjEzRkRCRTAxNzlEOTNEMSIgeG1wTU06RG9jdW1lbnRJRD0ieG1wLmRpZDpDQTIyM0M4RUIyNEQxMUVBQjEzRkRCRTAxNzlEOTNEMSI+IDx4bXBNTTpEZXJpdmVkRnJvbSBzdFJlZjppbnN0YW5jZUlEPSJ4bXAuaWlkOkNBMjIzQzhCQjI0RDExRUFCMTNGREJFMDE3OUQ5M0QxIiBzdFJlZjpkb2N1bWVudElEPSJ4bXAuZGlkOkNBMjIzQzhDQjI0RDExRUFCMTNGREJFMDE3OUQ5M0QxIi8+IDwvcmRmOkRlc2NyaXB0aW9uPiA8L3JkZjpSREY+IDwveDp4bXBtZXRhPiA8P3hwYWNrZXQgZW5kPSJyIj8+/+4ADkFkb2JlAGTAAAAAAf/bAIQAEg4ODhAOFRAQFR4UERQeIxoVFRojIhkZGhkZIiceIyEhIx4nJy4wMzAuJz4+QUE+PkFBQUFBQUFBQUFBQUFBQQEUFBQWGRYbFxcbGhYaFhohGh0dGiExISEkISExPi0nJycnLT44OzMzMzs4QUE+PkFBQUFBQUFBQUFBQUFBQUFB/8AAEQgD6APoAwEiAAIRAQMRAf/EAIgAAAMBAQEBAQAAAAAAAAAAAAABAgMEBQYHAQEBAQEBAQEAAAAAAAAAAAAAAQIDBAUGEAACAgEDBAICAQUAAgICAgMAARECEiExA0FREwRhFCIFFXGBMkJSkQahI7Fi8DPRQyQRAQEBAQADAQACAwADAQEAAAARARIhAhMDUWExIgRBgTJxM//aAAwDAQACEQMRAD8A+yZMjexm3B0xz1TYpIdkKTUYq8gkiQkQq5GZ5DVhFq5DImQlEhV5BLIlBkTk6aZBkjORyIdNJCWZpjkRemmSFJAhDppkgyRmEiHTTJDyRlKCRDprIpM5CRDprIskZyEiHTTJBkjOQkQ6aZIMiAEOl5jyM5FIidNcgyRlIxF6a5IMkZDJDppIr1yUEyPIRrPby8z2qYNnDZHt83Gr1PI5uN1bM74er8vZyszbNLJmTMPTCmCXYm9l3IldwbjTIWZm7EZkSOlXHmcuY8ykdOYZnNmPMqR0K5WZy5jzBHWrjyOVXHmCOnIeRzq4eT5CR1KwpOfP5KVwnLdMeXcwzGr/ACE5dOSDNdjnVmPIJy3lCTkxyKrcHLaYCZ3MswVvkJy2TqlAskZ5/I2wzy1TGjFXY8wnLV3SY84MatdRzqDlrM6hkQrpKBZIHLbJCyq1oc8plJqAcuhWUEZIzy+RygRorwJa2kmUEhI1vKqKZRnnIZMEWmysjPJjlAi1aB5oybRKBG+aFmjEGpYI1tyA7qCNI1DNdNwRpbk0DjuupmlIWKRdrKQrZyZz3BMhGuWorKztCehGUaid7dARqnh/Ql8kvQhNv/IuapAistCZyZDtOwK0f1BGriImCk6xBh5BZgjZNPRaBJjmPPQEayS2zFXc7jycgjTKBrlqjLISiQRrkm3qE9tjJ4oMnGhSNG04HCRgsnqJO0kI6f8A5Jb+TFuyQsnAI2V43C1l0MVbuGQI1TaE7NGeTB3kEaO9mCszPWJDIUjXIM4M3ZCBGj5JFkzOQyCxpkwMsmApH09jDkZvbY8/2LNaHb1x5fZbuLJnIrsebOkcq6cn3GrM5ZGrtaEHVI5ObNi8jIrqykZzLkKV33A3ko58rDXIyo6Mhyc3kZSuBumOTmd7SNXfVkg6JCTB8nZhkxBvkGSMM2GSEG+SDJdzCQkkVtISzHIM2WDaWOTDJ9wn5EG8ilmGQeRiDfJjzOfNlKy6ga5IeSMMkPJCI2yCTDIeYg3kMjFXGrImrmbrbcNTPOCbcjM13z828p6M5PY4lA3exDbZj2/w9Hp+c1wcnDY5OXiutqtntQLFGHpzXzvJxX3hmNldLZo+nwr2RFuHjsoaQXp8o+S3Zk+WN0fT29HgaiDDk/VcN1oB8/5kLzI9h/o6NyH8FQFeR50Nc1e5638FQT/RU7hHl+ZD8yPS/gl/0H8Gv+gPP8yDyo7n+kt0sS/0vKtrFRyrlQeU2f6f2FtYl/rPZQQq8kleREv9d7Xcn+P9ruyDVcg1yIy/j/aXVgvT9pAbeQfkOfwe0n/ixvj9hb1ZSOjORqxxN86f+LHnyrdMEdvkgPKcVfYa0aH9ivZhI7ldMb5VGhxLnqHmrO4I7a8vdFeRHD9lJwV513Cbjrz6IeTjTVnGuZJzJS5k3poEjqycFJ6anJ5O5Xl0gEdCcDn5OZXaQZudwR1t9gzObyvuLyfII6sgyZzrl+Q8oTl0u8VHXklanJ5SvMgcurNCyZy+ZFeVdwk10NgrM5vIg8oN9XTkwyObywHmTCc66HZ9B12l7nOuT5Hn8oJNbu87Eu7kzVkuoZLuFjeZ0B2xWhg+RRCF5NARs7yUrQjn8iE+SX8BI6cxO6Od3XcXkBHRmhzJzeT5GuWNARvISc+UvVh5EtBV5b5oMjDyLqHkQXlunAZo5/KS+UVOXS+QM0cvlDyirHTmgyObyB5PkEdPkaDyI5vKLNAjpd5Fmjn8i6BmgcujNDyRzZoPIDl0SBz+T5H5AcN1bSBZHM+Rh5Qcuh2Y/J3OXysfkBy6c0wzRy+QXlBHVnUDlzXcAR9vGhw+3x/7HeZc1MqtHTN8vHuPBfJZMpcvcfPw2pbbQ524O2PNv+Wz5JDNnP5BrkKua6VeB5Sc2Ys2SNXHWNWZzLmY3ywC46cn3KV11OfNNbiV4B4dWXYeZzeQpXA38jGuRHNmUrJ7EHQ7dgyZz5sMwOjOAyk5s2PyMDozaDymGc7ibXcDo8iDNHNkDuwV0ZphJzeQFyawB1SEmDuT5AroyY5MFdsMmErfJjyObyMtWlAb5DyRzO7FmwrpyXQ1S0OfjlwbXvjojn7a9P4+lgbgTsZ2vrqJvqY3Xtz0yL1Btoy8kLQXkW7ZCNshyYpzsUrQ9SDSRSZu7b0Gp62K0vQJTITT0nYJUwQaQInNrQJfYIoZCv8AAZAaQJoh2gMwRULuELuRmGYIqPkNyMxu07bMEVCCTOzdXvKC9oSjqBotegmkSnCTG2tGAQn0E6UfQHeCsl2Ah8HE/wDXUj6/C/8AVG0/MkyBi/S9dv8AxRFvQ4LdEjqdkhaPV7gcN/1XFYzf6nj7nqKIkkDyn+pU6Mh/qH0Z7CKA8D+J5uliP4z2l1PopAD51/r/AG+8kfV9ldGfShCA+ZfB7X/LF4fa/wCWfTRUSrXsB81h7C3oxNc//DPplWjF4qdgPmlblW9HI8uX/hn0fhp/yD4af8gfOZ8i/wBWifLy9j6TwcXWqYvr8P8AwgPnPLy9hea/Y+ifrcX/AChfU4P+EB87579g89l0Z9D9Th/5Ql6XA3EAfP8A2n2B+03uj236Pru7WOoP9fwf8hZjxV7CD7C7nsP9dw9iH+q4Akx5P2xr211PUf6vi6E/xXGCY81+5QPuVPSf6rjSEv1XG1oCY877dRfaruei/wBRQX8TxwCY877aYfZO+v6iiclW/UUewSY8/wC3XqL7VTrX6erb1Gv09U5mfgmrMcn20iX7Sk9D+K4y/wCK44CR5f20w+0j0n+poH8TQDzft1Be1ST0H+ooL+HoIkee/bpI/t0g7n+ooT/E8feARw/aqP7KO3+I4/8Ar/5H/E1jR/8AyUcP2qD89XsdT/ULvH9xr9P2sQcnnqPz1Ov+IfcP4l/9MDk+xUX2Edf8RbuNfqH3KONc9R+ep2L9V8j/AIldwOLz1B+xU7l+oXWw/wCIr3A89+wheep6a/UV/wCg/iuOdwseW+dC+wj2P4rjgF+s4+uwR4/2EB7f8ZwdgA+sE9jO9oMnzI65j5Xv+qfYorI8X2OO1JaUnsO+s9DK9OOzk6+rze3tdfO35eWuuJi/cv1rqfQX9fjfQ57+lw26Gk6eP9t9il7i6nov9bwEv9Xw9A10417VO5X2qdzZ/q6dGRf9XZ/4helLmrG417Fehg/1vMurJ+l7C2JCutc6sV5Pk4vreyugeH2V0EXp2rl1L8r6HnqnsLoxzz9UxFrvfIwzZ57tzBXk5q9NBF6eh5WHkZwea/Zg+a/yIV6HkYZwef57/In7FvkQr0fIhZnnr2WJ+2l0EK9HyC8mp5/3F2D7aBXo+QMzz17aKXsVYK7/ACDXIzhXMu5S56oRc125hmcflRS5EItdfkYLl11Ry+T5GuRJy3JNxa9b17p1kjkv+RXE6+JWRldycPb/AC+j+Gf65p2s7E2b2M1e6ItazZh6G2VVo9wq6TqY6xuWojoBfVuuxS5NIZkrtWioXtVKXuVGuaahbiixnkomu4lyWIrellP9BZTYzXJWXpqOrTq2gNXYTu11Mc43GuWtumpRqrMeRk7pEKzb0A2s9UJszej3Fa7lMitf6sf4dzJzbqGCr1A2eLUJkVb/AMTKaJzqO0aWkDWrh6ho7amMy5kpOHIRs7ViCMk9F0Mq6tsrbbcDSrj/ACCbT8ETK/IlXsnHQDZ2ger2MrNbjrfogNN18gnGhi7WRaaxlgbZaQKUZZKJJVnZAbTDHkYpW3nQbcAa5BlC0Rk7uoZyEa5tjyMVboNMDWUFrprQybBWjqBpQqTBWa2K8oGmQZGWYZ6wBrkhZozbJkDZWTYN6/BjkkUrSBbYbEWtqKZYVq4TkG0ZZawCtrARpISiZROSmANNBEzqDsgRT1qCTSIdmtgzlBVNoW4k0xNhFQNL5ITH/cC8Z2FpEdSVZoWcJthVJNBDI8rexpXVSA8RYky1aF1KnuEGEhjAnaATkBuB4piaEroCsEG2wpBNBD1e4QiWwViimkhA2mL8QHA8CZBNgVC7Bp2RDmJ6ArSFioQsUEi1IK0J0nYnJyGQRpoIlOQyQWKYE51ewAj0+e8HKrSaezZScmbR6/XMj89+m+XQ7QS7GC5J3JfJDg0xXRmiXYyz6hmgNJQ00Yu20DnRSIlaygnsZZIMlIhdazI9DNWQnZCL1rTQIr2IzG7A61WFH0F46dhZjzIvWk+Lj/5F4OPsV5AzB1pPg4X/AKi+tw9ilceYOtQ/V4XsS/T4nuka5jzB1rm+jw9hP9fwvodWQZA61xP9bwvoT/F8R35Icoi968236rja03I/iuzPVlDKvWvIf6t9yX+svume0mJsL08b+O5V1D6HOeyEg6eJ9L2B/U9g9sfSQ1nsw9Ol1xNXC9YZ0Joy5as4e+Po/wDN+viOeyfQyyhxYq1rJmNrflrucnuW71klY5RO4saOO45qtt0BavSto6icZ5PVGT/K0sabAu1qzKQLkIlBnHQCs7Tto+ptmq1hGC5Wug3D1W4U6Ws3NloU3L0Whle7ahbiV7NY13A2/rsDen4shOFFiLT/AKgWrcvaUVVufz0RlXkuhObvVgau1m/w27h+UTJD/BaORKztuBpM6DmjUTsSqruRNVbUDTNLRahazsRFVqmLN5SwN03WCXk7TOhm+TLYMr9ANpsEtJtsztZ6QK17NQBpS/fqUtNTPRQFruIA0luwNyoZkrNPUeUuANVVwJf4mcOB1f4sI0rZuqQrKyUmKs9kU1ZKWwNM26pvoGcqUjNPKsBS2FWuoVo7t6RAS01Bl5JBW11A2u51W5NXJL5FOg8lZyEXqDbahGWTQq8uoGivav4lZXqpMk1Msq96vbYCs3E9QryToZ5aFV3AuHZ/A7OFoZO+ug1dtQBpNerFe6S0MbKzcyXVaAWrPQcszVlnA1yTayArWAiVuZXtbapVXNYmGBrZQlD3EzGmTeusGlr5V0AduVVWgVvluZVUbl5LrogKbcfiJcjZNb2T0UodnV7LXqBpINqygzViEm7bgdCtTGH0IV1Zw9jOVrqFXSzidSjdvjj8RJ6aGbSQ8oTYDUp6lt7syryJzIrXTa7AaqyKbhNoxbQJyA63s6hWZFIWajcC5cQOrx17mbf4oLXbhAW75OGFomEZ8l0qON0TW2SkDarXUHdZQjLWdB54f5f2A1s3VSJcmSjYwtycttVsU7SkuvUDZ3eMb9xK3Gktdexm0raVf9SMYcMDS15cLYtWS3MvI09FoN3qyIvNN6CdmRkkvxIdnIGy5MdxO8uK7E6x+SE2kvx3KrWyrRSnL7AY0vWPy3ADv9uyT1PPfMv9Tp/YOJfQ8j7C6M9Wb4fnfbN3XoLlT+BeRHBm31KXI0hWeddvknQMzjXNBXmRac66nf8A+BrlTUdjk8oeQtSa6vKkNc1YOR8i7jyQpNdPmKXKupyZoeaFI6vIivIcflgFyySkdnlYeVnH5B+QLHX5UUuQ4s/kpcjBHX5UPyTscjsgrZbSCOxXllZHCrw9CldgjszDM5c/kPKUjrzDM5c0PyBI6cxq5y5lLlBNdWYZnP5RPlA6cgyOZco/IEjozZSv+MHJ5AfI+4WOrNIpWyTjocSsp3Oj1+Ssuvc5++eHo/5/fc9mPL1Zz21Or2NG42OO255n3fXz6ZoTVdyavVsUwGUEXMaPkhCzkzs5EKRplAPkM2xSKsaeSdCk4RmrJL5B2YBLyljlpyiMmEsI0nLdg7Y7GakNmBrlO5My4ZM076hOoF54qB1SamTN4j0SKHZ9mVRKyhmeLiQVmtgLax0RUprUynqxu0gXVSmk9zStsFD1MYW+w5ArP8p6FO1bGM6g2Bq7ttfA8lGxkm9EUrdgGrOz2B6WBcjq2S+SQNW3uS+SpnkwgClG6KXJaIaFTkVdGheRtgXXKNNAWn+TId3MIU66gW3XoPJbEKEwdqoC2l3DJVcSZ2suiBtbtAaZTuCdU9TF8k7ItPJbAaOq3DBPqYvKdNQlzqBvNaViZFk2pMgtayUBF5KUurLUTE6mMfirPdFOqSV+oDva0xJa5Gt1oZvWGVe8pRsgHLTVmtws5s7LQSbjVilgOiabs9gq/wApJs9dC62qqvuAptrGiYJtE1s3/QeVXoFN2czIWdrrsJxQVrtr8dgLryWqsWP5JrZNfKE7dEwLV12JtZzpoJBKkC/9f6jrjWs9TK11OPUp6pLYop2keWjRndw0qjnTXqRFVasoEtHqZ10vCNL2WwBptMPoNNJRMslYvcSrWckA+SbNJOBWrjCbmRZKzcdB6dQLs8YQ5gzcXtJF8+mwVrmm9dilEStjFV01DVbMC3Zt/wBBu87mSlPUdu8BFvkuoSWgr8kadWCf46kXxb1ApVulmv8AwWrKynbujNWfQE1b4YFZajygl2pX/LclcuuuwFrmh7Cd8r/ioYPl4ltqSuSttkBTvyWcToivJVJUWre5Fes7MfFTjydgB1WWu4GdrxyabsAO79i1yN1qfPcnDy8b2k9J82mUyzF+zXqdq+Rxjg8nNXTEl+zdaNHozS+wPi4X0FXjHnr2Z3H9n5Oy3BxPZEP1avZF6T54wr7Ou5r9hD+iiH6TneEXv+k388HmRXmM/pt7OQ+nbuO/6Z+bTzIfmUnM/W5OjF9fm7k6T5OrzIdeaDj8HKupPj5kXo+bv8qH5Uedlzdhp83YvTPz16PlQeQ8535FugXNYdYfPXp+WQXLB53msUudluJ89eguVFeU89ewx+ZdWW4nGvQ8qH5UecufXXYp89Xsx1hzrvzZWbPPXsKIkqvM+jFxOdd2cajXKjgXM+4/N8luHLv8qH5Eef5hrlFTnXfmHkONcyE+UlOddvkQnyrocflF5hV512+TQrg51TkTnQ4PMLyontvhv0ybXv8AsPOqstjz7W1MvX97GuN9ZKu3bVao4bn/AJfZ/D9M31zN8B2lkZuTO18WZW5Xuc9enPV05idzm8qGuWvcyct8h5nP5V0YvJ8lR1KwnfU5/Ku41yII6JDJGHkQ8kBtmDuY5IM0BslV6zqPPWDBWQ8gRq0nrISZqyY8kBpk9hpozyDIEaNyKYIkchGmgpgiQkEXq9QUsjIcwVFa5JDbh6GeQ8gKd23qBLY6uEBUwhVbbJGmKNH3F5KtQiW2JJf3AulnOom5Yk43E7JAWrY6CtbsTMajyQoMoY85cIUpg8RRq3VVmBZOJSMG2VWzS+ANE2tgTTtL0M3lbbQaaWj3A0s0loDbddTNajduiKiuiyKX5KFsZq2moS966EVbmcUU8VQwyt/cpPTUIrOtlvAomujJda2UbPuPxuusyUKraUDSkSc2Cy1IHalquKvTqW+NJb6krkhfJOTbKqrZbM0ppXUzbfUSnoBSWLb7h1kmX1GnD1AqQThktp7FPkrjEagCqs8mxw7tuvQzT0K47KsyA6OE290NY3czqQ7xaUpTJtyN6JQEbuFqt0S7ZPXcxTsyquNwLfYdF3M1f8gs7O+gFSsrQJyxVeL1Ha+ugDnHbqVV2Mm5BOy0A05LawiJJdG+obdQLyTH5qpRGpmrZMVvxfcDaMlMwZ7WiZ+SPLaISLom1L3AtvlS01r8E1nchXspS2DNoC207TYq1qWUQZZ/AWs2tNAKVEnK17g2skqCrbuLJpgWrPJ1soFDWxDuC5NQiqWSvLAUwBKVweaFvJlmjG6xcpiy0Oj50dVOZrZmyu3rJ59ba6mvksloKruzDyRscXmaWu4nzWewSPQXLZ9Rq7e5weaNHuUuZoEduSnRhZtOJOKvI8i7cjnco65XVwVKjTU8937sunJZbPQlHY3PQWKfQ5rc1o3IXs32Cux1olMExVrY5/I3ux+SOoSNnSr0gnw8fYjzV7grT1BMU+DjfwT9Wj2YO3yNXQJifqV7h9Wvc0zTErWTnoWpzjP6r7kW9Rzozp8jG7Jipw5Pq37jXr3XU7q8ta1+TO3I29BThy+HkE+HkR0eVAryLpxjm8XILDlO2UUrVgue2pxjgx5gflW52u9RK3Gy9HzcLtydiXfkXQ9BviWgsKsdHDg8l+zDy27Hd4qMLcFFWXsSnzcHlsnMQzp9f3HVxdwWvWrf/E0r+s4mvycsm74en8fy97krTkS5azV6nDduuj3O76649Ks5ubis+mpy19X09N58uN8rM3z/ACaX4Wv6mNuC3VGWd9fb+NH2Pkf2fkzfr2Ifr2Dlue38a6PtIPtnM/Xv0F4OQrP+38a7F7ZS9s4fDyh4uRAvt/GvRXsope1U8zx8nyGHIC+38a9Ve1Uv7FTx45A/+z5B1v8AD2F7FSvPU8ZvkXcPJyrYLde2vYRS50eGublK+xyAuvbXKh+VHiL2rrqP7du7B09tcpWaaPFXuONTRe9UHT1cwyPL+6i17lQV6WY1c85e5Upe3XuCvQyDI4l7FX1GuevcFduRLsc3nXcfm+QOlNj1OVc3yWuRvqFdAoMs33GuQDWVswUGWeolZrqUbwIzd21uLLuBrMDVjJP5KVkiC/JD2Fu5JtZMU9gNNh12lmabnUMl3A1yrZifeuxnK/oNWa2BFZdxmczuOY2Kim+241ZrRkJqZHkgLr3CdTOtmn8FOyAeOshMbGeVpGn3KLfJYqhnkgyIKnVjdpIlDlAPIeiUkpsUtsCl3G5xJafcUtdQLr+NZY8kZz/4BWSKNMhSROonYI3VqxqTkpMpE2FbN13ZOSM9w0QIt/GwZ9CFaAbUyCKyaHlO5nkN2q3oCLbXQIVlqZSOQRpnWug5lytjLTqEoEV/sx202IzQZohFppCdpId0wbTQRTHK6kyiQsaTUTjoQOUgRSYE5ICHLybvQhuDo9jjwu0+hyWsjpXzVZBmzHJdwzS6kqtneBrkOd8iGrotGzs25Krd9TBWKzQo3d4egZsxVhyKNc2PNmCY5FI1d3AldmbY0KN/IupL5NdDKQygUbVtrqXm+hy5sa5HIpHS7Mqt4OfyOCVdikdnlQeY5XZ9hZOQjr8xPmMJFkijp8wPlk58xeRko6FyRqV5TlysNNstV0+XsHk7mCYK2uoo6PIh15FJzqykSZKOh3TclrlRySGUCjtXLJVG+W2KPPfKz0v11bKeS3QV2/H8+tddOJVWu5Ds5C3I3ZsiSbr7H4/lnrn+FtyReqHIm5Mu0xD46sl8VUaiZDcxzviRL4EdMBCDPOObwVIfDU6tCHXUicYwfEheFHSqiB8/VzeFCfAjphD0CfP1cfhQfXOwUBPn6/w4rcEiXrnbghOsA+Xq4n65P1zvVBOvYJv5Y4PrifrnoqgWpKDPyx5r9Yl+seiuLTXcT4u4Z38cea/Xfcl8Fu56fjQeGoZ+Ly/FbuJ8d11PTfDUXgCb+LzI5Pkc8iPSfr/Bnbg/8hn5a4fJyorz8iOpeuiH66kM7+XtjBezyI0+7ZKC3667E/W+Ab+fsF7ti6+6+pjf1/gH6rxlBjj3dK91FL3EcPgt1Dw2LTn3elT20V9qp5Xjugxuu4q/7fw9evsVbL86PFT5EPycqIef4ez50UuVNHiebkQ/scnctPL2vIilfQ8VezyLcf2rdyFez5A8h469u6L+3buUuvWXIHkPK+4C91AuvWzDM8v7q7lfbT/2BXp5BkeZ9tf9DXuLqwV6WSDJHnL3KdCvuLuKO/MMzgfuUe4/tUBXdmh5nB9mvcPtV/6A7ch5nF9mvcX2q9wru8gZHD9qvcX2q/8AQHoK4skcP2qdyX7Ve4Su/IMzz/tV/wChP2qdwV6OYZnm/bqtmH3K/wDQK9LMXkPOfuLqxfcT6gr0swzPN+38i+58gr0ncWaPO+3XqH2qAr0cx5nmr2qB9yoK9LMWZ5/3EL7iBXoeQPIed9xB9xAr0cx5nm/cQfcQqV6TuLM85+4hfcRSvT8gnyHm/dQfcQOnpeQDzH7qAh2+r9z9OuS7tXqeTzfo2mz61t7mF0mbfPx8bb9PyLRGVv1XKj7F8NXqQ+GnYg+O/jeZ9BfxvN2PsHwV7Evgr2KPkH6PPUh+pzLofXvgr2Jfq0fQg+R8PMugsOVdD6z6fH2B+jxvoB8l/wDYt0LP4Z9Pf9fxzsZv9ZxPpAV827MflZ71v1VDK36nsio8ZchS5Eek/wBRYi36qymAOBXTcFI2/jeVbEW9LmWmoEyGQvB7C/1ZHj5k9gNc7DkyS5V0JdrdgNZYzFXsU7wUaIZl5EGZBtI5Mc69xq6fUDRthkyMgyKHLHLIyQ5IsVLAWgSVF0TtZJdz3arHhSWnc8f9fXL2Unsezy6WhbGdfR/4vTyzelSUxNTbGSWocSR9T/CneuwVsmm+xFUtWyVdapEStK3bHm+xlW5draT0CUnd9FqXDSTZC5IrMCryu0r/AMgrRtRsQ7fGpK5HV6aoqZtIKJv2J/Kdir3asoFx8jcp7habSjfUK1ms9ScnZx0E1ZaN6AUOCE4KyALLsCSiW9SclOoO1QHKxkdNiHai3NLWqkoALvaAa0QlG4laQgjQSgHf8oL0SkCNnqisdJQWu2loNNNbkE4pbijX4Kbr/j1YmsVD3ATE1PQtfjVT1B2AjEnFZGycihJyE1k+NSHjk2Vqsl6PQExjbjT/AMdReOy6G2EPTYbQTfXHOqrsGC7HQkKAzy5/GiXwo6pQ4q0DjP4cPh+AfrN9DsVYHDYT55/Di+uuwvrT0O3BjgJ88/h59vVqtXuT9ap6F6trTcdeJY/IT55/Dzfqh9U9F8emgYQE+efw836ovrHpYrsLBMHyz+Hnr1g+qej40thOsaBPl/TzvrA/Wf8AU9JUTHggfL+nl/XsHgfc9J1ROK7A+Tg8DF4bdz0VVD8VQnxeb4Ldw+vc9LBBggfF5vguLwXPTwQYIHxeX4OQPr8h6mKG6qNgfF5PguHgt3PUVV2DBdgfB5f17sPr3PUw+BYrsD4PN+vcPr3R6WK7Bh8A+DzXwWYfXsek6LsTh8BPi89euxPgcnpKi7C8abCfF53gsHgZ6XiSJwXYHxef4GLw2PRdV2J8fwD464PDYHwM9Dxx0H40+gT4683wsPAz0fFUPFUp8def4GLwM9HxVF4kgfHXn+Bh9dnoYT0GuNMHxed9djXAzvfGhrjQPi4frgd+KAL8X2lmu5DsRd6iy0NPkLkJ+DOtkN2QFNpi0IzQnZbgaOOwpXYzfLpoSr6BWjiRSR5BPkAtihGfkDNgU0iYQ5b16BKATqicEyskGSgEZvjT0gnw1fQ1kJAxfBR9DK3qcb6HXKDcDh+lx9EZW/X0b2PS0BpSSjyv43j7Gdv1dW9Eeuw0KPDv+sh7Efxtuh72KYYoD5+3666Mrfr+RbH0jomT412A+b+lyruT9Pm+T6V8S7Evhqyq+afrciYvDyLofS+Dje5D9XjA+bdORLZijk7H0T9TjJ+jxtbAeX+t5EvY16HtczTeRzU9GlL5Qbc2iSWxNfR/4/bM1je0WlGNm9y7SZOTL3+2ivJq0CVqt/JGKmepWbIzWiaVZ6ifJKMm2wBW6vVL8tmJPVwtDKR+SAVrWs1c6PoC/wDr1tuY15Lthe9tmUqrWyeRVLVTZErGCevx1IVrXkU6A+SzcJakvl44hLUFXSW9Q1VzH+WgsvjQi6s9R5V8cTqCre2gLFbmUtcagpfm4YKvGt1KG6fimYQ6zSr3LrzY/jbUFX0HKRlazs5WgOzS1/sCtHEyDvV9TPjba1G+Os7grV3WOhENmctONzTO0bAp1423knqgTtazT6An/wDW3JFLOrbKVdrvJVY5UwTW6bcilZSgVT3Kqu5LhuRp9AC9UogeSjXcnjrk9WDSyxexBasmpe5KspBUStD/ALBd1p+K1YFT+MojLUmvI1oaWqokKWKY1xruQm+gps24CNcYFJnNxqzkDS9koJmoXSsp6k2iSotTMMbaWiF11IbqrSFXLQSGaegm0AnYMgtZJJkrkl6rQBy2ymnOopU6BIA/gUNhI0AkmilUTcbjd9NACEyYfQSdp1LkFJJrcGwtbbEOmoAgjUSehStpACbGmT1GoCFP5QU9CU0m2FuTHbWQpyPQmerG/wDH+wUxSC1QtQgkNAV5Y72CQlAOrDYM2AsWtxwhq06MNmBDhOBoVv8AMpgDFoTk24RonVLVagTCCECUg1DgBYoMSoXcNnIEqFpbcl1XQbc21BbhCSHA9VqLcA/HqAvG+4BH0l+TUjNmFrsh8jfU0+C6fIgfIu5yZPuJ3fcDpfIHkRzZfIZfIWOnNC8hjnCJ8iCOjyIMjDND8i6Aa5JAuSpg7N9RZAbvk7DTbMVdBmBsmhu6RjkEphWubGrNmPkgeYRrkgkwbKVoA1kMjHJyDuwrZ2QsjJWHkBpkhZGeUjTA0kEzPKCZswNpB7EJwhK7YFyiWycgAY4EMKZneso0lCGu34e257vO59NEczbOr2F+Ry20M6+rm3EtjTIbJygjPS3MlZIydpFLB01lDlGMlSU6aLkjZE3tkTKHKIU6PWC7tV21M1bUVdHrqFrS0JStycnvP9iZm09AnX4BWq9h7MnrPcz/ABG7dgrXLSAyZnI627gq1bWeo5U5WIduxMt7hOmuUuVsVmjNW40ojUmQua0duxM26kqw3dtQwtaq6pWd2Jcyto/7CTrGpDjoCqza/HoOZIe0jV3GwK1Vq7MGoUoxdpZSs1p0BVK3cpaflOhm61XXcHFqYgq3azTtToFZtXKdRV/GjoiFlTToCtHyuU+xSvXd7kVVYJskCtbXq1ov7hk4M9NF0G7KIQWqV0i1E5IxSTWpW3UFUrw3IZK2qRm2noipVa6AqrWcQFNVJDtK13HXka0gqVdnu1uKtXOpLbQZ2SkLVuNluS9BVtXe24003LCm2ktdis+PsTfF00JpRY5PcJVN/EEuz2SHkmtdwo41BSq31LjSSLWchIKqQTU67CewcdXZagqndPRDJrRJyKzeyBVzRf1JvyKUkT411YWwXWWCtFCRGWpOrfwNtLUFU9A1J1anoTnZPTUFVZ9DS0Ohg7dzSt5rDC063UQHJdJEZV7g6SpkFXWyiQzRFdHA7100BVKyTkVrpkVWmo3ASrWqCrxbTMqvVwygVV+R9ES72bUoaDQFOdZHJLtAnZMJWk03WrIdpf5KEJOldgfJluCqd0v8SXyTuJNCaUhKvKrBMX4qum4k0twoV4vESVmuxFrVWq3F5PgFW+VRsJcnYTorUnr2JougSrzb2YEKasAV6/JeNDHJmns1urQlJxXpz9Ks2+C6PILyI4nX2elWSq+z1TIrvz7Bn8nFHsdULPnTjEFd+YZI898/LXoC9q/UK9JXT2HkedX2nOppX2V1YHbkGbOVc6fUfmXcDqVgzSOfyhkmB0ZoMzDKvcM13A2yKVznVl3KzA2zCTLMMgNch5SZZDVkBqrIM0ZSEoDTIJM57ClhW09xO8bGbbEv/gg2yJmCWwQFSVkZyEgaZDkzkJCtJBMzdgV2KWeS5qSm0eXyTk0z1sk9Gc/P66trVEez8P12eXltx1Jd0X7PC6S5OJ2I17e+unMeZyO4vIys/R2ZjzOHyspckg+rtyXcMl3OPyj8rC/Z1uwKxy+UPKIufr/bqyB2RzeUPKRr65/LoyHkc/lH5Qv2z+XRkGRz+UflDX1x0ZCzMfIPNA+mNpHKgxzQZhe8bq+gsjDNyVkDv+2uQszOQyQXr+2ytoE/JlJSaYXr+2igqdDB/wBQTYWtnaRJtEZQD5AdNldEq6s9TOrY57KAVo7LoFraGUsc6QDpqtUgM57DloLVy1oE6ameTY3qtwtWtNi9I1MK6A3LmQVotSkY5RsPPuCtbXUguVLoZZLaQznQFb1waJ0lkTBLlzqCtG9IQVl6Ga0W472/5eoKu6dQrbQiqtZfkwScx0BWspgYtWQpfcLW7tpAVvCMquSmUaWv+Jm+SIjcJUCUbkKrW2onUm150QS0Cry0ElL1ErQUrLuCjy46NDr/ANPYl2o3ruTazei2BVzWzLSSRggc9ypWkJsTs9kJbCaZC6tStR+RmeoP5BdVLtsNPoZzC3Cr3kqXVK0aMtYxMmSUldNAVTc7EqZJm3UFZkWrs0QlL0E3afgfkjYFW1aDNVcjfMxeZdtQlaNQTE9Sc2x5tAoSsnrsGYZzuGjWgKSsp1NVaqRgqqzHLq9pCUKzbcaFp4PXdkNt3lbFvuwtXayYGGab1AFfcW9XhnVGVuDiUxVGvJypTrqc1uZnV8MlSnZE24+P/lCtyE5/JBL4adifBx9UaOy6grUjUDnv6fE9UjC3ocbetTvdq9BSgrzb/reNrSpi/wBZEnsyhNoFeC/1vJ0Jt6PPU98TrPQFfOOnsp7Cduav+SPo/HXqjPk9XjvugPAXPbaCl7Mbo9u3o8LWyRlb9bwsK8r7VS1z1amTq5P1Sf8AjoYX/V8q/wAQF5a9w8y7mb9DmXch+nzruB1Lk0KV0efjz00hj8nLXdAejmGZ532rDXtPqQejmKTg+13NF7Fe5B2ZMrJHGvYr3K89ejCurIMjnXNXuPy17gdEhJh5V3KXIu4GqZUmGa7lK67hWgTBnmgzT2IuZ1saqygx5fYaWjhGXLyRojlu2+pHs/L8dzLqOfktyNwcV+OyZ3Gd4Fa3864cGGDOuEGC7CuW/lrjwYYs63VdhYrsKz8tcjrYUWR2YrsJ0XYtPnrj/IPyOt8SF40OsT565osH5G+IYC4nz3+WE2DJm3jQvCLicayyY82aeJC8UAmo8jDyMvx/AnxFP9guUfl+SfGLALfdfl+R+YywDBg79m9eWSvIcsNDiwO/Z1LlQ3y9jk1QSw19Pb+XWuRlLkOPNoPIwufrrt8gK6OPyMPKw3n7O3MavZnIub5H5oB9nVLGrHL52C5Z6kXP1deYZs5vINc2oaz9MdGY5Zl5KizXcjX0xtPccpmOa7hkFz9G+Veom0zDMeQX6N64bvcLWWyMcvkeQPo0Vm9y81Bg7fISF7aq1Q6yZSOQveNsxO5lI8kF7bV5O486swbQlaAdNtnKHkZZthl8g7aNhkZZi8gO2q3kp3TZirMJYTppkOTPIWbB0pJTJUozyDIFaSEmeQZBelptDzZGSFlUFaK7Tkl3be8CVqhlUJ0pWkqNDNtdAdtNwdnLmBp2Rkm5KdlO4TpWdh5MjJBIOlywIyFkCrcFLGDKQkHTXQTehnLCQVqtpFXdmeQ8oBVaoMmRmGSCVrV9wtZPSTLIUgrVpAZ5ACvtPZ0mDhtdwdft2hwv7nm2tqdXyF5spWcnPl8hl8gdLtruUrJI5E2VmwOnyIdeXo0c2S6mlLIDV21DIytyahmwN6uUPI5/I0PyMDoyHkjBXB3Ctm69xTUyyqGdegGgzLyIfkIVbS7EOqY85JzgCXwUbkm3rcTWtUaq6YZJgcj9Lh7EP9fw21g7ZRTiAryr/ra7V2Mn+sfRnsT8D17AeFb0OTYh+jyraT38U+hWCCPnPqc3QT9f2ex9H469hPir2QivnPD7C6BjzrdH0Pip2QvDTsiDwMubbEPJyroe6+Li2dRfX4X/AKiK8Vc3Mv8AU1q7RL6nf7HDxUplB5/JyJv8dEY16vw9PNTey/23MnZD5by4M9iPZf8AwvIhpsJQO0bET22ElG4xfIZJBijQIQtxpFWkIvQQRIDlD0fUExMIIByNbAmfwUCgqSXASYUIWKLCJKkxEIIKdREJhYoMUWhBJiMUKEaQPGAc4xdUxYG0KBRqU4xi6MMDojQUBnjHO+MPGb2QkhWeMYeIT4jpgUCp83N4w8bR0tCVZFPm5oYQzpfGheNCpxrmaYfkdPjQvEipvrrHJizZr4hPiCT2Z5sPJYvxi8YP9i8o/KLxh4wf7q8o1zEYCxfYLfZp5RrlMsX2DFg69m3lH5TDFhjYHXs38oeQ58bBFgfT2dHkDyHPFgiwX666fKHkOaLBqE+ns6lyIPKuxywwhhe/Z1eVC8pzRYPyB9NdXkDyo5dQ1B9ddXkF5DmmwahPp7OryIT5Ec0sJsD6ezo8o1yrscuoQwv19nV5Ex+RHJFu4/yCfX2dT5BeQ5vyD8gfX2/h1eQWZza9w17hPp7OnyB5TmhihlPr7OryBmcsMeoPr7OjyD8iOWWEsL9fZ1+QXlOXXuEMkPrrq8oeQ5tRfkD666/JAvJJy/kEsJ9fZ1Zg7nNLCWU+vs6cwOabAIv09n33uv8ALQ8y99z2/e9a1lNT572eLnq3+LjudY8ZqxSscNuTlr0Yl7duqEV6CuNXOCvsr5LXs1JB2u3YdbQca9ijcMtc1NiK6W5coeTOfyV7h5QOjONy1yVak5lyJjz003J5Vu+QM5ObNl5DyNpDKDDJ9x5BG2SGrI58kUmBvkJckuDLIUgblVjeTDJjVgraRyYZMqQjdXgbuY5KNRO4HRmhOxhmwlt7gbSEsykM4A0kaZkrMeclGmX5ag7IydkCYVn7t0qJHkW3PS9z8qz2PKbbZy19D8N8F1kl2kG9dSXZIjXtvkxEu41ZbhN0flPwOV1JtbsKZ/qCtJG3oZSxy/7BOlJN6hMPUibdBKXuDpopnYl5ToCs0LOzexTpSYOxM6laA6IBO0OBSDpbtppqTkGg5rIKASCVIEFSBOwS9gpyGXyKEtAgopf4iUSLoCQVehMv+wNpJhW0qAgbT0DQSWoNwwUwUCdn2BLqQqrLQlCdrbQUnVLUpQATV7BKIXA1CAMoBAuCBOpQrPQqeCgHVDUQNqNRTwjEMSpkATE4oMUOQBMTigxRQBJicULFFsAbmIwQsUaBASZ/CFVBh8FaIJ7Anr/CcBeM0hhqgvPqzwDA0Bg59UYIWBcAE59UYiwRoGnUHPqzxQYF6DFOfVngGBpIPYHPqywDBmsNoQpPX+GePwPH4KmB5fASev8ACMUJ1LUMYJ6/wzxDH4NUgB/qzxQYI0EWk9UYoMUX0JWopPX+E4oMUXAhUmfwnFBiioHiE59UY/AYouAegOfVEIMEWkmPFA59WeHYMEaSkEyKc+rPBAWAq84/Q7Xb0exnenG1rXch8kMp2mGeuY+ewv6XDaXijmt+v4Wn+Op6D5CVZCYteV/EU7Gdv1O8HsWtruLLpI5wrw/4vk6EW/V8sbuT3glGYPmreh7CfXQi3B7FejPp2kyHSr0hE5V81j7CWqYly8q3qz6V8NDK3qcTctIclfP/AGLLdMf2+nU9q/o8TexjyfreN7InK15655UyNc9O50W/WL/V6mVv1dlrJN9dKnNTo5LVzG3pc9XKZD4vYq4eqJzpXVkyq3XU48uaq2YvNdb6EivQzXQMzgXsamv2K9wOrMeZyLm13NVyV7hK3yDIxV/kMn3JBtkGbMcmOWyxWr5GC5H2M1buEroBurSgkyVmGbINZGrGWQ1YBc6brB5F01Z/1PZbT0PN9umOsbmNx7Px98jjspZEFToT/Uy3u3QCqgUAnDKaE8ZGmplCYloEN6sHaFAk9QskwDP4GpZMFLQIcMQZCbBSWoQ53FMMacsFE6j/AKjbqTMgOQEMLRIs3Og1j1DToCmnO45ghsE+gKoc9iWnEDShAp5fAO2gpBWXYFJJuSqqBS1qhavcFNvXQqq/GRNqvyFU9+gKKWT3G029NiGtdEPK1dGCnqgay0FM6g3OwKHSOo9iUNgq8qxBMkggVYtYE7JbDXJpEAonQbeqQlVvqNuNF/5ItC0BvUlWa3G7FKNxkz2AFVIk9QVhbuAVVrQJOdROo0FpykxOxEuSsZ1CXDSyGqxqS1GzErPZguG7MJY3AtAD/wDA5BJNEwEVKFkgVZBU+QDJBBOMDQD21FlI4kE67QA011BwyXoNJLXcAdoUIEu5Orcjh7yA4WuoJflqLJoJkBuOgaJCFEhKe49O4JQLf4BcATALTrIWaeiBcUmmKVUSUIUzuC4eQaP+otAhTMgpwPoKQyCeBIPUE6sHjXrIDtotAr8iSb1By9tAK0E+wsbdwh9wGkApaAD7Nw+o3yQokwtxpKRI9j57evIurF5Zehzz0BNJlVv5JZWdTCV0ZLtqQdKvoLNGKtoEyBv5EN2g5xy2BurygdkYK+KErtgb5IJRhkylYDYTXwQuRh5GBWK7CfFR7oM3EjXI2RWVuCm0GVvS4rLVHU2LITBwP9dR9NDO36xN/ierIaE5weK/1fKtZ0M3+v509HKPfmomkxwPn7ep7FWS+H2K9GfQ4V6oTpXsTgr5yfYXRj8nP2Z9B4aPdC+tx9hwrwfPfZoa531PZfpcc7GdvQ43qTkeavYQ17NOp22/W06Gdv1nZDkYLmq+pfkqt2U/1nJujF+lz9ByrVWmHOxPLHJp0MX6vs17kvj9hbpmPb1mN+m7fDn5eN1emxgz0qcd/wD/AGLQ5/Z4q/6qDjXu9PTd9etxxiYuSauDPNorn7e3lpI5MvIHkKx21CTPyIPIhDtpISRmmPJCLnthsQSu4SRbhgJMcoFwxACAYaCkJQUxBKEENAnqNbC6hVSEie4SAOQCRJoB9Rt9hSAQDTstBCmyBVVs0ws51FkuoTIAMkchTGSC/qA22tlI0pFEaoUud9AKiq3FKJ3HMaAN2a2DKRTATAKrQTQskJJt7gomNiladAhLV7iaVtFoEVMEyKGtGD0YWqlwJWFOgLUFXmgzUENDVVoCqtEE1h9QtjPwJJJaAqnAJSS6/wDyPVAomAyYpU6jbXQFPJNjZAOzCU3aNxpxqRE6sczogtCbllCeygAlTLe4Q/7D0B20gJVNrGETLQVBgpygbUabkpAwK1iQy/8AIK+kCx6gCY3qJLSWCfYBpQAotZ7hrXcAc9QB2kAAcE9SnPQBDFqHQIcVJVddQac6DabUBabekImbBiOGCjINWDUbgraaANJgLJgB9ja1Vo9DN2onoz2PZ/Uqymp5PJ+s51Zxqey48KE6vqJrXcyt6fsUeqM3we2n1gg6Y+QObH2FugXJyVeqCuhyEM5l7EP8tDRc1H1A1liTZOdXs9Ryiim2JSEoFID1HWW4JGBo2kEozchqRG2cKIJl9CNQyZcVpqGaRnkxTIG6smOUzCSk4A2CTF3YsrEG+fwGaMk4WoZoDfJQCsjDMaugNnYScmLtL0ZanoBokODPKyGrvqUa/iluCx7GTshZwFbY1fTU5vbtx1WKSNL8uFHZHl8nK+SzbZ5/19pce7/k/Hrc3f5Z2ujm5VJq4km+x5b5fZ9vT1z0mPPvxNuTK3H2O91noQ+PQ1ns+f7/AIeHn+NiwZ2ePUT4zXTz/HXHgwwZ0vjF4zVT5a5oaDU6PGmHjQrPy1z6hLN3xi8YuJ8/ZlkwzZp4yHQVOdwZjzJwYeNlT/ZWaGrVZngxQypfZrKHKMtRyRc3WsoJMpHkFrWQMlcMwdNdA0RmrIeSEXrFDIyQ8kIdYsQskOUQogIAUoGGASgkNAAkUgNT3GKQkBwGgpCUEA4RMocSAaD1QogJbATsxpuBdRvaAEnJThkIegFfiDdUtCYQaLQoeQSToPQAswlg4gSYBa0wVJLaQbgNpPqCQL4CQAGANoBNsKymNNBKCCXMjnQTAIUjVctAF/QAdcRyJyAU0wYkADWg5kmQApvSBV2FoOQgb7BkAoYU232ANlsKWAxSw1KUAT+QJWgbErNBBDHqGQAOQdoELUQV/lrIabIkIe4FtLuBGoAfr942M3SvYbuv6hmjs8bG3BxvWDO3r8f/ACdMoUo1Ry29Tia2SOe/67it0PR0FCA8Xk/Vcb6HLyfp5bddD6RJPoJ0T+C0fJ2/VctdnDM7ep7VN5Z9e+Oj3UkW4KvoKPjnXno/8Wxrk5utWoPrX6lH0kjk9Lia1qWj5dexpqilzViXoe8/1fC+hhyfp622CvI81S1yViTut+kcaNGD/Ucy6kGK5KvqNuUU/wBX7FdUZ29L26v4KGMx8XtLpsTlzJ6oDoAwXNZPVMPsfAG0hkzJc9ZhovyUAbbHUWm4JrowKBf1JAC9hqzRE6AmwNM2GbJVvgeS7BTV+43ZMz3HBRHsXar8Hnvc7fZ/xOCzg8P6/wD0+5/yT55oItqJtiUnJ6N9vJoICYDJFTdqYUk2r1K3DQMTGWLFiaNoWhU5xGAsWXKEKzvqnATqaQ3sKAnDN0IfGbwJouM/PGHjDBm8BihWd/PP4c7oTgdOKFj8FrO/nn8Od8bJ8bOrEUJjpn5ObBk4M6cUEIvbG/i5nxsnBnXjK2JfGi9M7+OubBiwZ0+IPEWs7+OubFoNTo8Ynxis/LWGo1Zo18YnxlONRkxZl4C8YSexZlZ/JPjDxsJPZWSHkjPBixYP9muSDIyhj1CXWkhJnLCWF6aqByYZMeTC9NQkzVx5helgQuRDyQidKELIeSEOhqAZIJC9HoIUjCUbDkkYU2IGwkBS1sOQkUoB7g9hDkBAAABUqCQBFJrqLToGguoFawJMJAIAAABDlClBoFJghyIIfQUPuOVApAaAUwPoAwEKQByC1HOgqwEA5CVINgEjJACtBSINgGApAD9UzQ/Ief59dxrn+TtXkdufXqaV5JWpwPlnqOvM11FHa7wCumca5W3uXXkkUddbKSnZHIrmiuWjeQ0McwzQo3lAzJXHmKNIQYojMMmKKdEHjqTmylYUDoibcVWuhWQZItVi/V43rCM/pcL/ANUdUoJFHn3/AF3C3sYW/VcUzB68gy0eByfqK7p6mL/U2ex9HCFiSj5d/rfYq2kZr0uer6n1bomT4qdhR8nbg51rqLx83yfWP16P/VE/Wp/yKPlp5KrVMFyW/wCT6h+px20dUR/H8P8Ayi0fNrktOqE+Ws6pn0b/AF3C9IMr/qeKz0Qo8RctIDy0PXf6fjI/h69C3wPI5rK1NOhwWfc9j9h6T9WmS26ni3tKy6Hi/XPL7n/JufPMZtwTlbsU1GsyLI447e3+Smzew2hZk5tmiqDUSYZBKcIGl1Idn0CG9wlU0gjQlXWzKd10AdXG4nuLR1gSlLbTuA5KiVJMibb0QDCBLTcepQoYOUVmkGSYRLUoSUF6A2RCxTFiuxcktuSkKFsLErSR6lpyzSG1JRTglOcYuoQaTOwJSKnGMsZE+M1egSXrU4xkqA6GwMvWs/LGHjF42bSNNk61N/LHPgLA6cZF4y9M/LHK6MXjOqI0F4y9M/HHN4xYHS+NoWKY6Z38XNgLA6vGHiHSb+H8OTAMTq8QvHBc9mfjrmdRYvudLoLxmusY38tc0MNTo8YvGOsT5eznljlm3j+A8Y6xPn7MZYZM18YvGPB8/Znkwy+TTxC8QuJx7JzDIfjDxC4nPsWYZj8QeMeDn2GSDNC8YYMeCe55oMkLxsMGPB/uMhq5LqGLHg/3XkgyRGDYYMeE/wBlZoeSIxYQwT2WrITuTixqrBPZWSCV3JxcixfYH+y8kGSJxYYME9lZBKJVWPBg/wBhKCfkWDHgyk9xkGaDBi8bkhPc8kLJD8bDxsLz7DJBkPxB42Xwc+ychZMvxh42PBz7IV33DL5L8QeIhx7Iy+QNPEgHg49n0n8jXLctfsKdz5uz1lBnZdTo8z6ynu1ezNqe3V9T5Cvsci2ZtT3r16gfW/ZXcuns9j5RfsrLdmi/bWXwB9XX2NdWbLmrGjPk6ftlpLOmv7WsKLIUfSeX5KXKu54HH+yp/szZfsePuKPcXKilySePX3avrBrT26f9FqPU8g/Iecvaq3o5H9hdxR6PkGrs4K+wafYQV2ZhmcfmLry9y0dWQZGHkQeRPYUdCsDtJhmGYG+QZGSsh5IDWRpkKyGrIDVMencyyQZIo10CDJXQ8pFGgzLIeQo0gIIV2UrdxRyfsPU+zwOi/wAj4z2OK3r3fFyLRdT75W10PM/aehx8/G7Kqz3OX6etez/l/wCjc2Pi7V7bENJHTy8PJwN1vV/Biqzqzz87j6We3XlklqOEi2o0RIaSAAECgWWsAGBDycJOWEJjxb3ewrV+QEtCnbSBaC+QH0CUnIb7jwpG4U7OrU9SZ0gSq11kbkAxUDVU0LFsTbWiAbeL1EmmxzO+46pTOwTwG4GtQvixSlsBNxfkPfUrJRsUNarUnrAZAFq2qpfjuTNnuIrXsEDda76imr1Cyrp3G6wghR1QDUY6E1mQGmn0DQegtJCiQUjaSEA4RCcsaTb0Hh0ATcqBOqQ5qv6hvqCYcQpJHM6BVa7AmEEFWXYUNblEwghF4yJoMzEQgcFR1BJQCYnFRIo+C4DpASZ/CMV2DBFykhTJakxGPwGPwXITJKnOfwzx+Aw+C2Mqc5/DLD4DBGwsBTnP4ZeMPGjaIE0hTjP4YusCw+DdR1DFCp88/hh4x+NQaNDiRT55/DHAMEbRAQhU+WMMAwN4FA6PljHxlYI1gWL7Do+TPBBgjXGQxHR8sY4oaojXAMR0fLGWAYI2hCstR0nzxnghYGuIx01npn8MlQrxloY6XjP4ZYIeCNIQoFOM/hComPBFJNA5FOcRigxRSTK23FOc/hnC7BC7GkJiiC0mM8V2A0QEqzHDLHJMgeh8VUhJMhJAwEEgMlzO45gUgWuS66lebkXUzkANq+5yrq//ACXX9hyrr/8AJy6IJXYD0KftORPc3X7i/wD/ABnkaAB7a/dODan7qsavU+eiRYgfV8X7bjbnI6K/teN7M+NWS2Y8uRaywPuOP3+O29javt8c6M+EXs8q2bNa+/z16sD7xc6eqKXsI+L4v3XPXc6K/u7t6lH2HlRa5Kny3H+6q3q4Ovj/AG/E/wDZAfQeSoeSdjyK/seN9UaV96vRoo9RXHkjz17Vd5Ra9tPZgduaHmcX2EUvYQo7VZDV6nF5w8yA7Mx5nIuZDXMB1Z/IK/fVHL5U+o6tO0SRc2ecV7HocXsqUlqeH7v6Lx1d6tv4PrOHjVUn1M/Yq7J9jHtjv+f/AEe2a/P7cHLxvFr+5jZQfS+36lnt1PI5PRbbOcez1/6PDz5QpRrf1bJwQ/VsSH28olDbJfBdOEPx3XcRr7m38kg62XQTs10Eaz9jjqGLfwT5PgHaSRr6YuNBORKw8kSNd5/JpwVJEoa0EXrDbY1HUUiyTYOsNvULBsJguEVuIYi4BMYasBYreQBJoADJroNWnoGXwErsAnMyFm2gbGnC1ASbSGn1Bw1oC2AS1ByhrQbsmClMg3oGgbgFZWom3v30GJpuEA3XSQ2QrTEdhTK1AqsJSNWW5FVKcjSSApWhyFmmS6t6oaWhSlLFkxtoNAHPcJSBuRQAxJS4GKYCE1DgdqwhavULNsgEpKWKJdhqjesgNusigTqp3HLSKDUTyGrSGaIFqEDynYTbegBC3FqNVcyU8f7lEpSVoiQgAeoQMWSAcBAspFkRFND6CyUCVgBTOoxOw+kgGhOs/AssiphANoTBWlai1AYxDkoT+BpCCQGAk9BAPKHEA3A4TEwhruJ6jnQkoIaHPcWfQcEDkBMAPPlATEBJ6HxFCEADkBDAYgABhIgAcgIAGApAByEiABgIAAYhgAgGAAm1swAC1z8y2saU9znr/sc4Adq/Zc9XvJpX9vzJnn6AB61f3V0Wv3Te7PFgMUUfQL95oUv3dT51ICD6VfvKdyv5uvc+YSKRR9Sv3HG4S3ex9D+p4OTk/wDu5NK9JPj/AP1v9fT2/eq+R/jXofpNKVrXx1UVrogpusa/+CL1k012EZ1Mx5/NwyjzuX1Frpue5aqfQyfHV9CRrNfO8npVMn6a7H0HJ6ynYz+suxOW+3gP012IfprsfQP1a9iX6tewh9Hzr9JvoZ29B9j6R+rWNEZv1hF+j57+PXYi365dj6T63wS/V+CQ+r5l+hHQzfoX6H1T9VdiH6i7Dlfrr5W3o3Skj63KfVW9WvYn6NGtEI1n67/L5W3DzV/1kjC61aZ9Rb0lsZ/QXYkbz9t/l8zlZ9IHLPft+trM7GPJ+tEbz93jZDVvk9O36z4Zlf8AWt/4kjX3xw5pMqU1oza367k1/wDyZL1OSugjefviXK6yUn3Jfr8qZLpdLVE5a+y5kDObdoHk4Ea+2L0HpBnmluNXQ5az9M1UPYNtBZoM0SL1ihNIMkEoResEAnDkcoWgXrD3sJ2jQNghMFORaADAdXAmpYhkXQ24haCl9xigqKWIOOhMBAAmDbQbaj31CFNkg3Q3boIATgGxwS0wBlK/QlVYTHQhQx9ATkECjUNBzBMyCmEpKYDQNGipSbfQWpaaQZILQmo1BtE49e4YyCmL+wRDG2tglJwEf+A+QdnsCnoLQUMfQFA9WicugpYKqEh9dSZYAqrR0JlpiYLcJVSOUxQEdgVWgko+SWoCWFoGhPcoJRlAmwCChJlbkiyIK/GR2+CI6jyCUSAwBXnMRq6pol8cHoj4yQHiLFgKQkICAGAoABgIAGMkJAYCCQGAgAYAIBjJ1GAwEADkJEABI5EADAQFDCUIAHISIOoDkpE7vTYTlKUB9X/6ep9i3wffN6nyH/pnpf8A0257KG9mfXPuQJPTcWonopFmQOCWtS9yWBDUkuvY0YgMnSAwNGyQM8A8aNYADHxrsLxrsbAIrJcS6kX49dDoFAHP4UhPi7HTEixIjm+unqLwI6XGwVQWuO/rp9CLeqj0GpJdRFrzreroZv1HEI9TAnxpMRLryvpaHO/Rm2x7r40yfEhGs9ng29FdUZW9GkbH0NuIytwJ6QSL3r5y/oVeyMrehGyk+mfrJboh+tV7KBFz318tb9f8GL/XWnRH1VvU1F9VCN/TXyVvTvVxBL9Sy1Pq7eon0Mb+ko2JF+uvmHwXXQh8XIujPpfqdIJt6WhI1n66+cS5V0F+SctH0D9FdiH6NY2JGvrv8vCdxq5638fX/kxt+vU7CNfbXBmPOp1v0Pgwv6LVtBGs/dllXuPJFfTsu4n6/ItpJF+5ShyifFyLoHjuI3n65/KpAztnXcMrdhGvrn8rYIzysNXEX64sZGYZiH0xYicwyEXv1OWCtDFkOUyRevU5kWoZJDyQh1gTfUAyQJrqDrCj5BaDdewlpoPJcC+R6BCFoPJcVKYk4J0HoFuK/EnSRBiwlxVttyJ0KhdwipS4JcaAnAL4EC4em4gAAGAAoT7igYEDeoloLUcgqXLZdf8AHUlKQhr+gLggp6iySCSxLhQ+gfkOWGohcKRJIoQLg/8AwNqUIciJ1hQwGAh1jlaSRIMD0vjgUDAgWKDFDBgQ0LFmgSBlix4svUAM8WJpo1CAMdQNYQQgMtQ1NYQsUBEilmmKDADOWOS8BYEEyEjdBJMQABDFDAcgKGADCRToADkJFISAxkygyArZQuoapb9UKdY7BM6gfq36DBfrePFRopPSs40PE/8AWOd8v66qXRQetyWh6b9SAdtIJbkl2FkSis3sKXJDeoNiq0bHJi3IKzRUatgmY2sUm4INZCUZ5CkDRhKM3Ziko0mRk1Y3dAUDgzyY02BWKHK6EtuCaNgW9WLrDBuATTeoDSQNImVMBoA9AhC0BsCWhYoaGQLFCxXYvQGo2KrJ1T6E4I2fyLGpNGOCJtxpo6IQokDl8KJtxJrY64QoBdcXgUbEP1kehiJ0Ited9dEP1ZZ6fjQvEgV5b9Uwt6yVtUe0+JEPhT3Qh1rx7+tWNKyZfU+D3LcCjREPhQi9a8S3p/Bm/T+D3vAnuRb110Qh1v8ALwb+inujP6K7H0P1l2J+rXsSNZ7vnn6HwZv0GfRL1k3EQL6aEX6b/L5t+g+xF/177H031BX9TQRfp/b5Z+jZdBfTufTfTQn6SjRCL9P7fL29blWiRP1+VLY+lfpQ9hfTXYRfp/b5lcHIh+LkXQ+l+lXsJ+nXsIufr/b5l1v1RLV+x9K/Rq/9SH+ur2EX6vnpuugO1n0Pet+ur2If66r6CLn6vFyYZM9h/ra9iX+uXYRr7Y8jIMvg9X+PXYP49diRfvjy1Zh5D1H+uXYh/rl2EPtjzs0GaPQ/jl2It+vfYQ+zj8iF5Edi/XPuxP8AX27CNfbHJ5EPJHR9C/Yf0eTsIfbHNmh5I3+jcPo2+SRPswzqLNG/0eRdB/R5Owh9sc+SCUdK9K/UPpP5LD7Y5soDNHSvSYfSYifbHLkh5HUvRZovS0ET6f24M2GTPQr6KK+khE+n9vNlhLPS+mkC9Sr6CH0/t5s2BSen9FMf00ugib+jzHL2A9ReouwCJ9XgyAgOzyHoIQwAZI5AAAQDAQwAAAAAAAAAAAYgABiAB6BCEABCCEAwFCDBDCRBPjRL4zWRCCMAwLAQZ4CwhyagBjg5ZWDNXVLfdj02A9z/ANa/eP0L/X5VPHZ79j7tc1eWq5OGytVn5SrVWj0+T6D/ANfX7K3IqVtZ8C/8GdH2dnLnrBCcbkc//wBdapf5Jas4+T3q1Wq1MK7m1uLJHm/yPH3D+S40u4V6eSHkjy6fs+J76Gq/YcHctHdKmS3dQcdPa4mpy0Zdefjt1QR0ZITsZyu45AuQkzy10DL/AMhGsi6ySrMJAvNBkZ9SmUXlI09TMcgaWaZOhGQ5CqkckSEgXISTISEMqdDK1mti62lBTG7MnUG/gIqZAgE2UUPYiXI7WICCoRMikKoCZGVBA4E2wyAGiYBXc6lNgS0LEtagBGIOhegMDJ1FHwaf2K0AyxJx1NoWxLrDAjAHRNQa46EgYvjQsDbEWJFYPikXhOnAToBz+EXhOnGEKtG9wVh4ReE6sBYiFcj4JD66OuEJpdgVx/XYvrnbiLEQcT9dPoH1l2O5VgIT0EHF9ddiX6y7Hdggwr2EK4PqrsJ+r8He6JBHYQrzvq/AfV+D0VVhiIvWvO+p8CfqfB6UdgxYida8z6fwL6nweneglxuBF615v1PgX1Pg9PEHURLrzPqfAvqfB6TQ8QteZ9T4F9T4PUxFgxFeb9T4H9X4PRfGww0ES685equxX1V2O51l6D8SgRLrg+suwfWXY7nRdgVF2ELrh+sJ+v8AB34IK1Qi15/ga6Aeg6agIj81AANoAAAAAAAAAABiABsQAUAxAAwEBAwCRAAxDAAACgGICAABAMYgAJCQABgIa3Aaa/21aB/9dBJzMhWv5VrumB3/AK39fye9z1WMUnVn6N6fp8fpevXj40ttTj/Q8HDw+lVqiTa3PR1VpeqZjVc/PV2Wh5nsesmnpqexdo5r0ybSM6rxvqVaM36nQ9bwakvhMjxX6TRF/WdVuexbjhwTfhrZbageP4+auz06ArexXax6L4LPTotjN8LnUnkcv3fao9XoaL9pzL/Iu3AmR9ddUWjan7lVWtW2dNP2/C1Ntzy+T169EZ/Wr2Yqx7lP2PDd6M3+1xNf5HznghaaMjDnW1hUj6dexx/9Gi5E1Ksj5WfZqpyYl7PtV2bLSPq8y1Y+U+/7VTev7b2EtUKR9JI5PnqfuLzqjWv7tT+RaPdlC07nmU/ces1DZvT3fWst9RR27dRZGNOTjeqsv/JeS7lqNMwViJ7AsuwGktg2+5MsJFQ5sCkUhLFFSIUiYBlrBaZkl+RZRdmmGUIgHZdgLylDq4IbSQZAVa0jSITQNsgvVBvuQmNsotpJEsmWPLQBz3FkicpAC5/8hrJM6BkBblV03IU9R5yLKQKkehDaSClgKyQJmVrLIrIC3HQUkO7gFaV8gXKErKGSPaoD3UhRiViZ10AbbyiSoaIiHJcuAE2EIlse4DT/APApUhPQTqshRTabSCIJaWkBMAUISswlgNaBItQIG4YToQ5ksUJAtWGWkE0s5ZRWKkcIl21CZAtpC0JbYlKAqAgWQZFBik5Bzl8Bkh2fVE0K24gy1B7gGgQhaDnQBACYAfmEhJrbi7EeNmqJkcoPGxYNFocjI/Jf0HkSihCyCRRQCkJRaGApQSKGwJkcihgKQAYCABgIcgMUgJgOQEADAUgAxiABhIgAJGSPIBrY29RK3tcdXs2Yb6l8VsfYpddGQfq3rcfHT1KKvYVrNKTH9dzrn9KluqWpfI9IMa0HyTSe5FbOdETLax7Ew+jggt7yS/y/sCtH+Wwr2msU/uQZtq39SXRs04+OqWT3FnLjoBnFVpBGNW9jdpKdNBVdOiA57cFXrJFuFRodTp16CipBwPhci8L7HfjUMa9EIOH66a1RD9dI72iWgPPfCT4a7Qeh4w8dV0A85+uuxH1vg9R8aa2I8QV5tvWqt0Q/W430PVfA2Z24IQHlv1q9ESvXuurPUXC4Fg0B5f8A/wBFXpdqDop7ns0SnU6rcSf9SPChUHH+156vVf3Oiv7VN/m9DjfDD1JvxV7Cj11+y9foy6e/wN/5Hgr109nBD4bJ6MtI+n8/HbVWRWddk0fMpcy6sT5/Yq/8mxR9TP8AcUnzvH7/AD0Wss1/luVPYUj3ZHJ4y/bvZ1/uar9txlpHqyJHn1/Z8LWrNF7/AAvqKR2tiOde1x2U1sX5uN/7KRSNpJyIXLR9UPKu8ikXISyckwlCpFJsb2IlDVi0gTX9ytN3uS33F/cUinZvRBJKaHKFWHItZAG0uopFSgmNtiJTBtCkV+Lcju42M9Egqk9xUjTJQTIhCiim1BnICilbSAkQCgcvqPJxAnAhUUKXJMsBVPWdxtktuCZYouWCsSgW4qLVhtmbcMcihz3HlBIpJRTcuSpMyp0AcpBko0JewlGJVXXVCmBK2InbsgKkG4JygTunuhRUhCfUjIJCRa0E4JdpDIUNyNbfJMidgqnIJkOwZCjSUBnICpHwTJdShMqs3UWJYmBEIHRMqAKjPBCxNYQQgMcWJ1Z0aChAc8MIZ0YyLxlGASbeMPGBjI5NPGLxgRIF+MPGBMhKH4xPjAJQNh4wwYCkAxYRYUASLUIYocjkmGGoFyKSZYSyhgTLCWBXWClo01uQ9kxuzlIyP0n/ANdpZfr0290dfL/keJ/6l7r5eG3DZ/47I9rl/wA2mZ1cRmq2MbclnaEK2rljq0tjKrSt/tsNxVOHuZvlewpncKFTkt1KXHZdSK3tV/Bp8gVK2sTW3HW2gCioRcp77CwqRnOnYM7IC3xpA8USuR20ZSVY1WoBFWCpWdSK2ctRoVNo0UgTo7wtinRJDpglLWosps1GnQBNZLQl0aNHRUU9wVZUhWUN9IE6uDaZJxt/YgyxSWpnaqbhI6nx0a1eoLjrVSt+gRzU4o1ZFuP8prsdCpe+jeiHaqrXQK53x5LVEPhUao6U3GwrS+gHJ469heKs7HWqTqVycaqlCA4nwoxfCtjujUTpUDgfB2DwfB34VFbjTA8+3rp7ol+vSOx3+H5B8UoDzfrV7ifrRqmz0XwoT4kyjz3x8lVuwdeVOVZnc+OPxaknxNLRQgOLL2Fs2Wva9qqhnVhYl8Np1Awr7/sV3LX7PmfQvxJbitwJ67A0fyfKt0XX9tZLVGf16/1F9dBG9f29Zlo0r+2o3scT4KrSCX6+mhKr0n+14kwX7bhPKrwJuLb9x29ZdC0esv2fC+sFfyHB3PG8BPgFHt/yPB3Gvf4G4lHheAfh+SVXv/c4f+kH3OHueA+Oy2J8XJvLLUfRP2ePuil7HG/9kfN483dh/wDaupKj6XzU/wCkw89OtkfNK3N0bJb553ZaPpvPx/8AaH5qf9I+ZT5e42ub/pij6VctX/sgfLVf7I+aT9iv+w8/Z7irH0fmq+sB5K9z5vP2u4/L7S6ikfRrlr3F5KzufOef2UNcvtdxSPo3yV6MPJTufOPl9ruD5vYSQI+h8tJmR+Wnc+c83sD83sAj6LzV7i8tO5875ufqxrl9h7agj6HzV7h5qf8ASPnXyeyic/YfUEfS+akf5InzUWmSPncufrZib5v+mKR9E+fjX+xL9ri/6Pn45X1Y/HydxUe99vh/6E/c4V/sjwfDd9ReC3cUe6/d4e6D7vD/ANHheC3yLwW7ko91+9xdGiX73H3PE8Nu4/DfuKPZ+/x9xP8AYcfdHjvgZF+C3Rikez/I8XdC/kOLueTX101qxfXZaR638hxdwPJ+swJVeS3IhIZ1YABIpCmtg6iAIcIBDIoCAKgoSAYgEMCp0AkIAJCFAQMYE4jxQwAnFBgigAjBBiihSBOKDFFAFRggwRYARggwRoLQCMEGCLADLBNwPxwaQECjo/We5f0/ZryJxXqffcXtev7ta3pZZNan5w467Hb+uft+RV9dtqTOmPtbwuR07bGLlM0pxc/1lflUX6nFf2MXDMa1jpzU6g7o4L+5VfHyUva4n1Cu6t6RPUPI3pJx+euha5V/q02B1S+4SznXIuujNFdd5CN+NKZZeVVuc2ZVrSkUbTVk25MSVdpaISdW9dCDWvNWJSHXmTUwYxV7MNEoTA1yVnL2B8iWlUQoot5FW6tZwoKLWV0p6KB5Oui2Ita1f8RZq3wwLy/GOoK9v8SVauwrPtuQN8dpykU3GrPuNNsA/NqB0TS1CL90iXay31CKnUWamCVyVdoewJLKVsAct42HNnDZFnLk2V6WpqtgM3VNhggrZNvoU4QEYpDxkKKzU9AtZRFd+pRNKzYp0a3BVslt/ckQGIrJdNytYFSsP8gJVMlIWXSC5ebhaC0egGKpFpCybehuuPr0H+MbbEHP4e4nxG2F7arYpKsb6hXMuLUHSHBst5Has6hGFeOXBNuPko9FKOmdMaKGZ2veri//AJCsXxuy2glcNludUdd0PEI5XwyJesdcCxfUDlfATbh6HZgRbjU6lHNbixXcPE2pg6XXqtWDnbZkiuR00iBLgk7XRL/LcnxpOVsByLiVXsD4lZ/B3PjrjLcEfh0QHI/XqhPi020Ot0e5WGnyEceNYhV1DD/9TrVFXS2rCtU7RsFcmCcqAfHpojstwuj/AKkYpMDlrxWmGtBvij/U7HXbHccO34shXBhP+o3w/B2RWkqBW3ULRlHH4fgLcVmoSO11WWPUMVIK4lxSosloPw/86HauKvUKUT0QK4vC+o/Fptqdj4mxLih6gcfit1Q1wN9DudaJbak4gcf1mJ+uzsjWB242uoHEuBpj8Vux2VrqN1TCOHC3YfhndHZh8A0ugHJ4Uug/Eux1LikKcadsewg43xN9BeD4O+9UrQkELZ7iDh+v8AuBo7cXMIfjfUFci4U0B1+H/wAACvgcw8hVuBpE+Ox34Q8xqyJ8bFg10JyNJYSzL8kE2EG0saMsmCuINpHJlmCsiDSRyZ5IM0BpIpIzCZAtMNSJGBUjkhhIF6hLJlhqA5CSQAsQpFMgMZIAUBAEFDJCWA9Q1FLDIoJY5ZOQ8vgg14uLzc1eFbvofc/qP0vH6lK8tlqeF/6v6nD7Hs+RrWvU+3s40X+KUQZ1cxz+xPJPSvU8X2/WT2Pb5EnSa9ehz24a467mWnzPL6Vznv6nLVSv/B9R9TJSYW9fWGtgPm49ladAy9iv5Lddj3r+utlXUz+naNiDyF7/ADJpciOnj/Zca3Onl9BNqUY3/W8aWoGlP2PFbrBrX2uO+1jgf6+06aIm/octNauRR7FOdRuDvLmTxvr+z0Zmuf2aPG0tCj3VdrYpcnfc8Re9zV6Gi/YckfktQPXtyN7DV2eWv2VY13Lr+wqyj0vKPOvXQ89e7RlP2uN9QO9Wp/cTtrJyV5+N6plrlT0QR02solErkfQwzttoNXddGBs3ZiV7TD2M/KwXJkwN7OsQgdsKpdzFWSG75vX+wG263FVa6bGU22QLkhQyDpdqLTqZXbu06mLamehqrqtFAGjtdUhC42q79SVztVhqSFbLWC0bWvbappWtXVO25z1u4B3b0Yo1vfULXTgwd40DsxSN8klpuPKuDfUwz6rcT5FGopGtcsdxOy0S17k0tK12FFf9QKfLeulS61rMvcVMY1F5KvRAaWdUS2mZu2pStXqBfGpZLdU2rjrZT+O4mqTNuoCeL/w2GOz4q1/HclMIG0mF6u0QKzQ3yqtdAIWa06lVq25vuKnKpya2C9rXcV06gaOyq4JfGrOeoseNf5f5FK1d0BNqa9xuK11G7Vs1BKtV2h7FoS/JQVThVV+RTtxrYl2bIHWtE9SMkrQhqy2Y2qtZbALBSm+o+Siqt9SfyvZJdA5G1vqFOrtZQ9kK6TcLcVXZadGVgq2yAWtWh8ienyTE3y6I1fJVuOgRkl3Ba6f+C/x7k2WOoUsLS7PVhRrXTUp2eOn9xpU7wEZQ2zStbJDdq1HWzaAybsmXpjL3JdnLCLPqFC10Q1ZUeNh1To5IhXvLZRdlVw1uKIWr1LvaiaxE6O1pCIcoqnIv9h2rEfIOtaqQItd2cV/xLrWtVO7B2pasVIonVzbUCqqXOwoavkhW5Ha0V0QOUBVk5krBXWXVEvLEeUU+QFVxsK/LpDJpzKj/AC1Za468jdn1AVb3ahbdAHVtOF0AK+MaIdWXqxbHsIjEMSgBE4EuhqBIRl46i8dTWEEIkIx8XcT4X0N4EIkc747EulkdciaROVjjxsP8kdeKFjXsOCOXUMn0OrCvYWC7E5SObKwZWR1YLsJ0r2HBHNmwyZu+NdheJDkjHNizsbeJB4kTkjHNhmzbxLsHi+ByRjmxZs3fF8B4UOSMc2GbN/EheFE5IxyYZs38SDxIcEYO7DKxt4h+JF5I53yNaIpXf/k18KSbSBcLu6rqTfUj7b/1X03T1vM+p797KWjh/ScduH0aUahQb2/yZy9lgd4UdSZs3Fh5Y77matyXvotDKqve1U4IrWq/K27NbWTURqGFXWXuiDGK9B2o0pGqzsN5PRgZYOygK8SW6TN4hQTCe4GD4qt6KCXwI6cUU+NYygOJ8FWogw5PTq1tJ6GEgqdwPJ+in0If62j1Z7OKE6SB4Nv1nHMoz5P1yS/E9+3FVJQgrxJpygPmvoX+RP0OXuz6Tw17B4aw9APl16/PV6NlY+zvqfR/Xq9IJ+rXVdgPnM/aW0iXs+zR/lqe8/UrOxD9GtugHjff5Vuiq/sLrU9b6HHtijC/62itogOL+QfXYuv7Djeks6H+tr2If62j6ASvep3KXvVe7Jt+tTX47mX8ZyLqB0/c443LXt0iU5OC36/kncX0uWmzA9NeyrLohvnTaSaPKfq+xG7gnxc61TYHtLkVXoyXy2mTx/8A/qkHzewn1A9l8qYLkT6njfa5VumP7l69APazSBWq2eN9/ke6H95ge071ewJweOv2BdfeT3cAernPUJUxJ5q93jnc1+zR9SjuA4V7NTVc813A6Zx6i/K7+EYLkT3KXOq6Ig3ivXceaUIwtdzoxK66hHRayshJfJi+TsFeWwG+Vdi7Oqq2t1sczbkeT6sDd/45W3JSVv6GTva27HV47MDXGNEC0MrXaeo1eUUi3sOjfUyTjUavqBaay1HyPSERCmeok4ZA62dDRNNyzKZ3Gq66Aa35HRfiiVlf8noZu7WjG7yii01lHQm1llBC3jqVCmXugKW48c7f5bdCN2kK+XG1iBo05jsTi76roQ3bfqD53x6LZgDymC/zp/cnKdUPK76AOlof5KS5S2/8GUzuh413kDbWy0ZNapOHuZptP8QTvazdhRpgpkm/I63Tewk2TZZAO1rXcocXtp/5YVrihTboKB8eL/Fz3NONN7mS5LIXls32FG7dZgHop3MXbL+oJtb7Ci/NaIgKp2rLZNmrLsTrjAo1wolvqFbNbGVayvkqrxeoGi5Ndv7gQ+RMAPjc2EtkhJ66tVISIZSgZLEBcASBRWgEDIKAkcgMBSKQKCSRzAooCGwliihCkcigAUhLAoBSwlAMNBCkgYpFIAMJEKRRQpFIpLRTbg14LKvs8d90t0YNp1HS2GLrvJndR+mcHKr+pR100WwVaT/I5/1HJ5PQrO8Fcr1PP7f5UrWVuVzsGcaV2MpYGRtW6nVEt6hkojqLLEgrJrYp3TUvczq29WOEBpR9xO1ZhEZ4/wBA/B69QNIY5ZnotZ/sFbSBT0UhVz0gzdtYKbxr8gUlqOyg58rSXm4/IC29B5/i0jNW2LjGLdwJ43mn0juVpMFWtSy00ZmmBdq1WpNUnLYloUrIBNVQoE9x7asCYT3C3G/7Ip2VttCklEMDOFbR7Evjq02kW8U9B15E6OAMlx1fQXjo9zXLSAwn+gGD4KB4KWUG2mw5WwHIuBLRRAW9esbI6sEJ49AOJ+suxD9Orex6EyEAeY/Rq3sK36+jX+J6cA1oB479CnYzfo1nY9rxrcT469gPF/j+N7rUyt+vSZ73jr2C3Fx9gPn3+u6rcz+ny92fReKvQXhSA+cfqcy2sJ8HsrZn0NvXrZz0F4KtRAHz0e2h5c63TPet61Y2I+tXsB4nn9laQH2Ofsz2repSJgzXqU7AeYvc5OqZX3rLozufqKdETb0aty0BxL9g8uppb3k9djW36+kzBD9JtQ1oA17/ABNajr7dW99DL+PJr+vtVt9AOn7vHZw3sWvb4l1OB+hZ2lE29PlmJA9Je1xW2sHnSe55n1OWgvFz/wBQPV+wn/sNc6/6R49uL2EJU9iv+QHt25U9mgrzR1PGy5gd+dLQo9ry92C5Eup4fl9jqUub2OwHs5w5qx+R9TyLc/NVTBH2/Y/5YHuO+koFdWUtni/e58XoXT3eTHVAe1Xl44ae4qutpyPG+6l0Lp+xTUQB6rvVP8dkN8j6Hmr36dh/fr2IPQy7lSjzvv0xkVP2FW9dgPTV8VoLJtzJwP3eJtJvQLe5xViLAd7dhZwtTifu0t/tAfb4ojIo7fLOg3dJHCva4m9yn7HE/wDYg663q9eo8lZnH5+NdQXPx9wOxtLbcWc7nI/Y4+4vscb6gdjdQdlCRyebj7leWnSwHVW6ROTmHsc3mh6OSvN3ZRvkgMM0AR8vIM73+vsiH6LNfVmuKRqx0v1IXyZ/Wubz9DpnIGn1eQT9fkQ+h0kJ+RviuiMbdi/RaoBYXBqy3L3hTQEthI6wqhdQySFlVl7wphAskPJDrFoSAWSDJC4phIpQSXrA5BPuKUDHSHoBOg9BQSASglFqgJDQWhLgciDQNCXAAGgShcA4lLuK3+SS2Q5QShcH2X/rX7SnLxP17aWr/ievy1i7TPz31PYt63PXl491uvg+29L9jxe7wppry7YnH2xGrUNwTkk9Q5MqPRTbqiY6vQ56pu6KreFqKa9UDdXsSqpcimCnop6GITJUVm76JbFLTcyV42GuTuBtnVr5Jzgyf5PTQa01epRqrrcUpshNt7QhWluEBrlVaMaa67Ga03FayeiILvarUVE+SzriiaqtU22FeRJudgElaNvy2Nsfw1epHkTbgMqpy3LKGk41JyUjfJP9B51qtpAWQ5cS9ifKp20B3T/oBadXsxa7MhYx2KryUVHOrCrXGrKRJJaLrsZcd7v+gvJatgN7aJdyc2TW+bBtICprMsrGdamcpoVrOulQjVdmNVqjBNrWw3y27SgNk0lt/cnyVmCaXVt9BTS18UBdrJgZ4y38FdIArRCJBNgUGNSXZkK1m9gNcV0E6vsJNwXTVNtgQl2HZaBazTUDyaAyrk29C0Vn2JWj1AV1BKTesGllNk4BwmBnC7DddJSG3LhbjTslj1YGS409Qtx1g0VYB2qkBi+BNaD8SVTdXTroL+oHKuBN7C8CyR1dfgOuwHM+CjI+vXojsig6qr2A4X677E/X7o7rSmNpQBwP16f8k/Wq/wDU9DFPoP8ACNijzvqJ9BP1ap7HoadBYq2+4HnX9NNbE19eldMT01RdQ8dAPKt6lHOm5P0V2PWfHQWK6AeRb0KxsZ19Kteh7WEuI0FbhjbYDxPo/lLRN/Tb0qj2/E3uNcS7EHz/ANBhX0cXJ7t+NLoT4Z2QHhX9K7tKYP0Wtep7tvWha7kW4ZWi1KPD5PUv0JXp3e7PfXr6TZE29fsB4f1eRbMl+tzHvL1tJ6ifAtiDwXwcwLi5vk91+tG4Lhqk9APC8PP1Dw8x7L4H0Q/ruJZR4vi5xPj5+7Pa+vPQPq/AHi189V1Kz59z1vrqdgfrSB5C5PYakD1l60aLYAOnk4KzoR9esanZ422HiPJdxzef9VTsN+t8HeuPUb4x3qPO+t8B9Vdj0fGJ0Heo85+nTsQ/Rq+iPTVAdEi96teV9FdkRb0U+iPXdET4rMv00rx3+vouhP0K9Ee0+PuheOvYv10rxLfrk9kQ/wBf8HveOonxJ7F+uj59/r2J/r33PffCLwov10r5/wDj79wfoNHv+BC8CH10uvnvpWXQh+pfoj6TwJkv1qj66XXzf1eRA/W5T6L61ewP1qdi5+ulfN/W5Q+vyn0T9VdEL6q6ov11a+e+tyh9flPofrV7B9RPZD66tfPfX5B/X5D6D6tOwfWp2H10r5/6/L2D6/L2PoPrV7D+tXsPrpXz31uTsC9bke6PofrV7D+vV9B9dK+d+rfsH1r9j6H6qH9UfXSvnl691sma+t9j1eby8Urq0e6vV+BW9eIJ9NWt/V/Z83s6Y/n/ALM25PYfE/y1fU7PS9WvBx+RJfkcPu+u72dx1W/Ul7/FZ6uDSvtcTeljxuT1eRa10MLcPsVcptFaj6NctbbNFa9D5pW9umvQ0Xu+yt2ypH0KanXcaunofP8A8lzREGtf20JTXUUj28oDy49JPMp+yrdS9DRfseEEd/kb+EOY1OFe7w2cJ6mv2Kdykbu7bKRzrm43/saZ16sEXE2Q7KuikhWb66C0W7CLx0aT1ZKo0/yYsh+TvsBrjXEzht6bCtZtaDVsahVuFWGFXSq1Idp0B0jrqwK8lG/g0SpiczSqnO/QK2brDYG75+OmkkLm47Wen/gzXHSZepStSkwghtu1/wAFC6jrS+reovI50UIqjtDSegFbaDpaqTbephhduJHha3XRbgbZ1s/gHdU21Ri/wULcmtbN67AXnW9tA/xc13Dxpa1YII2rMa7vcm1UnKZHJk2nMEWpaNHqBo1yPVbCXI1o9WC5bVWvQVIcso0StEjXI8YaM7+xZKArd3rD0ZBtWEtNzNu70IrfFx1KryS2gDNafA+TlmIRNay9Qq1VtPXsFVR6a7g+T8oZMtPUMHORRpbkUGLVnaeg7JPY0WlGA00kPNmSs9WOqs9Qi5b3E1WY7kS7OK7oqia/y3A0VKpClGefcedEgHazgausYZCurf0KVadQKVK26i2Zk/xtNXKDyNvQDWUD20Jhtak2d6f0A0dnGpHyQ+RsKK9iDWqlSLQm1lVQtyK5PVgbIl0t3IdoLtf8ElvBQ6UXV/8AkHCZjF31K/OAKduwflu9hVcS2D5lZRAFO3/gFqQ3pCBWaUdQC5VbWVdiGnuy1ypLGAIu29WNJ1UrqK1c0y8lSkbsBflbQTo+w615XWUhcfk1b6AGDFihu93siVZtw9GBWKejDGi0HKr/AFJSVnqUJuuyKgPHWSolwBLpUnGr2KtWqcJzI8eOuk6gZvjgl1b2NmhtqtfkDGtWlDA1kAIrkaGat8FZnicVSEk5MMgqggnMHcCnCITVnoQ23aS5jYIp/joQ5RKbbllNsKqZSkThikGpICEEBjAlYocJhj2BgAJdxwgkADFExUqQhEonGQwRYmKM4CDRMTsWiVVDdUkNbSD2JRkqIrFFOyiOoosFJ1QloUnp8jmEBA60GrAKRLoGEFIYomNCuLiz5EJnf6nFjXyM1641mV0YxxpHNy0lM6OS0/0MnadDrjrmOC3CnWIMvrJ6JHowQ12LVeZyespgyfqI9PkUvYSrG6FHk39SvVGdvSo1oj2FSttxX4a9C0eG/SsluZ/Usu57teFvcLcCQqPB+rZa6kvj9iJT0Pc8NbKI3MrcMKEKPHj2I3KXN7FVGsnqP10lPUn67erWoo4ae/7FP8tjWn7PWb7GvJ6fUh+pxtfki0aP9nXR9Gb193jhOTgt6KsprsiH6d2tHECj16+3xROWofaq3ueJ9bl6PYPB7C6lo9zzroyq3dtWzwH9mr3Y3z+0l3Qo+gzrESKUeCva5+zGvd5l0YqPdyjqVktzw6e/afylG7/YUUJikern2FVurk85fseNadC17/F0cgd7drfApstmcf3OK3+0Frnp/wBAdWU77iztsjn+xTuaV5aLVgaalJmfkrb/ABEroDS17DpayUszd/7j8jiI0A2dqwQmzOSpUAVWis5Zc1q8VuYy2ybTkmgOnjarLtuQos23sZXbtCHWzro1oBTtXoxqWyMq9gya2A3vqkuqI23ZCytLIauyjpo62TRF/wAZrOpnROusg/8A+yW9wNeOFSLByKHoyGm7aMLT1CHR4vcp2bJpVNlpJMCIY8G9wnUV+SFoBdqqqlbku9r6ISlqWPyJVgAp/wDW/wAhNzdE5y9TRWqgFyWahI0V6usPcwdsrFQt2BadEFuSP8TN2qkFb1TAtXT33JtbohPFuUTkpgItzapScVImFoFbN7oCldjrdKZJ8lZgnFtz0KHObhFWiqjqT/8A1tNE3raznoQWlpJWaVdv7kqk106CdtMGAqzZ76FurM3V0UodOTuUW1D0cDdVVZNmfJdSKtXyvXZAVx8l256dDSz003e5ll42qpTWRtqcuhBatitNweES/wDJma5ErbfiN0TtlJRXYLv8tBTD1cDbq7aANWh6hZw5Qm0kTk3XQB8db2vLLsq2fyjGvJauy1HVuZt1CtU1MEuruyLXqraOUNcyWxEVSj2b0ASv3AozXIntYM/k8PL2F1Dzeyjy8vPce67DzR4X2PYXcpc/s9mOdOntZ9hZnj+f2fkXn9nuOdXrHtZIUnjef2g+z7C6ORydY9uRWszxvt866Mpe9yxqmTnTrHsKRvTc8he/yIf8g+qHOrcerLY9EeYv2GmxS/Y1iIHJcejIzzl+xr2LXv1HOlx3MRyr3ePvI/t8fcclx1SKTmXt8ZX2uMnOq6JBvQxXPxvZ6D8tO45VeoQiPLTuHlT6iDSew50M813DNdxBaSWvUHdk5ruTku4guZASdY3Ca9yGHl8Bl8BlUMqkaEiB2XcWS7iMtOOmdoPVrVU4kjzfVsvIjv5G24Z29cdPRndtf0Jd0tw5LzotjHkt+Tg06rbs3K2G24kzfL0KyTQQrclY+R1/Jak41WsSyqbbQQTCq9R2xWwsnZtMEpeuwAl1J/J2iNC7ROmw21GhRDWOiWrJ8SmY1NMkteqBUs1nO/QDN1RnhrrsbvVCxTcNgY4rsSuKsyb2hPFDVVVSwOa3G+i0JXFHQ6lZtbdNyIv01A5/CuxD9fXU7lR4ywxUQUec/Wy2RK9ZzEHo049RuqyA8x+rD2M362ux6rqifFLKjyb+mrdDP6NUey+ONGHhTCvEfpPsS/StGmh7j4UR4bbLYVHhP1ORE/X5+7Pf+vCJfBCFHhePnXVjr9iurbaPZXrTqD9VQyjx/tc9dEOvu8qcvU9NepR9CLerRPbQDj/kbzsV/JQb29OjcwS/Ro+gIOP9lRqHuNe/SZM7+hC0UGb9EDu+/wATXYKe7R7s8/6FujJfpXXUD1vt8be5fnp0Z4y9flqtGS1zVcasD2/LXcFypnieTnroV9rmXQqPb8ldluWuTFas8Je7yJy1qUvft1QHsW5JYTKPJ+/8Gn8gqrbQD063xY7ckv4PNp+xo9zRe7xvqB3qy7jfIzhXtcb6lrn42pTA6ledwhW3ZzeancPInorAdDs1o9gdtNEZK1erB80aLUDeq0lLUnJt6mXls+sDVu4G2grOdCMhZMIutV1K/BdDNWY5AqFOgsVMikE+4F5Bd2jRwiHao25QD46qJbG+R7IgagBO92XW1sYYk6heyjQAu2ohjrZR8iVZSlg6pFop8qmGCslJFklaUJKWAV48rt22RrezWlDN3wbgXks2BouRqu0/1IrdurVt90UrN6sm/wCV4QF0rKb6EWdq7Gv+NYM1qtQJWdlrsXSr36CvyJVhbgr2rxStyi3ZbMmZcVM8m1L3BOycrYDXWm7JeV99hNq71B30xqQUuLjnXccVs4W6MPDyJ5N6F2lV/DcCktcQISulruBRVvXr2JfrrsdrIs0cK8Li+vXsPwV7HUJlqubwV7C+vXsdQ9CVHJ9evYPrrsdcCxFHI/Xr2F9avY64Biq4n61exL9avY7oQYoVXnv1KvdE/Tp2PSwDAUeY/TSJ+pOx6mAvGiDyrenZIj6tj13x6CwFHkv1rC+vyHr4C8YLryvDyoVuPmWx63jJ8MheteVhz92OPYXVnp+JB4kDrXlZez3YZex3Z6viQvEiL1rzMvY/6YZ+x3Z6XhF4Kg61wLl50tBeb2Pk9DwIPrlXp5/n9jsxef2OzPR8C7B4F2B1rzXzex2Yeb2D0/BXsHhqQ61P6nku+dK3Vnu+zZ1uo7HlelxqnOrHsc9q5J7wjeOv5+zjdluyXbjb3Dktm2q9DBVbD0OiOJKTOHeY0QJaDyx0QRdWqKN2K3Je2iRnkGWshY1qtNdGGVno9EZO7YZtkGzaxhC40qvcx1FEvco6GvynoRez2qZ6u0SyraLToBdJSlg3LM4s0FaWVZAuqi0sLauUJPTUdboIWTdseg65UlLWSfLVW/qO1rToBVaXdpb07BCnQdLN77mb5Wm0BqlZCSbbZCtaJsFOT8W3uBeLkE1MGatZ2mdCmm3IFuq3JgT5NIKpqgJgaQ4UwO2mgEvUSq2VjGqGnWv9QIiBOpWSGWozrxpOWLDO2q0NXCrIJygM/GloLx6msTD7BkpCsnxVmGTbgq3obWh2GqoI5r8KSgnxI6rVT3FiugHL4k+hP16vRrU6sUV4pXyFee/UXYS9WrcQd6o1ow8fYI8x+nVdCH6dex6q4e43WvYVXjP0l2Jt6CaPawq+hN6JaJCjw/48l+jZdT3fF1B8StXYo8D6l0S/X56uKnvLhS2FbgT3LR4Ph511YsPYXVwe6/XQvrVFR4bfspaNhXl9hOXJ7H11I3666IUePyez7EaLQmvs8/yevb1p0gVfTq+hKPNXucy6Mpe9yrWGd1vVScQS/VTWwRy/yF+wL9k51Oj6a7E/Tp2KIX7Kq+DRfsaPdmVvTTeiI+mpBHUve4erNF7vG9mee/VhwQ/Wa2KR69fZ43uynz8fc8VcPInoxNcyYHuV5KvZyVK7nhZc9dm0Hm51q2Fj3k2v6DtNjwl7nN8lL9jyJ69Cwe21FU3uPJNJHi/yb3Za/bV7BHrWTeyGrUSj/Y81ftasf8jxvVgd6s2OtE3M7bnB/JcKLr7/AA2/2gg7fK4x6A7xocf2+LuUvb4f+kB0pJvUbunKa22OF+5xVejkv7nE1LepR1Vsp1G+SehxP2+L/oa9vh/6FHStLz0Fa7ylHO/c4v8Aol+1wpaWA7VyWtWHsKs5OGcb9ziiMgr7nFL/ACKju17gcK9rj6WAD1c2EmObDJnnjwxrmkJ3RnJLuFjXMWZlkOQsaq4ZmL5Eg8hCNsglGPkHmio2TQSjLNBmgNshOxnkhpyFVkUnoZ5VCQmrkehmPUKoWgpYsiChwTI8gggWI5EmFGI8UEikBwLEJCQCAgHqC03CiEDgGxEocCgJCRQk8LKy/wDB6Vebi5ONTozzk0m5UyJWdVC3NZrfpro5FjZur3MHZotuy4srbnFf3OOtoZvHq9duOlXsN8yW5w/f4l1F9zhs5ksV3O4ZHG/apbqkN89Gv8jPOldeYsjm+xT/AKQlzpvSyHI7K27izixzeTX/ACRXlT3LyrfNSU3KOXyopcrahbEhXRW7SY68jx1MFyJKGPyLGEBrlI6tNMxVhpz1gI1mHJS5dTGWvkHdzJBs7tW0HXFqXuZZTr1JkUaq/wCWPQpJJmNXA1eGKOiKvYmdGkzFuXIIDSpTbSM1aB5ToUWpepD5GnAV/HXoN2qFUm4lhl0M5bKrZRqEN66ILNpR1JryKdB3vW2wF0l0c7IilrTC2BLksoq4Qk1Rx1A2eSUsUpKWR5pFm3owqqr88nsW71Whna2iqTl2CNbWqtWPFRPcyXJW2jG7T+K2KrTGrFa2OxOXRPUSlfLIL/qDXUh8jdoQPkjRrQDTdSwSRDeS02B0XcIqVsh3tWqxZne9aqEGjrL3AtJW1kNIEnoGOkyBNWk5ZdmnsTK6if8A+uwAyStepUUYE4W7FYJKRz2Zm6ue4BaqaEqwPbcac/0FGdqJg6JIpNO0Ib0YGLr8C8aN3ZLoS+RRsUY4VQrcS3NsK2U7EtNL8da9RUYW46tRBFuOqUQdOKiSVxZWnoKrjfCm9BfX+DuxSZEawWkcn12ZPgeUQel42LxwKPNfrdCX6tex6niUyx+Koo8h+pXsQ/Tr2PZfChrirEMUeG/TX9CX6i+T3fAp12JfCui0LSPD+sL6z6Se34ELwIlR4v1rd2H17/1Pafr9w8KFHifVt8j+veInQ9rwonwoVY8X6111Yvr8nc9rwoH61Uyo8TwcncPr8ndntPgQvAhR4/guHhv3PYfr1Yl69UKPHXBfuwPZ8NOgCpGH8hxpymH8lTucf1Eg+ou5rh4LjuX7Lj6sf8jws4PpoT9Ko+Zceh9/h7oT/YcXwef9JLcf06j5nWOx/seMh/sa9jnXp1NF6dR8zrDf7NdhfyYP06h9Ko+aXF1/aLqWv2tOxh9OpP0qofNesdq/aUfQtfsaHnP1OxL9S3ccHWPZXvcMb6jXucT6ni/XuuovBydycFx7i9rj/wCil7PH/wBHhLg5u4/Fy/8AQ4Lj31zcb/2HnTuj55150tLCXJzrqY30W4+jV69xyu5855+df7Ma9nnXUnOlx9Go7gj51e5zrqVX9hzovOr4fQDPAX7PkW6ZX8rb/lk40uPc0DQ8T+Vt/wAh/K2/5Y41fD25QHify1v+R/y1uw51fD2gPG/ln2D+WfYnOnh7DA8f+VfYX8q/+Rzo9n5DiTvaY2PJ4/2N+Syoq6tnvVS4+KsqLMsdfT11n7EvjhHjex62c47nr8l506HPyUS2N49GY+fv63JXrqZPh5e571uFW1Zlbhqt0aHhvj5vkeHsLqz2Xw1nRD+ui+EeL/8AfXVth5/YR69/WTI+oh4R5i9n2F1LXu+wtzvfpVj5I+mx4K5l+w5luaV/Z2nU0+kS/RW8CFP+TUmy/ZcTWr1OL6Emb9KyfwTnFr1F73E/9jVe1xR/keI/VfRi8PJGjY5wr36ezXpYtc6bg+dVOeuqbKXL7NHO45wfRZuRrkhnz33vYT1WhVf2HIt1JN9CvofIhrkqzwqfs3P5I6K/suNqXoZ50r18l3KVkeTX9hxPqbV9vianLUk1p6Ga6hkt0cS9njb3NfNVf0E0rpybCUjnpzJlZ5Mk0rduBP8A+DJ2dtGNXhQPI2TUDcRJiuRNwN2nbYDRctnpQNLf5GTuug3fJREAa6dBTBFXA78iiEQaPlqlqKq69DOFZCqmnvoUaWSttuVan4qNyHer2Fk0Bpala1Tn8hUsol7kfLTgaSeqYGlOXjnYV8LOSK1Te42qpwmCKpFf6DyRk3iW+SiSlAKuNras0eqhbmatTdCrq3qBok1qTZtvfQh5THTuUqta22CNJUE2vVVcE2vWoq43T6BWqadFYSiy3M22kqIaq1WE9QLqrWf+WiC1XmpZkqci1nUdcplvYC+bWEgz0gjV20BtK0BF1aj5B2Id4aTQN6AVkJtPQmSZsBX5RinoFW+KavWSb5Nytylq5tuAlr+PQuv4kW1toaRFU2UZveS9tYJzUw0XmmBNm7bIar3KVkDeugBZpIld40KaXUbaVdAJyVugYMJ0kFydwB0aILtdiST1bASUjxhT1GonQIUzP9gIdm9Ck6pbf3Id5cIqNIAi2rHgVSsqWFnDgBYkusjbfRD/AC7ALxxuJ4pwNuyBOr3akoVqfiKvFaMnsNWdnEQVm0oIISAqG1K3ADgaQsUOUKTu+NTSCEJMclKWKe41SoCdoAqK9A0JyDJAVoIjIchVQDFkS7ahFQhYikckUsUEIJkHoEGKJdUPIGxVS6Ih8aNJAFZPiqT4qm+gSh4WsPFUPEjYeg8LXO+JbQS+COh1NA9S+CuTwrsHiXY6oQQh4Xpy+FMH69TpxQYpE2HTl8C7C8KXQ7IJaRPC9ObxV6oPDXodMIMZIvTf9X6tHyZvdPQ9fnu8oOL9ZRqX2OnltN5M69v5f/Oal2XUj/KZ2C16yJ2T23I74eKiCHSr/wAgxcyU07bgTjVLYTjsVbGujBY1hsgmq3kjHVm3JejUInjiNSnhk12GqdzVwnPQWj2AzwQnRJT0NY77CvV46bFukZ+OvYh0rDXU3ovy1C1VnpuWpHMuOnWpHgo3KUHY0l/lXUh4v4JUcr9WvczfrpI71SnVg6pONy0jzH6tbRK0MvqLKEtD1WukQN1qqz16FzSPH5PSh7GfJ6fZaHr1rm1PUbo1aIktwjxV6dnpEC8HIqtJwe0+OLS//Bj4KtS9EyUjx8Oer3ZWfsrvB6z9fjjcjwSPBHm8ft81dNS1+y51buda9OHJFvV/LYeBK/bX6rUtftHZ6qIM36vwZ29eNIJMHcv2VGjWn7LjjVnlfWRL9YnOFe1T3eNuZNF7FJ0sjwHw3rrVsWHL3ZOMK+kXNR/7D8tXpKPms/Yrs9Cl7PMnLY4K+mdl3Fn8nz9f2PJVQUv2Vuo41envq1QyPDr+1gv+Vq9xxpce3m3pMINtZPNr+y4mkyq/sOJvXQnOrceh5EnoOyUymca9vhesj+zR6JkmnWOurUw9RvE51y176j8iakTStWl0YJsyzZSuupBpL/t2G7tqDPJidwNK2a0Y2zLIrOrUdQHI5jUznUJA18je7B2TRmnUJAtNqAum2miJFLXUCm316dQl9yJbDWQRbbiZCLNTloJ6VklWTUSECvyO0dEbT3Mq3SHZzAGmLewNWUJkKz2RpS2L/IAWKsstOxdlRdTK16WtKJs7O2mwHRjXciVOjM5slEiWj+QLs5ZT2ItbuLyW/sUaV/yxZdkuhjLdsiXa+Uga3lISZk7Nsq18VqQatVa00ZmqtuJFLuvx3J41etvyAppVGrJE3cskC1a0ApmWSpWwT8AbZ6abkTyWfwJVnUXJd1Wj3KNHV7Ni8dDKi5bNy9lIrTD12A3tatdK7ipDeplx7fkysk1AFcnJjpQDOuj1ADhA5PvcY/u8Z6I+Vw6mgTOX7nHsC9vjEXh15QJvuc32uPuH2uPuhE410Ngc32uPuh/b4+6EOHQ7R0DJnO/a4u6D7PF3EXjXQ7MS+TD7XH3D7XH3RU510T3CUc32uPug+zx90IvGumUEfJzfa411Qvt8fdEhw6dOgSjm+3x90S/b4+6EXh1SEnKvb4+6L+zxf9CJw6JBJGC9ni7j8/G9mSHGt5QGPnp3QeendEic620YQjF89O6F5qf9Fhzro0JlGP2OPuLzU7iHOujQTZzP2K90L7VF1Qi8OliOd+1x9yfs8fckXh1SLJnI/b4w+5xli8PoP1TmlkzbleNoOP8AR8lOal4f5LZHZzTa1v8A9TGvb+X/AM5jC9KvUdONVUkt/wCzehDys/gy640bbeovI5SjTuRDgeD3QVXIs2m+gnZWiq3J6wyWlxtWTn+hRVUqNvqU7trQztaNX1DLTQDR2XUFFtOpHSRb/wCO5BeFk4Cb7PYhPlW+4rW5K6sDRVaUtkOtm5TEna1CuKzqpZESuS8w9i9MgvGOSFi3qigaT5GwtKUixtMiva0RAVdHNZYuL8pnZbCrdKrkhylK2YGqrNieRYtR0B2/FY7jyth+S1AfIquuTZinNcUpRbraynoVRrjUsDNUrWjncVHu0aVquWzbQXiui2CIa/JfJLqlZxuaQsVbqgpWseRvV9AMfErWi2iM3xRaOh02WblaJMVotyQi0ZW4qtbEePXY6LYq6r33B4p7ipHLbhlwlqTb13B0utlaRzCl7FpHDbh0I8KT2O5cbtr0HbgTgvWkeff1ocwZPgTeiPVtxx+LM1xYuSdEeY/XScNCfrV6bnq+Ou72F4a7/wDgdJHkfWutXohW4bpaM9XxOzhol+viWkeV4+ZdRp81XMnpW446Gfg12BHF5/YRpT3vYrudPgfYX1+6EwZr9lzdSl+y5OoPg7Inwd0Jg2p+0h/kbfydH1OF8FTP6ymWTnFeov2XEaV/Y8D6wzx/r9iLcVk4Q5xHuv3uLpYpe3Rnz/j5AS5k9Gxzg+iXsVe0DXKn1Pns+ZD8/MicrX0Oa7jXImtGfPfa5jWnv2WjknOle27fI82jxX77NK/sdkyc6V6/llQwzUbHn096rRa9vj6sc6V3p0Ws69i/KtjiXPxx/kPz07kmq7HedgbehzeZVKrzNiDfHr1KrdV1scz5HIX5EkhNHRlNp6BZqZWxkuT8CVySoYmo2spUiVkkZZ2Jdm9xNVtm25RWXUwVoDIQb+VxsRk7f5EZA7aCDTLsKy6yZqYErNbiC031ZUxuZZjd5Wgg1lDfJWDDIrOsaiCqXbkas511MldLYfk7lhWr5WtF1Jq4q0+pnknLRKuQbZ6QRDErSGUBNaPkslotQM/IAHyuLCH3NYFB7I8sxmk+4Q+5piECHhlD7hD7muKDFCExlDD8ka4oWIhMZ/kwi5piOBDwx/Mf5muIQhCYy/IPyNYQYoQmMsbMWFjeBQIMcWGLNoQYiDHFh+XQ1xHiIMl5O455F/saYg6okGefN3DLke5pA4QhMYzfuOb9zSEEIQmMpuE37muKDFCExlNxPM2xQYockxj+YRY1xQ8UIeGWLDFm2KCBDw6/1Ht39TnT2q9z6u3Jxc35Uej7HxMHT63uc/rtYttdjG+ldPX2j6Tlxh0jbZkZ41OBftK8mt9LCt+w4tmznvprrmu+14pJNbto4P5Dh2kte/w2XRQTnWunZKnUhtZJ21S2Ode1xPruarkrG6EKrk5M3CWhWUUM5QdSQp5Wag141WimdSMnpp1gTbBTy5PJk/8AE05OVWrC6GLtbFqR8S1eTggVbtaItNxqK8J6ApAb5W5q1ogfNdfjVEu1ZjqNPGyZRb5LVUshc89JFyWta+Eady//AK+OkLVgCdbvVQVdJwlsjKJrlsUuOaZO0gJ3rW+3z/cd72vqlCHTBVbe5OdcoezArJpabAuPJ5N6LpJLUWj/AFZFqtWSo/6g1tZ1q/xcMmW9X0M7zRo0tbkcY7dQFrt0Y/FZJRqT+UQ9yKu9LbgaqcYWjFFa3Tki1+S4V/GsX/yewGlq1s8pFgt30MotlL26Grzsn0UAVSyvouhNo/xYq0fGk3uxW5aq02/sAO+mKBK6afQbdZkeUgLV3yZSvW2kErlj8YITeXwFVZZPFL8RWpbj21RpksfxEuSqX57hGdrO1YW4VmIsNPJ6bFWhtVW4ENJhC7GniS3ITq7uq6FqRLTFiaSk4Hgu4pGWM7Euko12lISq4likZLhW7JxT0g3VW9hWim6FGHhx6C8SS1R0ZN1lBebVjYUc74lExCZFeCWdda1xWQ/wX+O5aON8GrUGfgTcNHcqtttjXHEWewpHA/XqTb1lEwek+OrUonDTYtI8x+qnshfVPTwSFhXqSkeZ9ZoT9W3Rs9Tx1Dx17FuDyfHzLSRxzo9N8Ska4arUeB5eXsrqxrn9lM9N0oR4asiOL7XP8g/e5k9Ts+unuJevxK0NTqBy/wAjyjXv8j2N7cHHlCWgW9as6IDD+Qv1H/IuBv1tdhP1apgL+QfyP+QYn69BfVQ8FX/JWBfsm9Cfqk29RrYeBq/2TQl+zfYyfqWF9RjwN/5SN0H8jOuxi/UQvrQPA3f7DqL+RRivXkn6uog6V+wQvvtbmC9Ya9bUQdD/AGMaEv8AYnO/WbtoP6ncsxK6F+xXcT/YHN9ZK0FP1UJhW38ggOf6q7AWYVkBUdhHZ5yAYgEMAABQOQAQwAIAAAAAAAEMApDEMAgIAACAgYMBQAAAgAAAAGAQEDkAEAAAAwABBm08e4zf1+PNvrBN1r0y6fHxJ1ye5ly8as9Dt0WhjZKZMbrvPDz70aJVbHY6puSGpegqRzzyLXIpc/MtMi3xtsl8cdCjRe9zpROxpT9nyJ/kcvje4rVUAenX9lXTU6K/seOy3R4OIYxsTfVK+hXt8T/2Umi56W2ep81+a1RVeTkX+zROF6fSeTXc0rk/yT0Pmvsc3/TNq+/zL5JwvT6FVo3M6k2Tz+Dx6fs3pKNl+0Tepnkr1JE2nucS/YcbNae1w2cSSaV01emL2BQljMma5eKdLIafG3+L1E1qnr02HZJ1U9GGqQn+VNdCeSq5bRCWwVrav5E1slRp6t9ROzaxnYC5z36E2vdLRSgrohqzSgUHHyK3+WjLdf8AZ6ojxJ6zqCqkobkBPkq0sNxWm91ZjXHSrlFNpgF+WkY9R+VeNp7kuqfTUhcMPVvUBU8u/QuM3DWw1ooQW+GkA7NU0ZNErttByy4YqV00cSUVa1KrXcdrp1WK1Itx1SluWHHZRsBaoqUyb1ZNcX+VhOU9RpVtZIgbtRf47iq27SKzVb4pajjHUBWtbKO5VOJ1tkyLZZKyLfLKhbgK1ay7N6ih9COTis9Zf9DR/jVMBqtVr1Js7PRLUuqT/L/4JdllLAFWyWu4Y57hZy5T0Jdrf6oo0hV0C1F/kSkmvkcuyjsAXhpCrSsz1Hxpf7bIzvyVd4oBpeOgq7QwUTDYWWOzkBWlV/DcPJyaJ1/uJczq/wDGS/JeynEgeGSmxm0pgSfLdxEIpabgOKxA0kZWm1tNi0peM6gFGpc9BynoGNZxW4rJ0ae5UDSRSgLPKHBM9iinAq4zsS2+w1My1p3IHZVVtUK0Nwick76s05HVbOShKiItxpg838IPHZ6zACVK1WqCa9i7RAlVtBEv4Q7bDjHfUVnoFTg4HbjWJrVVdJkzctx0AVeNNCdKwzdqqpo9TPEEY4ofhX+TNbYuyot+4WcUh7hGXjTc9AdFiaKyxhCbUf0BEVooCtFJpVzWBTVLVikZ241loLxZN9zSt6u09inZCkc649YA1tRzoA8keQpUiJtyNMnyHp515ViJzFmJqrAz8g/KiwWBHlQeREgqRmfkQeQQaBBl5GGbEGkAZ5sXkYg2AyXIx5vuJo0gDPN9xZWLzo1AxysPJjnRsDRjmx5sc6NAM82HkZILHoZ+RhmINJQpIzYZiaNBEZ/AeRiaLHBn5GGbE0aQBnkx5MQWlLg9P1VhxvT+55EuUexxtPhU6GPbPFdfy/ywtZyyVjZw3A3i7RJF6YvfQ5u+4VsaaPYTSWq6lOuSQ3Ef0KiGtCEi8kU0oCaxaJwT3NXUWJUYW469BKiRviGK7FIwtV9ESqPqjphhASOZ1knA6WlJOKBGGAsYOjEHRBI5sXvITZbSb41/uS6oCFy8vRsuntc1XuLF9BYso6a/suZGq/aWb/I4XQnBEmLXsV/acUaopfsuF9DxMAdUic4V9BX3OB9TVc3E9mj5qH3Gr2XVk5wr6ZXp3KlSfNLm5UtLM1r7vNXrJOCvebfRCq3Op438nzLooN6ftdPyrDJxrXT1LPTQhNzucdP2XHd/loar3PX6MnOnWOpw1uTiu5h9rif+xouWjU5JE51bjT+4dDPOr2csuUlvImlw1roVVJGasm9A/uRbi7S2FaqtpIVmhzO4Q3ryN/8AyN3n+hPHDnuTCnUC22ttirKrWj1M9JHNE9NwElbLV6F8n5KES7zsRxu6vk9gKStVRMF+NRk7f2ItyJvUl8TtqrFGlXVb7BblW1VoTX8KxuVkqqWtQgq7TtoDtDw7krmn/Ub5JWi1CqSdfwf/AJDj4+Pjs3MyQrWc5bkNtgbPxJzOrBcnF2M61n/ILVS2A1z4xWuohMlcYYpANX/ELVeMt6Ml1T2YnTktRJMC1dqsJE/l/klqHF+H42H5FW0dAIdrK0lX5bQhPlo7Du6vbsAkrtbl0Vlq9jO13GhpW6tWNmES+VO39DT8rRrozGyrMGmWNYXRARyKtNFqyqp46rUxpdLkm2pryc+V4WikB35EoVheZQGNbtKxVuLjUQBKtlqVXXqRy2rWsLQVGscmwKt+Lla/BSvVpu2j7EUdXbXYOTCd9ABflr06D/J6Eu9Gop0CXHYobreuw68lkoaM1ayerLd5WwUnLvO09SrJSk3IqzyOIgVuJ1eU7BFrBOIErUd4M3Z3eXYqtuNavcoG2r6IbxamyiCHy1dpruK1ni01MkGnl4VolqOvJxpS0LjpxqstakOjf9AKybtpsAJ4uAKPKfEsibcPY7HVRJLSPrcY8Ncj40Z243J2uqIdZMb6LXH4mHifY7MQwM8HTj8Q/EdeHwLAvzOtcviH4jqw7hCHzw61y+IPGzqhBiPmdOXD4H4/g6cR4ovzw6c3jQ/EjeAgvGHTDxoPGjYZeMXph4w8fwbhBOMOtYPjfYnxvsdOIsRzh1rDxB4jfEIJxh05/GHhOiAxJwda5/CHiOjEMS8YnWufxhh8G+ImmTfTFuslxoPGjSGNJk5wrHAfjfY2gcDjCsVSGtD1YXgRwQehSrtwaawcf29Z6u34f5clk02yLWb0Nm0069Tnhps8uPRv+VWcES2U9UFdNy6aIXUnZlWcj/FLUYiLN5L+gypTcilthClA2o0B1aevUHSFJVKNBNlToGKakJCSkmyhFMSUvV6AK26gVtini3/QNARK45UixrMDhrYSr+RUgxRLRo1qKFIE46EOik1akGiIyxROPwauJDQtIxdRYm7SZLXZCkYOrCDaCcRUZQEGmPYMZKkZYhDRo6sMX1BEfl3H5Lr/AGZWIsUAL2OVbM6Ke/eu5z4hgoEHWv2Nuxa/YnBiLEnOFerT3qv/ACZr9zi7niYtdQhrqTnDrXuL2uN7WK89e+h4VclsVnydyc411r3lzUa3DOr6nhLmuil7N13HOFe4rV7lK6Wx4f3LlfdsTnVr2LXlwgU9zya+841Q/uruOdLj1pQKynXY81e5Xqy17tCc6XHo51XQUo4V7VX1KXs1eiZJpcdrfYKVr/tuci9iqe6H5qv/AGE1a6G9QlmC5qj81RCtpaW4Pka3MfIrdSnddSTS42dk6dhf4pNPcjyVagVbJKNxC40bXfUmSXD2E5SEK0dk4/FAv/5BDs4Q5EF5VW6kSvlpVEyluOrh6IoHWy66mlbVS/JmUu1hxG5BVvHZitSmOcw+xLtVISeW+wB+XRlV5LLS2o1ZLTcm2oFvxt67FNJqK7GKSBStmUarisk4M/H/ANMM79GT+TvqBrFFtASqvUzdFo1uDU6PQC2vyz0jsWuSl9NoOdUStraV8lulE8kwHezb00IztXTdDBWX9wL471dYYPiUz0MsdZKyjSSippQfklaLQzcMa0UANJ8micDqsbYzMmeTq9BpuJ6kF25lxdJAzrXK8sAM+kCaBiZ9t88mSOBGdUQOAFBPIYBoIAkGALcBDBtdBAAAACkBDCkMQEoY9hA3JQAAMBAEgQgAcoBSEAQEC4QCKEOsWEADglwmhDCBwLhEnb6nKknV/wBjj067CVsb5J6Ix+k3G/z2a6rcPjvZ99f/ACYWR08d17EKr1M/Z4LcL1Pn+/jXu9PXrKwaFBNrwC5E2TPKbnk4G1O4K1e4wkStBKzkqEOUERaW95G9lA9JkJLQTpECSkUOQgAax+QGttSGwQ61GlBMNsbXySor+gm0n8hMImG7T0LSqiSGmmyr/jtsFWnJROr2G0xZ2TcLQJb3CQsG2EJ6DUz8ChvVAh4pCeg9WUtAM401BKC2p1C0YgQ0t+oki0k1uDXQUSqTqTas6bGlZW2wNSKIVUJ1RoqsI1CM9FpAnVxojXFDdZWhaRkqLqJ0Roq9xYoUjPxsMFGprCBVFIywQYGzQsdJYIxwE6QbYyGDCRhggdEb4wDqgcubxi8bOnAWAOXNix4s3VdQxYJrD8kCzTlG1qCwKk1k7WYJ27mnjDxinlHk5Fsx+bl7jxYeOzChexy9GX9rl2ZnhjuEIngravuciH92/U58QxEwrpr7zXQf3n2OTEMRMK7fvyUveqzgVR4kmFeh92vUpe9TaTzMV3Fgu4mFer9vj7j+5TaTyXUIZZh09de3T4KXs07njQ11HNu5Jh09n7FO4fYr3PG/LuH5dxCvZ+xXuh+er6o8Wbdwm3ckK9ry1Wsh50+p42V+4Z37iFe15UuonyT1PF8t+5S5eTuOSvXbq92Gnc8jzcncPNydxwV7Oem4kzx/Pydx/Y5O45K9jIenc8f7HKupS9rm7jkr1XbsTlY837d+4vt37jkr1VeVD3DI8xe3fuJ+3edxyV6uQHlr3LgTha9DUTKvTnraMGZtcs61PqfTHhmgCG+Vf6//AJFlyv8A0J9MaiwJ/wDt/wCGJrme1P8A8j6YRcMIZGPP/wAsa4+d/wCrJ9MIoQeD2HtVgvW9l/6sn0WATNF6ftdv/wAlfQ9p9P8A8j6EYSDsjoX6v27dC1+n9t9Cb7rHHkh5Lud6/Rey+5tT9ByxrJOzl5GS7jyr3PaX/r12aV/9bc6sn0OXg5V7hlXufRr/ANaRdf8A1unUfU5fMO6QeVH1a/8AXOLtJS/9d4l/qPqcvkcwzsfYr/1/i7Glf0HAlqkT6LHxeVuwRyPZH238JwL/AFRdf03rrdIn0WPhkuV7VZS4+d/6n3a/Vesn/ii1+t9b/lD6EfBLh9h9B/V9j/ln3q/Xeuv9UWvR9dbVRN/Qj4Gvp+y3/iy16Htv/Vn3q9XhX+qKXr8S/wBUT6EfBr9X7T6M0/ifbfRn3S4eNbVQ/HXsh2R8J/De290yl+k9m2jR9z469jH2WqU0UGP0/aY36el1816P62nqubrUPa4Fyzp/Q7+S8uTFwfN/T9rr6/5flPXK8Ll9FxByP1LVeh9Haqb1MOTiVnojXr+v/hvfy9deC+C6E68lT27cC7Gd/WT6G8/XHPf+fP8Aw8bOyepp5KdTu5PVXYyt6iNZ+mOe/wDPrnTq9h9R29d1ehnbi5FqmXPbHPfy3FiZmnypdxeR9TdxjfSNRRqQuVA+VPoXwjSRE51DKoieFW2FrGg9BOREJf4vIKVjYP6j1AS0ZVtUSEtlAm4iBqUMnLWAHVQymKGDTajYhA9aCSSWo1WKxMgo23AFD/xFA23P46BZvsEEoeglVvUWqKGggdUgskuoEtA24AbAmttddgmrZVkogSrpICmB7gsf7iegDiRuEoYlbUGp3AmG9tikrJahnGkDcxO/wBIh5LroNpAToC1Gkk9dQlN6bBCbjoDUItpLV7EtqylBUvYVtvkvoCjdoIzqnGoQ3saOyeiCtWgM3K6C/JlzqVOgSMsG9x4ovdCBCxROKNIE0BGKFiuxogaKRlEdBwuxTcaMGm4fQETC7CxXY0xEq6kIzxnoPD4NHEwN/wBQRliuwYrsaCKRHjQsH2NVI4YSMXxiwZq0wSkDJUYnRmyrAYhIxwYYG2LE6tikZeNBiuxq6MSoy0jKF2CH2NsWGIpGMfAmvg3xE0KRhDCPg3SQNIUjCAwTZtoGgpGOCQG2gCpH6m/1/r2cuqRnb9X6rf8AgjvEdbrEx5z/AFHrPaol+n9brU9KH0CBUjzv4n1l/qP+K9b/AJPQgIJSPP8A4v1/+Rr9Z63/ACjvgARxL9f66/1D6PB/wju0AEci9PgX+qH9Xh6VR1CIRz19eieiRfip/wAo1geI/wDasfFTsNcaWyNYFA/9jLAMEbQGgGOI4NQ0AygeJpoEAZ4idTSAgKzxDE0gIIM8UEGkBCAzgMTQIAzhBCLgIIIhBBcBBRMHn+8/xPSOD36PFs4/t/h1/H/6/wDbxXuI0tsZnzvb/L7Hp/8AKWpJhpyWJhr/AMoiRNI00JFaYvjlifCjaBNM1m6eHLf152RP1vg7IB0bLntuM+3rmvNv6+uigxt6tex6zoRbjN5+msfLNeO/U6mFvXaZ7j4tDO3Cno0bz9GN/B4r4GZulkz2X61TG3rOTefo5b/z68v80Hksem/X02MLetqaz3c9/DXKuTuWrVZo/TnqZP171cGusc9/L2xcoZl4+RBlZblrPOtZ+A03MfI+xa5KsqbkXkOJM86mmllvAA1HUmAdV3kaTCGrNaQFnIMEAsmglvdB1BsBJWCH1GrA3IFOIJWpMSUtAE7awTbJMptN/IPXcASTQLfUJ7CbCK0ylBb4FAmmUU4j5JlxpsN1hTILkUQlqBKUstpk13G5ewExrqGOug29QmnR6kSjFtaixgHb5FmpgKt2SRK/LVDdZCIUSAkouHJZppDSgbdN3qyiVWayC7BlXKBygCtRYqdws21CElbqBc1ExYMJhBAqtsluGHlv0QflbVoCondBKWgZfiKqncB6N6CbScFKqVtCbKWANLccKAWqgdlitewEwpDHUqNMhJtvQBwgSRNleSk4QCaQtOwOGysQiWmugFNomGFGwSEMaUgJthLBuHA4AmY3DcbQ1EFRIQVoS2kQEalNIiZZW2+wUoUA0oQ72SQlDQBCAYAfrIDgDs4EAwAQDERQAwCFAwGKFAoGBFAAAQAAAAAABAQAAIYAFAAACgBgAgGACAAIAAGAgGAEmPscedWdAmpJvrca9dm183zUxu0zBo9b3fVc5I8u9WmfN/bx7Pq/l+l9UCkbJg5vRg0DQTQBaAGIXQAAxVKBQUBUZ4ixRYEVniuwnxp9DUEa6HN4kR4E2dmJOMF71I5bcC6EeFPc7cdCcEXPfU5zXBf1k9jG3qLsergiXRQbz9GN/LHjv1F0MbenedEe14w8aiNjWfqxv4Zrwn61kTjyLRHuP113M36yT2NZ+rO/8+PG/wDsW6DO/Y9h+nW++hhf02tIN/THPfxjz1y9x+VHW/US3Rm/URe8Z38v6YeVD8i7FP1bEv17dC9Yxv5hWqOUR4OQnxciNXE43P8Aw1GYTfYeVgzvrrWBmObW4eRlYmtpCEzJcpaumFmqGiMkCsgk0Zu2gQkNOqYTLkoTr1kJY5AixDnJDHpMhATcKAdEND3CJi3QcMG2NaoJ5IA1YYhShNgqAtLBDncobUPQctaihgpb12AHcmR6SwdewBCJzgrUMUAlbLoJJpyOcdhWbYRSY1AqqUJJpgNuGH+W/QHIQwB26dBt4pYk4todYiGAK1rasa1HKFhOoCtXsKAa7MFVgCTHLQW0EAZN7aCUrVj0Ww9LLVgLfUWTK0Shak5LsAS2CCNJQqyEUqwOV1QpgEp3AHAbom0dATArGRJQ4Q1KJU5BVALUAP1sAA61wAAAoAgYEUhgIAABgIAAAAAAAAAAAAAAAAACAgAAICAAAEQMBAAwAIAACAgAAIAAE3AxOI1M7szVxz8101EHke1xqZR6XK1JyctcpPj/AL/pfd7fwuPHtfFiXPU6+ThXVHJf1n0J6+7357ZDXJV6DldzktxclWKOQ61esdv9Ag4lyXqHnuF6x2gclfast1JqvYUS0SHWNgM681X8GidXswUmBULuKAogWPyMIkCdUOZExpAECgp6CQCxFiWIKmBNFD/qXyrOEEIuJFiS6hYoTquxQGutWYytxVZm+Cp0wKB1qc5/Dlfrom3rrsdmJOJrPfU49XE/XXYzfrwz0cROiNZ+n9s7+fq8u3rT0M363weq6C8SL9P7Z38s/h5NvWXYn6y7HrW4yPEaz9Gfjn8PKfrfBnb1rI9h8JL4dDWfoxv448bw2F4mj1fr/BL9f4NZ+jG/i8zGwZWR6P1/gi3r/Bfozv4uDJlK7Ov6wrevCNd4x8fZyeQpWr1NfrEP12i94zv5exK1ejHku5D4LdBeK5esT5+2NJTGjF0uLG6ZesTnW4NMxm6HlcXCa0VY13C09DLKw832IzNaKSo0MlyB5AkXiBKuuo80UhtCDJDlMEJuAldUNOqC0MpE69BrRjUBoCG2S7MqBaALJhBUIIAnH5G1C3BMHqEiYK1CBgiXIMYQBER8ladBwLFyEAtBwDQCkQ4AEG+wsWNIG2nsCDAUJDdnsgx0AJ0JW5SQOHogAAAD9aGAHRwAAAUAAAAhgAhgACYDYgAYhgAAAAAAAAAAIAABgAAAABAAAAAAAAAAAgGBFIm/+JZHJ/iY/X/53/8AF9f8uG+5i1qa21ZjfR6Hw/03/Z7PVjyVTMnU2hhBnNds9o5LcSZl4TvaROKNdt9PPt6/wQ/XXY9J1RLojWe615j9ddheA9F8YvGX6Ga823A1sJcd1s2ek+Mh8Zc/Rrp5+d6b6l/YaWx124U90Z24KvRKDfeL2zpz0f8AloaLk4tkzF+u0TfgtVSi3F6dUVYoaOL/AOxdS17FkoZWs11MEYV9ldUa15eN7BaoRUp9RNBSAIYBSHMATswGtdwGEAIBwEIlEtvoJJjkGi0ANA5kcAQ0xNdjQl/5ATGmosS23OwI0qcCcTV7EIUQ6EOhuEJovRrmwDxG0ajgvTMcz4RPhR04sMUXo5cXhJfCd2CJdB2nLhfD8E+F9jv8ZLqa7TiuB8PwS+H4O/CReMv0Z38see+H4JfD8HovjJfGjX0Y38sea+H4JfD8HoviYvF3Ln6M7+WPN8RL4mem+JdiXxI1n6M7+WPN8bE+NnpeNdiXxIveM7+TzsGOLHoeKvYT4V0L3ifJwfkE2O3wE+H4HeM/JyZMMmdfi+A8S7F7xPk5PI+w/I+x1eKvYl8PZF6xPlrm8luweW3Y6HwvsS+FjpPnrLyfAeX4NPDbsLw27DpPnqPL8B5fgvw27B4n2LU4R5BrkXcfiDxCpxpeRdx+RdxeEPELic6ede48l3M3xiXG2W4c7/DWV3CUZeOwYWFxJrWUGhhFhxYeFmtl8AzGLC/IvhJrfQRjNgmw8JNbgYZWAeFmv2EAA6PMAAApgAgGIAAAAAAAAAgIAACAAAAAAAAAAQDAAGIAAYgIGIAAAAAAYARQIYCCTLmcVNjHnX4nH/o//nutev8AlwyZ23NGZWep8P2/y9fqjLWBwGjJaZMdTYhiabAUCaKUjcFq1nAQU0wSKtTBLRrBMSyLWeL7EujXQ2mNBQ51F1Kxj4JtSUdGIYms9tazXH4EY29dTseg6rciE2az31rPZ5z9dTqZ24HP4nqeOWJ8dE9jee69PKw5F3KfLy1UHoW4qrZGFuCTXeLns5l7dlo1JrXnrEj+suxm/W0dv/g3ntmr01XPQqE9ZORcDeoY8tdE9B4XPZ2adwj5OJ25UPzciQa6dkCak5Ps3Na+zWNdxDpqlCAlc1GUuSrEW4YpKTr3DFMQuIE7al4kumoUOwpKaBIBT8Ca1KcExIAIbqGLAmBwEAFEBASBpCgIHIm9QJkIKxQnsFS0KChwgjOPgULqaShOGwM2J1+DV1XQTWo8nhlh8E+I6I01ILUmMvEJ8aN4Jx1LSYx8aGuI2xDBipzjF8ZLojoxQoRbpzjn8YvEjpaQoF1Occ/hQeI6MQg11qc453xCfEdKrInSB1qcY5vELxHViLEZ76cY5XxA+E6sUGBe/wC04z+HH4SXwnbgS+Md/wBnGfw5PFAPhk7Fxol0L2nGfw5PCheE68GNUL2nzz+HD4g8Xwd3jQeNDtN/LHn+H4DxfB3viQvEi9p83A+IPF8Hc+JB4kXtPnjgfD8C8R6D4kHiQ7T5vO8XwB6HjQDs+WP0gAA9j5QAAAYhiAAAAAAAAAAAAGACAYAIBgAgGACAYECAYAIBiAAAYCGAAAwAKQDAgRnyVlGgmtDHt69em4Zvl5nJ+LZg3LPR5uJPc4eSiq9D4/7ek3Xr/P2ZAMR58dykHaAgcFUZSK+goH/UiFW0qGEwP4FBQSGgYhABoTZ9EXVBCCpSY4KEAoFjXsPUePyIJaa2IVG9WaN4ruKt8gIdCHxyzaxKt8BWXiB8WhrINNGs9mq5HxR//gPC30Ot17ia0gue+lcNuLpBD4e6O/xfIeNdTX0WvNfEuxPgTnQ9G9F2F41Bc/Ra8vwNEvjv3Z6b4kS+Dsbz9CvOx5F1ZSvypbnb9fqJ8CfUva1yeblW7GvZst0bW4a7C8FS9YvSfs1f9RrnoQ+BN6bkPhaLcXtuuTjsWrU2RxvjYsLrrBfC9u6E9mGL7nDPJXZyV5eQQ6dbqyYfY5/NbqUvaa3WgjVbpfAv7EL2kPz0e4WnPwJ69CvNx9xq9LbMhcREhiW1V9RQu5SoxGVj2HhoCs4TFCLgcILWfwKGaYhAqIalExCNGmQ0WqmQ16DxY1KJULUeQSwLQoQ8Qhi/ItUOgYpDQaBEhBUCFQkgxHDFqKoxE6j1BJgKAxK6wOUBniLEt2+BO0dCiVVidWaK3wKZYRIRJTQQ0pAnEMRyEgS6hiitwgXRDqgxRbQJFqIxQYouAhCiMEBcAUffAMR9J8EAAAAAAAIYgAAAAAAAYAAAAAAAAAAABAAMQAA4ABAMQAAAAAMQDAACgBiIAQMmz0Me2zNMReGcfLU6LWM7KT5P7e2b7a7+mx5vK3XYxfsRud3Lxpyjivw66nDMer19qqvs0e5S5aPqcluFzoS+O66ljTuyp3Ged/8AYmV5uRaDkegLqcVfYstzWvtVbhonOjoFaehHmoNctZJyhpvuOH/UcruKV3EUxD0HBIFIsyoFigDRihLYGhKe4D0EkhxIlowpQ5G2+0jb1B2gBOX0B6DtaFsQrT0BT3AqEJqGQqXWROi6liY8rUYpdAxXQuJQRCLdWsmrCwRqxQ2XorJ8dX0F4l2N8WhQXormtwpaoVqKNEb3o7bCrRrc10tc2HwLwtnW6oh1Ze/7K47cHYS4V2O6tdNSXUd/2VxPgItw6Hd42JVh6o1nuvWvOtxNC8fc9K1E9IIfFXY32XXB44W5OLWx3+BY/wBya8Sbgd4X+3E80GXL0O2/DWCPHGxe8XrXLXl5avU0+zddDXxz0E+FF7w6ZL2n2LXtrqg8U9CL8DL1jXTRezxtbQHn42YeFh4XGiHhenT5adwyo+pyePkBcfIWYnTs/HuEI4muVMc8iExenbhIsTjz5VsPycpYdOvD5Bo5fNyAvYugvWOiAgx+z8AvZ+BDrG8Cdexn9hCXs1EOsaYPuGDEvZog+xRiHRw0EC83GPycXck06ACfJx9xq/G+omnWE0IvLj7hNO48nWICNStBpVHlbiP9imOFO4sVO5So0EW6oFVBE6AU10QoKEwgcDAmJBocABIFJICj7wCckGR9N8FYic2GTAoZGTDJgXHwKCc2GTAYyMmOWBQEyxSwLAibBNgLETNg/IChkfkE2AsCJsH5EFyMz1HDAsehnFg/ICxSu4oYoAqV3CV3JgIAqUBMFQFAxQEEDkBQEAPQzvsXBldnn/6Paeu//hjGxLGyWfJ9vO139cRdSY2pJv1JYdM2OW3D8Gb4jtaJdQ324vEiLcOux3YrsJ1FXpwPgUbGT4HJ6Tr8EYItWvO8dh+O61k73xrsS+IVa4puuony3R2PhRL4UPC1hX2GlqWvb7leH4IfD0ExfC/tVZb9jjjVnM+GCXxOJJMPDsry1stGXkjgrx3jQTtyJwOR6Eg1qeer8nc0+zdKCcjs6g0c1fb0/JSXX2qNxsTfUbtChE+WncrOr6mZoIEx5V7laCaJgT1KidhQJoEibWgoITEVKhjnUrFCakCW+xLnqXDTG46gRriKbF9IQdArOLSU4gabkGqzqBmkWqqNtSliJlKztotNSY6tFrRlW1WhSs0p+BOi7FzG48kKtYqrf9OwrcSq5Rq2ugLf4FKxwncnBHTC6iaSsWjnfGuwrcfZHQ66hXjb+B0OZ0hfIsJ3OnH+4nUvQ5nxSLBbHUkuosJ6F7WuXAWB1+MXjfY12OTxrsS+NdjsdES6IvaOTxInxI7cBeP4HZXE+Fdg8K7Ha6DxRe1rz/F8C8XwehgLxl7K4PCmJ8CO+3GR4y9rXF4CXwHoeIl8Re0rg8D7i8L7nf4xeIZ+i1weGz6i8Vl1PQfDAlxNl7K4HWyBK/ydvh11E+GNkXvErjnkXcXl5Edj4mLwrqXvFrl83IHn5EdL4a9heGsbDrDph9i3YPs27Gvir1QvHSS3DpC9lrdD+38Fvhr2JfDUtw6H2V1GvYoT4akvhRLh00+zxlefjZg+IjxNl8Hbq83H3A5n69kpkC+Dt+j4IMUUB9J8ZMLsEIYAKEEIYgCEEIYAKEELsMAFCCBgAgGACAAAAAAAYhgAABADEAAKBgAAABQAwAAAAAAAgDC5szHkq9zzf9HrcXGNiWU5IsfM9sjv6p6gAEjQEMRFIUFARUtIlVRcBBCpxQoLgUFWs3QWBrAArPEl0XY1iQxHkc9uNdiXx6bHU6yCooHkrjwaJtxp9DswW5FkuiLWs1x+Ih8HVo7vGokIWwWvPfAmTb12lKPQwRNqSi06eeqWW42rLY63xi8Qq1yTyLcfm5DpfEheOo8FYr2bor7duw3x1JdFskPC1a9tRqWvbo+hy+Jh42hMK7F7NWylzUfU4HxsnF9xyr01ej6of49zzErg73XUc4R6egjzVzciZovZ5Ow5xXbDFj3OZe0+pS9pdTO+o2ajYoxXtcY17HG2TnRbr1GGVX1CavqSaBpMMaj07gQLFEtalk26FEujeonV6FzYIkKnFhD7lNNMIFENMeo3uAKTRMlWknBsFKGwm+xUQC0KqfyXQJ7oHe/Yac7lSpFi2W0T/QULRaDxW49NnuGPZlonFkwzSGnJNplaChYuUmDpqU95Fj+X9xQYEOj6GttFAk4QGWDDGDSbC/JiiIfYPG4NJstGGrQpWOL7BEdDTbcbxYulYtEviZu6qNNxpPHXct0c3iGuE2VGDq0XNGL44F4pNolg5XQZpWPiYvEb69hNNlulxg+PsheFvodCqwclulxzPigPH1g6Uu4NJal60uOW1G1EAdcVAdaXH1wAB9t8kgGACAYAIBiAAAAAAAAABgIAAAABgIAAgACAAAAAAAAAAAAYAAAAAAAAEAJoYE9vW4Ofkp1Oex232OTkUHz/ANvz8u3prMDC3K6sX2V1PNuR2x0CMfPTuNc1O5iasbCIXJR9SsqvZyIGNEyEkiHb4CNBoTAIE4AUagNbgAAIOgxDQdBQuwwIpNJkuiLaEFqMRYo0BgrPFBii4HAKxdEyHxG73CAtc3iJXFqdTJaBWD4xeI6MGxOrTKtc74yHxLsdTpIlSNxTpzKiRFuNNnXak7E+MVenL49CcV2OvAT441KdOO3Gn8C8S3OvBPoJ8S/sWr05PEiPFqd3jRL4lIp042r92CzXVnX40S6LohcKw8vLX5KXs8vV6FunwLxrsPDVP7bRVfaTWpHjr2IfCn8E8JW79mvYr7VV0OXxB4hzi11r2ON7lLl47PeDi8ZOGsjnFeg3Sdyvxjc85q/cc8qW5OR6GgHn+XkQ17FkxyjviROtUu5yr23Gw17deqHOjpWL6E2rBkvZ438FLn43uyQVEoSpGrKXNxdwypb/AGECaqEjSr3kCTQtRbj1CB5VIQtyklBOiZfITsuo8q9gxUg6qAodl0FVuRpJIJCHYWwp1HZASk2/gMat6DWkBGsrqBMQxNuRw5bY0t2FTNgVtNSldPSBW/8AgqFnOiR0U4HfjTzhmM/A5bW+wz2ibdbfVje6D6y6XRnq92NbGvp/TPP9r+t/+6E/Un/ZEjll+n9HP9q+n/8AuhP03/2hZCkfT+k43+T+kv8AsCf7gOzn+304AB9184AAAAAAAAAAAAAAAAAAAAAMQAAAAgGAAAAQIAABiGACAAAaGJDAQAADEAEAAAN0RY5rKdzpuzFo8vvl109HJy8NWtDjfDaT02jK1Dhvpjtns823C+4vHZdT0XxSR4zPDfePPwunpI0+Suup3eMXiJx/SVyeblXcqvs36o6Hxi8Mmd9P6Kj7TSKXtqCL8HwR4I6E4/pXTXno1roV5adzjfDYXisZ30K7levcaaZ5zryJjy5VsTjR6IHneflW5ovasTfTR2gcX3YcNGlPc4rGedHSIx+zx9ylzUew5GkA0Srp7FSOQgACQAAACS1CBj0AlpITSZUCZFLEWJSFGsgTEBBo1JOzCJxE0WxQFRihWpK0NIAUrFVaJdG3sbxIsYFKxfH8CwfY3aFApWHj+AwNsQxKt1zujDBnRiicWC65/G+wOjOjEMRVuubBi8b7HS6k4Fpdc/j+AwfY3xY8HApdcjouwnxo6sGxPjFWuTxEviR1242tgwlbFq9OLxoMH3Oq3F2J8bFXrHNg1sCd1tJ0ujWwYMp1jnXJyLuUvZ5EauvwQ6N9B4OsH2rdSvtrsR4090S+GomFa/Z+C/PRr5OXxMXjYmLXYuWj6lq1H1RweOwYXQ5K79AVaycGfItw8nIicFd7qp0BpnDX2Lp67Gj9l7k51bjqgTOb7XcPtT/Qc6V06j0gwXPWJkqvNS3wOdKuK9Ab0FnxrqPOj0knOhNFNfiJx3K/GIknOhSOQtCiAhjnQ0D3CGGEuRNCYtxtahZdaiaEARK1AQfUAMD9C+UQAADEMAEAwAQwABAMAEMAAQDABDAAAQwAQDABCGACGAyBAMAEMQAMQwAAAAEJjEZ3VRYyZreTDJTBw92/UEwVKEctxtMCxZTCQqMWGJcgFZ4SJ0RoJkhUYEukG3QT2JyVi6EvjN0lARUclcz4hPjOnFCxROVrkfCnuiXwLsduKE6Im+q9OF8FewnwKNjvwRGGpng6ef4GZ+C9Xoz1HxyZ+LUzvotcKXNXaxXl5kdj4UQ+EnK9Of7HItyl7rW6LfDK2J+uTfTV6w/uT0GvbXXQztwx0IfDO5ngrrXPR9S1ej2Z574rLRCdORbE5K9NWXcJXc8z/wC9dReTlW7M766PUHD7Hmr2Lrcpe3cc6PQ1EzkXtzuWvap1HOkdAGK9nj7lLlo+pOdI0E6iV6vqOU+pOSCADTuGghCFElQH9BEJUfUUFSAEwKehUEwFoFBQSiJU4ixKbALU7CgqtZsVauoKiBQUMDPFiwNRMDLFidGag0aGPjFgbBiQc7ogwOh0QoC45nQnA6sETgi0rnwFgdOCFgi1a5sBYHVghOiHSdOV8aZPjOvAHVClcduOsbEqlY2Ou1ELxwWrXI+NC8Z14hhoKtcT42Lxvodbp8CwfYtWuR1v3BZ9zpdGLEVawnk7j8nItJN8A8YOmPlv3KXPZLUrxsT4+4Ka9qyKXtsy8fwPxLsJhWv2xr2qmK4UD4l2Exa6K+zV6dAOXxsCQr7cAA+6+WAAAAAAAAAAAAAAAAAAAAAAAAAAAAAAAAAAAAAAAIAAAoAACAAAAAAAEAxCCbKVBy34OTV1Z2A0Y30zVzXlWfPTdSR9nkW9T13VPSCLcNGtUc9/Nrp5i9zui6+1R7nXf0+Ky2hmT/XUM8NdI8/GUuSj6mPJ6FlpVmNvT5q7MnC9Y7Zr3B4vY4fBz11E7ewjO+urcd8C0Z579nnqaL3JWq1JNW47NBHPX26dSvs8bJNXw2BELl431KV6vqTyKhBKQpr3CUwHKE6oegtywCqhPjRSAeBGAnSDQUsngZNDVTTfcehPCsXxpidKpGziQhQSYVz4VfQl8VX0OiEDROSuXxIl8KnVHXAOqgnK9OK3CuhD4fg7nSosEOV6efbgTJ+uoPR8aE+Mm+p081+vrKYeO3Rne+MXjXUnJ04P/sWiYZ862O3xV7EPjJyvTnrzclXrqV9q3Y18SE+GpOFuI+0y17aJ8NSHwPczytbr2qdS6+xxvqcluBdSfF2knA73y07iXLR9Tz3xPux48i2Y5PD0k69w/Huearco3fkRnk2PRQ4POXPyIpe1dbocpHdEBqzj+3bsNe5bsTlY6wOZe3VrXcf2qE51I6ICEYr2eMpc/G+omp5aQgaRHl4+4Z0/6LA4GkCdXswlCAZMFSEQSCYFpJUhCJNUmiWi5FCLyJVZDFF/0J1JERA8SlVjgYM3VE4mrQoKM8BRBtECcAZ4yJ1NIJa1C1m6i8aNoQmCsMBqjNXBWIKywItxTqbNBDKVh4w8Zs0xqoq1h4wwRviGKF06c74+wHTigF06fRgAH3ngAAAAAAAgAAAAABgAAAAAAAAAAAAAAAAAAAAAAAAAAAAAAAAAABAAAAAgABiYAAAAAEAADwAUIAM7Asa9iXxcb6ABnYqH6/E3/iZX9PieyADP+q5WNvQ430M7fr42AB/q15ZW9HlWqMn6/s11WoAY3lrOin2Vo0Pz8td66gBj/VfK6+5ZaNF/cqAGfC+V09qj0ZqubjekgA8Hk8q9GhzPUAGwAwAgT3E4AB4UDAChA1oABCgQAQAgAeFKJDBgBPAWMCdJACeAvGD4wAeFLBdhOqACeF8pdF2DBdgAeF8pdPgTp8ABnweU+NdhPj7AA8GVL4xeJMAJ4Xyl8SF4UAE8L5J8KJfCgAeDyXhF42AE8L5TjZPccX7gBPAWXIg8vMgAeGjXPzLYf2uVbgA8IF7vIH3b9QAnhD+9bsP7zAB4B9+N0Wvfo9AAeBpX26Pqh/a4+rADO8h/Y4e5Svx21VgAngU3XuC2ACeAMl7gA8MgUAA8IIWhQAPAAgAJ4BoAAPAAAB4CAAHhX//Z', comment: '¡Estoy encantado de haber encontrado este sitio! He podido encontrar el socio correcto y no puedo estar más feliz. ¡Gracias!'}, Object{id: '2', likes: 3, commentPeople: [..., ..., ...], imgUserPost: 'data:image/jpeg;base64,/9j/4AAQSkZJRgABAQEAZABkAAD/2wBDAAMCAgMCAgMDAwMEAwMEBQgFBQQEBQoHBwYIDAoMDAsKCwsNDhIQDQ4RDgsLEBYQERMUFRUVDA8XGBYUGBIUFRT/2wBDAQMEBAUEBQkFBQkUDQsNFBQUFBQUFBQUFBQUFBQUFBQUFBQUFBQUFBQUFBQUFBQUFBQUFBQUFBQUFBQUFBQUFBT/wAARCAD6APoDAREAAhEBAxEB/8QAHAABAAICAwEAAAAAAAAAAAAAAAYHAQUDBAgC/8QAPhAAAgEDAQUFBAgFAgcAAAAAAAECAwQFEQYHEjFBEyFRcYEiYZGhFCMyQlKxwdEVM0NicmOyNTZEc3Si4f/EABkBAQADAQEAAAAAAAAAAAAAAAACBAUDAf/EACcRAQACAgIDAAEEAgMAAAAAAAABAgMRBCESMTJBEzNRYRQiQlJx/9oADAMBAAIRAxEAPwD2WbrMAAAAAAAAAAAAAAAAAAAAAAAAAAAAAAAAAAAAAAAAAAAAAAAAAAAAAAAAAAAAAAAAAAAAAAAAAAAAAAAAAAAAAAAAAAAAAAAAAAAAAAAAAAAAAAAAAAAAAAAAAAAAAAAAAAAAAAAAAAAAAAAAAAAAAAAAAAAAAAAAAAAAAAAAAAAAAAAAAAAAAAAAAAAAAAAAAAAAAAAAAAAAAAAAAAAAAAAAAAAAAAAAAAAAAAAAAAAAAAdiwxt1la/Y2lvUuKnVQXLzfJepG1orG7SlETPUJdjt1d9XSleXVK1T+5TXaSX5L8yrbk1j5h2jDP5buhuqxkI/W3F1Vl7pRivyOM8m/wCIdIw1c0t1uHa0UruPvVVfsef5Nz9GrW3u6am03aZCcZdI14Jr4rQ6Ryp/5QjOH+JRPNbIZTBJzuKHHQX9ei+KPr1XqWqZaX9S42pavtpddTq5sgAAAAAAAAAAAAAAAAAAAAAAAAAAAkGyGyNXaa6cpuVKxpv6youcn+GPv/I4ZcsY4/t1pTylb2OxlriraNva0Y0KUfuxXP3t9X7zLtabTuV2Iisah2SL1kAAA+ZRUk01qnzTArLeFsXHHUKmWx1H6iHtXFvTX2V1nFeHivVGhgzb/wBbKmWmv9oQGjcU7iHFTkpR93QvK8TtyngAAAAAAAAAAAAAAAAAAAAAAEm2klq33JID7dvWjVdN0aiqJ6cDg+LXyPNx7e6lK9m93d7lKkat9GVlac3GXdUn7kunmytkz1r1XuXauKZ9rSsrKhjrWnb29ONKjTWkYR6GbMzadytxERGodg8egAAAAAfM4KcXGSUotaNNapoDz5t5sRebGZKd1bpvGVqj7GrD+nr3qEv06M18OWMkan2zMmOcc7j001pm4y0jXXA/xrl6+B30hFv5bSM1OKaaafJrqeJvoAAAAAAAAAAAAAAAAAAAAHcwlBXWax9J8p3FNf8AsiF51WZSr3ML64dXqYrRZ0AyAAAAAAAAA6uTxtvl7CvZ3VNVbetFxnB9V+5KtprO4RmItGpeadqtnq2y+ducdVbmoPip1H9+D+y/396ZtY7xkrFoZV6+FtNfbXlW0etOXd1i+TOiETMNzZ5alcaRl9VUfRvufkyOnWLRLvaniTIAAAAAAAAAAAAAAAAAA22yEeLanFr/AF0/kzll/blOn1C8VyMdoMgAAAAAAAAAACrd+WGjVxtjlIx+soVOwm/GMu9fBr5l7i21M1U+RXqLKbNJQNAO5aZSta6Rb7Sn+GXTyZ5pKLTDc2t/Su17Eva6wfNHjrExLsnj0AAAAAAAAAAAAAAAAbXZOfZ7T4t/68V8e79Tnl+JTp9QvJcjGaDIAAAAAAAAAAAie9KhGvsJldVq4QjUXuanFljBOskOOb4l51NhlAADKbTTT0a6oDY2mZnT0jXXHH8S5/8A0806Rb+W4o3FO4hxU5KUfd0PHTe3IeAAAAAAAAAAAAAADsY64+h5G0r8uyrQn8JIjaN1mHsTqdr/AIvUxGkyAAAAAAAAAAAInvTrqhsJltXo5wjTXm5xRYwRvJDjm/bl51NhlAAAAA+6VWdCfHTk4S8UHu9NtaZqMtI11wP8a5evgR06Rb+WzjNSimmmnya6nib6AAAAAAAAAAAADDWqaAvPZbILKYCxuNdZSpKMv8l3P5oxslfG8w0KTusS2xzTAAAAAAAAAACtN+OTVDA2Vin7dzX42tfuwX7uJd4td2mVTkTqsQpQ02eAAAAAAA57a8q2kvq5ez1i+TCUTMNzaZalc6Rl9XUfSXJ+TI6dItEu7qeJsh4AAAAAAAAAMN6IC293eNyOJxtSje0lTozarUfbTa1XemunR+pl57VtbdV3FExHaXFZ2AAAAAAAAAGHyAojfRWu6m1sIV6bp28KEVbvXVTWuspfHu9EavGiPDpm8jfn2gJbVgAAAAAAABoByK4qpJKrNL/Jh7uUqIO4AAAAAAAAAxrw9/h3gehaE1VownH7Mopr4GHPUtJyHj0AAAAAAAAAAKX37VYvMYqmvtRt5yfk5LT8maXF+ZUOT9QrEvKYAAAAAAAAAAS4gsAAAAAAAAADDWq0AvHZG8+n7N46trrLsVB+cfZf5GPljxvMNCk7rDcHJMAAAAAAAAAYfIDz7vdv/p229zBS1jbU4UV56cT+cjX48axwzM87uhhZVwAAAAAAAAAAlxBYAAAAAAAAAACy91eWjUsbjHTlpUpT7WC8Yvn8H+Zn8mupiy3ht1pPSksAAAAAAAAADrZC+o42zr3VxNU6FGDqTk+iSPYibTqHkzERuXlzK5CeWyd3fVO6dxVlVa8NXrp6cjdrXxiIY9p8pmXVJIgAAAAAAAAABLiCwAAAAAAAAAAHJb3NazrRrW9WdCtH7NSnLRo8mInqXsTr0vLZ7I/xXC2V1rq6lJOX+S7n80zHyV8bTDQrO6xLZHNIAAAAAABh8gKM3x7RXF1tJUxlK5qKzt6cI1KMZvglU+1q11a1RqcakRTyn2zs95m3ir0uKoAAAAAAAAAAAJcQWAAAAAAAAAAAAWXuqyva2Nzj5v26Mu1gv7Zc/g/zM/k11MWW8NutJ6UlgAAAAAAB17+8pY+zr3VeXDRowlUm30SWrPYibTqHkzqNy8t5PIVMtkrq9q/zLirKq/dq9dPTl6G7WvjERDHtPlO3VJIgAAAAAAAAAAAlxBYAAAAAAAAAAABs9m8zLA5m3vO904vhqxXWD5/v6HPJTzrMJ0t4zteVGrGtSjOElOEkpRkuTT5Mx5jXTQfZ4AAAAAAVlvp2oVni6eGoz+vu9J1tPu0k+5erXwTLvGx7nzn8KnIvqPGFLGmzwAAAAAAAAAAAAJcQWAAAAAAAAAAAAALm2BjKOyeP45OTcZNa9FxPRGTn/clex/MJEcHUAAAAGHyA85bzYVIbd5ZVJSm+OLjxPXSLhFpeRs4P24ZWb7lFzu4gAAAAAAAAAAAAS4gsAAAAAAAAAAAAw+5AXpsvQ+jbO42n4W8H8Vr+pjZJ3eZaFOqw2pzTAAAABh8gKC3yW7o7b1J6fzrelP5OP6Gtxp3jZueNXQctKwAAAAAAAAAAAAEuILAAAAAAAAAAAAJdsdsNR2kspXdxdThSjUdN0qUdJPTT7z8/Aq5c0458Yh3pj8o3K1qFGNvRhTgtIwioryS0M2Z3O1z05DwAAAAAAh22+7e12yr0rmV1VtLunT7KM4pSg1q33x82+TLGLNOKNa6cMmKMnagsjafw/IXVr2iq9hVlS7RLRS4W1rp6GvWdxEs2Y1OnXPUQAAAAAAAAAAAS4gsAAAAAAAAAABhgXLsBjZY3Zm2U041KzdeSfTi5fLQyc9vK8r2ONVSQ4OoAAAAAADDA83bxcRPDbY5Gk46U61T6RTfjGff+eq9DZw28qQystfG8o2d3EAAAAAAAAAAAEuILAAAAAAAAAAdUubYEq2Y2DvspdUK15QdtYqSlLte6U14Jc+/xZWyZ61iYrPbtTHMz36W5GKikkkkuSXQy119AAAAAAAAAIPvO2FqbW2NCtZcCyNs2o8b4VUg+cdfPvXr4lrBl/TnU+lfNj843HtRuVw99hLnsL+1q2tXoqkdFLyfJ+hqVtW0brLOtWazqYdMkiAAAAAAAAAAEuILAAAAAAADNOEqtSMKcZTnJ6KMVq35Ievb1LcJu1yOR4al41YUX0ktaj9Onr8CrfkVr1Xt2rimfaf4TZDGYJKVvbqVZf16vtT9H09NCjfLe/uVitK19N1pocnRkAAAAAAAAAAAdW/xtrlLaVvd29O5oS506sVJEotNZ3DyYi0alW+0m5K1uOKthrh2dTn9HrtypvylzXzLlOVMdXVL8eJ+VX53ZjKbNVeDI2dSgm9I1ftU5eUl3fqXqZK3+ZU7UtT6hqzogAAAAAAAAS4gsAAAAA5La2rXlaNG3pTr1ZcoU4ts8mYiNy9iJn0meE3X3V1w1MlVVrT59jT0lN+b5L5lS/JiOq9u9cMz7T7EbOY/B0+Gzto05aaOo++cvNvvKV8lr/UrNaxX02SWhzSZAAAAAAAAAAAAAAAAcVe3pXVKVKtThVpSWkoTipRa96Z7EzHp5Mb9q/wBpNzGLyXHVxk3jLh9/AlxUW/LmvR+hbpybV6t2rX49Z+elWbRbEZjZeUne2knbp91zR9um/Xp66F+mWuT1KnfHanuGh11OrkAAAAABLiCwAAOexsLnJ11RtKE7iq/uwWunn4ep5a0Vjcy9iJnqE4wm6yc+GplK/AufYUH3+sv2+JSvyfxRYrh/7J5jcPZ4ij2VnbwoQ68K735vmyla1rzu0rEVivp3NNCKTIAAAAAAAAAAAAAAAAAAAAPmUIzi4ySaa0afJgQfaXdHhs3x1bWLxd0+/joL6tv3w5fDQtU5F69T2r3wVt66VVtLu6zWzPHUrW/0q0j/ANTbayil71zj693vL9M1L+lK+K1PaMJ68ju4gAABLiCwfNgT7Zrdm69OFzlpSgpd6tYPR6f3Pp5L4lHJyNdUWaYt92WBY422xtBUbWhC3pL7tNafHxKU2m07lZiIjqHaIvQAAAAAAAAAAAAAAAAAAAAAAAAAYa1Ah21G6zDbRcdWFL+H3j7+3t0km/7o8n8n7yzTPenXuHC+Gtv6UntPstfbJZH6JexTUlxUq0PsVI+K/VdDTx5K5I3DPvSaTqWnOjmAS4gsJPu6xcMltHGdVKVO2g63C+TlqlH5vX0K/It406/LtijdlwIyl1kAAAAAAAAAAAAAAAAAAAAAAAAAAAAABEd6ODp5nY+9k4J17SLuaUuqcea9Vqixgt43j+3DNXypLzubDLAJcQWE33T/APFr/wD7C/3FPlfMLGH6laC5GctsgAAAAAAAAAAAAAAAAAAAAAAAAAAAAANRtd/ytmP/AA63+xnTH9x/6hf5l5gXJG4xwD//2Q==', userPost: 'user_2', ownerMural: 'user_1', resume: 'Venta de carros!', imgPost: 'data:image/jpeg;base64,/9j/4AAQSkZJRgABAQAAAQABAAD/2wCEAAoHCBQVFBcVFBUYFxcaHBobGhsYHB4cGxodGhsaGCAbGxobICwmGx0pIBsXJTYlKS4wMzMzGiI5PjkyPSwyMzABCwsLEA4QGxISHjIpJCkyMjIyMjIyMjIyMjIyMjIyMjIyMjIyMjIyMjIyMjIyMjIyMjIyMjIyMjIyMjIyMjIyMv/AABEIALcBEwMBIgACEQEDEQH/xAAcAAABBQEBAQAAAAAAAAAAAAAFAAIDBAYHAQj/xABFEAACAQIDBAgCBwYEBgIDAAABAgMAEQQSIQUxQVEGEyJhcYGRoTKxQlJicsHR8BQjgpKi4QczU7IVFkPC0vFzoyREk//EABkBAAMBAQEAAAAAAAAAAAAAAAABAgMEBf/EACoRAAICAQQBAwMEAwAAAAAAAAABAhEhAxIxQVEEE2EycYEiobHRFFKR/9oADAMBAAIRAxEAPwASen8n1IvRz/3U7/n+X6kP8r/+VeY//D6RNY5YpO5jkb5sPUisxtTZU8FhLEya6Ei6nwcXU+RrapeQWpHwjXJ/iA/GOL+ofOrUPTuNtGijPg4/FawkWDzbtNNd9PfZthfN89aNsvIe5DtHSYelmGO+Ir35UYe1EINr4KT/AEz3MgB9xXHzg2W5BHiNPlalHipF3MT3HX56+9DclyNPSl5X7nbIoMLbsxIB3AfhT1wMF7qCh5oSD+RrlGz+krobMDbuv8jr861eC20si3DeYOnnxU04zT5wN6SauOTVSYBj8GLmXyjI947+9D8TsvHD/LxobudQvuA3yqKPDzsueNrg7u0CPYVJFBige0vtetq+TnbXgFYmTa0epQyDnH1b+2UN7UOXpzMpyyJqN4aMAjxFwa2SYiZTYoT4afP86lnwUM62mjBPM2DDwI/OpdoFtZn8F06jPxZR5lf9wt70dw3SGNwO0Rfdfd5MNKze1+gQN3wzX+w+h8m/OspJsyeFiAXjYWupuL+e5vO9CafKG1SuzqqYSEy9fkJlK5Q5zNlH2Q2i+VUdq7MxEjZ4sWUYAgBkAFjrbMlj6g1idl9J5YSFkuB4XU+K/itj3VvdldJI5QL2Uncb3U+Dc+41df6kmK2jgNqoe0zOPrI7OvudPMCqEeFx7AMDJY6g5bj2BrsMciNvA+VRYjZ6m5jOU/rW1SnXNg76OKSbTxCsVMp0NjoPxFFxPOrKq4rtPbKCADruvupm3+iWIhJYKZUuSWUdod7Lv8xcUVxey45ZoZTiEXMkdlZhdQEXQC/j5mnFsUnRFFtPaCMVWQOVJBFydR4kjgav4bptIhtiIfE2/FR+FDNkbU6vE2ksbSEFrb+0VJI8L10KfBYd9WVCN24D5VToSbKWzsfgsTqFjDHTcFJ7gw3+G+vcT0WBbPE/8LfgRQzaHQ+JiWwsnUyctSjeIP67qqYbpBiMG4jxiED6LE9hvuvw8D7Ula4YNJ8liTZ5jcFg0T69tTYnlqNCO43FaLZ5xFgJ1Vhbsups/wDEoFvMelWcJtCKdLaOOKkajxH4ihO2Ni4k9rBYt4yP+m5up7g28ed6UpeUEY1ww9HNmXhInMWPcQR7VUk2aPjgkMR+r8UZ8Yzu8UKmqXRXZMsPWtNJneVg7WXLlbW/Eg3uOW6tBLhkbeAfL8qh4ZqDcJj2PZkQAm9nQ543tycfCfsvbuvUeJ2FhpL5oxY/Em4HxXh4irybOjVi6ooY7zrrbzp+JZwpKorsNwLZb917aUfYTV8mKgwOMw0rJDAZcIbfu2kRivMxliCByBpz7BxS4gSx5uq0IjIRGU8VLZv6ltWhmxCi0ksTKVtdlIYrc2AIHaIueRFFI8YhA3i+4OpUnyYA0NMImZc7SUENEkq30DZWNr3AuGF7aa24U/C9IXjsuJwRVRoZMpa3iSpv61qg4qpKrKSRMbt8KOEy+F7XPrWe2yt3weQ7dwjKGDR2Peo9iKVD8XsUu5YRwa2Oqm97C97HnelU7Y+AsAYbaNuTfOiUE8bg3UgHeLfMWsRVAo6sbafZYbvMVImJI3qf4dR+ftXW0mYWQY/ojhJQcn7pjxiPVn+UjIR5DxrKY/obioj+7YTLwHwSW7lY5W/hY+FbuHFKd17+h9KtpKDoy39PlxqHEqzjWOjdAUcFG3FWBDDxB1FUUWu34zZ8Uy5ZI1kUbldcwH3TvXxBrLbU6GIATAVQ3ByygldL6LIBdb33MDuGtJqxmDxGG/dqSPGq2Hzqc0ZNwL6HgOd9GHcb0Z2ng5IuziI3jvuPxI3g4uGodhnAYHeOPeONKSTYRlKOUGdi9JmQ2LdW3/1t94H4T7d9bzZ/SIPZX7Dex8DXMZMLGbqWAINgeY4eNeYfGSQdl+3HwAO77p+j906eFTUocZR0rUjqYnh+f7O2R4oHfUyhDwrnWyNuELdW6yPcR9Je4jhWowm0VcZlNx7jxFaxcZ8GOppSh9vPRohGvAkUzE7NSRcrhXHfvHgeFUY8eDVuLFDnScGQpGU2z0PNiYwGX6rb/JuNYttnyxSZYiQx1aNxpYc77x78jXaknvv3VBjdmRy6kDMNx4jwPClua5KpMwGydtSpo6kW0KE3/kf8DWtwG1kkF1bxB0I8RQ/HbM6vUxmQDW6Wz/ynQ+IPlWCwO22WQrMGUZmyuPjQXNg31gN3PTjWjlGRO1rJ2FJw2+xoNtTorDIxkj/dyWPaXcb/AFl3H2PfQnA7YYAFu0v0ZE1DDnbl3ipz0zjW46qVrckCg+BZhScHHKFd4Zk+kOwp45GbqzY/SWxW59x5ih42hjEFg8o53uw8wQRXSMD0nw+Iulje2qspOnlcHwvQrD7JkZmYROqXbLG1xofhYuQbc8vDdQs8hRntndJZIx+8cseeVRYeFhVaTpmjswxPWkZmyhVRo8t7AgMeVa2PozKyXdUVvq3zD+bKPlQTa3RKRuBUccqhr+lDfhglXIHTpBEsgbDFjHa7IRkZDffGQTYbuzu8K2uyukhZM4vIBpcWD35Mp3Gsxh+isCKbrmccTode6iOG2aIr9X2M1r8b2vbf4mrjFv6gbXRpML0okdgP2aTxV4yw8VzDSicGMxOYlljy62Ddlt+mZgSN3Jaws2BkOpbXwryNcRH8EjjwYgel7UPSXQKbOnLKDv08NacFB3MPlXP8BtDFl1TrFYnQdYoAJ5ZlI1NaGObFL8cB8UN/Zh+NZuDXZW6w5Phwwyutx+txG6qU+FnvdJwRwWSMPl+6ylSPO9Mh2jwIKnkwt89PQ1fTEqw1GtQ01yPBBhkkVQr5TYC7KT2vIjT1oNiMacSgbDAyIsipIpA1GZQxW+oZLhg32eNA06dTR4pMPiMMI1dguYMSylzZbqR4X8aJoP2JAkamRpZpGGW98zkMqtl+FQLjN3DnQ8gRz9KijshkvlZhrDroSLHXW26/G16VZWTauNUkdfiBY7sy6Uqz3Pwi6Xk1u075wwBsVB3W5j8KqpJVs4/dc+HLy7qnXEqd9jXSkYNIpiRSNQPOnrIBuYj3HvVrLGd6jyFvlVTFYI74zpy4+ROh9qAomTGgfSB8wD6H86tQ7QG658DY/I0HbZcjDQnwa1R/8NlX6J8iDSDIfZEdSvZsfiUrdD95G0rK7X6FwyXaP9y/De0RP+6P38KKo0ijS+nA/gRuohg8Xc5WuL/W3HuvUtDTOaL0cnhcmaK+7I3xxtf6rDQ+BseYq+mFkIt1MRH/AMaf+NdFZQLqAADoyMLow5WNxasvtnobFKS2HkfCS8gS0TeV7p5G3dWE4Su0zt0dfTiqlH8mO2pg3hIljXqzcKwA7Pd2T9HhbvFrVa2btQO1r9VLyv2W71J+RoXtjZm08MSkwkkTTVWaSM8bkDtAeIG6hTYyNlVrEfW3ix0NwfKlT+zG9aKlhXF8o6Xhdqi+WQ5WPHgfyosuPjUXaRQOZYAeprA7C2ksn7pyGNuy3EjdZu/UWq/iMBGx7Sg+ZHupBrRa7SqSG/RKa3ab/DNh/wAz4VLBp4xfd2xr4G9qI4Pb8bi8bB/usD8ia5zDg8Pch+vU8erluCDxsw8ePA0RwOztnZszSTFuHWu2nmmg9aa1YswfpdSPRo9p9KGd+qgVWIvndgSqEECwA+I792gtrQfaOAhlykmOWb6WVXUE7u31R7XiBfvNHcJhcIwAjWKQcswb+kmiqSmMWCBR3C1Vh8EbJLkynR3YM6rIJI+qQsSoVy6jfqqt2teNzU+K2PMusbKSNxVije9vnWpXaJqT9qRviANNTkhOCMO+0sbF8YkA+2odf57fjT4elUn0olb7pZfnmrbBUO4kedVsTseOTVkRjz+Fv5l3+dV7i7RLg+mBMP0rj+mJU8RmHqNfaiuG21HJokiMeV7N/K1jVQbAWNwy3ZdxSQkAjmrqNCPDuPMWE2Ph3JUxOjcA2Uq3crjQnuNjSbiwqSLk3VSC0kYP3gD86pTbCjOsUjIeR7a+jG48iKijwSJ8Mkkdt6MpYKeIIGZb1JBMD8Lxv3o+U+avYe4oquGK/ID2pFPh1zSR50G94tQBzKnUeO7voNhukOHkNlkUE7sxA+RPvW3baLIcrK1v4SD4EMQaxnTjorDJE+JhhKyKQXVUbtqTYkAaZhe+m8Ch6kohtTCBjN8rLe43b9D+FFMDPLChXIJUP0C+VhbUFSdCwPG48Tvrj+ytryYZ1dXLx8Re9h3flXXdm46OaMPGQVNvK+tUpqapi27S1PtFAgdZZEI1aKUhb21KgtdW/hNQbQ2lDJhjLh5FSQWALrZc3BXsANd2hvxqttPDHQxqt+OpB8tbUCfGdU37yC+/XKD72vTcVXIWLYrzbQnimkiQCHSRlUC+Ul0BzZmJvpobWvVjpVttwxhjVlU6uwUDrDpuYC5tYC9+6oX6V4RIXhgw8kckhuOrIQZx9IspzePdQQvM9jIb2Gl9P1eud8Uiuz1ZPve9Kn3PIUqnZIrcjpO0dgI92iPVtyHwE96/RPePQ1nMSskJyyKV5Herfdbj4b+6s50e6ZYjDWSUNLFusT2l+45O77LeRFdO2dtHD4uMtGyyKdGUjUHfldDqD41vGZnKNmWjxpNqvRYqrmM6NrvibIfqtqvkd496Dz4KaP442t9YdpfUbvOtU0zN7kF0xFWUnrORYrvq2mLA+IgeNJxGpB0Mp3ikcMDx9RegZ2zGv0h6gfOnf8aHBkH8QJqdpVh/9nJ4j3pkqBRdituZYD3NZzG7cKKSWBtobmyqTqA1gTc8FUFjwBrO4kTYhs2In6qGxGUZUZvAHMVG7eSTxUcJcaKTCm2+j8WLLyQKyyA2Z10UsumpNg1t113W38KC4cS4S/7VNhJRY2jke0hHHJMq3B7iSPDfRHBYpQBFDGJVUAL1gebQaaK5OmgGhFrbrUSj6NmVg74eGK3FkHjcIvHxtbQg77y4lRlXAtmbOw2LQSYd5IzYEpIO0t720NiVNjZgSDY2OhqHFdHMQvw2kH2Tr6Nb2vWwwGBSLW5ZjbMzbza+ncNTp31aIvUOCZtD1U49nLcRhXU2cMjDmCD6EaioTCeft/eurvEGFmAYciAR6GhWK6PQPuUofsG39JuKh6Xg6oesi/qTRzs4ccSKuYWaeOwjnYchnNv5TofStBi+isg/y3V+5uy3vofUUDxez5I9JEZPG49GHHvBrNxceUdCnDUWGmX4tsYxfiRJRzKgH1S1W4ukC/8AUhkj71s49DY+5qbZu20e0c8KNJbRh2DIBx0Fi/Macx3GpMJEYzJHG72IBTNlK+IPrv8AOt43SaZwak4qTi1TKGH2jG/+XKpP1WORvR7X8r1c/anT4gR41Q/ZcJLcdq43kKjqO66XJ8qijSOPSPGKo+owfL5o4IHpWmfBk5Q6Yei2pzqymJjb7J5jSs68bkEhoCR9STKT/Aw3+dUXx7IQHMcZIuA8sam2ovYndofQ0bULHk2rHexRZDz3N68ayO1NsxxOJIkYNe0kciFNOecdi/n31LgdvKGCmWAkmwCTxlj/AAsVHvVXpRio3YyR2cqEV+ra9mOa2o0NgLE87ClBU6sifwe7a2zgsXB1cwAzaCzJI4I3PlQkgjnbnzrn/RkvHi4449D1iqct7EXtmKjeMpJ7hWkw22Au8G3EGx+dW8N0pwMV5OrKuNcyIoPI6g3HlVSgllMlMxnS3ZjxNG8hUvKHEuQZVLqQcwHAkEXtvtfjVDYG0WRGQMRY8+B1/OrnTXbIxEisilIhmKgm5JNgT3bt3j5ZjDy5STzrByqVotLBscFip8TImGSdogcxBzZRcC9iaqbaM2Gl6qTESyEAE5JMw1vYajf3d4ofBiML9JJWb7yW9Chq/FjIOET915B/2oKq77FRdwWzX6lsVmNwwRM41bOCGy/aAsb8hUqZzvvVdMUDYC9hewJJtfleiOGNXFCZ51bV5VnraVWSUDIpFjZhbcbWqhg8RJDIZcOxTLodb+K2Pxp9k+WtVMP0YxDmyRzW4XiYC33msKO4DoBimtntGOIeT5LHcHzIrNycuhqKR0bon0lXFxnMMsq2zrwN/pL9nuOoPkTo8gO6sh0b6JR4YEl2dyLZgTGFBIJChWvqQLkk7uFaNIGX4ZXHc1nHmWGY/wA1GR2QbQwEZZWkjVlbsMbbiT2TfeNez/GOVBcd0JwkhJtKhP1ZpPYMxA9K0cqSlSrCOQMCDq0ZseXx69+leR4tgo62OS4AuyqHUniQIyW/pFG7yFeDBYj/AAzhIOWeYX+uQ49st6rw/wCG0gIAxrZRwEetuWrm1dGXGQMcvWKrH6LHI/8AI9m9qnaDkaaoMmNw3QmJNWklbzAHyNEoOj+FQ3EQY83u/s1xRwxkcKaTzqrEQRxhRZQFHIAAegp4RqflFegcjQA0Rt304Ka9F6cL0gHKlSCEc6izGvRJUtDTPWgPA37jUDrwZdDwIuD5GrIkpwkoyPBm9o9GYZQco6tt4KXygjcctwVI5qRQoSbQwRzWXER7swskluRIsp15gedbhkU8PTSmPCfvDlx/vU14wab2/qz/AD/0ymF6WYIn9/E8L3/6vZGu83uFI14b+VFJ8Lh8SueJlY8NdR3X5dx9apbY6PZ7mEhG4xtorfdPA+3hWFxWDRJGDpGrra5FkYZt3aFjU+44PJtD0sdVfpf4ZtNmdJoYyUlJjZGKENrqpsVut939uVq3SnZ+ExkXYdA3xRsRYqx8dSjWAIHjobWyqRkHR5R35+s9OszVYbDJK2aaSWRrWu7BreClbAeFqfuKQf4U1y0YdgEYqyAFSQQRuIOt7cARw3kbzpW66GPLJHOIwLiM5QwOQuNQrW4m3l31InQ2GRs/WOd25xHoLAadW/DS4I4aX1rUYaeLAwZXZIokA43ZjwJawLsTuAUbuNOKayYTjTpnN8VtnEsxSTDRKwJB1KkW0IOtCMRFI90CKpbT4rjyI3+VW9vOuNxDyxxlQxBbsuztcDVgoIU5cug8ySb1Y2YI4T2o3ZhaysMgvwuLA247r94oty5IwuCpt/Z7vIEC5FQWFyCzEgEsbCwvpYDcAKHrsU8xR6eRmYs28m5/tTVak4psN2AUmx7casx7Mtxq8r1MpFqagidzK8OCI4UQjgI4Gkgvuq0qG2tapUJsYB3H2pVJ1Z5j0rymB0PCC6LfUgAEnmvZPuDVlEqthG0P3393Y/jVkNQxklPDVEGpwNIC0r069VVapVe9S0Ox7qGFmAIPA6j0NVP+GRD4FMf/AMTNGPMRkA+YqzSpUOwTtOHEomaCVnI1KOsZJXiEIVbt3MTfdcb6j2djZ5EzRyQTDcQVeJwRvVhd8rDkQKNVn9s9GllfrYpGgm4umquQLDOh0bx0PfanQrCDYqQf5mGkHfGVkHoCG/pqP/icH0pOrPKVWj93AvWan2jtPB/5sfXRj/qRE6DmyW0PgLDnVnZnT7Dy2V5AjHhKoAI7mBy+5ougo1Cm4upDDmDcV7mIqiMJBJ2xApv9OBsp9VKmkIQP8vFSp9mUBx5lwG/qp2FBASV7mBqmvX2uFilHONyh/lbMD/MKY2PVf8yOWL76Fl/njzKPM0Wgov25GvCSKgw06SaxyJJzyMGt423VMGIpiHq9SLJVWfERqLucvAW1ueQUak9wuarsZJOaR+jv6fAv9X3baqgLkuIz3RPBn3he4X0L+w3nkRHSDozHiY8o7LBcqPvKgblP1l7j5USSygAAADQAaAeApyTgG2YXG8XHyqZaaaplw1JQe5cnJcbsqeMspU3BtpqN/dw43qjNJKm8te+4Ei41vqd1rUa/xIxWJjxYMD2RlBIt8LqBc+JDL53rHHE4liS8qqTvLkC/neuGUKeD19P1SlFWi6dtT7hJIg42Yg+u+quy4ZcTK6jPKwIIFyeJJZmPwgW+I+9VJ+sJ7UiG/wBIMp9AtyfStF0KwpEhAcrGbNK7aArHd9eQFyfS/AHTSi7ycnqtSMsRIpZ1jOSKSTKFUMUZljZgLHIB9ECwudTqeNeABtb3PNjr6k60zHJGZZDECsRY5ASdFvp4X324XtXkdxxNdHJxMvDDi19D4Nr86fHhQQD2hfgagjY8z61IL99WkSPkwpBtoa86g8KcpqVGHGqoRGiMONEE7S7rd9Vwy1ZSUAWFNCH9UOfvSrzre750qYGsw8vafX6XzVT+NW1nNBsPJ2n+8P8AYlWRJToLCYxFSrOKFiSo2xdtwv8AKltHYdWSpA9ZxsS1iS2UeNgPOhsu3sIp7WJivx7YY+16TSXIXZvEcGpLVz6LpHgjuxMfm1vcgUcwWPDjNFKrjmjhx7E1NJ8MZpLV5Q2LapGji/eND6bjRGCZJBdDfmOI8RRwAiKyHSfoRFiAzxARSnU8Ec/aA3N9oa872tWyK15lo5A5F0TJwWIaDFHqw2gDgr3AxyoQVJ1G8K2moIseh7Q2fO+QRYjJGdSXAc3FiBdxex148N9WNt7DhxSZJUv9VhoynmDWQjXH7La1mxOE7rl4wdNw1A9Rp9HdUNOPBV2G5diMJBlc3uoJXQa2vYcBUONgxuGIC4kydktZ1vuIW3aJOtzutuqKbbEM4ifC4hyM69ZHr1igGzbuNj4dnQ0O6QbXkjf9y0syNGVOYZmU5gwIuAdMo38zob3FrUbq0TtCWHxrSuq4nDRG5tnAKkHhqLka8avSTLG2TPiIje3atLGeGme7BfC1c+/5pxQPaSQAbh1d9L2sbDfbWjsW33xMIaNiJY2COGHaZTuZQ1iRztus2mopOab4HtZrcMQrXOSVzvcNlkI5BHsAO5SB3UQjIYEqTpoQwIIPIg1z7bm38pWNZO0EGccblmNu7QrRfoNipJBOZM2hjAzXvuduPcV9aIyBoIbd2zHhVBkJLNcJGvxPbS7N9BAeP/qsHiulWKkkDKyQ5SVCJHG2QsLqSzqW1FtQd7C24irX+JcqvNGvERaHQkMHZt3G11Nu4VjkmuNCRmUi32lNxa1xvv4Gw3aVnKTbGkaWLDnFQzxrrIUaRCdSxUh2uTrcrmQnW51JJ1OJOAk0suh42sPe1dp2DstcLh7uB1rkE3+vmzBBb6CE68z4CuZ7UeCCTqxho2YAFi7s2UnXKwIGoBW4voTbhUzTpGumotu3QNw2FjBs73+ypuT5L+JFG/2i6dWoyJpcaXa2ozEaWB1yjS+up1oM+ILm+RE0taNcq+nPxqxG5oj8im1xEIKg/RqVIxVZDU6GtUZMnWMVJlHCo1qbqyKsQgD3elqciCmaj/1TlY0xFhI+Xz1r0pUQJtepAeZ/XjTEK3jSpufvpUAFoJe03iP9q1bWWhML6t4j/atWletKILrS9+lY7bnTYISmGAc7i51UfdH0vHd40L6W9IS7NBE1kGjkfSPFfuj3NZWNb+Fc2rq5qJtCHbLON2jNObySO/3j2R4KNB5Co0h8/Cniw3UjLaub7mp6Ifs05FKsCt0YbmU2I8CNRUQxPfU0eK56ingRodk9NcVDZZGE6cpPjA7pN/8ANeuh7C6QQ4kZoXKyLqUbR177fSXvFxXIlRH3aH9b+VR2kicOrFGU3V1NiD3GtIzlH5RLimfRmC2ordmSyng25T+Rq8JL/CpPedB76+gNcq6KdJVxP7uSyzgb+EgG8rfcRxXzHG3Q9k7RL/u3PaG4/WH5iteVaJ7phLIx3m3cv5nf6CnCFeV+86n1NLPTg4qBg3H9H8LMbyQxsfrFRm/m3+9UP+T8MPgMqdwlkI8lZyB6VoGlXnUZxCfWHvVLIGdl6IqfhnlX/wDmf90RPvVVuh7a2xMmv2Y/kIwK1JnX6wrwzr9ZfUUyTLJ0QdRYYiXxyx39SpNGNi7L/Z4zGuZ8zFmdyCzMQBc2AG4AaAaCiPXp9dfUV7+1R/XX1FPjoAZidhQuzOVyl7ZvhKsRoCUcFb99qpjZOHiYMpXMDfsxwgg+Ij0PeKK4zFpbRgfOsvt3GlIpGU2YKbHlpTUb5E3Q3pBtxI9dOsIZUQm4GVSzFjxAFyfTThyzGxP1jF9WcCQ8+2M1z3nf51YRzLlkYs4DFBcm76tZF4i4NzbddjxtRja8QBSOyl0UZ2Ub3axI3n4QFG/eG51lJ2WsACOM8quKndbwqZIxwqRY/wA6FENx4iVOtOjjG4WqcJ3VokSM7XOvRccb08IBenIRusKYj2M99SKedqb1Y4U4LrTAkVf0K8JNJbAb9aR/RoER5KVSWPClQFjoG1bx/wC1aqdINoGGBmXRm7C+J4+QuanhbU+PyAH4VlemWLDPHGrA5A2a3BjYWPeAPeq1J7YthBWzNBdbVY3aVFEONEdh7ObETJEPpHtG4FlG/U6AnQDvYVwI6C/0f6NyYrtE5IQbFyNWtvCDie/cO/dWr2lsvC7Pjjk6tWV9FdxnbON4sQcp0voANaqY7b7YLFfs7xFI1VQy8VBGjJwsBv568RRbb6LjME6xnOVtPEV+kUBDqOZMebTmgFdEYxSdcmbbbyHNlyRzQxyALZ1B3AC9tdLaa3rBYp8NPingOHW5corRAIb7jfLvsbi7AjSinRDaQGDYA3KGQADW9xnAHP4qp9CcAjTftAbOVGp4F33m1rg7zrzFU8pCWLBnSTofNhLyRsZIh9ICzJ99Rw+0NOdqEQYpXXK/67x+VdP2x0pjjfqUsz65yRdQNARyJ115DztgOlWyFidZoRaJzoB9B95TwI1HgRw1ynHblFJ3hglg8ThlYqykMrDeCNQRXV+je2f2mFZB2ZEOVwODixuPsnePMcK5Yr9ZHY7xqPDlRLoftPqMSoJsklkfxJ7LeTaeDGlCW2XwwkrR3rDYsSRh+O4jkw3/AK76TTmgWx58shQ7mGniP7X9BRV2rZxpkJ2S5qDYzpDDGxXtNbioFvUkXogXrjm0Umn2hJhxJ1YDMByCqpfdfUkd4obUVYJNnRm6Vw/6cn9P51G3SuD6kn9P/lWEn6PRoxWSeUkW3Oq8AeINt53X3VKmx9nAduaa/HNJGB5WG6je/A9vybB+lkH1JP6f/KmL0mw54SD+EH5NWSOA2RxmkHO8gJ9Bp70F25Hg0scJiHY8mz3H8QFufHlS9xoNh1KLHRyi8bZhx4EeIO78aD9I8QBC9zYWtr31idn9JHjUHJmexBJNlI7wN/D0p+EgxGPlGckrfgOyvci/W79T31fupqlyTtfZpf8ADrZyNDJO9z1WdYw25SQGDAbibsNeY7hQgE7zqTqSTvvz762W1HTCYQYeO2ZtLDnaxtzAHHiSPGskg41NVgd2ec6cI+/+396cEvYi/n5U8tfuI7v1egD1Dwt4VJb9flXigW4U5dO70qgEo7vn7U9B3e/96Rvvtr+uVOS+7nQIQB32869L91qaWO75U0tzPtTAczWp4AB9t4PuKjY6cK9U0BRJpSpdWDypUBRTE+VGbkHPpc1z2diTc6k6nvJrc41SIpAP9N+/6J3kVhZax1nwXprk8Q6VrOhiKokkYgfClzpbex1819KySGuhf4ZyR3kWR1VcwJz7rFbbuPw7qy0/qRcuA7jYYcXGI516xV+B0I6yP7jcV+y2mnChmz9jTYJWlXEo6XQIiA5y9xZyjWyEaDQkHyFxGI6EziVjHiIMpZirB3BILEgkKhsbW01rU7F2LJBFJJisU0qgLaNFLqSzBbXksWuSo3C199b3btqjOsVZUw2HOczYOPqZAxaQLZ16wWJKLcgrY3yjQXtwqPa2Mx8okeOH94SA2RQtgdMxF/iItc30vyFFMFtQrdo1sL6jS6mwbUqSDoQfW9V8fEZZUkLBVcrcA6BcwzMFB7Ry3I0PlbW9uMCvJR2T0YV+rbEvqpzdXG19eTyDS3ct78xWh6R7PE+FkjCgHKWQAAAOnaXdzIt4E1lNs7P2kk0i4RnliuMjR5DcZRvCnMDe41HCreFXG/tpLJikwwtbrRIqg2Ualt9zfQ86hNcUPPJznDS2Ycvzp062JtpyqOVQHYDcGIHgCQKe5v6VzGp2LY2OzxQzcSqMfGwzD1uK0ryVzvobP/8AhRjkXH9bH8a1+HxOZR4CuxZSZz8NovPLXJP8RMJkxee3ZkRW/iXsEegX1rqTC9AuknR04yIKjKkqElC+isG+JS3C9lI7xS1I3EqLpnIowmYZgctxmy2vbja9heiTYVJQDEwW25GFjc7ze9v/AF30eToDi1H7yCS/2WjI8Qc+7y9Ks4boXixouHZe92X8GOnlWMYPtFuSMPNCyuUPxDgDfv0tvp4wkn+m9uZUgepFdFw/QvFH43jjHcST6WX50TwnQqBSDLI8vcLqp8t/9VV7TDeZDon0SfE5ixAVLFhca3vxF9wBJ461usTisNgIrKO0RZQPibuUcF5n15VV6Q7cjwKCHDxqJGF7fVU6ZmtzPDebG554F8Q8jmSRi7m12PAa6DkKu1BUia3ZYSlx0krmST4jwG5F4KO7U+tSLiDa3/qqKVZjO7SpTBovLiOGl/C9v7/2qTPc776VWRRy9OHCp400FteG/jyq0SPfdqPQ0shO7fx/XGvE38amHfVANXkQT4U/JfS1I67q9Un8d9/K5oAc8JGpPDzqExmpVmGnd3U+M7wNx560AQFf1epLgWINiNR3efOn9Ra/AVGIf1zoAVh9Y+lKvcjUqAMV/wAeYghkGoI0PMWoI40q00NNMVcbbfJslRWVaP8ARjFBJADucZf4hqPy/ioMY6WHexsTbv5HnRF07Bq0b/be05sORGsZSRkzp1gIutyLqOJ0Oh9Kb0Iw00sv7RiSSh1ux7TgixUD/Tt4btOdWcLt+LFQRw4mJZJ4WujNwUixIse0DpdTpoDypu2cdIsEhjzFshvlF8q6AsbbgLjwrpWf1NmXGEHsFjIsY08EadXGoUofizvnB33LNfKVNzuOnChkbx4jCy4WN+rlV8yOQFyODcJdfhjYKVvpY6kWvQT/AA9lMSSSDfnS38Av8zVVm/Y9qSIf8t2IHLJJZ0PlmX3qbwr7HWXRNs/pTJC7Q4yMhlOVmtZ1I+uv0vEe9a87VCwvMshKKhbQmxsL2t36ad9R4jZ+FxYVcWpDKLJMhs6jgjmxzJyuDbhpWR6YbRjVFwkFsqhVkYG9wmipm+lrYk9w76ptxTsVKTwY8E8akO6ozUjjcK5DY3vRDTBp3sx/rI/CtTs7cNRbxrmWC2/JHGsaoCFB1vzJPLvqRukcp+ivvXXHUiopGLg27OywvGB2pEHiwH40pcThgLtNF/Ov51xRtuTHgg8v71TxOLlk+NiR9UaD0G/zqXqropQZ1zE9J9nR/wD7KH7gZ/8AYDQ7EdP8EvwLLKe5bf7iD7Vy9IqmVKn3ZD2I22J/xGkOkWGVeRke/wDSoHzoLi+k+Ml0aYoN2WIZP6tW96FJH4VOuH/QpbpPsKQ1F1JNyTqSTcnvJOpPjVqFANeH63V7DF71cTDnTTShITZFGoHp8vHyq4Df9X01rzqLb7/rlUyRjlx3/wBq0SJHQi+nHu9P1+ryhLV4qd1qlKX1H69d9WIcR5U4ab/1399NUDjfeb+9TLHppa3j/f50wGZv1/fj405XJuLelRqh3EgHlw8fH+1PRMoFuG6270Pr5UAPIJG/8/Go2HD5/n507LoL+dv1upxTTQnwJ8fWgBiMPffwqYC+4+N78++oQh11OvD9b6Q7N7+Hh6jWgCxkPMGlVbTv9BSoCjJHBi1RnBUqVcpoQtgqp4nC+tKlUstEeHxJFgSQRuI3jzrY9HemL4YksgYNYFgBcgcCDSpVUWyZFzE7fhmdnjAQNbsqpUXtY6W53qbH4zZjpFLi0Z5Y1yEAuFZVa6AhRroefO/CvKVauTcSIrJndp9J2cFYQUTXtN8VuQtu046nwrMu1KlWMm2aJJD4Uvr6VYWGlSqUNkow9OGHpUqoQv2apFw9KlQBLHheVSLhr17SqkSTx4erCYbX9frlXtKrQmTLBrw7/erSR8Lndu/GlSqkSyYIeOvnTgN3f+VKlWgh6r5nQHW3v604JvPdf9frhSpUCHhj8v1u+VOiNraDuG64va+nfSpUDPGJtutUscZPw208vfj/AHpUqBEbAc72tpbuHlTUIOhuN/tSpUDPQxsbkgbuHytURW2tyOGnvSpUDFmH6A/KlSpUhH//2Q==', comment: 'Busco potencial inversor para mi proyecto de negocio. Soy un emprendedor con una idea de negocio innovadora y con gran potencial de crecimiento. Necesito un inversor que me ayude a financiar el proyecto y aportar su experiencia en el sector. Si estás interesado, contacta conmigo.'}]
,Chrome Headless 114.0.5735.199 (Windows 10) LOG: 'posts', [Object{id: '1', likes: 6, commentPeople: [..., ...], imgUserPost: 'data:image/jpeg;base64,/9j/4AAQSkZJRgABAQEAZABkAAD/2wBDAAMCAgMCAgMDAwMEAwMEBQgFBQQEBQoHBwYIDAoMDAsKCwsNDhIQDQ4RDgsLEBYQERMUFRUVDA8XGBYUGBIUFRT/2wBDAQMEBAUEBQkFBQkUDQsNFBQUFBQUFBQUFBQUFBQUFBQUFBQUFBQUFBQUFBQUFBQUFBQUFBQUFBQUFBQUFBQUFBT/wAARCAD6APoDAREAAhEBAxEB/8QAHAABAAICAwEAAAAAAAAAAAAAAAYHAQUDBAgC/8QAPhAAAgEDAQUFBAgFAgcAAAAAAAECAwQFEQYHEjFBEyFRcYEiYZGhFCMyQlKxwdEVM0NicmOyNTZEc3Si4f/EABkBAQADAQEAAAAAAAAAAAAAAAACBAUDAf/EACcRAQACAgIDAAEEAgMAAAAAAAABAgMRBCESMTJBEzNRYRQiQlJx/9oADAMBAAIRAxEAPwD2WbrMAAAAAAAAAAAAAAAAAAAAAAAAAAAAAAAAAAAAAAAAAAAAAAAAAAAAAAAAAAAAAAAAAAAAAAAAAAAAAAAAAAAAAAAAAAAAAAAAAAAAAAAAAAAAAAAAAAAAAAAAAAAAAAAAAAAAAAAAAAAAAAAAAAAAAAAAAAAAAAAAAAAAAAAAAAAAAAAAAAAAAAAAAAAAAAAAAAAAAAAAAAAAAAAAAAAAAAAAAAAAAAAAAAAAAAAAAAAAAAdiwxt1la/Y2lvUuKnVQXLzfJepG1orG7SlETPUJdjt1d9XSleXVK1T+5TXaSX5L8yrbk1j5h2jDP5buhuqxkI/W3F1Vl7pRivyOM8m/wCIdIw1c0t1uHa0UruPvVVfsef5Nz9GrW3u6am03aZCcZdI14Jr4rQ6Ryp/5QjOH+JRPNbIZTBJzuKHHQX9ei+KPr1XqWqZaX9S42pavtpddTq5sgAAAAAAAAAAAAAAAAAAAAAAAAAAAkGyGyNXaa6cpuVKxpv6youcn+GPv/I4ZcsY4/t1pTylb2OxlriraNva0Y0KUfuxXP3t9X7zLtabTuV2Iisah2SL1kAAA+ZRUk01qnzTArLeFsXHHUKmWx1H6iHtXFvTX2V1nFeHivVGhgzb/wBbKmWmv9oQGjcU7iHFTkpR93QvK8TtyngAAAAAAAAAAAAAAAAAAAAAAEm2klq33JID7dvWjVdN0aiqJ6cDg+LXyPNx7e6lK9m93d7lKkat9GVlac3GXdUn7kunmytkz1r1XuXauKZ9rSsrKhjrWnb29ONKjTWkYR6GbMzadytxERGodg8egAAAAAfM4KcXGSUotaNNapoDz5t5sRebGZKd1bpvGVqj7GrD+nr3qEv06M18OWMkan2zMmOcc7j001pm4y0jXXA/xrl6+B30hFv5bSM1OKaaafJrqeJvoAAAAAAAAAAAAAAAAAAAAHcwlBXWax9J8p3FNf8AsiF51WZSr3ML64dXqYrRZ0AyAAAAAAAAA6uTxtvl7CvZ3VNVbetFxnB9V+5KtprO4RmItGpeadqtnq2y+ducdVbmoPip1H9+D+y/396ZtY7xkrFoZV6+FtNfbXlW0etOXd1i+TOiETMNzZ5alcaRl9VUfRvufkyOnWLRLvaniTIAAAAAAAAAAAAAAAAAA22yEeLanFr/AF0/kzll/blOn1C8VyMdoMgAAAAAAAAAACrd+WGjVxtjlIx+soVOwm/GMu9fBr5l7i21M1U+RXqLKbNJQNAO5aZSta6Rb7Sn+GXTyZ5pKLTDc2t/Su17Eva6wfNHjrExLsnj0AAAAAAAAAAAAAAAAbXZOfZ7T4t/68V8e79Tnl+JTp9QvJcjGaDIAAAAAAAAAAAie9KhGvsJldVq4QjUXuanFljBOskOOb4l51NhlAADKbTTT0a6oDY2mZnT0jXXHH8S5/8A0806Rb+W4o3FO4hxU5KUfd0PHTe3IeAAAAAAAAAAAAAADsY64+h5G0r8uyrQn8JIjaN1mHsTqdr/AIvUxGkyAAAAAAAAAAAInvTrqhsJltXo5wjTXm5xRYwRvJDjm/bl51NhlAAAAA+6VWdCfHTk4S8UHu9NtaZqMtI11wP8a5evgR06Rb+WzjNSimmmnya6nib6AAAAAAAAAAAADDWqaAvPZbILKYCxuNdZSpKMv8l3P5oxslfG8w0KTusS2xzTAAAAAAAAAACtN+OTVDA2Vin7dzX42tfuwX7uJd4td2mVTkTqsQpQ02eAAAAAAA57a8q2kvq5ez1i+TCUTMNzaZalc6Rl9XUfSXJ+TI6dItEu7qeJsh4AAAAAAAAAMN6IC293eNyOJxtSje0lTozarUfbTa1XemunR+pl57VtbdV3FExHaXFZ2AAAAAAAAAGHyAojfRWu6m1sIV6bp28KEVbvXVTWuspfHu9EavGiPDpm8jfn2gJbVgAAAAAAABoByK4qpJKrNL/Jh7uUqIO4AAAAAAAAAxrw9/h3gehaE1VownH7Mopr4GHPUtJyHj0AAAAAAAAAAKX37VYvMYqmvtRt5yfk5LT8maXF+ZUOT9QrEvKYAAAAAAAAAAS4gsAAAAAAAAADDWq0AvHZG8+n7N46trrLsVB+cfZf5GPljxvMNCk7rDcHJMAAAAAAAAAYfIDz7vdv/p229zBS1jbU4UV56cT+cjX48axwzM87uhhZVwAAAAAAAAAAlxBYAAAAAAAAAACy91eWjUsbjHTlpUpT7WC8Yvn8H+Zn8mupiy3ht1pPSksAAAAAAAAADrZC+o42zr3VxNU6FGDqTk+iSPYibTqHkzERuXlzK5CeWyd3fVO6dxVlVa8NXrp6cjdrXxiIY9p8pmXVJIgAAAAAAAAABLiCwAAAAAAAAAAHJb3NazrRrW9WdCtH7NSnLRo8mInqXsTr0vLZ7I/xXC2V1rq6lJOX+S7n80zHyV8bTDQrO6xLZHNIAAAAAABh8gKM3x7RXF1tJUxlK5qKzt6cI1KMZvglU+1q11a1RqcakRTyn2zs95m3ir0uKoAAAAAAAAAAAJcQWAAAAAAAAAAAAWXuqyva2Nzj5v26Mu1gv7Zc/g/zM/k11MWW8NutJ6UlgAAAAAAB17+8pY+zr3VeXDRowlUm30SWrPYibTqHkzqNy8t5PIVMtkrq9q/zLirKq/dq9dPTl6G7WvjERDHtPlO3VJIgAAAAAAAAAAAlxBYAAAAAAAAAAABs9m8zLA5m3vO904vhqxXWD5/v6HPJTzrMJ0t4zteVGrGtSjOElOEkpRkuTT5Mx5jXTQfZ4AAAAAAVlvp2oVni6eGoz+vu9J1tPu0k+5erXwTLvGx7nzn8KnIvqPGFLGmzwAAAAAAAAAAAAJcQWAAAAAAAAAAAAALm2BjKOyeP45OTcZNa9FxPRGTn/clex/MJEcHUAAAAGHyA85bzYVIbd5ZVJSm+OLjxPXSLhFpeRs4P24ZWb7lFzu4gAAAAAAAAAAAAS4gsAAAAAAAAAAAAw+5AXpsvQ+jbO42n4W8H8Vr+pjZJ3eZaFOqw2pzTAAAABh8gKC3yW7o7b1J6fzrelP5OP6Gtxp3jZueNXQctKwAAAAAAAAAAAAEuILAAAAAAAAAAAAJdsdsNR2kspXdxdThSjUdN0qUdJPTT7z8/Aq5c0458Yh3pj8o3K1qFGNvRhTgtIwioryS0M2Z3O1z05DwAAAAAAh22+7e12yr0rmV1VtLunT7KM4pSg1q33x82+TLGLNOKNa6cMmKMnagsjafw/IXVr2iq9hVlS7RLRS4W1rp6GvWdxEs2Y1OnXPUQAAAAAAAAAAAS4gsAAAAAAAAAABhgXLsBjZY3Zm2U041KzdeSfTi5fLQyc9vK8r2ONVSQ4OoAAAAAADDA83bxcRPDbY5Gk46U61T6RTfjGff+eq9DZw28qQystfG8o2d3EAAAAAAAAAAAEuILAAAAAAAAAAdUubYEq2Y2DvspdUK15QdtYqSlLte6U14Jc+/xZWyZ61iYrPbtTHMz36W5GKikkkkuSXQy119AAAAAAAAAIPvO2FqbW2NCtZcCyNs2o8b4VUg+cdfPvXr4lrBl/TnU+lfNj843HtRuVw99hLnsL+1q2tXoqkdFLyfJ+hqVtW0brLOtWazqYdMkiAAAAAAAAAAEuILAAAAAAADNOEqtSMKcZTnJ6KMVq35Ievb1LcJu1yOR4al41YUX0ktaj9Onr8CrfkVr1Xt2rimfaf4TZDGYJKVvbqVZf16vtT9H09NCjfLe/uVitK19N1pocnRkAAAAAAAAAAAdW/xtrlLaVvd29O5oS506sVJEotNZ3DyYi0alW+0m5K1uOKthrh2dTn9HrtypvylzXzLlOVMdXVL8eJ+VX53ZjKbNVeDI2dSgm9I1ftU5eUl3fqXqZK3+ZU7UtT6hqzogAAAAAAAAS4gsAAAAA5La2rXlaNG3pTr1ZcoU4ts8mYiNy9iJn0meE3X3V1w1MlVVrT59jT0lN+b5L5lS/JiOq9u9cMz7T7EbOY/B0+Gzto05aaOo++cvNvvKV8lr/UrNaxX02SWhzSZAAAAAAAAAAAAAAAAcVe3pXVKVKtThVpSWkoTipRa96Z7EzHp5Mb9q/wBpNzGLyXHVxk3jLh9/AlxUW/LmvR+hbpybV6t2rX49Z+elWbRbEZjZeUne2knbp91zR9um/Xp66F+mWuT1KnfHanuGh11OrkAAAAABLiCwAAOexsLnJ11RtKE7iq/uwWunn4ep5a0Vjcy9iJnqE4wm6yc+GplK/AufYUH3+sv2+JSvyfxRYrh/7J5jcPZ4ij2VnbwoQ68K735vmyla1rzu0rEVivp3NNCKTIAAAAAAAAAAAAAAAAAAAAPmUIzi4ySaa0afJgQfaXdHhs3x1bWLxd0+/joL6tv3w5fDQtU5F69T2r3wVt66VVtLu6zWzPHUrW/0q0j/ANTbayil71zj693vL9M1L+lK+K1PaMJ68ju4gAABLiCwfNgT7Zrdm69OFzlpSgpd6tYPR6f3Pp5L4lHJyNdUWaYt92WBY422xtBUbWhC3pL7tNafHxKU2m07lZiIjqHaIvQAAAAAAAAAAAAAAAAAAAAAAAAAYa1Ah21G6zDbRcdWFL+H3j7+3t0km/7o8n8n7yzTPenXuHC+Gtv6UntPstfbJZH6JexTUlxUq0PsVI+K/VdDTx5K5I3DPvSaTqWnOjmAS4gsJPu6xcMltHGdVKVO2g63C+TlqlH5vX0K/It406/LtijdlwIyl1kAAAAAAAAAAAAAAAAAAAAAAAAAAAAABEd6ODp5nY+9k4J17SLuaUuqcea9Vqixgt43j+3DNXypLzubDLAJcQWE33T/APFr/wD7C/3FPlfMLGH6laC5GctsgAAAAAAAAAAAAAAAAAAAAAAAAAAAAANRtd/ytmP/AA63+xnTH9x/6hf5l5gXJG4xwD//2Q==', userPost: 'user_1', ownerMural: 'user_1', resume: 'StartUp telas', imgPost: 'data:image/jpeg;base64,/9j/4QAYRXhpZgAASUkqAAgAAAAAAAAAAAAAAP/sABFEdWNreQABAAQAAAAUAAD/4QMvaHR0cDovL25zLmFkb2JlLmNvbS94YXAvMS4wLwA8P3hwYWNrZXQgYmVnaW49Iu+7vyIgaWQ9Ilc1TTBNcENlaGlIenJlU3pOVGN6a2M5ZCI/PiA8eDp4bXBtZXRhIHhtbG5zOng9ImFkb2JlOm5zOm1ldGEvIiB4OnhtcHRrPSJBZG9iZSBYTVAgQ29yZSA1LjYtYzE0NSA3OS4xNjM0OTksIDIwMTgvMDgvMTMtMTY6NDA6MjIgICAgICAgICI+IDxyZGY6UkRGIHhtbG5zOnJkZj0iaHR0cDovL3d3dy53My5vcmcvMTk5OS8wMi8yMi1yZGYtc3ludGF4LW5zIyI+IDxyZGY6RGVzY3JpcHRpb24gcmRmOmFib3V0PSIiIHhtbG5zOnhtcD0iaHR0cDovL25zLmFkb2JlLmNvbS94YXAvMS4wLyIgeG1sbnM6eG1wTU09Imh0dHA6Ly9ucy5hZG9iZS5jb20veGFwLzEuMC9tbS8iIHhtbG5zOnN0UmVmPSJodHRwOi8vbnMuYWRvYmUuY29tL3hhcC8xLjAvc1R5cGUvUmVzb3VyY2VSZWYjIiB4bXA6Q3JlYXRvclRvb2w9IkFkb2JlIFBob3Rvc2hvcCBDQyAyMDE5IChXaW5kb3dzKSIgeG1wTU06SW5zdGFuY2VJRD0ieG1wLmlpZDpDQTIyM0M4REIyNEQxMUVBQjEzRkRCRTAxNzlEOTNEMSIgeG1wTU06RG9jdW1lbnRJRD0ieG1wLmRpZDpDQTIyM0M4RUIyNEQxMUVBQjEzRkRCRTAxNzlEOTNEMSI+IDx4bXBNTTpEZXJpdmVkRnJvbSBzdFJlZjppbnN0YW5jZUlEPSJ4bXAuaWlkOkNBMjIzQzhCQjI0RDExRUFCMTNGREJFMDE3OUQ5M0QxIiBzdFJlZjpkb2N1bWVudElEPSJ4bXAuZGlkOkNBMjIzQzhDQjI0RDExRUFCMTNGREJFMDE3OUQ5M0QxIi8+IDwvcmRmOkRlc2NyaXB0aW9uPiA8L3JkZjpSREY+IDwveDp4bXBtZXRhPiA8P3hwYWNrZXQgZW5kPSJyIj8+/+4ADkFkb2JlAGTAAAAAAf/bAIQAEg4ODhAOFRAQFR4UERQeIxoVFRojIhkZGhkZIiceIyEhIx4nJy4wMzAuJz4+QUE+PkFBQUFBQUFBQUFBQUFBQQEUFBQWGRYbFxcbGhYaFhohGh0dGiExISEkISExPi0nJycnLT44OzMzMzs4QUE+PkFBQUFBQUFBQUFBQUFBQUFB/8AAEQgD6APoAwEiAAIRAQMRAf/EAIgAAAMBAQEBAQAAAAAAAAAAAAABAgMEBQYHAQEBAQEBAQEAAAAAAAAAAAAAAQIDBAUGEAACAgEDBAICAQUAAgICAgMAARECEiExA0FREwRhFCIFFXGBMkJSkQahI7Fi8DPRQyQRAQEBAQADAQACAwADAQEAAAARARIhAhMDUWExIgRBgTJxM//aAAwDAQACEQMRAD8A+yZMjexm3B0xz1TYpIdkKTUYq8gkiQkQq5GZ5DVhFq5DImQlEhV5BLIlBkTk6aZBkjORyIdNJCWZpjkRemmSFJAhDppkgyRmEiHTTJDyRlKCRDprIpM5CRDprIskZyEiHTTJBkjOQkQ6aZIMiAEOl5jyM5FIidNcgyRlIxF6a5IMkZDJDppIr1yUEyPIRrPby8z2qYNnDZHt83Gr1PI5uN1bM74er8vZyszbNLJmTMPTCmCXYm9l3IldwbjTIWZm7EZkSOlXHmcuY8ykdOYZnNmPMqR0K5WZy5jzBHWrjyOVXHmCOnIeRzq4eT5CR1KwpOfP5KVwnLdMeXcwzGr/ACE5dOSDNdjnVmPIJy3lCTkxyKrcHLaYCZ3MswVvkJy2TqlAskZ5/I2wzy1TGjFXY8wnLV3SY84MatdRzqDlrM6hkQrpKBZIHLbJCyq1oc8plJqAcuhWUEZIzy+RygRorwJa2kmUEhI1vKqKZRnnIZMEWmysjPJjlAi1aB5oybRKBG+aFmjEGpYI1tyA7qCNI1DNdNwRpbk0DjuupmlIWKRdrKQrZyZz3BMhGuWorKztCehGUaid7dARqnh/Ql8kvQhNv/IuapAistCZyZDtOwK0f1BGriImCk6xBh5BZgjZNPRaBJjmPPQEayS2zFXc7jycgjTKBrlqjLISiQRrkm3qE9tjJ4oMnGhSNG04HCRgsnqJO0kI6f8A5Jb+TFuyQsnAI2V43C1l0MVbuGQI1TaE7NGeTB3kEaO9mCszPWJDIUjXIM4M3ZCBGj5JFkzOQyCxpkwMsmApH09jDkZvbY8/2LNaHb1x5fZbuLJnIrsebOkcq6cn3GrM5ZGrtaEHVI5ObNi8jIrqykZzLkKV33A3ko58rDXIyo6Mhyc3kZSuBumOTmd7SNXfVkg6JCTB8nZhkxBvkGSMM2GSEG+SDJdzCQkkVtISzHIM2WDaWOTDJ9wn5EG8ilmGQeRiDfJjzOfNlKy6ga5IeSMMkPJCI2yCTDIeYg3kMjFXGrImrmbrbcNTPOCbcjM13z828p6M5PY4lA3exDbZj2/w9Hp+c1wcnDY5OXiutqtntQLFGHpzXzvJxX3hmNldLZo+nwr2RFuHjsoaQXp8o+S3Zk+WN0fT29HgaiDDk/VcN1oB8/5kLzI9h/o6NyH8FQFeR50Nc1e5638FQT/RU7hHl+ZD8yPS/gl/0H8Gv+gPP8yDyo7n+kt0sS/0vKtrFRyrlQeU2f6f2FtYl/rPZQQq8kleREv9d7Xcn+P9ruyDVcg1yIy/j/aXVgvT9pAbeQfkOfwe0n/ixvj9hb1ZSOjORqxxN86f+LHnyrdMEdvkgPKcVfYa0aH9ivZhI7ldMb5VGhxLnqHmrO4I7a8vdFeRHD9lJwV513Cbjrz6IeTjTVnGuZJzJS5k3poEjqycFJ6anJ5O5Xl0gEdCcDn5OZXaQZudwR1t9gzObyvuLyfII6sgyZzrl+Q8oTl0u8VHXklanJ5SvMgcurNCyZy+ZFeVdwk10NgrM5vIg8oN9XTkwyObywHmTCc66HZ9B12l7nOuT5Hn8oJNbu87Eu7kzVkuoZLuFjeZ0B2xWhg+RRCF5NARs7yUrQjn8iE+SX8BI6cxO6Od3XcXkBHRmhzJzeT5GuWNARvISc+UvVh5EtBV5b5oMjDyLqHkQXlunAZo5/KS+UVOXS+QM0cvlDyirHTmgyObyB5PkEdPkaDyI5vKLNAjpd5Fmjn8i6BmgcujNDyRzZoPIDl0SBz+T5H5AcN1bSBZHM+Rh5Qcuh2Y/J3OXysfkBy6c0wzRy+QXlBHVnUDlzXcAR9vGhw+3x/7HeZc1MqtHTN8vHuPBfJZMpcvcfPw2pbbQ524O2PNv+Wz5JDNnP5BrkKua6VeB5Sc2Ys2SNXHWNWZzLmY3ywC46cn3KV11OfNNbiV4B4dWXYeZzeQpXA38jGuRHNmUrJ7EHQ7dgyZz5sMwOjOAyk5s2PyMDozaDymGc7ibXcDo8iDNHNkDuwV0ZphJzeQFyawB1SEmDuT5AroyY5MFdsMmErfJjyObyMtWlAb5DyRzO7FmwrpyXQ1S0OfjlwbXvjojn7a9P4+lgbgTsZ2vrqJvqY3Xtz0yL1Btoy8kLQXkW7ZCNshyYpzsUrQ9SDSRSZu7b0Gp62K0vQJTITT0nYJUwQaQInNrQJfYIoZCv8AAZAaQJoh2gMwRULuELuRmGYIqPkNyMxu07bMEVCCTOzdXvKC9oSjqBotegmkSnCTG2tGAQn0E6UfQHeCsl2Ah8HE/wDXUj6/C/8AVG0/MkyBi/S9dv8AxRFvQ4LdEjqdkhaPV7gcN/1XFYzf6nj7nqKIkkDyn+pU6Mh/qH0Z7CKA8D+J5uliP4z2l1PopAD51/r/AG+8kfV9ldGfShCA+ZfB7X/LF4fa/wCWfTRUSrXsB81h7C3oxNc//DPplWjF4qdgPmlblW9HI8uX/hn0fhp/yD4af8gfOZ8i/wBWifLy9j6TwcXWqYvr8P8AwgPnPLy9hea/Y+ifrcX/AChfU4P+EB87579g89l0Z9D9Th/5Ql6XA3EAfP8A2n2B+03uj236Pru7WOoP9fwf8hZjxV7CD7C7nsP9dw9iH+q4Akx5P2xr211PUf6vi6E/xXGCY81+5QPuVPSf6rjSEv1XG1oCY877dRfaruei/wBRQX8TxwCY877aYfZO+v6iiclW/UUewSY8/wC3XqL7VTrX6erb1Gv09U5mfgmrMcn20iX7Sk9D+K4y/wCK44CR5f20w+0j0n+poH8TQDzft1Be1ST0H+ooL+HoIkee/bpI/t0g7n+ooT/E8feARw/aqP7KO3+I4/8Ar/5H/E1jR/8AyUcP2qD89XsdT/ULvH9xr9P2sQcnnqPz1Ov+IfcP4l/9MDk+xUX2Edf8RbuNfqH3KONc9R+ep2L9V8j/AIldwOLz1B+xU7l+oXWw/wCIr3A89+wheep6a/UV/wCg/iuOdwseW+dC+wj2P4rjgF+s4+uwR4/2EB7f8ZwdgA+sE9jO9oMnzI65j5Xv+qfYorI8X2OO1JaUnsO+s9DK9OOzk6+rze3tdfO35eWuuJi/cv1rqfQX9fjfQ57+lw26Gk6eP9t9il7i6nov9bwEv9Xw9A10417VO5X2qdzZ/q6dGRf9XZ/4helLmrG417Fehg/1vMurJ+l7C2JCutc6sV5Pk4vreyugeH2V0EXp2rl1L8r6HnqnsLoxzz9UxFrvfIwzZ57tzBXk5q9NBF6eh5WHkZwea/Zg+a/yIV6HkYZwef57/In7FvkQr0fIhZnnr2WJ+2l0EK9HyC8mp5/3F2D7aBXo+QMzz17aKXsVYK7/ACDXIzhXMu5S56oRc125hmcflRS5EItdfkYLl11Ry+T5GuRJy3JNxa9b17p1kjkv+RXE6+JWRldycPb/AC+j+Gf65p2s7E2b2M1e6ItazZh6G2VVo9wq6TqY6xuWojoBfVuuxS5NIZkrtWioXtVKXuVGuaahbiixnkomu4lyWIrellP9BZTYzXJWXpqOrTq2gNXYTu11Mc43GuWtumpRqrMeRk7pEKzb0A2s9UJszej3Fa7lMitf6sf4dzJzbqGCr1A2eLUJkVb/AMTKaJzqO0aWkDWrh6ho7amMy5kpOHIRs7ViCMk9F0Mq6tsrbbcDSrj/ACCbT8ETK/IlXsnHQDZ2ger2MrNbjrfogNN18gnGhi7WRaaxlgbZaQKUZZKJJVnZAbTDHkYpW3nQbcAa5BlC0Rk7uoZyEa5tjyMVboNMDWUFrprQybBWjqBpQqTBWa2K8oGmQZGWYZ6wBrkhZozbJkDZWTYN6/BjkkUrSBbYbEWtqKZYVq4TkG0ZZawCtrARpISiZROSmANNBEzqDsgRT1qCTSIdmtgzlBVNoW4k0xNhFQNL5ITH/cC8Z2FpEdSVZoWcJthVJNBDI8rexpXVSA8RYky1aF1KnuEGEhjAnaATkBuB4piaEroCsEG2wpBNBD1e4QiWwViimkhA2mL8QHA8CZBNgVC7Bp2RDmJ6ArSFioQsUEi1IK0J0nYnJyGQRpoIlOQyQWKYE51ewAj0+e8HKrSaezZScmbR6/XMj89+m+XQ7QS7GC5J3JfJDg0xXRmiXYyz6hmgNJQ00Yu20DnRSIlaygnsZZIMlIhdazI9DNWQnZCL1rTQIr2IzG7A61WFH0F46dhZjzIvWk+Lj/5F4OPsV5AzB1pPg4X/AKi+tw9ilceYOtQ/V4XsS/T4nuka5jzB1rm+jw9hP9fwvodWQZA61xP9bwvoT/F8R35Icoi968236rja03I/iuzPVlDKvWvIf6t9yX+svume0mJsL08b+O5V1D6HOeyEg6eJ9L2B/U9g9sfSQ1nsw9Ol1xNXC9YZ0Joy5as4e+Po/wDN+viOeyfQyyhxYq1rJmNrflrucnuW71klY5RO4saOO45qtt0BavSto6icZ5PVGT/K0sabAu1qzKQLkIlBnHQCs7Tto+ptmq1hGC5Wug3D1W4U6Ws3NloU3L0Whle7ahbiV7NY13A2/rsDen4shOFFiLT/AKgWrcvaUVVufz0RlXkuhObvVgau1m/w27h+UTJD/BaORKztuBpM6DmjUTsSqruRNVbUDTNLRahazsRFVqmLN5SwN03WCXk7TOhm+TLYMr9ANpsEtJtsztZ6QK17NQBpS/fqUtNTPRQFruIA0luwNyoZkrNPUeUuANVVwJf4mcOB1f4sI0rZuqQrKyUmKs9kU1ZKWwNM26pvoGcqUjNPKsBS2FWuoVo7t6RAS01Bl5JBW11A2u51W5NXJL5FOg8lZyEXqDbahGWTQq8uoGivav4lZXqpMk1Msq96vbYCs3E9QryToZ5aFV3AuHZ/A7OFoZO+ug1dtQBpNerFe6S0MbKzcyXVaAWrPQcszVlnA1yTayArWAiVuZXtbapVXNYmGBrZQlD3EzGmTeusGlr5V0AduVVWgVvluZVUbl5LrogKbcfiJcjZNb2T0UodnV7LXqBpINqygzViEm7bgdCtTGH0IV1Zw9jOVrqFXSzidSjdvjj8RJ6aGbSQ8oTYDUp6lt7syryJzIrXTa7AaqyKbhNoxbQJyA63s6hWZFIWajcC5cQOrx17mbf4oLXbhAW75OGFomEZ8l0qON0TW2SkDarXUHdZQjLWdB54f5f2A1s3VSJcmSjYwtycttVsU7SkuvUDZ3eMb9xK3Gktdexm0raVf9SMYcMDS15cLYtWS3MvI09FoN3qyIvNN6CdmRkkvxIdnIGy5MdxO8uK7E6x+SE2kvx3KrWyrRSnL7AY0vWPy3ADv9uyT1PPfMv9Tp/YOJfQ8j7C6M9Wb4fnfbN3XoLlT+BeRHBm31KXI0hWeddvknQMzjXNBXmRac66nf8A+BrlTUdjk8oeQtSa6vKkNc1YOR8i7jyQpNdPmKXKupyZoeaFI6vIivIcflgFyySkdnlYeVnH5B+QLHX5UUuQ4s/kpcjBHX5UPyTscjsgrZbSCOxXllZHCrw9CldgjszDM5c/kPKUjrzDM5c0PyBI6cxq5y5lLlBNdWYZnP5RPlA6cgyOZco/IEjozZSv+MHJ5AfI+4WOrNIpWyTjocSsp3Oj1+Ssuvc5++eHo/5/fc9mPL1Zz21Or2NG42OO255n3fXz6ZoTVdyavVsUwGUEXMaPkhCzkzs5EKRplAPkM2xSKsaeSdCk4RmrJL5B2YBLyljlpyiMmEsI0nLdg7Y7GakNmBrlO5My4ZM076hOoF54qB1SamTN4j0SKHZ9mVRKyhmeLiQVmtgLax0RUprUynqxu0gXVSmk9zStsFD1MYW+w5ArP8p6FO1bGM6g2Bq7ttfA8lGxkm9EUrdgGrOz2B6WBcjq2S+SQNW3uS+SpnkwgClG6KXJaIaFTkVdGheRtgXXKNNAWn+TId3MIU66gW3XoPJbEKEwdqoC2l3DJVcSZ2suiBtbtAaZTuCdU9TF8k7ItPJbAaOq3DBPqYvKdNQlzqBvNaViZFk2pMgtayUBF5KUurLUTE6mMfirPdFOqSV+oDva0xJa5Gt1oZvWGVe8pRsgHLTVmtws5s7LQSbjVilgOiabs9gq/wApJs9dC62qqvuAptrGiYJtE1s3/QeVXoFN2czIWdrrsJxQVrtr8dgLryWqsWP5JrZNfKE7dEwLV12JtZzpoJBKkC/9f6jrjWs9TK11OPUp6pLYop2keWjRndw0qjnTXqRFVasoEtHqZ10vCNL2WwBptMPoNNJRMslYvcSrWckA+SbNJOBWrjCbmRZKzcdB6dQLs8YQ5gzcXtJF8+mwVrmm9dilEStjFV01DVbMC3Zt/wBBu87mSlPUdu8BFvkuoSWgr8kadWCf46kXxb1ApVulmv8AwWrKynbujNWfQE1b4YFZajygl2pX/LclcuuuwFrmh7Cd8r/ioYPl4ltqSuSttkBTvyWcToivJVJUWre5Fes7MfFTjydgB1WWu4GdrxyabsAO79i1yN1qfPcnDy8b2k9J82mUyzF+zXqdq+Rxjg8nNXTEl+zdaNHozS+wPi4X0FXjHnr2Z3H9n5Oy3BxPZEP1avZF6T54wr7Ou5r9hD+iiH6TneEXv+k388HmRXmM/pt7OQ+nbuO/6Z+bTzIfmUnM/W5OjF9fm7k6T5OrzIdeaDj8HKupPj5kXo+bv8qH5Uedlzdhp83YvTPz16PlQeQ8535FugXNYdYfPXp+WQXLB53msUudluJ89eguVFeU89ewx+ZdWW4nGvQ8qH5UecufXXYp89Xsx1hzrvzZWbPPXsKIkqvM+jFxOdd2cajXKjgXM+4/N8luHLv8qH5Eef5hrlFTnXfmHkONcyE+UlOddvkQnyrocflF5hV512+TQrg51TkTnQ4PMLyontvhv0ybXv8AsPOqstjz7W1MvX97GuN9ZKu3bVao4bn/AJfZ/D9M31zN8B2lkZuTO18WZW5Xuc9enPV05idzm8qGuWvcyct8h5nP5V0YvJ8lR1KwnfU5/Ku41yII6JDJGHkQ8kBtmDuY5IM0BslV6zqPPWDBWQ8gRq0nrISZqyY8kBpk9hpozyDIEaNyKYIkchGmgpgiQkEXq9QUsjIcwVFa5JDbh6GeQ8gKd23qBLY6uEBUwhVbbJGmKNH3F5KtQiW2JJf3AulnOom5Yk43E7JAWrY6CtbsTMajyQoMoY85cIUpg8RRq3VVmBZOJSMG2VWzS+ANE2tgTTtL0M3lbbQaaWj3A0s0loDbddTNajduiKiuiyKX5KFsZq2moS966EVbmcUU8VQwyt/cpPTUIrOtlvAomujJda2UbPuPxuusyUKraUDSkSc2Cy1IHalquKvTqW+NJb6krkhfJOTbKqrZbM0ppXUzbfUSnoBSWLb7h1kmX1GnD1AqQThktp7FPkrjEagCqs8mxw7tuvQzT0K47KsyA6OE290NY3czqQ7xaUpTJtyN6JQEbuFqt0S7ZPXcxTsyquNwLfYdF3M1f8gs7O+gFSsrQJyxVeL1Ha+ugDnHbqVV2Mm5BOy0A05LawiJJdG+obdQLyTH5qpRGpmrZMVvxfcDaMlMwZ7WiZ+SPLaISLom1L3AtvlS01r8E1nchXspS2DNoC207TYq1qWUQZZ/AWs2tNAKVEnK17g2skqCrbuLJpgWrPJ1soFDWxDuC5NQiqWSvLAUwBKVweaFvJlmjG6xcpiy0Oj50dVOZrZmyu3rJ59ba6mvksloKruzDyRscXmaWu4nzWewSPQXLZ9Rq7e5weaNHuUuZoEduSnRhZtOJOKvI8i7cjnco65XVwVKjTU8937sunJZbPQlHY3PQWKfQ5rc1o3IXs32Cux1olMExVrY5/I3ux+SOoSNnSr0gnw8fYjzV7grT1BMU+DjfwT9Wj2YO3yNXQJifqV7h9Wvc0zTErWTnoWpzjP6r7kW9Rzozp8jG7Jipw5Pq37jXr3XU7q8ta1+TO3I29BThy+HkE+HkR0eVAryLpxjm8XILDlO2UUrVgue2pxjgx5gflW52u9RK3Gy9HzcLtydiXfkXQ9BviWgsKsdHDg8l+zDy27Hd4qMLcFFWXsSnzcHlsnMQzp9f3HVxdwWvWrf/E0r+s4mvycsm74en8fy97krTkS5azV6nDduuj3O76649Ks5ubis+mpy19X09N58uN8rM3z/ACaX4Wv6mNuC3VGWd9fb+NH2Pkf2fkzfr2Ifr2Dlue38a6PtIPtnM/Xv0F4OQrP+38a7F7ZS9s4fDyh4uRAvt/GvRXsope1U8zx8nyGHIC+38a9Ve1Uv7FTx45A/+z5B1v8AD2F7FSvPU8ZvkXcPJyrYLde2vYRS50eGublK+xyAuvbXKh+VHiL2rrqP7du7B09tcpWaaPFXuONTRe9UHT1cwyPL+6i17lQV6WY1c85e5Upe3XuCvQyDI4l7FX1GuevcFduRLsc3nXcfm+QOlNj1OVc3yWuRvqFdAoMs33GuQDWVswUGWeolZrqUbwIzd21uLLuBrMDVjJP5KVkiC/JD2Fu5JtZMU9gNNh12lmabnUMl3A1yrZifeuxnK/oNWa2BFZdxmczuOY2Kim+241ZrRkJqZHkgLr3CdTOtmn8FOyAeOshMbGeVpGn3KLfJYqhnkgyIKnVjdpIlDlAPIeiUkpsUtsCl3G5xJafcUtdQLr+NZY8kZz/4BWSKNMhSROonYI3VqxqTkpMpE2FbN13ZOSM9w0QIt/GwZ9CFaAbUyCKyaHlO5nkN2q3oCLbXQIVlqZSOQRpnWug5lytjLTqEoEV/sx202IzQZohFppCdpId0wbTQRTHK6kyiQsaTUTjoQOUgRSYE5ICHLybvQhuDo9jjwu0+hyWsjpXzVZBmzHJdwzS6kqtneBrkOd8iGrotGzs25Krd9TBWKzQo3d4egZsxVhyKNc2PNmCY5FI1d3AldmbY0KN/IupL5NdDKQygUbVtrqXm+hy5sa5HIpHS7Mqt4OfyOCVdikdnlQeY5XZ9hZOQjr8xPmMJFkijp8wPlk58xeRko6FyRqV5TlysNNstV0+XsHk7mCYK2uoo6PIh15FJzqykSZKOh3TclrlRySGUCjtXLJVG+W2KPPfKz0v11bKeS3QV2/H8+tddOJVWu5Ds5C3I3ZsiSbr7H4/lnrn+FtyReqHIm5Mu0xD46sl8VUaiZDcxzviRL4EdMBCDPOObwVIfDU6tCHXUicYwfEheFHSqiB8/VzeFCfAjphD0CfP1cfhQfXOwUBPn6/w4rcEiXrnbghOsA+Xq4n65P1zvVBOvYJv5Y4PrifrnoqgWpKDPyx5r9Yl+seiuLTXcT4u4Z38cea/Xfcl8Fu56fjQeGoZ+Ly/FbuJ8d11PTfDUXgCb+LzI5Pkc8iPSfr/Bnbg/8hn5a4fJyorz8iOpeuiH66kM7+XtjBezyI0+7ZKC3667E/W+Ab+fsF7ti6+6+pjf1/gH6rxlBjj3dK91FL3EcPgt1Dw2LTn3elT20V9qp5Xjugxuu4q/7fw9evsVbL86PFT5EPycqIef4ez50UuVNHiebkQ/scnctPL2vIilfQ8VezyLcf2rdyFez5A8h469u6L+3buUuvWXIHkPK+4C91AuvWzDM8v7q7lfbT/2BXp5BkeZ9tf9DXuLqwV6WSDJHnL3KdCvuLuKO/MMzgfuUe4/tUBXdmh5nB9mvcPtV/6A7ch5nF9mvcX2q9wru8gZHD9qvcX2q/8AQHoK4skcP2qdyX7Ve4Su/IMzz/tV/wChP2qdwV6OYZnm/bqtmH3K/wDQK9LMXkPOfuLqxfcT6gr0swzPN+38i+58gr0ncWaPO+3XqH2qAr0cx5nmr2qB9yoK9LMWZ5/3EL7iBXoeQPIed9xB9xAr0cx5nm/cQfcQqV6TuLM85+4hfcRSvT8gnyHm/dQfcQOnpeQDzH7qAh2+r9z9OuS7tXqeTzfo2mz61t7mF0mbfPx8bb9PyLRGVv1XKj7F8NXqQ+GnYg+O/jeZ9BfxvN2PsHwV7Evgr2KPkH6PPUh+pzLofXvgr2Jfq0fQg+R8PMugsOVdD6z6fH2B+jxvoB8l/wDYt0LP4Z9Pf9fxzsZv9ZxPpAV827MflZ71v1VDK36nsio8ZchS5Eek/wBRYi36qymAOBXTcFI2/jeVbEW9LmWmoEyGQvB7C/1ZHj5k9gNc7DkyS5V0JdrdgNZYzFXsU7wUaIZl5EGZBtI5Mc69xq6fUDRthkyMgyKHLHLIyQ5IsVLAWgSVF0TtZJdz3arHhSWnc8f9fXL2Unsezy6WhbGdfR/4vTyzelSUxNTbGSWocSR9T/CneuwVsmm+xFUtWyVdapEStK3bHm+xlW5draT0CUnd9FqXDSTZC5IrMCryu0r/AMgrRtRsQ7fGpK5HV6aoqZtIKJv2J/Kdir3asoFx8jcp7habSjfUK1ms9ScnZx0E1ZaN6AUOCE4KyALLsCSiW9SclOoO1QHKxkdNiHai3NLWqkoALvaAa0QlG4laQgjQSgHf8oL0SkCNnqisdJQWu2loNNNbkE4pbijX4Kbr/j1YmsVD3ATE1PQtfjVT1B2AjEnFZGycihJyE1k+NSHjk2Vqsl6PQExjbjT/AMdReOy6G2EPTYbQTfXHOqrsGC7HQkKAzy5/GiXwo6pQ4q0DjP4cPh+AfrN9DsVYHDYT55/Di+uuwvrT0O3BjgJ88/h59vVqtXuT9ap6F6trTcdeJY/IT55/Dzfqh9U9F8emgYQE+efw836ovrHpYrsLBMHyz+Hnr1g+qej40thOsaBPl/TzvrA/Wf8AU9JUTHggfL+nl/XsHgfc9J1ROK7A+Tg8DF4bdz0VVD8VQnxeb4Ldw+vc9LBBggfF5vguLwXPTwQYIHxeX4OQPr8h6mKG6qNgfF5PguHgt3PUVV2DBdgfB5f17sPr3PUw+BYrsD4PN+vcPr3R6WK7Bh8A+DzXwWYfXsek6LsTh8BPi89euxPgcnpKi7C8abCfF53gsHgZ6XiSJwXYHxef4GLw2PRdV2J8fwD464PDYHwM9Dxx0H40+gT4683wsPAz0fFUPFUp8def4GLwM9HxVF4kgfHXn+Bh9dnoYT0GuNMHxed9djXAzvfGhrjQPi4frgd+KAL8X2lmu5DsRd6iy0NPkLkJ+DOtkN2QFNpi0IzQnZbgaOOwpXYzfLpoSr6BWjiRSR5BPkAtihGfkDNgU0iYQ5b16BKATqicEyskGSgEZvjT0gnw1fQ1kJAxfBR9DK3qcb6HXKDcDh+lx9EZW/X0b2PS0BpSSjyv43j7Gdv1dW9Eeuw0KPDv+sh7Efxtuh72KYYoD5+3666Mrfr+RbH0jomT412A+b+lyruT9Pm+T6V8S7Evhqyq+afrciYvDyLofS+Dje5D9XjA+bdORLZijk7H0T9TjJ+jxtbAeX+t5EvY16HtczTeRzU9GlL5Qbc2iSWxNfR/4/bM1je0WlGNm9y7SZOTL3+2ivJq0CVqt/JGKmepWbIzWiaVZ6ifJKMm2wBW6vVL8tmJPVwtDKR+SAVrWs1c6PoC/wDr1tuY15Lthe9tmUqrWyeRVLVTZErGCevx1IVrXkU6A+SzcJakvl44hLUFXSW9Q1VzH+WgsvjQi6s9R5V8cTqCre2gLFbmUtcagpfm4YKvGt1KG6fimYQ6zSr3LrzY/jbUFX0HKRlazs5WgOzS1/sCtHEyDvV9TPjba1G+Os7grV3WOhENmctONzTO0bAp1423knqgTtazT6An/wDW3JFLOrbKVdrvJVY5UwTW6bcilZSgVT3Kqu5LhuRp9AC9UogeSjXcnjrk9WDSyxexBasmpe5KspBUStD/ALBd1p+K1YFT+MojLUmvI1oaWqokKWKY1xruQm+gps24CNcYFJnNxqzkDS9koJmoXSsp6k2iSotTMMbaWiF11IbqrSFXLQSGaegm0AnYMgtZJJkrkl6rQBy2ymnOopU6BIA/gUNhI0AkmilUTcbjd9NACEyYfQSdp1LkFJJrcGwtbbEOmoAgjUSehStpACbGmT1GoCFP5QU9CU0m2FuTHbWQpyPQmerG/wDH+wUxSC1QtQgkNAV5Y72CQlAOrDYM2AsWtxwhq06MNmBDhOBoVv8AMpgDFoTk24RonVLVagTCCECUg1DgBYoMSoXcNnIEqFpbcl1XQbc21BbhCSHA9VqLcA/HqAvG+4BH0l+TUjNmFrsh8jfU0+C6fIgfIu5yZPuJ3fcDpfIHkRzZfIZfIWOnNC8hjnCJ8iCOjyIMjDND8i6Aa5JAuSpg7N9RZAbvk7DTbMVdBmBsmhu6RjkEphWubGrNmPkgeYRrkgkwbKVoA1kMjHJyDuwrZ2QsjJWHkBpkhZGeUjTA0kEzPKCZswNpB7EJwhK7YFyiWycgAY4EMKZneso0lCGu34e257vO59NEczbOr2F+Ry20M6+rm3EtjTIbJygjPS3MlZIydpFLB01lDlGMlSU6aLkjZE3tkTKHKIU6PWC7tV21M1bUVdHrqFrS0JStycnvP9iZm09AnX4BWq9h7MnrPcz/ABG7dgrXLSAyZnI627gq1bWeo5U5WIduxMt7hOmuUuVsVmjNW40ojUmQua0duxM26kqw3dtQwtaq6pWd2Jcyto/7CTrGpDjoCqza/HoOZIe0jV3GwK1Vq7MGoUoxdpZSs1p0BVK3cpaflOhm61XXcHFqYgq3azTtToFZtXKdRV/GjoiFlTToCtHyuU+xSvXd7kVVYJskCtbXq1ov7hk4M9NF0G7KIQWqV0i1E5IxSTWpW3UFUrw3IZK2qRm2noipVa6AqrWcQFNVJDtK13HXka0gqVdnu1uKtXOpLbQZ2SkLVuNluS9BVtXe24003LCm2ktdis+PsTfF00JpRY5PcJVN/EEuz2SHkmtdwo41BSq31LjSSLWchIKqQTU67CewcdXZagqndPRDJrRJyKzeyBVzRf1JvyKUkT411YWwXWWCtFCRGWpOrfwNtLUFU9A1J1anoTnZPTUFVZ9DS0Ohg7dzSt5rDC063UQHJdJEZV7g6SpkFXWyiQzRFdHA7100BVKyTkVrpkVWmo3ASrWqCrxbTMqvVwygVV+R9ES72bUoaDQFOdZHJLtAnZMJWk03WrIdpf5KEJOldgfJluCqd0v8SXyTuJNCaUhKvKrBMX4qum4k0twoV4vESVmuxFrVWq3F5PgFW+VRsJcnYTorUnr2JougSrzb2YEKasAV6/JeNDHJmns1urQlJxXpz9Ks2+C6PILyI4nX2elWSq+z1TIrvz7Bn8nFHsdULPnTjEFd+YZI898/LXoC9q/UK9JXT2HkedX2nOppX2V1YHbkGbOVc6fUfmXcDqVgzSOfyhkmB0ZoMzDKvcM13A2yKVznVl3KzA2zCTLMMgNch5SZZDVkBqrIM0ZSEoDTIJM57ClhW09xO8bGbbEv/gg2yJmCWwQFSVkZyEgaZDkzkJCtJBMzdgV2KWeS5qSm0eXyTk0z1sk9Gc/P66trVEez8P12eXltx1Jd0X7PC6S5OJ2I17e+unMeZyO4vIys/R2ZjzOHyspckg+rtyXcMl3OPyj8rC/Z1uwKxy+UPKIufr/bqyB2RzeUPKRr65/LoyHkc/lH5Qv2z+XRkGRz+UflDX1x0ZCzMfIPNA+mNpHKgxzQZhe8bq+gsjDNyVkDv+2uQszOQyQXr+2ytoE/JlJSaYXr+2igqdDB/wBQTYWtnaRJtEZQD5AdNldEq6s9TOrY57KAVo7LoFraGUsc6QDpqtUgM57DloLVy1oE6ameTY3qtwtWtNi9I1MK6A3LmQVotSkY5RsPPuCtbXUguVLoZZLaQznQFb1waJ0lkTBLlzqCtG9IQVl6Ga0W472/5eoKu6dQrbQiqtZfkwScx0BWspgYtWQpfcLW7tpAVvCMquSmUaWv+Jm+SIjcJUCUbkKrW2onUm150QS0Cry0ElL1ErQUrLuCjy46NDr/ANPYl2o3ruTazei2BVzWzLSSRggc9ypWkJsTs9kJbCaZC6tStR+RmeoP5BdVLtsNPoZzC3Cr3kqXVK0aMtYxMmSUldNAVTc7EqZJm3UFZkWrs0QlL0E3afgfkjYFW1aDNVcjfMxeZdtQlaNQTE9Sc2x5tAoSsnrsGYZzuGjWgKSsp1NVaqRgqqzHLq9pCUKzbcaFp4PXdkNt3lbFvuwtXayYGGab1AFfcW9XhnVGVuDiUxVGvJypTrqc1uZnV8MlSnZE24+P/lCtyE5/JBL4adifBx9UaOy6grUjUDnv6fE9UjC3ocbetTvdq9BSgrzb/reNrSpi/wBZEnsyhNoFeC/1vJ0Jt6PPU98TrPQFfOOnsp7Cduav+SPo/HXqjPk9XjvugPAXPbaCl7Mbo9u3o8LWyRlb9bwsK8r7VS1z1amTq5P1Sf8AjoYX/V8q/wAQF5a9w8y7mb9DmXch+nzruB1Lk0KV0efjz00hj8nLXdAejmGZ532rDXtPqQejmKTg+13NF7Fe5B2ZMrJHGvYr3K89ejCurIMjnXNXuPy17gdEhJh5V3KXIu4GqZUmGa7lK67hWgTBnmgzT2IuZ1saqygx5fYaWjhGXLyRojlu2+pHs/L8dzLqOfktyNwcV+OyZ3Gd4Fa3864cGGDOuEGC7CuW/lrjwYYs63VdhYrsKz8tcjrYUWR2YrsJ0XYtPnrj/IPyOt8SF40OsT565osH5G+IYC4nz3+WE2DJm3jQvCLicayyY82aeJC8UAmo8jDyMvx/AnxFP9guUfl+SfGLALfdfl+R+YywDBg79m9eWSvIcsNDiwO/Z1LlQ3y9jk1QSw19Pb+XWuRlLkOPNoPIwufrrt8gK6OPyMPKw3n7O3MavZnIub5H5oB9nVLGrHL52C5Z6kXP1deYZs5vINc2oaz9MdGY5Zl5KizXcjX0xtPccpmOa7hkFz9G+Veom0zDMeQX6N64bvcLWWyMcvkeQPo0Vm9y81Bg7fISF7aq1Q6yZSOQveNsxO5lI8kF7bV5O486swbQlaAdNtnKHkZZthl8g7aNhkZZi8gO2q3kp3TZirMJYTppkOTPIWbB0pJTJUozyDIFaSEmeQZBelptDzZGSFlUFaK7Tkl3be8CVqhlUJ0pWkqNDNtdAdtNwdnLmBp2Rkm5KdlO4TpWdh5MjJBIOlywIyFkCrcFLGDKQkHTXQTehnLCQVqtpFXdmeQ8oBVaoMmRmGSCVrV9wtZPSTLIUgrVpAZ5ACvtPZ0mDhtdwdft2hwv7nm2tqdXyF5spWcnPl8hl8gdLtruUrJI5E2VmwOnyIdeXo0c2S6mlLIDV21DIytyahmwN6uUPI5/I0PyMDoyHkjBXB3Ctm69xTUyyqGdegGgzLyIfkIVbS7EOqY85JzgCXwUbkm3rcTWtUaq6YZJgcj9Lh7EP9fw21g7ZRTiAryr/ra7V2Mn+sfRnsT8D17AeFb0OTYh+jyraT38U+hWCCPnPqc3QT9f2ex9H469hPir2QivnPD7C6BjzrdH0Pip2QvDTsiDwMubbEPJyroe6+Li2dRfX4X/AKiK8Vc3Mv8AU1q7RL6nf7HDxUplB5/JyJv8dEY16vw9PNTey/23MnZD5by4M9iPZf8AwvIhpsJQO0bET22ElG4xfIZJBijQIQtxpFWkIvQQRIDlD0fUExMIIByNbAmfwUCgqSXASYUIWKLCJKkxEIIKdREJhYoMUWhBJiMUKEaQPGAc4xdUxYG0KBRqU4xi6MMDojQUBnjHO+MPGb2QkhWeMYeIT4jpgUCp83N4w8bR0tCVZFPm5oYQzpfGheNCpxrmaYfkdPjQvEipvrrHJizZr4hPiCT2Z5sPJYvxi8YP9i8o/KLxh4wf7q8o1zEYCxfYLfZp5RrlMsX2DFg69m3lH5TDFhjYHXs38oeQ58bBFgfT2dHkDyHPFgiwX666fKHkOaLBqE+ns6lyIPKuxywwhhe/Z1eVC8pzRYPyB9NdXkDyo5dQ1B9ddXkF5DmmwahPp7OryIT5Ec0sJsD6ezo8o1yrscuoQwv19nV5Ex+RHJFu4/yCfX2dT5BeQ5vyD8gfX2/h1eQWZza9w17hPp7OnyB5TmhihlPr7OryBmcsMeoPr7OjyD8iOWWEsL9fZ1+QXlOXXuEMkPrrq8oeQ5tRfkD666/JAvJJy/kEsJ9fZ1Zg7nNLCWU+vs6cwOabAIv09n33uv8ALQ8y99z2/e9a1lNT572eLnq3+LjudY8ZqxSscNuTlr0Yl7duqEV6CuNXOCvsr5LXs1JB2u3YdbQca9ijcMtc1NiK6W5coeTOfyV7h5QOjONy1yVak5lyJjz003J5Vu+QM5ObNl5DyNpDKDDJ9x5BG2SGrI58kUmBvkJckuDLIUgblVjeTDJjVgraRyYZMqQjdXgbuY5KNRO4HRmhOxhmwlt7gbSEsykM4A0kaZkrMeclGmX5ag7IydkCYVn7t0qJHkW3PS9z8qz2PKbbZy19D8N8F1kl2kG9dSXZIjXtvkxEu41ZbhN0flPwOV1JtbsKZ/qCtJG3oZSxy/7BOlJN6hMPUibdBKXuDpopnYl5ToCs0LOzexTpSYOxM6laA6IBO0OBSDpbtppqTkGg5rIKASCVIEFSBOwS9gpyGXyKEtAgopf4iUSLoCQVehMv+wNpJhW0qAgbT0DQSWoNwwUwUCdn2BLqQqrLQlCdrbQUnVLUpQATV7BKIXA1CAMoBAuCBOpQrPQqeCgHVDUQNqNRTwjEMSpkATE4oMUOQBMTigxRQBJicULFFsAbmIwQsUaBASZ/CFVBh8FaIJ7Anr/CcBeM0hhqgvPqzwDA0Bg59UYIWBcAE59UYiwRoGnUHPqzxQYF6DFOfVngGBpIPYHPqywDBmsNoQpPX+GePwPH4KmB5fASev8ACMUJ1LUMYJ6/wzxDH4NUgB/qzxQYI0EWk9UYoMUX0JWopPX+E4oMUXAhUmfwnFBiioHiE59UY/AYouAegOfVEIMEWkmPFA59WeHYMEaSkEyKc+rPBAWAq84/Q7Xb0exnenG1rXch8kMp2mGeuY+ewv6XDaXijmt+v4Wn+Op6D5CVZCYteV/EU7Gdv1O8HsWtruLLpI5wrw/4vk6EW/V8sbuT3glGYPmreh7CfXQi3B7FejPp2kyHSr0hE5V81j7CWqYly8q3qz6V8NDK3qcTctIclfP/AGLLdMf2+nU9q/o8TexjyfreN7InK15655UyNc9O50W/WL/V6mVv1dlrJN9dKnNTo5LVzG3pc9XKZD4vYq4eqJzpXVkyq3XU48uaq2YvNdb6EivQzXQMzgXsamv2K9wOrMeZyLm13NVyV7hK3yDIxV/kMn3JBtkGbMcmOWyxWr5GC5H2M1buEroBurSgkyVmGbINZGrGWQ1YBc6brB5F01Z/1PZbT0PN9umOsbmNx7Px98jjspZEFToT/Uy3u3QCqgUAnDKaE8ZGmplCYloEN6sHaFAk9QskwDP4GpZMFLQIcMQZCbBSWoQ53FMMacsFE6j/AKjbqTMgOQEMLRIs3Og1j1DToCmnO45ghsE+gKoc9iWnEDShAp5fAO2gpBWXYFJJuSqqBS1qhavcFNvXQqq/GRNqvyFU9+gKKWT3G029NiGtdEPK1dGCnqgay0FM6g3OwKHSOo9iUNgq8qxBMkggVYtYE7JbDXJpEAonQbeqQlVvqNuNF/5ItC0BvUlWa3G7FKNxkz2AFVIk9QVhbuAVVrQJOdROo0FpykxOxEuSsZ1CXDSyGqxqS1GzErPZguG7MJY3AtAD/wDA5BJNEwEVKFkgVZBU+QDJBBOMDQD21FlI4kE67QA011BwyXoNJLXcAdoUIEu5Orcjh7yA4WuoJflqLJoJkBuOgaJCFEhKe49O4JQLf4BcATALTrIWaeiBcUmmKVUSUIUzuC4eQaP+otAhTMgpwPoKQyCeBIPUE6sHjXrIDtotAr8iSb1By9tAK0E+wsbdwh9wGkApaAD7Nw+o3yQokwtxpKRI9j57evIurF5Zehzz0BNJlVv5JZWdTCV0ZLtqQdKvoLNGKtoEyBv5EN2g5xy2BurygdkYK+KErtgb5IJRhkylYDYTXwQuRh5GBWK7CfFR7oM3EjXI2RWVuCm0GVvS4rLVHU2LITBwP9dR9NDO36xN/ierIaE5weK/1fKtZ0M3+v509HKPfmomkxwPn7ep7FWS+H2K9GfQ4V6oTpXsTgr5yfYXRj8nP2Z9B4aPdC+tx9hwrwfPfZoa531PZfpcc7GdvQ43qTkeavYQ17NOp22/W06Gdv1nZDkYLmq+pfkqt2U/1nJujF+lz9ByrVWmHOxPLHJp0MX6vs17kvj9hbpmPb1mN+m7fDn5eN1emxgz0qcd/wD/AGLQ5/Z4q/6qDjXu9PTd9etxxiYuSauDPNorn7e3lpI5MvIHkKx21CTPyIPIhDtpISRmmPJCLnthsQSu4SRbhgJMcoFwxACAYaCkJQUxBKEENAnqNbC6hVSEie4SAOQCRJoB9Rt9hSAQDTstBCmyBVVs0ws51FkuoTIAMkchTGSC/qA22tlI0pFEaoUud9AKiq3FKJ3HMaAN2a2DKRTATAKrQTQskJJt7gomNiladAhLV7iaVtFoEVMEyKGtGD0YWqlwJWFOgLUFXmgzUENDVVoCqtEE1h9QtjPwJJJaAqnAJSS6/wDyPVAomAyYpU6jbXQFPJNjZAOzCU3aNxpxqRE6sczogtCbllCeygAlTLe4Q/7D0B20gJVNrGETLQVBgpygbUabkpAwK1iQy/8AIK+kCx6gCY3qJLSWCfYBpQAotZ7hrXcAc9QB2kAAcE9SnPQBDFqHQIcVJVddQac6DabUBabekImbBiOGCjINWDUbgraaANJgLJgB9ja1Vo9DN2onoz2PZ/Uqymp5PJ+s51Zxqey48KE6vqJrXcyt6fsUeqM3we2n1gg6Y+QObH2FugXJyVeqCuhyEM5l7EP8tDRc1H1A1liTZOdXs9Ryiim2JSEoFID1HWW4JGBo2kEozchqRG2cKIJl9CNQyZcVpqGaRnkxTIG6smOUzCSk4A2CTF3YsrEG+fwGaMk4WoZoDfJQCsjDMaugNnYScmLtL0ZanoBokODPKyGrvqUa/iluCx7GTshZwFbY1fTU5vbtx1WKSNL8uFHZHl8nK+SzbZ5/19pce7/k/Hrc3f5Z2ujm5VJq4km+x5b5fZ9vT1z0mPPvxNuTK3H2O91noQ+PQ1ns+f7/AIeHn+NiwZ2ePUT4zXTz/HXHgwwZ0vjF4zVT5a5oaDU6PGmHjQrPy1z6hLN3xi8YuJ8/ZlkwzZp4yHQVOdwZjzJwYeNlT/ZWaGrVZngxQypfZrKHKMtRyRc3WsoJMpHkFrWQMlcMwdNdA0RmrIeSEXrFDIyQ8kIdYsQskOUQogIAUoGGASgkNAAkUgNT3GKQkBwGgpCUEA4RMocSAaD1QogJbATsxpuBdRvaAEnJThkIegFfiDdUtCYQaLQoeQSToPQAswlg4gSYBa0wVJLaQbgNpPqCQL4CQAGANoBNsKymNNBKCCXMjnQTAIUjVctAF/QAdcRyJyAU0wYkADWg5kmQApvSBV2FoOQgb7BkAoYU232ANlsKWAxSw1KUAT+QJWgbErNBBDHqGQAOQdoELUQV/lrIabIkIe4FtLuBGoAfr942M3SvYbuv6hmjs8bG3BxvWDO3r8f/ACdMoUo1Ry29Tia2SOe/67it0PR0FCA8Xk/Vcb6HLyfp5bddD6RJPoJ0T+C0fJ2/VctdnDM7ep7VN5Z9e+Oj3UkW4KvoKPjnXno/8Wxrk5utWoPrX6lH0kjk9Lia1qWj5dexpqilzViXoe8/1fC+hhyfp622CvI81S1yViTut+kcaNGD/Ucy6kGK5KvqNuUU/wBX7FdUZ29L26v4KGMx8XtLpsTlzJ6oDoAwXNZPVMPsfAG0hkzJc9ZhovyUAbbHUWm4JrowKBf1JAC9hqzRE6AmwNM2GbJVvgeS7BTV+43ZMz3HBRHsXar8Hnvc7fZ/xOCzg8P6/wD0+5/yT55oItqJtiUnJ6N9vJoICYDJFTdqYUk2r1K3DQMTGWLFiaNoWhU5xGAsWXKEKzvqnATqaQ3sKAnDN0IfGbwJouM/PGHjDBm8BihWd/PP4c7oTgdOKFj8FrO/nn8Od8bJ8bOrEUJjpn5ObBk4M6cUEIvbG/i5nxsnBnXjK2JfGi9M7+OubBiwZ0+IPEWs7+OubFoNTo8Ynxis/LWGo1Zo18YnxlONRkxZl4C8YSexZlZ/JPjDxsJPZWSHkjPBixYP9muSDIyhj1CXWkhJnLCWF6aqByYZMeTC9NQkzVx5helgQuRDyQidKELIeSEOhqAZIJC9HoIUjCUbDkkYU2IGwkBS1sOQkUoB7g9hDkBAAABUqCQBFJrqLToGguoFawJMJAIAAABDlClBoFJghyIIfQUPuOVApAaAUwPoAwEKQByC1HOgqwEA5CVINgEjJACtBSINgGApAD9UzQ/Ief59dxrn+TtXkdufXqaV5JWpwPlnqOvM11FHa7wCumca5W3uXXkkUddbKSnZHIrmiuWjeQ0McwzQo3lAzJXHmKNIQYojMMmKKdEHjqTmylYUDoibcVWuhWQZItVi/V43rCM/pcL/ANUdUoJFHn3/AF3C3sYW/VcUzB68gy0eByfqK7p6mL/U2ex9HCFiSj5d/rfYq2kZr0uer6n1bomT4qdhR8nbg51rqLx83yfWP16P/VE/Wp/yKPlp5KrVMFyW/wCT6h+px20dUR/H8P8Ayi0fNrktOqE+Ws6pn0b/AF3C9IMr/qeKz0Qo8RctIDy0PXf6fjI/h69C3wPI5rK1NOhwWfc9j9h6T9WmS26ni3tKy6Hi/XPL7n/JufPMZtwTlbsU1GsyLI447e3+Smzew2hZk5tmiqDUSYZBKcIGl1Idn0CG9wlU0gjQlXWzKd10AdXG4nuLR1gSlLbTuA5KiVJMibb0QDCBLTcepQoYOUVmkGSYRLUoSUF6A2RCxTFiuxcktuSkKFsLErSR6lpyzSG1JRTglOcYuoQaTOwJSKnGMsZE+M1egSXrU4xkqA6GwMvWs/LGHjF42bSNNk61N/LHPgLA6cZF4y9M/LHK6MXjOqI0F4y9M/HHN4xYHS+NoWKY6Z38XNgLA6vGHiHSb+H8OTAMTq8QvHBc9mfjrmdRYvudLoLxmusY38tc0MNTo8YvGOsT5eznljlm3j+A8Y6xPn7MZYZM18YvGPB8/Znkwy+TTxC8QuJx7JzDIfjDxC4nPsWYZj8QeMeDn2GSDNC8YYMeCe55oMkLxsMGPB/uMhq5LqGLHg/3XkgyRGDYYMeE/wBlZoeSIxYQwT2WrITuTixqrBPZWSCV3JxcixfYH+y8kGSJxYYME9lZBKJVWPBg/wBhKCfkWDHgyk9xkGaDBi8bkhPc8kLJD8bDxsLz7DJBkPxB42Xwc+ychZMvxh42PBz7IV33DL5L8QeIhx7Iy+QNPEgHg49n0n8jXLctfsKdz5uz1lBnZdTo8z6ynu1ezNqe3V9T5Cvsci2ZtT3r16gfW/ZXcuns9j5RfsrLdmi/bWXwB9XX2NdWbLmrGjPk6ftlpLOmv7WsKLIUfSeX5KXKu54HH+yp/szZfsePuKPcXKilySePX3avrBrT26f9FqPU8g/Iecvaq3o5H9hdxR6PkGrs4K+wafYQV2ZhmcfmLry9y0dWQZGHkQeRPYUdCsDtJhmGYG+QZGSsh5IDWRpkKyGrIDVMencyyQZIo10CDJXQ8pFGgzLIeQo0gIIV2UrdxRyfsPU+zwOi/wAj4z2OK3r3fFyLRdT75W10PM/aehx8/G7Kqz3OX6etez/l/wCjc2Pi7V7bENJHTy8PJwN1vV/Biqzqzz87j6We3XlklqOEi2o0RIaSAAECgWWsAGBDycJOWEJjxb3ewrV+QEtCnbSBaC+QH0CUnIb7jwpG4U7OrU9SZ0gSq11kbkAxUDVU0LFsTbWiAbeL1EmmxzO+46pTOwTwG4GtQvixSlsBNxfkPfUrJRsUNarUnrAZAFq2qpfjuTNnuIrXsEDda76imr1Cyrp3G6wghR1QDUY6E1mQGmn0DQegtJCiQUjaSEA4RCcsaTb0Hh0ATcqBOqQ5qv6hvqCYcQpJHM6BVa7AmEEFWXYUNblEwghF4yJoMzEQgcFR1BJQCYnFRIo+C4DpASZ/CMV2DBFykhTJakxGPwGPwXITJKnOfwzx+Aw+C2Mqc5/DLD4DBGwsBTnP4ZeMPGjaIE0hTjP4YusCw+DdR1DFCp88/hh4x+NQaNDiRT55/DHAMEbRAQhU+WMMAwN4FA6PljHxlYI1gWL7Do+TPBBgjXGQxHR8sY4oaojXAMR0fLGWAYI2hCstR0nzxnghYGuIx01npn8MlQrxloY6XjP4ZYIeCNIQoFOM/hComPBFJNA5FOcRigxRSTK23FOc/hnC7BC7GkJiiC0mM8V2A0QEqzHDLHJMgeh8VUhJMhJAwEEgMlzO45gUgWuS66lebkXUzkANq+5yrq//ACXX9hyrr/8AJy6IJXYD0KftORPc3X7i/wD/ABnkaAB7a/dODan7qsavU+eiRYgfV8X7bjbnI6K/teN7M+NWS2Y8uRaywPuOP3+O29javt8c6M+EXs8q2bNa+/z16sD7xc6eqKXsI+L4v3XPXc6K/u7t6lH2HlRa5Kny3H+6q3q4Ovj/AG/E/wDZAfQeSoeSdjyK/seN9UaV96vRoo9RXHkjz17Vd5Ra9tPZgduaHmcX2EUvYQo7VZDV6nF5w8yA7Mx5nIuZDXMB1Z/IK/fVHL5U+o6tO0SRc2ecV7HocXsqUlqeH7v6Lx1d6tv4PrOHjVUn1M/Yq7J9jHtjv+f/AEe2a/P7cHLxvFr+5jZQfS+36lnt1PI5PRbbOcez1/6PDz5QpRrf1bJwQ/VsSH28olDbJfBdOEPx3XcRr7m38kg62XQTs10Eaz9jjqGLfwT5PgHaSRr6YuNBORKw8kSNd5/JpwVJEoa0EXrDbY1HUUiyTYOsNvULBsJguEVuIYi4BMYasBYreQBJoADJroNWnoGXwErsAnMyFm2gbGnC1ASbSGn1Bw1oC2AS1ByhrQbsmClMg3oGgbgFZWom3v30GJpuEA3XSQ2QrTEdhTK1AqsJSNWW5FVKcjSSApWhyFmmS6t6oaWhSlLFkxtoNAHPcJSBuRQAxJS4GKYCE1DgdqwhavULNsgEpKWKJdhqjesgNusigTqp3HLSKDUTyGrSGaIFqEDynYTbegBC3FqNVcyU8f7lEpSVoiQgAeoQMWSAcBAspFkRFND6CyUCVgBTOoxOw+kgGhOs/AssiphANoTBWlai1AYxDkoT+BpCCQGAk9BAPKHEA3A4TEwhruJ6jnQkoIaHPcWfQcEDkBMAPPlATEBJ6HxFCEADkBDAYgABhIgAcgIAGApAByEiABgIAAYhgAgGAAm1swAC1z8y2saU9znr/sc4Adq/Zc9XvJpX9vzJnn6AB61f3V0Wv3Te7PFgMUUfQL95oUv3dT51ICD6VfvKdyv5uvc+YSKRR9Sv3HG4S3ex9D+p4OTk/wDu5NK9JPj/AP1v9fT2/eq+R/jXofpNKVrXx1UVrogpusa/+CL1k012EZ1Mx5/NwyjzuX1Frpue5aqfQyfHV9CRrNfO8npVMn6a7H0HJ6ynYz+suxOW+3gP012IfprsfQP1a9iX6tewh9Hzr9JvoZ29B9j6R+rWNEZv1hF+j57+PXYi365dj6T63wS/V+CQ+r5l+hHQzfoX6H1T9VdiH6i7Dlfrr5W3o3Skj63KfVW9WvYn6NGtEI1n67/L5W3DzV/1kjC61aZ9Rb0lsZ/QXYkbz9t/l8zlZ9IHLPft+trM7GPJ+tEbz93jZDVvk9O36z4Zlf8AWt/4kjX3xw5pMqU1oza367k1/wDyZL1OSugjefviXK6yUn3Jfr8qZLpdLVE5a+y5kDObdoHk4Ea+2L0HpBnmluNXQ5az9M1UPYNtBZoM0SL1ihNIMkEoResEAnDkcoWgXrD3sJ2jQNghMFORaADAdXAmpYhkXQ24haCl9xigqKWIOOhMBAAmDbQbaj31CFNkg3Q3boIATgGxwS0wBlK/QlVYTHQhQx9ATkECjUNBzBMyCmEpKYDQNGipSbfQWpaaQZILQmo1BtE49e4YyCmL+wRDG2tglJwEf+A+QdnsCnoLQUMfQFA9WicugpYKqEh9dSZYAqrR0JlpiYLcJVSOUxQEdgVWgko+SWoCWFoGhPcoJRlAmwCChJlbkiyIK/GR2+CI6jyCUSAwBXnMRq6pol8cHoj4yQHiLFgKQkICAGAoABgIAGMkJAYCCQGAgAYAIBjJ1GAwEADkJEABI5EADAQFDCUIAHISIOoDkpE7vTYTlKUB9X/6ep9i3wffN6nyH/pnpf8A0257KG9mfXPuQJPTcWonopFmQOCWtS9yWBDUkuvY0YgMnSAwNGyQM8A8aNYADHxrsLxrsbAIrJcS6kX49dDoFAHP4UhPi7HTEixIjm+unqLwI6XGwVQWuO/rp9CLeqj0GpJdRFrzreroZv1HEI9TAnxpMRLryvpaHO/Rm2x7r40yfEhGs9ng29FdUZW9GkbH0NuIytwJ6QSL3r5y/oVeyMrehGyk+mfrJboh+tV7KBFz318tb9f8GL/XWnRH1VvU1F9VCN/TXyVvTvVxBL9Sy1Pq7eon0Mb+ko2JF+uvmHwXXQh8XIujPpfqdIJt6WhI1n66+cS5V0F+SctH0D9FdiH6NY2JGvrv8vCdxq5638fX/kxt+vU7CNfbXBmPOp1v0Pgwv6LVtBGs/dllXuPJFfTsu4n6/ItpJF+5ShyifFyLoHjuI3n65/KpAztnXcMrdhGvrn8rYIzysNXEX64sZGYZiH0xYicwyEXv1OWCtDFkOUyRevU5kWoZJDyQh1gTfUAyQJrqDrCj5BaDdewlpoPJcC+R6BCFoPJcVKYk4J0HoFuK/EnSRBiwlxVttyJ0KhdwipS4JcaAnAL4EC4em4gAAGAAoT7igYEDeoloLUcgqXLZdf8AHUlKQhr+gLggp6iySCSxLhQ+gfkOWGohcKRJIoQLg/8AwNqUIciJ1hQwGAh1jlaSRIMD0vjgUDAgWKDFDBgQ0LFmgSBlix4svUAM8WJpo1CAMdQNYQQgMtQ1NYQsUBEilmmKDADOWOS8BYEEyEjdBJMQABDFDAcgKGADCRToADkJFISAxkygyArZQuoapb9UKdY7BM6gfq36DBfrePFRopPSs40PE/8AWOd8v66qXRQetyWh6b9SAdtIJbkl2FkSis3sKXJDeoNiq0bHJi3IKzRUatgmY2sUm4INZCUZ5CkDRhKM3Ziko0mRk1Y3dAUDgzyY02BWKHK6EtuCaNgW9WLrDBuATTeoDSQNImVMBoA9AhC0BsCWhYoaGQLFCxXYvQGo2KrJ1T6E4I2fyLGpNGOCJtxpo6IQokDl8KJtxJrY64QoBdcXgUbEP1kehiJ0Ited9dEP1ZZ6fjQvEgV5b9Uwt6yVtUe0+JEPhT3Qh1rx7+tWNKyZfU+D3LcCjREPhQi9a8S3p/Bm/T+D3vAnuRb110Qh1v8ALwb+inujP6K7H0P1l2J+rXsSNZ7vnn6HwZv0GfRL1k3EQL6aEX6b/L5t+g+xF/177H031BX9TQRfp/b5Z+jZdBfTufTfTQn6SjRCL9P7fL29blWiRP1+VLY+lfpQ9hfTXYRfp/b5lcHIh+LkXQ+l+lXsJ+nXsIufr/b5l1v1RLV+x9K/Rq/9SH+ur2EX6vnpuugO1n0Pet+ur2If66r6CLn6vFyYZM9h/ra9iX+uXYRr7Y8jIMvg9X+PXYP49diRfvjy1Zh5D1H+uXYh/rl2EPtjzs0GaPQ/jl2It+vfYQ+zj8iF5Edi/XPuxP8AX27CNfbHJ5EPJHR9C/Yf0eTsIfbHNmh5I3+jcPo2+SRPswzqLNG/0eRdB/R5Owh9sc+SCUdK9K/UPpP5LD7Y5soDNHSvSYfSYifbHLkh5HUvRZovS0ET6f24M2GTPQr6KK+khE+n9vNlhLPS+mkC9Sr6CH0/t5s2BSen9FMf00ugib+jzHL2A9ReouwCJ9XgyAgOzyHoIQwAZI5AAAQDAQwAAAAAAAAAAAYgABiAB6BCEABCCEAwFCDBDCRBPjRL4zWRCCMAwLAQZ4CwhyagBjg5ZWDNXVLfdj02A9z/ANa/eP0L/X5VPHZ79j7tc1eWq5OGytVn5SrVWj0+T6D/ANfX7K3IqVtZ8C/8GdH2dnLnrBCcbkc//wBdapf5Jas4+T3q1Wq1MK7m1uLJHm/yPH3D+S40u4V6eSHkjy6fs+J76Gq/YcHctHdKmS3dQcdPa4mpy0Zdefjt1QR0ZITsZyu45AuQkzy10DL/AMhGsi6ySrMJAvNBkZ9SmUXlI09TMcgaWaZOhGQ5CqkckSEgXISTISEMqdDK1mti62lBTG7MnUG/gIqZAgE2UUPYiXI7WICCoRMikKoCZGVBA4E2wyAGiYBXc6lNgS0LEtagBGIOhegMDJ1FHwaf2K0AyxJx1NoWxLrDAjAHRNQa46EgYvjQsDbEWJFYPikXhOnAToBz+EXhOnGEKtG9wVh4ReE6sBYiFcj4JD66OuEJpdgVx/XYvrnbiLEQcT9dPoH1l2O5VgIT0EHF9ddiX6y7Hdggwr2EK4PqrsJ+r8He6JBHYQrzvq/AfV+D0VVhiIvWvO+p8CfqfB6UdgxYida8z6fwL6nweneglxuBF615v1PgX1Pg9PEHURLrzPqfAvqfB6TQ8QteZ9T4F9T4PUxFgxFeb9T4H9X4PRfGww0ES685equxX1V2O51l6D8SgRLrg+suwfWXY7nRdgVF2ELrh+sJ+v8AB34IK1Qi15/ga6Aeg6agIj81AANoAAAAAAAAAABiABsQAUAxAAwEBAwCRAAxDAAACgGICAABAMYgAJCQABgIa3Aaa/21aB/9dBJzMhWv5VrumB3/AK39fye9z1WMUnVn6N6fp8fpevXj40ttTj/Q8HDw+lVqiTa3PR1VpeqZjVc/PV2Wh5nsesmnpqexdo5r0ybSM6rxvqVaM36nQ9bwakvhMjxX6TRF/WdVuexbjhwTfhrZbageP4+auz06ArexXax6L4LPTotjN8LnUnkcv3fao9XoaL9pzL/Iu3AmR9ddUWjan7lVWtW2dNP2/C1Ntzy+T169EZ/Wr2Yqx7lP2PDd6M3+1xNf5HznghaaMjDnW1hUj6dexx/9Gi5E1Ksj5WfZqpyYl7PtV2bLSPq8y1Y+U+/7VTev7b2EtUKR9JI5PnqfuLzqjWv7tT+RaPdlC07nmU/ces1DZvT3fWst9RR27dRZGNOTjeqsv/JeS7lqNMwViJ7AsuwGktg2+5MsJFQ5sCkUhLFFSIUiYBlrBaZkl+RZRdmmGUIgHZdgLylDq4IbSQZAVa0jSITQNsgvVBvuQmNsotpJEsmWPLQBz3FkicpAC5/8hrJM6BkBblV03IU9R5yLKQKkehDaSClgKyQJmVrLIrIC3HQUkO7gFaV8gXKErKGSPaoD3UhRiViZ10AbbyiSoaIiHJcuAE2EIlse4DT/APApUhPQTqshRTabSCIJaWkBMAUISswlgNaBItQIG4YToQ5ksUJAtWGWkE0s5ZRWKkcIl21CZAtpC0JbYlKAqAgWQZFBik5Bzl8Bkh2fVE0K24gy1B7gGgQhaDnQBACYAfmEhJrbi7EeNmqJkcoPGxYNFocjI/Jf0HkSihCyCRRQCkJRaGApQSKGwJkcihgKQAYCABgIcgMUgJgOQEADAUgAxiABhIgAJGSPIBrY29RK3tcdXs2Yb6l8VsfYpddGQfq3rcfHT1KKvYVrNKTH9dzrn9KluqWpfI9IMa0HyTSe5FbOdETLax7Ew+jggt7yS/y/sCtH+Wwr2msU/uQZtq39SXRs04+OqWT3FnLjoBnFVpBGNW9jdpKdNBVdOiA57cFXrJFuFRodTp16CipBwPhci8L7HfjUMa9EIOH66a1RD9dI72iWgPPfCT4a7Qeh4w8dV0A85+uuxH1vg9R8aa2I8QV5tvWqt0Q/W430PVfA2Z24IQHlv1q9ESvXuurPUXC4Fg0B5f8A/wBFXpdqDop7ns0SnU6rcSf9SPChUHH+156vVf3Oiv7VN/m9DjfDD1JvxV7Cj11+y9foy6e/wN/5Hgr109nBD4bJ6MtI+n8/HbVWRWddk0fMpcy6sT5/Yq/8mxR9TP8AcUnzvH7/AD0Wss1/luVPYUj3ZHJ4y/bvZ1/uar9txlpHqyJHn1/Z8LWrNF7/AAvqKR2tiOde1x2U1sX5uN/7KRSNpJyIXLR9UPKu8ikXISyckwlCpFJsb2IlDVi0gTX9ytN3uS33F/cUinZvRBJKaHKFWHItZAG0uopFSgmNtiJTBtCkV+Lcju42M9Egqk9xUjTJQTIhCiim1BnICilbSAkQCgcvqPJxAnAhUUKXJMsBVPWdxtktuCZYouWCsSgW4qLVhtmbcMcihz3HlBIpJRTcuSpMyp0AcpBko0JewlGJVXXVCmBK2InbsgKkG4JygTunuhRUhCfUjIJCRa0E4JdpDIUNyNbfJMidgqnIJkOwZCjSUBnICpHwTJdShMqs3UWJYmBEIHRMqAKjPBCxNYQQgMcWJ1Z0aChAc8MIZ0YyLxlGASbeMPGBjI5NPGLxgRIF+MPGBMhKH4xPjAJQNh4wwYCkAxYRYUASLUIYocjkmGGoFyKSZYSyhgTLCWBXWClo01uQ9kxuzlIyP0n/ANdpZfr0290dfL/keJ/6l7r5eG3DZ/47I9rl/wA2mZ1cRmq2MbclnaEK2rljq0tjKrSt/tsNxVOHuZvlewpncKFTkt1KXHZdSK3tV/Bp8gVK2sTW3HW2gCioRcp77CwqRnOnYM7IC3xpA8USuR20ZSVY1WoBFWCpWdSK2ctRoVNo0UgTo7wtinRJDpglLWosps1GnQBNZLQl0aNHRUU9wVZUhWUN9IE6uDaZJxt/YgyxSWpnaqbhI6nx0a1eoLjrVSt+gRzU4o1ZFuP8prsdCpe+jeiHaqrXQK53x5LVEPhUao6U3GwrS+gHJ469heKs7HWqTqVycaqlCA4nwoxfCtjujUTpUDgfB2DwfB34VFbjTA8+3rp7ol+vSOx3+H5B8UoDzfrV7ifrRqmz0XwoT4kyjz3x8lVuwdeVOVZnc+OPxaknxNLRQgOLL2Fs2Wva9qqhnVhYl8Np1Awr7/sV3LX7PmfQvxJbitwJ67A0fyfKt0XX9tZLVGf16/1F9dBG9f29Zlo0r+2o3scT4KrSCX6+mhKr0n+14kwX7bhPKrwJuLb9x29ZdC0esv2fC+sFfyHB3PG8BPgFHt/yPB3Gvf4G4lHheAfh+SVXv/c4f+kH3OHueA+Oy2J8XJvLLUfRP2ePuil7HG/9kfN483dh/wDaupKj6XzU/wCkw89OtkfNK3N0bJb553ZaPpvPx/8AaH5qf9I+ZT5e42ub/pij6VctX/sgfLVf7I+aT9iv+w8/Z7irH0fmq+sB5K9z5vP2u4/L7S6ikfRrlr3F5KzufOef2UNcvtdxSPo3yV6MPJTufOPl9ruD5vYSQI+h8tJmR+Wnc+c83sD83sAj6LzV7i8tO5875ufqxrl9h7agj6HzV7h5qf8ASPnXyeyic/YfUEfS+akf5InzUWmSPncufrZib5v+mKR9E+fjX+xL9ri/6Pn45X1Y/HydxUe99vh/6E/c4V/sjwfDd9ReC3cUe6/d4e6D7vD/ANHheC3yLwW7ko91+9xdGiX73H3PE8Nu4/DfuKPZ+/x9xP8AYcfdHjvgZF+C3Rikez/I8XdC/kOLueTX101qxfXZaR638hxdwPJ+swJVeS3IhIZ1YABIpCmtg6iAIcIBDIoCAKgoSAYgEMCp0AkIAJCFAQMYE4jxQwAnFBgigAjBBiihSBOKDFFAFRggwRYARggwRoLQCMEGCLADLBNwPxwaQECjo/We5f0/ZryJxXqffcXtev7ta3pZZNan5w467Hb+uft+RV9dtqTOmPtbwuR07bGLlM0pxc/1lflUX6nFf2MXDMa1jpzU6g7o4L+5VfHyUva4n1Cu6t6RPUPI3pJx+euha5V/q02B1S+4SznXIuujNFdd5CN+NKZZeVVuc2ZVrSkUbTVk25MSVdpaISdW9dCDWvNWJSHXmTUwYxV7MNEoTA1yVnL2B8iWlUQoot5FW6tZwoKLWV0p6KB5Oui2Ita1f8RZq3wwLy/GOoK9v8SVauwrPtuQN8dpykU3GrPuNNsA/NqB0TS1CL90iXay31CKnUWamCVyVdoewJLKVsAct42HNnDZFnLk2V6WpqtgM3VNhggrZNvoU4QEYpDxkKKzU9AtZRFd+pRNKzYp0a3BVslt/ckQGIrJdNytYFSsP8gJVMlIWXSC5ebhaC0egGKpFpCybehuuPr0H+MbbEHP4e4nxG2F7arYpKsb6hXMuLUHSHBst5Has6hGFeOXBNuPko9FKOmdMaKGZ2veri//AJCsXxuy2glcNludUdd0PEI5XwyJesdcCxfUDlfATbh6HZgRbjU6lHNbixXcPE2pg6XXqtWDnbZkiuR00iBLgk7XRL/LcnxpOVsByLiVXsD4lZ/B3PjrjLcEfh0QHI/XqhPi020Ot0e5WGnyEceNYhV1DD/9TrVFXS2rCtU7RsFcmCcqAfHpojstwuj/AKkYpMDlrxWmGtBvij/U7HXbHccO34shXBhP+o3w/B2RWkqBW3ULRlHH4fgLcVmoSO11WWPUMVIK4lxSosloPw/86HauKvUKUT0QK4vC+o/Fptqdj4mxLih6gcfit1Q1wN9DudaJbak4gcf1mJ+uzsjWB242uoHEuBpj8Vux2VrqN1TCOHC3YfhndHZh8A0ugHJ4Uug/Eux1LikKcadsewg43xN9BeD4O+9UrQkELZ7iDh+v8AuBo7cXMIfjfUFci4U0B1+H/wAACvgcw8hVuBpE+Ox34Q8xqyJ8bFg10JyNJYSzL8kE2EG0saMsmCuINpHJlmCsiDSRyZ5IM0BpIpIzCZAtMNSJGBUjkhhIF6hLJlhqA5CSQAsQpFMgMZIAUBAEFDJCWA9Q1FLDIoJY5ZOQ8vgg14uLzc1eFbvofc/qP0vH6lK8tlqeF/6v6nD7Hs+RrWvU+3s40X+KUQZ1cxz+xPJPSvU8X2/WT2Pb5EnSa9ehz24a467mWnzPL6Vznv6nLVSv/B9R9TJSYW9fWGtgPm49ladAy9iv5Lddj3r+utlXUz+naNiDyF7/ADJpciOnj/Zca3Onl9BNqUY3/W8aWoGlP2PFbrBrX2uO+1jgf6+06aIm/octNauRR7FOdRuDvLmTxvr+z0Zmuf2aPG0tCj3VdrYpcnfc8Re9zV6Gi/YckfktQPXtyN7DV2eWv2VY13Lr+wqyj0vKPOvXQ89e7RlP2uN9QO9Wp/cTtrJyV5+N6plrlT0QR02solErkfQwzttoNXddGBs3ZiV7TD2M/KwXJkwN7OsQgdsKpdzFWSG75vX+wG263FVa6bGU22QLkhQyDpdqLTqZXbu06mLamehqrqtFAGjtdUhC42q79SVztVhqSFbLWC0bWvbappWtXVO25z1u4B3b0Yo1vfULXTgwd40DsxSN8klpuPKuDfUwz6rcT5FGopGtcsdxOy0S17k0tK12FFf9QKfLeulS61rMvcVMY1F5KvRAaWdUS2mZu2pStXqBfGpZLdU2rjrZT+O4mqTNuoCeL/w2GOz4q1/HclMIG0mF6u0QKzQ3yqtdAIWa06lVq25vuKnKpya2C9rXcV06gaOyq4JfGrOeoseNf5f5FK1d0BNqa9xuK11G7Vs1BKtV2h7FoS/JQVThVV+RTtxrYl2bIHWtE9SMkrQhqy2Y2qtZbALBSm+o+Siqt9SfyvZJdA5G1vqFOrtZQ9kK6TcLcVXZadGVgq2yAWtWh8ienyTE3y6I1fJVuOgRkl3Ba6f+C/x7k2WOoUsLS7PVhRrXTUp2eOn9xpU7wEZQ2zStbJDdq1HWzaAybsmXpjL3JdnLCLPqFC10Q1ZUeNh1To5IhXvLZRdlVw1uKIWr1LvaiaxE6O1pCIcoqnIv9h2rEfIOtaqQItd2cV/xLrWtVO7B2pasVIonVzbUCqqXOwoavkhW5Ha0V0QOUBVk5krBXWXVEvLEeUU+QFVxsK/LpDJpzKj/AC1Za468jdn1AVb3ahbdAHVtOF0AK+MaIdWXqxbHsIjEMSgBE4EuhqBIRl46i8dTWEEIkIx8XcT4X0N4EIkc747EulkdciaROVjjxsP8kdeKFjXsOCOXUMn0OrCvYWC7E5SObKwZWR1YLsJ0r2HBHNmwyZu+NdheJDkjHNizsbeJB4kTkjHNhmzbxLsHi+ByRjmxZs3fF8B4UOSMc2GbN/EheFE5IxyYZs38SDxIcEYO7DKxt4h+JF5I53yNaIpXf/k18KSbSBcLu6rqTfUj7b/1X03T1vM+p797KWjh/ScduH0aUahQb2/yZy9lgd4UdSZs3Fh5Y77matyXvotDKqve1U4IrWq/K27NbWTURqGFXWXuiDGK9B2o0pGqzsN5PRgZYOygK8SW6TN4hQTCe4GD4qt6KCXwI6cUU+NYygOJ8FWogw5PTq1tJ6GEgqdwPJ+in0If62j1Z7OKE6SB4Nv1nHMoz5P1yS/E9+3FVJQgrxJpygPmvoX+RP0OXuz6Tw17B4aw9APl16/PV6NlY+zvqfR/Xq9IJ+rXVdgPnM/aW0iXs+zR/lqe8/UrOxD9GtugHjff5Vuiq/sLrU9b6HHtijC/62itogOL+QfXYuv7Djeks6H+tr2If62j6ASvep3KXvVe7Jt+tTX47mX8ZyLqB0/c443LXt0iU5OC36/kncX0uWmzA9NeyrLohvnTaSaPKfq+xG7gnxc61TYHtLkVXoyXy2mTx/8A/qkHzewn1A9l8qYLkT6njfa5VumP7l69APazSBWq2eN9/ke6H95ge071ewJweOv2BdfeT3cAernPUJUxJ5q93jnc1+zR9SjuA4V7NTVc813A6Zx6i/K7+EYLkT3KXOq6Ig3ivXceaUIwtdzoxK66hHRayshJfJi+TsFeWwG+Vdi7Oqq2t1sczbkeT6sDd/45W3JSVv6GTva27HV47MDXGNEC0MrXaeo1eUUi3sOjfUyTjUavqBaay1HyPSERCmeok4ZA62dDRNNyzKZ3Gq66Aa35HRfiiVlf8noZu7WjG7yii01lHQm1llBC3jqVCmXugKW48c7f5bdCN2kK+XG1iBo05jsTi76roQ3bfqD53x6LZgDymC/zp/cnKdUPK76AOlof5KS5S2/8GUzuh413kDbWy0ZNapOHuZptP8QTvazdhRpgpkm/I63Tewk2TZZAO1rXcocXtp/5YVrihTboKB8eL/Fz3NONN7mS5LIXls32FG7dZgHop3MXbL+oJtb7Ci/NaIgKp2rLZNmrLsTrjAo1wolvqFbNbGVayvkqrxeoGi5Ndv7gQ+RMAPjc2EtkhJ66tVISIZSgZLEBcASBRWgEDIKAkcgMBSKQKCSRzAooCGwliihCkcigAUhLAoBSwlAMNBCkgYpFIAMJEKRRQpFIpLRTbg14LKvs8d90t0YNp1HS2GLrvJndR+mcHKr+pR100WwVaT/I5/1HJ5PQrO8Fcr1PP7f5UrWVuVzsGcaV2MpYGRtW6nVEt6hkojqLLEgrJrYp3TUvczq29WOEBpR9xO1ZhEZ4/wBA/B69QNIY5ZnotZ/sFbSBT0UhVz0gzdtYKbxr8gUlqOyg58rSXm4/IC29B5/i0jNW2LjGLdwJ43mn0juVpMFWtSy00ZmmBdq1WpNUnLYloUrIBNVQoE9x7asCYT3C3G/7Ip2VttCklEMDOFbR7Evjq02kW8U9B15E6OAMlx1fQXjo9zXLSAwn+gGD4KB4KWUG2mw5WwHIuBLRRAW9esbI6sEJ49AOJ+suxD9Orex6EyEAeY/Rq3sK36+jX+J6cA1oB479CnYzfo1nY9rxrcT469gPF/j+N7rUyt+vSZ73jr2C3Fx9gPn3+u6rcz+ny92fReKvQXhSA+cfqcy2sJ8HsrZn0NvXrZz0F4KtRAHz0e2h5c63TPet61Y2I+tXsB4nn9laQH2Ofsz2repSJgzXqU7AeYvc5OqZX3rLozufqKdETb0aty0BxL9g8uppb3k9djW36+kzBD9JtQ1oA17/ABNajr7dW99DL+PJr+vtVt9AOn7vHZw3sWvb4l1OB+hZ2lE29PlmJA9Je1xW2sHnSe55n1OWgvFz/wBQPV+wn/sNc6/6R49uL2EJU9iv+QHt25U9mgrzR1PGy5gd+dLQo9ry92C5Eup4fl9jqUub2OwHs5w5qx+R9TyLc/NVTBH2/Y/5YHuO+koFdWUtni/e58XoXT3eTHVAe1Xl44ae4qutpyPG+6l0Lp+xTUQB6rvVP8dkN8j6Hmr36dh/fr2IPQy7lSjzvv0xkVP2FW9dgPTV8VoLJtzJwP3eJtJvQLe5xViLAd7dhZwtTifu0t/tAfb4ojIo7fLOg3dJHCva4m9yn7HE/wDYg663q9eo8lZnH5+NdQXPx9wOxtLbcWc7nI/Y4+4vscb6gdjdQdlCRyebj7leWnSwHVW6ROTmHsc3mh6OSvN3ZRvkgMM0AR8vIM73+vsiH6LNfVmuKRqx0v1IXyZ/Wubz9DpnIGn1eQT9fkQ+h0kJ+RviuiMbdi/RaoBYXBqy3L3hTQEthI6wqhdQySFlVl7wphAskPJDrFoSAWSDJC4phIpQSXrA5BPuKUDHSHoBOg9BQSASglFqgJDQWhLgciDQNCXAAGgShcA4lLuK3+SS2Q5QShcH2X/rX7SnLxP17aWr/ievy1i7TPz31PYt63PXl491uvg+29L9jxe7wppry7YnH2xGrUNwTkk9Q5MqPRTbqiY6vQ56pu6KreFqKa9UDdXsSqpcimCnop6GITJUVm76JbFLTcyV42GuTuBtnVr5Jzgyf5PTQa01epRqrrcUpshNt7QhWluEBrlVaMaa67Ga03FayeiILvarUVE+SzriiaqtU22FeRJudgElaNvy2Nsfw1epHkTbgMqpy3LKGk41JyUjfJP9B51qtpAWQ5cS9ifKp20B3T/oBadXsxa7MhYx2KryUVHOrCrXGrKRJJaLrsZcd7v+gvJatgN7aJdyc2TW+bBtICprMsrGdamcpoVrOulQjVdmNVqjBNrWw3y27SgNk0lt/cnyVmCaXVt9BTS18UBdrJgZ4y38FdIArRCJBNgUGNSXZkK1m9gNcV0E6vsJNwXTVNtgQl2HZaBazTUDyaAyrk29C0Vn2JWj1AV1BKTesGllNk4BwmBnC7DddJSG3LhbjTslj1YGS409Qtx1g0VYB2qkBi+BNaD8SVTdXTroL+oHKuBN7C8CyR1dfgOuwHM+CjI+vXojsig6qr2A4X677E/X7o7rSmNpQBwP16f8k/Wq/wDU9DFPoP8ACNijzvqJ9BP1ap7HoadBYq2+4HnX9NNbE19eldMT01RdQ8dAPKt6lHOm5P0V2PWfHQWK6AeRb0KxsZ19Kteh7WEuI0FbhjbYDxPo/lLRN/Tb0qj2/E3uNcS7EHz/ANBhX0cXJ7t+NLoT4Z2QHhX9K7tKYP0Wtep7tvWha7kW4ZWi1KPD5PUv0JXp3e7PfXr6TZE29fsB4f1eRbMl+tzHvL1tJ6ifAtiDwXwcwLi5vk91+tG4Lhqk9APC8PP1Dw8x7L4H0Q/ruJZR4vi5xPj5+7Pa+vPQPq/AHi189V1Kz59z1vrqdgfrSB5C5PYakD1l60aLYAOnk4KzoR9esanZ422HiPJdxzef9VTsN+t8HeuPUb4x3qPO+t8B9Vdj0fGJ0Heo85+nTsQ/Rq+iPTVAdEi96teV9FdkRb0U+iPXdET4rMv00rx3+vouhP0K9Ee0+PuheOvYv10rxLfrk9kQ/wBf8HveOonxJ7F+uj59/r2J/r33PffCLwov10r5/wDj79wfoNHv+BC8CH10uvnvpWXQh+pfoj6TwJkv1qj66XXzf1eRA/W5T6L61ewP1qdi5+ulfN/W5Q+vyn0T9VdEL6q6ov11a+e+tyh9flPofrV7B9RPZD66tfPfX5B/X5D6D6tOwfWp2H10r5/6/L2D6/L2PoPrV7D+tXsPrpXz31uTsC9bke6PofrV7D+vV9B9dK+d+rfsH1r9j6H6qH9UfXSvnl691sma+t9j1eby8Urq0e6vV+BW9eIJ9NWt/V/Z83s6Y/n/ALM25PYfE/y1fU7PS9WvBx+RJfkcPu+u72dx1W/Ul7/FZ6uDSvtcTeljxuT1eRa10MLcPsVcptFaj6NctbbNFa9D5pW9umvQ0Xu+yt2ypH0KanXcaunofP8A8lzREGtf20JTXUUj28oDy49JPMp+yrdS9DRfseEEd/kb+EOY1OFe7w2cJ6mv2Kdykbu7bKRzrm43/saZ16sEXE2Q7KuikhWb66C0W7CLx0aT1ZKo0/yYsh+TvsBrjXEzht6bCtZtaDVsahVuFWGFXSq1Idp0B0jrqwK8lG/g0SpiczSqnO/QK2brDYG75+OmkkLm47Wen/gzXHSZepStSkwghtu1/wAFC6jrS+reovI50UIqjtDSegFbaDpaqTbephhduJHha3XRbgbZ1s/gHdU21Ri/wULcmtbN67AXnW9tA/xc13Dxpa1YII2rMa7vcm1UnKZHJk2nMEWpaNHqBo1yPVbCXI1o9WC5bVWvQVIcso0StEjXI8YaM7+xZKArd3rD0ZBtWEtNzNu70IrfFx1KryS2gDNafA+TlmIRNay9Qq1VtPXsFVR6a7g+T8oZMtPUMHORRpbkUGLVnaeg7JPY0WlGA00kPNmSs9WOqs9Qi5b3E1WY7kS7OK7oqia/y3A0VKpClGefcedEgHazgausYZCurf0KVadQKVK26i2Zk/xtNXKDyNvQDWUD20Jhtak2d6f0A0dnGpHyQ+RsKK9iDWqlSLQm1lVQtyK5PVgbIl0t3IdoLtf8ElvBQ6UXV/8AkHCZjF31K/OAKduwflu9hVcS2D5lZRAFO3/gFqQ3pCBWaUdQC5VbWVdiGnuy1ypLGAIu29WNJ1UrqK1c0y8lSkbsBflbQTo+w615XWUhcfk1b6AGDFihu93siVZtw9GBWKejDGi0HKr/AFJSVnqUJuuyKgPHWSolwBLpUnGr2KtWqcJzI8eOuk6gZvjgl1b2NmhtqtfkDGtWlDA1kAIrkaGat8FZnicVSEk5MMgqggnMHcCnCITVnoQ23aS5jYIp/joQ5RKbbllNsKqZSkThikGpICEEBjAlYocJhj2BgAJdxwgkADFExUqQhEonGQwRYmKM4CDRMTsWiVVDdUkNbSD2JRkqIrFFOyiOoosFJ1QloUnp8jmEBA60GrAKRLoGEFIYomNCuLiz5EJnf6nFjXyM1641mV0YxxpHNy0lM6OS0/0MnadDrjrmOC3CnWIMvrJ6JHowQ12LVeZyespgyfqI9PkUvYSrG6FHk39SvVGdvSo1oj2FSttxX4a9C0eG/SsluZ/Usu57teFvcLcCQqPB+rZa6kvj9iJT0Pc8NbKI3MrcMKEKPHj2I3KXN7FVGsnqP10lPUn67erWoo4ae/7FP8tjWn7PWb7GvJ6fUh+pxtfki0aP9nXR9Gb193jhOTgt6KsprsiH6d2tHECj16+3xROWofaq3ueJ9bl6PYPB7C6lo9zzroyq3dtWzwH9mr3Y3z+0l3Qo+gzrESKUeCva5+zGvd5l0YqPdyjqVktzw6e/afylG7/YUUJikern2FVurk85fseNadC17/F0cgd7drfApstmcf3OK3+0Frnp/wBAdWU77iztsjn+xTuaV5aLVgaalJmfkrb/ABEroDS17DpayUszd/7j8jiI0A2dqwQmzOSpUAVWis5Zc1q8VuYy2ybTkmgOnjarLtuQos23sZXbtCHWzro1oBTtXoxqWyMq9gya2A3vqkuqI23ZCytLIauyjpo62TRF/wAZrOpnROusg/8A+yW9wNeOFSLByKHoyGm7aMLT1CHR4vcp2bJpVNlpJMCIY8G9wnUV+SFoBdqqqlbku9r6ISlqWPyJVgAp/wDW/wAhNzdE5y9TRWqgFyWahI0V6usPcwdsrFQt2BadEFuSP8TN2qkFb1TAtXT33JtbohPFuUTkpgItzapScVImFoFbN7oCldjrdKZJ8lZgnFtz0KHObhFWiqjqT/8A1tNE3raznoQWlpJWaVdv7kqk106CdtMGAqzZ76FurM3V0UodOTuUW1D0cDdVVZNmfJdSKtXyvXZAVx8l256dDSz003e5ll42qpTWRtqcuhBatitNweES/wDJma5ErbfiN0TtlJRXYLv8tBTD1cDbq7aANWh6hZw5Qm0kTk3XQB8db2vLLsq2fyjGvJauy1HVuZt1CtU1MEuruyLXqraOUNcyWxEVSj2b0ASv3AozXIntYM/k8PL2F1Dzeyjy8vPce67DzR4X2PYXcpc/s9mOdOntZ9hZnj+f2fkXn9nuOdXrHtZIUnjef2g+z7C6ORydY9uRWszxvt866Mpe9yxqmTnTrHsKRvTc8he/yIf8g+qHOrcerLY9EeYv2GmxS/Y1iIHJcejIzzl+xr2LXv1HOlx3MRyr3ePvI/t8fcclx1SKTmXt8ZX2uMnOq6JBvQxXPxvZ6D8tO45VeoQiPLTuHlT6iDSew50M813DNdxBaSWvUHdk5ruTku4guZASdY3Ca9yGHl8Bl8BlUMqkaEiB2XcWS7iMtOOmdoPVrVU4kjzfVsvIjv5G24Z29cdPRndtf0Jd0tw5LzotjHkt+Tg06rbs3K2G24kzfL0KyTQQrclY+R1/Jak41WsSyqbbQQTCq9R2xWwsnZtMEpeuwAl1J/J2iNC7ROmw21GhRDWOiWrJ8SmY1NMkteqBUs1nO/QDN1RnhrrsbvVCxTcNgY4rsSuKsyb2hPFDVVVSwOa3G+i0JXFHQ6lZtbdNyIv01A5/CuxD9fXU7lR4ywxUQUec/Wy2RK9ZzEHo049RuqyA8x+rD2M362ux6rqifFLKjyb+mrdDP6NUey+ONGHhTCvEfpPsS/StGmh7j4UR4bbLYVHhP1ORE/X5+7Pf+vCJfBCFHhePnXVjr9iurbaPZXrTqD9VQyjx/tc9dEOvu8qcvU9NepR9CLerRPbQDj/kbzsV/JQb29OjcwS/Ro+gIOP9lRqHuNe/SZM7+hC0UGb9EDu+/wATXYKe7R7s8/6FujJfpXXUD1vt8be5fnp0Z4y9flqtGS1zVcasD2/LXcFypnieTnroV9rmXQqPb8ldluWuTFas8Je7yJy1qUvft1QHsW5JYTKPJ+/8Gn8gqrbQD063xY7ckv4PNp+xo9zRe7xvqB3qy7jfIzhXtcb6lrn42pTA6ledwhW3ZzeancPInorAdDs1o9gdtNEZK1erB80aLUDeq0lLUnJt6mXls+sDVu4G2grOdCMhZMIutV1K/BdDNWY5AqFOgsVMikE+4F5Bd2jRwiHao25QD46qJbG+R7IgagBO92XW1sYYk6heyjQAu2ohjrZR8iVZSlg6pFop8qmGCslJFklaUJKWAV48rt22RrezWlDN3wbgXks2BouRqu0/1IrdurVt90UrN6sm/wCV4QF0rKb6EWdq7Gv+NYM1qtQJWdlrsXSr36CvyJVhbgr2rxStyi3ZbMmZcVM8m1L3BOycrYDXWm7JeV99hNq71B30xqQUuLjnXccVs4W6MPDyJ5N6F2lV/DcCktcQISulruBRVvXr2JfrrsdrIs0cK8Li+vXsPwV7HUJlqubwV7C+vXsdQ9CVHJ9evYPrrsdcCxFHI/Xr2F9avY64Biq4n61exL9avY7oQYoVXnv1KvdE/Tp2PSwDAUeY/TSJ+pOx6mAvGiDyrenZIj6tj13x6CwFHkv1rC+vyHr4C8YLryvDyoVuPmWx63jJ8MheteVhz92OPYXVnp+JB4kDrXlZez3YZex3Z6viQvEiL1rzMvY/6YZ+x3Z6XhF4Kg61wLl50tBeb2Pk9DwIPrlXp5/n9jsxef2OzPR8C7B4F2B1rzXzex2Yeb2D0/BXsHhqQ61P6nku+dK3Vnu+zZ1uo7HlelxqnOrHsc9q5J7wjeOv5+zjdluyXbjb3Dktm2q9DBVbD0OiOJKTOHeY0QJaDyx0QRdWqKN2K3Je2iRnkGWshY1qtNdGGVno9EZO7YZtkGzaxhC40qvcx1FEvco6GvynoRez2qZ6u0SyraLToBdJSlg3LM4s0FaWVZAuqi0sLauUJPTUdboIWTdseg65UlLWSfLVW/qO1rToBVaXdpb07BCnQdLN77mb5Wm0BqlZCSbbZCtaJsFOT8W3uBeLkE1MGatZ2mdCmm3IFuq3JgT5NIKpqgJgaQ4UwO2mgEvUSq2VjGqGnWv9QIiBOpWSGWozrxpOWLDO2q0NXCrIJygM/GloLx6msTD7BkpCsnxVmGTbgq3obWh2GqoI5r8KSgnxI6rVT3FiugHL4k+hP16vRrU6sUV4pXyFee/UXYS9WrcQd6o1ow8fYI8x+nVdCH6dex6q4e43WvYVXjP0l2Jt6CaPawq+hN6JaJCjw/48l+jZdT3fF1B8StXYo8D6l0S/X56uKnvLhS2FbgT3LR4Ph511YsPYXVwe6/XQvrVFR4bfspaNhXl9hOXJ7H11I3666IUePyez7EaLQmvs8/yevb1p0gVfTq+hKPNXucy6Mpe9yrWGd1vVScQS/VTWwRy/yF+wL9k51Oj6a7E/Tp2KIX7Kq+DRfsaPdmVvTTeiI+mpBHUve4erNF7vG9mee/VhwQ/Wa2KR69fZ43uynz8fc8VcPInoxNcyYHuV5KvZyVK7nhZc9dm0Hm51q2Fj3k2v6DtNjwl7nN8lL9jyJ69Cwe21FU3uPJNJHi/yb3Za/bV7BHrWTeyGrUSj/Y81ftasf8jxvVgd6s2OtE3M7bnB/JcKLr7/AA2/2gg7fK4x6A7xocf2+LuUvb4f+kB0pJvUbunKa22OF+5xVejkv7nE1LepR1Vsp1G+SehxP2+L/oa9vh/6FHStLz0Fa7ylHO/c4v8Aol+1wpaWA7VyWtWHsKs5OGcb9ziiMgr7nFL/ACKju17gcK9rj6WAD1c2EmObDJnnjwxrmkJ3RnJLuFjXMWZlkOQsaq4ZmL5Eg8hCNsglGPkHmio2TQSjLNBmgNshOxnkhpyFVkUnoZ5VCQmrkehmPUKoWgpYsiChwTI8gggWI5EmFGI8UEikBwLEJCQCAgHqC03CiEDgGxEocCgJCRQk8LKy/wDB6Vebi5ONTozzk0m5UyJWdVC3NZrfpro5FjZur3MHZotuy4srbnFf3OOtoZvHq9duOlXsN8yW5w/f4l1F9zhs5ksV3O4ZHG/apbqkN89Gv8jPOldeYsjm+xT/AKQlzpvSyHI7K27izixzeTX/ACRXlT3LyrfNSU3KOXyopcrahbEhXRW7SY68jx1MFyJKGPyLGEBrlI6tNMxVhpz1gI1mHJS5dTGWvkHdzJBs7tW0HXFqXuZZTr1JkUaq/wCWPQpJJmNXA1eGKOiKvYmdGkzFuXIIDSpTbSM1aB5ToUWpepD5GnAV/HXoN2qFUm4lhl0M5bKrZRqEN66ILNpR1JryKdB3vW2wF0l0c7IilrTC2BLksoq4Qk1Rx1A2eSUsUpKWR5pFm3owqqr88nsW71Whna2iqTl2CNbWqtWPFRPcyXJW2jG7T+K2KrTGrFa2OxOXRPUSlfLIL/qDXUh8jdoQPkjRrQDTdSwSRDeS02B0XcIqVsh3tWqxZne9aqEGjrL3AtJW1kNIEnoGOkyBNWk5ZdmnsTK6if8A+uwAyStepUUYE4W7FYJKRz2Zm6ue4BaqaEqwPbcac/0FGdqJg6JIpNO0Ib0YGLr8C8aN3ZLoS+RRsUY4VQrcS3NsK2U7EtNL8da9RUYW46tRBFuOqUQdOKiSVxZWnoKrjfCm9BfX+DuxSZEawWkcn12ZPgeUQel42LxwKPNfrdCX6tex6niUyx+Koo8h+pXsQ/Tr2PZfChrirEMUeG/TX9CX6i+T3fAp12JfCui0LSPD+sL6z6Se34ELwIlR4v1rd2H17/1Pafr9w8KFHifVt8j+veInQ9rwonwoVY8X6111Yvr8nc9rwoH61Uyo8TwcncPr8ndntPgQvAhR4/guHhv3PYfr1Yl69UKPHXBfuwPZ8NOgCpGH8hxpymH8lTucf1Eg+ou5rh4LjuX7Lj6sf8jws4PpoT9Ko+Zceh9/h7oT/YcXwef9JLcf06j5nWOx/seMh/sa9jnXp1NF6dR8zrDf7NdhfyYP06h9Ko+aXF1/aLqWv2tOxh9OpP0qofNesdq/aUfQtfsaHnP1OxL9S3ccHWPZXvcMb6jXucT6ni/XuuovBydycFx7i9rj/wCil7PH/wBHhLg5u4/Fy/8AQ4Lj31zcb/2HnTuj55150tLCXJzrqY30W4+jV69xyu5855+df7Ma9nnXUnOlx9Go7gj51e5zrqVX9hzovOr4fQDPAX7PkW6ZX8rb/lk40uPc0DQ8T+Vt/wAh/K2/5Y41fD25QHify1v+R/y1uw51fD2gPG/ln2D+WfYnOnh7DA8f+VfYX8q/+Rzo9n5DiTvaY2PJ4/2N+Syoq6tnvVS4+KsqLMsdfT11n7EvjhHjex62c47nr8l506HPyUS2N49GY+fv63JXrqZPh5e571uFW1Zlbhqt0aHhvj5vkeHsLqz2Xw1nRD+ui+EeL/8AfXVth5/YR69/WTI+oh4R5i9n2F1LXu+wtzvfpVj5I+mx4K5l+w5luaV/Z2nU0+kS/RW8CFP+TUmy/ZcTWr1OL6Emb9KyfwTnFr1F73E/9jVe1xR/keI/VfRi8PJGjY5wr36ezXpYtc6bg+dVOeuqbKXL7NHO45wfRZuRrkhnz33vYT1WhVf2HIt1JN9CvofIhrkqzwqfs3P5I6K/suNqXoZ50r18l3KVkeTX9hxPqbV9vianLUk1p6Ga6hkt0cS9njb3NfNVf0E0rpybCUjnpzJlZ5Mk0rduBP8A+DJ2dtGNXhQPI2TUDcRJiuRNwN2nbYDRctnpQNLf5GTuug3fJREAa6dBTBFXA78iiEQaPlqlqKq69DOFZCqmnvoUaWSttuVan4qNyHer2Fk0Bpala1Tn8hUsol7kfLTgaSeqYGlOXjnYV8LOSK1Te42qpwmCKpFf6DyRk3iW+SiSlAKuNras0eqhbmatTdCrq3qBok1qTZtvfQh5THTuUqta22CNJUE2vVVcE2vWoq43T6BWqadFYSiy3M22kqIaq1WE9QLqrWf+WiC1XmpZkqci1nUdcplvYC+bWEgz0gjV20BtK0BF1aj5B2Id4aTQN6AVkJtPQmSZsBX5RinoFW+KavWSb5Nytylq5tuAlr+PQuv4kW1toaRFU2UZveS9tYJzUw0XmmBNm7bIar3KVkDeugBZpIld40KaXUbaVdAJyVugYMJ0kFydwB0aILtdiST1bASUjxhT1GonQIUzP9gIdm9Ck6pbf3Id5cIqNIAi2rHgVSsqWFnDgBYkusjbfRD/AC7ALxxuJ4pwNuyBOr3akoVqfiKvFaMnsNWdnEQVm0oIISAqG1K3ADgaQsUOUKTu+NTSCEJMclKWKe41SoCdoAqK9A0JyDJAVoIjIchVQDFkS7ahFQhYikckUsUEIJkHoEGKJdUPIGxVS6Ih8aNJAFZPiqT4qm+gSh4WsPFUPEjYeg8LXO+JbQS+COh1NA9S+CuTwrsHiXY6oQQh4Xpy+FMH69TpxQYpE2HTl8C7C8KXQ7IJaRPC9ObxV6oPDXodMIMZIvTf9X6tHyZvdPQ9fnu8oOL9ZRqX2OnltN5M69v5f/Oal2XUj/KZ2C16yJ2T23I74eKiCHSr/wAgxcyU07bgTjVLYTjsVbGujBY1hsgmq3kjHVm3JejUInjiNSnhk12GqdzVwnPQWj2AzwQnRJT0NY77CvV46bFukZ+OvYh0rDXU3ovy1C1VnpuWpHMuOnWpHgo3KUHY0l/lXUh4v4JUcr9WvczfrpI71SnVg6pONy0jzH6tbRK0MvqLKEtD1WukQN1qqz16FzSPH5PSh7GfJ6fZaHr1rm1PUbo1aIktwjxV6dnpEC8HIqtJwe0+OLS//Bj4KtS9EyUjx8Oer3ZWfsrvB6z9fjjcjwSPBHm8ft81dNS1+y51buda9OHJFvV/LYeBK/bX6rUtftHZ6qIM36vwZ29eNIJMHcv2VGjWn7LjjVnlfWRL9YnOFe1T3eNuZNF7FJ0sjwHw3rrVsWHL3ZOMK+kXNR/7D8tXpKPms/Yrs9Cl7PMnLY4K+mdl3Fn8nz9f2PJVQUv2Vuo41envq1QyPDr+1gv+Vq9xxpce3m3pMINtZPNr+y4mkyq/sOJvXQnOrceh5EnoOyUymca9vhesj+zR6JkmnWOurUw9RvE51y176j8iakTStWl0YJsyzZSuupBpL/t2G7tqDPJidwNK2a0Y2zLIrOrUdQHI5jUznUJA18je7B2TRmnUJAtNqAum2miJFLXUCm316dQl9yJbDWQRbbiZCLNTloJ6VklWTUSECvyO0dEbT3Mq3SHZzAGmLewNWUJkKz2RpS2L/IAWKsstOxdlRdTK16WtKJs7O2mwHRjXciVOjM5slEiWj+QLs5ZT2ItbuLyW/sUaV/yxZdkuhjLdsiXa+Uga3lISZk7Nsq18VqQatVa00ZmqtuJFLuvx3J41etvyAppVGrJE3cskC1a0ApmWSpWwT8AbZ6abkTyWfwJVnUXJd1Wj3KNHV7Ni8dDKi5bNy9lIrTD12A3tatdK7ipDeplx7fkysk1AFcnJjpQDOuj1ADhA5PvcY/u8Z6I+Vw6mgTOX7nHsC9vjEXh15QJvuc32uPuH2uPuhE410Ngc32uPuh/b4+6EOHQ7R0DJnO/a4u6D7PF3EXjXQ7MS+TD7XH3D7XH3RU510T3CUc32uPug+zx90IvGumUEfJzfa411Qvt8fdEhw6dOgSjm+3x90S/b4+6EXh1SEnKvb4+6L+zxf9CJw6JBJGC9ni7j8/G9mSHGt5QGPnp3QeendEic620YQjF89O6F5qf9Fhzro0JlGP2OPuLzU7iHOujQTZzP2K90L7VF1Qi8OliOd+1x9yfs8fckXh1SLJnI/b4w+5xli8PoP1TmlkzbleNoOP8AR8lOal4f5LZHZzTa1v8A9TGvb+X/AM5jC9KvUdONVUkt/wCzehDys/gy640bbeovI5SjTuRDgeD3QVXIs2m+gnZWiq3J6wyWlxtWTn+hRVUqNvqU7trQztaNX1DLTQDR2XUFFtOpHSRb/wCO5BeFk4Cb7PYhPlW+4rW5K6sDRVaUtkOtm5TEna1CuKzqpZESuS8w9i9MgvGOSFi3qigaT5GwtKUixtMiva0RAVdHNZYuL8pnZbCrdKrkhylK2YGqrNieRYtR0B2/FY7jyth+S1AfIquuTZinNcUpRbraynoVRrjUsDNUrWjncVHu0aVquWzbQXiui2CIa/JfJLqlZxuaQsVbqgpWseRvV9AMfErWi2iM3xRaOh02WblaJMVotyQi0ZW4qtbEePXY6LYq6r33B4p7ipHLbhlwlqTb13B0utlaRzCl7FpHDbh0I8KT2O5cbtr0HbgTgvWkeff1ocwZPgTeiPVtxx+LM1xYuSdEeY/XScNCfrV6bnq+Ou72F4a7/wDgdJHkfWutXohW4bpaM9XxOzhol+viWkeV4+ZdRp81XMnpW446Gfg12BHF5/YRpT3vYrudPgfYX1+6EwZr9lzdSl+y5OoPg7Inwd0Jg2p+0h/kbfydH1OF8FTP6ymWTnFeov2XEaV/Y8D6wzx/r9iLcVk4Q5xHuv3uLpYpe3Rnz/j5AS5k9Gxzg+iXsVe0DXKn1Pns+ZD8/MicrX0Oa7jXImtGfPfa5jWnv2WjknOle27fI82jxX77NK/sdkyc6V6/llQwzUbHn096rRa9vj6sc6V3p0Ws69i/KtjiXPxx/kPz07kmq7HedgbehzeZVKrzNiDfHr1KrdV1scz5HIX5EkhNHRlNp6BZqZWxkuT8CVySoYmo2spUiVkkZZ2Jdm9xNVtm25RWXUwVoDIQb+VxsRk7f5EZA7aCDTLsKy6yZqYErNbiC031ZUxuZZjd5Wgg1lDfJWDDIrOsaiCqXbkas511MldLYfk7lhWr5WtF1Jq4q0+pnknLRKuQbZ6QRDErSGUBNaPkslotQM/IAHyuLCH3NYFB7I8sxmk+4Q+5piECHhlD7hD7muKDFCExlDD8ka4oWIhMZ/kwi5piOBDwx/Mf5muIQhCYy/IPyNYQYoQmMsbMWFjeBQIMcWGLNoQYiDHFh+XQ1xHiIMl5O455F/saYg6okGefN3DLke5pA4QhMYzfuOb9zSEEIQmMpuE37muKDFCExlNxPM2xQYockxj+YRY1xQ8UIeGWLDFm2KCBDw6/1Ht39TnT2q9z6u3Jxc35Uej7HxMHT63uc/rtYttdjG+ldPX2j6Tlxh0jbZkZ41OBftK8mt9LCt+w4tmznvprrmu+14pJNbto4P5Dh2kte/w2XRQTnWunZKnUhtZJ21S2Ode1xPruarkrG6EKrk5M3CWhWUUM5QdSQp5Wag141WimdSMnpp1gTbBTy5PJk/8AE05OVWrC6GLtbFqR8S1eTggVbtaItNxqK8J6ApAb5W5q1ogfNdfjVEu1ZjqNPGyZRb5LVUshc89JFyWta+Eady//AK+OkLVgCdbvVQVdJwlsjKJrlsUuOaZO0gJ3rW+3z/cd72vqlCHTBVbe5OdcoezArJpabAuPJ5N6LpJLUWj/AFZFqtWSo/6g1tZ1q/xcMmW9X0M7zRo0tbkcY7dQFrt0Y/FZJRqT+UQ9yKu9LbgaqcYWjFFa3Tki1+S4V/GsX/yewGlq1s8pFgt30MotlL26Grzsn0UAVSyvouhNo/xYq0fGk3uxW5aq02/sAO+mKBK6afQbdZkeUgLV3yZSvW2kErlj8YITeXwFVZZPFL8RWpbj21RpksfxEuSqX57hGdrO1YW4VmIsNPJ6bFWhtVW4ENJhC7GniS3ITq7uq6FqRLTFiaSk4Hgu4pGWM7Euko12lISq4likZLhW7JxT0g3VW9hWim6FGHhx6C8SS1R0ZN1lBebVjYUc74lExCZFeCWdda1xWQ/wX+O5aON8GrUGfgTcNHcqtttjXHEWewpHA/XqTb1lEwek+OrUonDTYtI8x+qnshfVPTwSFhXqSkeZ9ZoT9W3Rs9Tx1Dx17FuDyfHzLSRxzo9N8Ska4arUeB5eXsrqxrn9lM9N0oR4asiOL7XP8g/e5k9Ts+unuJevxK0NTqBy/wAjyjXv8j2N7cHHlCWgW9as6IDD+Qv1H/IuBv1tdhP1apgL+QfyP+QYn69BfVQ8FX/JWBfsm9Cfqk29RrYeBq/2TQl+zfYyfqWF9RjwN/5SN0H8jOuxi/UQvrQPA3f7DqL+RRivXkn6uog6V+wQvvtbmC9Ya9bUQdD/AGMaEv8AYnO/WbtoP6ncsxK6F+xXcT/YHN9ZK0FP1UJhW38ggOf6q7AWYVkBUdhHZ5yAYgEMAABQOQAQwAIAAAAAAAEMApDEMAgIAACAgYMBQAAAgAAAAGAQEDkAEAAAAwABBm08e4zf1+PNvrBN1r0y6fHxJ1ye5ly8as9Dt0WhjZKZMbrvPDz70aJVbHY6puSGpegqRzzyLXIpc/MtMi3xtsl8cdCjRe9zpROxpT9nyJ/kcvje4rVUAenX9lXTU6K/seOy3R4OIYxsTfVK+hXt8T/2Umi56W2ep81+a1RVeTkX+zROF6fSeTXc0rk/yT0Pmvsc3/TNq+/zL5JwvT6FVo3M6k2Tz+Dx6fs3pKNl+0Tepnkr1JE2nucS/YcbNae1w2cSSaV01emL2BQljMma5eKdLIafG3+L1E1qnr02HZJ1U9GGqQn+VNdCeSq5bRCWwVrav5E1slRp6t9ROzaxnYC5z36E2vdLRSgrohqzSgUHHyK3+WjLdf8AZ6ojxJ6zqCqkobkBPkq0sNxWm91ZjXHSrlFNpgF+WkY9R+VeNp7kuqfTUhcMPVvUBU8u/QuM3DWw1ooQW+GkA7NU0ZNErttByy4YqV00cSUVa1KrXcdrp1WK1Itx1SluWHHZRsBaoqUyb1ZNcX+VhOU9RpVtZIgbtRf47iq27SKzVb4pajjHUBWtbKO5VOJ1tkyLZZKyLfLKhbgK1ay7N6ih9COTis9Zf9DR/jVMBqtVr1Js7PRLUuqT/L/4JdllLAFWyWu4Y57hZy5T0Jdrf6oo0hV0C1F/kSkmvkcuyjsAXhpCrSsz1Hxpf7bIzvyVd4oBpeOgq7QwUTDYWWOzkBWlV/DcPJyaJ1/uJczq/wDGS/JeynEgeGSmxm0pgSfLdxEIpabgOKxA0kZWm1tNi0peM6gFGpc9BynoGNZxW4rJ0ae5UDSRSgLPKHBM9iinAq4zsS2+w1My1p3IHZVVtUK0Nwick76s05HVbOShKiItxpg838IPHZ6zACVK1WqCa9i7RAlVtBEv4Q7bDjHfUVnoFTg4HbjWJrVVdJkzctx0AVeNNCdKwzdqqpo9TPEEY4ofhX+TNbYuyot+4WcUh7hGXjTc9AdFiaKyxhCbUf0BEVooCtFJpVzWBTVLVikZ241loLxZN9zSt6u09inZCkc649YA1tRzoA8keQpUiJtyNMnyHp515ViJzFmJqrAz8g/KiwWBHlQeREgqRmfkQeQQaBBl5GGbEGkAZ5sXkYg2AyXIx5vuJo0gDPN9xZWLzo1AxysPJjnRsDRjmx5sc6NAM82HkZILHoZ+RhmINJQpIzYZiaNBEZ/AeRiaLHBn5GGbE0aQBnkx5MQWlLg9P1VhxvT+55EuUexxtPhU6GPbPFdfy/ywtZyyVjZw3A3i7RJF6YvfQ5u+4VsaaPYTSWq6lOuSQ3Ef0KiGtCEi8kU0oCaxaJwT3NXUWJUYW469BKiRviGK7FIwtV9ESqPqjphhASOZ1knA6WlJOKBGGAsYOjEHRBI5sXvITZbSb41/uS6oCFy8vRsuntc1XuLF9BYso6a/suZGq/aWb/I4XQnBEmLXsV/acUaopfsuF9DxMAdUic4V9BX3OB9TVc3E9mj5qH3Gr2XVk5wr6ZXp3KlSfNLm5UtLM1r7vNXrJOCvebfRCq3Op438nzLooN6ftdPyrDJxrXT1LPTQhNzucdP2XHd/loar3PX6MnOnWOpw1uTiu5h9rif+xouWjU5JE51bjT+4dDPOr2csuUlvImlw1roVVJGasm9A/uRbi7S2FaqtpIVmhzO4Q3ryN/8AyN3n+hPHDnuTCnUC22ttirKrWj1M9JHNE9NwElbLV6F8n5KES7zsRxu6vk9gKStVRMF+NRk7f2ItyJvUl8TtqrFGlXVb7BblW1VoTX8KxuVkqqWtQgq7TtoDtDw7krmn/Ub5JWi1CqSdfwf/AJDj4+Pjs3MyQrWc5bkNtgbPxJzOrBcnF2M61n/ILVS2A1z4xWuohMlcYYpANX/ELVeMt6Ml1T2YnTktRJMC1dqsJE/l/klqHF+H42H5FW0dAIdrK0lX5bQhPlo7Du6vbsAkrtbl0Vlq9jO13GhpW6tWNmES+VO39DT8rRrozGyrMGmWNYXRARyKtNFqyqp46rUxpdLkm2pryc+V4WikB35EoVheZQGNbtKxVuLjUQBKtlqVXXqRy2rWsLQVGscmwKt+Lla/BSvVpu2j7EUdXbXYOTCd9ABflr06D/J6Eu9Gop0CXHYobreuw68lkoaM1ayerLd5WwUnLvO09SrJSk3IqzyOIgVuJ1eU7BFrBOIErUd4M3Z3eXYqtuNavcoG2r6IbxamyiCHy1dpruK1ni01MkGnl4VolqOvJxpS0LjpxqstakOjf9AKybtpsAJ4uAKPKfEsibcPY7HVRJLSPrcY8Ncj40Z243J2uqIdZMb6LXH4mHifY7MQwM8HTj8Q/EdeHwLAvzOtcviH4jqw7hCHzw61y+IPGzqhBiPmdOXD4H4/g6cR4ovzw6c3jQ/EjeAgvGHTDxoPGjYZeMXph4w8fwbhBOMOtYPjfYnxvsdOIsRzh1rDxB4jfEIJxh05/GHhOiAxJwda5/CHiOjEMS8YnWufxhh8G+ImmTfTFuslxoPGjSGNJk5wrHAfjfY2gcDjCsVSGtD1YXgRwQehSrtwaawcf29Z6u34f5clk02yLWb0Nm0069Tnhps8uPRv+VWcES2U9UFdNy6aIXUnZlWcj/FLUYiLN5L+gypTcilthClA2o0B1aevUHSFJVKNBNlToGKakJCSkmyhFMSUvV6AK26gVtini3/QNARK45UixrMDhrYSr+RUgxRLRo1qKFIE46EOik1akGiIyxROPwauJDQtIxdRYm7SZLXZCkYOrCDaCcRUZQEGmPYMZKkZYhDRo6sMX1BEfl3H5Lr/AGZWIsUAL2OVbM6Ke/eu5z4hgoEHWv2Nuxa/YnBiLEnOFerT3qv/ACZr9zi7niYtdQhrqTnDrXuL2uN7WK89e+h4VclsVnydyc411r3lzUa3DOr6nhLmuil7N13HOFe4rV7lK6Wx4f3LlfdsTnVr2LXlwgU9zya+841Q/uruOdLj1pQKynXY81e5Xqy17tCc6XHo51XQUo4V7VX1KXs1eiZJpcdrfYKVr/tuci9iqe6H5qv/AGE1a6G9QlmC5qj81RCtpaW4Pka3MfIrdSnddSTS42dk6dhf4pNPcjyVagVbJKNxC40bXfUmSXD2E5SEK0dk4/FAv/5BDs4Q5EF5VW6kSvlpVEyluOrh6IoHWy66mlbVS/JmUu1hxG5BVvHZitSmOcw+xLtVISeW+wB+XRlV5LLS2o1ZLTcm2oFvxt67FNJqK7GKSBStmUarisk4M/H/ANMM79GT+TvqBrFFtASqvUzdFo1uDU6PQC2vyz0jsWuSl9NoOdUStraV8lulE8kwHezb00IztXTdDBWX9wL471dYYPiUz0MsdZKyjSSippQfklaLQzcMa0UANJ8micDqsbYzMmeTq9BpuJ6kF25lxdJAzrXK8sAM+kCaBiZ9t88mSOBGdUQOAFBPIYBoIAkGALcBDBtdBAAAACkBDCkMQEoY9hA3JQAAMBAEgQgAcoBSEAQEC4QCKEOsWEADglwmhDCBwLhEnb6nKknV/wBjj067CVsb5J6Ix+k3G/z2a6rcPjvZ99f/ACYWR08d17EKr1M/Z4LcL1Pn+/jXu9PXrKwaFBNrwC5E2TPKbnk4G1O4K1e4wkStBKzkqEOUERaW95G9lA9JkJLQTpECSkUOQgAax+QGttSGwQ61GlBMNsbXySor+gm0n8hMImG7T0LSqiSGmmyr/jtsFWnJROr2G0xZ2TcLQJb3CQsG2EJ6DUz8ChvVAh4pCeg9WUtAM401BKC2p1C0YgQ0t+oki0k1uDXQUSqTqTas6bGlZW2wNSKIVUJ1RoqsI1CM9FpAnVxojXFDdZWhaRkqLqJ0Roq9xYoUjPxsMFGprCBVFIywQYGzQsdJYIxwE6QbYyGDCRhggdEb4wDqgcubxi8bOnAWAOXNix4s3VdQxYJrD8kCzTlG1qCwKk1k7WYJ27mnjDxinlHk5Fsx+bl7jxYeOzChexy9GX9rl2ZnhjuEIngravuciH92/U58QxEwrpr7zXQf3n2OTEMRMK7fvyUveqzgVR4kmFeh92vUpe9TaTzMV3Fgu4mFer9vj7j+5TaTyXUIZZh09de3T4KXs07njQ11HNu5Jh09n7FO4fYr3PG/LuH5dxCvZ+xXuh+er6o8Wbdwm3ckK9ry1Wsh50+p42V+4Z37iFe15UuonyT1PF8t+5S5eTuOSvXbq92Gnc8jzcncPNydxwV7Oem4kzx/Pydx/Y5O45K9jIenc8f7HKupS9rm7jkr1XbsTlY837d+4vt37jkr1VeVD3DI8xe3fuJ+3edxyV6uQHlr3LgTha9DUTKvTnraMGZtcs61PqfTHhmgCG+Vf6//AJFlyv8A0J9MaiwJ/wDt/wCGJrme1P8A8j6YRcMIZGPP/wAsa4+d/wCrJ9MIoQeD2HtVgvW9l/6sn0WATNF6ftdv/wAlfQ9p9P8A8j6EYSDsjoX6v27dC1+n9t9Cb7rHHkh5Lud6/Rey+5tT9ByxrJOzl5GS7jyr3PaX/r12aV/9bc6sn0OXg5V7hlXufRr/ANaRdf8A1unUfU5fMO6QeVH1a/8AXOLtJS/9d4l/qPqcvkcwzsfYr/1/i7Glf0HAlqkT6LHxeVuwRyPZH238JwL/AFRdf03rrdIn0WPhkuV7VZS4+d/6n3a/Vesn/ii1+t9b/lD6EfBLh9h9B/V9j/ln3q/Xeuv9UWvR9dbVRN/Qj4Gvp+y3/iy16Htv/Vn3q9XhX+qKXr8S/wBUT6EfBr9X7T6M0/ifbfRn3S4eNbVQ/HXsh2R8J/De290yl+k9m2jR9z469jH2WqU0UGP0/aY36el1816P62nqubrUPa4Fyzp/Q7+S8uTFwfN/T9rr6/5flPXK8Ll9FxByP1LVeh9Haqb1MOTiVnojXr+v/hvfy9deC+C6E68lT27cC7Gd/WT6G8/XHPf+fP8Aw8bOyepp5KdTu5PVXYyt6iNZ+mOe/wDPrnTq9h9R29d1ehnbi5FqmXPbHPfy3FiZmnypdxeR9TdxjfSNRRqQuVA+VPoXwjSRE51DKoieFW2FrGg9BOREJf4vIKVjYP6j1AS0ZVtUSEtlAm4iBqUMnLWAHVQymKGDTajYhA9aCSSWo1WKxMgo23AFD/xFA23P46BZvsEEoeglVvUWqKGggdUgskuoEtA24AbAmttddgmrZVkogSrpICmB7gsf7iegDiRuEoYlbUGp3AmG9tikrJahnGkDcxO/wBIh5LroNpAToC1Gkk9dQlN6bBCbjoDUItpLV7EtqylBUvYVtvkvoCjdoIzqnGoQ3saOyeiCtWgM3K6C/JlzqVOgSMsG9x4ovdCBCxROKNIE0BGKFiuxogaKRlEdBwuxTcaMGm4fQETC7CxXY0xEq6kIzxnoPD4NHEwN/wBQRliuwYrsaCKRHjQsH2NVI4YSMXxiwZq0wSkDJUYnRmyrAYhIxwYYG2LE6tikZeNBiuxq6MSoy0jKF2CH2NsWGIpGMfAmvg3xE0KRhDCPg3SQNIUjCAwTZtoGgpGOCQG2gCpH6m/1/r2cuqRnb9X6rf8AgjvEdbrEx5z/AFHrPaol+n9brU9KH0CBUjzv4n1l/qP+K9b/AJPQgIJSPP8A4v1/+Rr9Z63/ACjvgARxL9f66/1D6PB/wju0AEci9PgX+qH9Xh6VR1CIRz19eieiRfip/wAo1geI/wDasfFTsNcaWyNYFA/9jLAMEbQGgGOI4NQ0AygeJpoEAZ4idTSAgKzxDE0gIIM8UEGkBCAzgMTQIAzhBCLgIIIhBBcBBRMHn+8/xPSOD36PFs4/t/h1/H/6/wDbxXuI0tsZnzvb/L7Hp/8AKWpJhpyWJhr/AMoiRNI00JFaYvjlifCjaBNM1m6eHLf152RP1vg7IB0bLntuM+3rmvNv6+uigxt6tex6zoRbjN5+msfLNeO/U6mFvXaZ7j4tDO3Cno0bz9GN/B4r4GZulkz2X61TG3rOTefo5b/z68v80Hksem/X02MLetqaz3c9/DXKuTuWrVZo/TnqZP171cGusc9/L2xcoZl4+RBlZblrPOtZ+A03MfI+xa5KsqbkXkOJM86mmllvAA1HUmAdV3kaTCGrNaQFnIMEAsmglvdB1BsBJWCH1GrA3IFOIJWpMSUtAE7awTbJMptN/IPXcASTQLfUJ7CbCK0ylBb4FAmmUU4j5JlxpsN1hTILkUQlqBKUstpk13G5ewExrqGOug29QmnR6kSjFtaixgHb5FmpgKt2SRK/LVDdZCIUSAkouHJZppDSgbdN3qyiVWayC7BlXKBygCtRYqdws21CElbqBc1ExYMJhBAqtsluGHlv0QflbVoCondBKWgZfiKqncB6N6CbScFKqVtCbKWANLccKAWqgdlitewEwpDHUqNMhJtvQBwgSRNleSk4QCaQtOwOGysQiWmugFNomGFGwSEMaUgJthLBuHA4AmY3DcbQ1EFRIQVoS2kQEalNIiZZW2+wUoUA0oQ72SQlDQBCAYAfrIDgDs4EAwAQDERQAwCFAwGKFAoGBFAAAQAAAAAABAQAAIYAFAAACgBgAgGACAAIAAGAgGAEmPscedWdAmpJvrca9dm183zUxu0zBo9b3fVc5I8u9WmfN/bx7Pq/l+l9UCkbJg5vRg0DQTQBaAGIXQAAxVKBQUBUZ4ixRYEVniuwnxp9DUEa6HN4kR4E2dmJOMF71I5bcC6EeFPc7cdCcEXPfU5zXBf1k9jG3qLsergiXRQbz9GN/LHjv1F0MbenedEe14w8aiNjWfqxv4Zrwn61kTjyLRHuP113M36yT2NZ+rO/8+PG/wDsW6DO/Y9h+nW++hhf02tIN/THPfxjz1y9x+VHW/US3Rm/URe8Z38v6YeVD8i7FP1bEv17dC9Yxv5hWqOUR4OQnxciNXE43P8Aw1GYTfYeVgzvrrWBmObW4eRlYmtpCEzJcpaumFmqGiMkCsgk0Zu2gQkNOqYTLkoTr1kJY5AixDnJDHpMhATcKAdEND3CJi3QcMG2NaoJ5IA1YYhShNgqAtLBDncobUPQctaihgpb12AHcmR6SwdewBCJzgrUMUAlbLoJJpyOcdhWbYRSY1AqqUJJpgNuGH+W/QHIQwB26dBt4pYk4todYiGAK1rasa1HKFhOoCtXsKAa7MFVgCTHLQW0EAZN7aCUrVj0Ww9LLVgLfUWTK0Shak5LsAS2CCNJQqyEUqwOV1QpgEp3AHAbom0dATArGRJQ4Q1KJU5BVALUAP1sAA61wAAAoAgYEUhgIAABgIAAAAAAAAAAAAAAAAACAgAAICAAAEQMBAAwAIAACAgAAIAAE3AxOI1M7szVxz8101EHke1xqZR6XK1JyctcpPj/AL/pfd7fwuPHtfFiXPU6+ThXVHJf1n0J6+7357ZDXJV6DldzktxclWKOQ61esdv9Ag4lyXqHnuF6x2gclfast1JqvYUS0SHWNgM681X8GidXswUmBULuKAogWPyMIkCdUOZExpAECgp6CQCxFiWIKmBNFD/qXyrOEEIuJFiS6hYoTquxQGutWYytxVZm+Cp0wKB1qc5/Dlfrom3rrsdmJOJrPfU49XE/XXYzfrwz0cROiNZ+n9s7+fq8u3rT0M363weq6C8SL9P7Z38s/h5NvWXYn6y7HrW4yPEaz9Gfjn8PKfrfBnb1rI9h8JL4dDWfoxv448bw2F4mj1fr/BL9f4NZ+jG/i8zGwZWR6P1/gi3r/Bfozv4uDJlK7Ov6wrevCNd4x8fZyeQpWr1NfrEP12i94zv5exK1ejHku5D4LdBeK5esT5+2NJTGjF0uLG6ZesTnW4NMxm6HlcXCa0VY13C09DLKw832IzNaKSo0MlyB5AkXiBKuuo80UhtCDJDlMEJuAldUNOqC0MpE69BrRjUBoCG2S7MqBaALJhBUIIAnH5G1C3BMHqEiYK1CBgiXIMYQBER8ladBwLFyEAtBwDQCkQ4AEG+wsWNIG2nsCDAUJDdnsgx0AJ0JW5SQOHogAAAD9aGAHRwAAAUAAAAhgAhgACYDYgAYhgAAAAAAAAAAIAABgAAAABAAAAAAAAAAAgGBFIm/+JZHJ/iY/X/53/8AF9f8uG+5i1qa21ZjfR6Hw/03/Z7PVjyVTMnU2hhBnNds9o5LcSZl4TvaROKNdt9PPt6/wQ/XXY9J1RLojWe615j9ddheA9F8YvGX6Ga823A1sJcd1s2ek+Mh8Zc/Rrp5+d6b6l/YaWx124U90Z24KvRKDfeL2zpz0f8AloaLk4tkzF+u0TfgtVSi3F6dUVYoaOL/AOxdS17FkoZWs11MEYV9ldUa15eN7BaoRUp9RNBSAIYBSHMATswGtdwGEAIBwEIlEtvoJJjkGi0ANA5kcAQ0xNdjQl/5ATGmosS23OwI0qcCcTV7EIUQ6EOhuEJovRrmwDxG0ajgvTMcz4RPhR04sMUXo5cXhJfCd2CJdB2nLhfD8E+F9jv8ZLqa7TiuB8PwS+H4O/CReMv0Z38see+H4JfD8HovjJfGjX0Y38sea+H4JfD8HoviYvF3Ln6M7+WPN8RL4mem+JdiXxI1n6M7+WPN8bE+NnpeNdiXxIveM7+TzsGOLHoeKvYT4V0L3ifJwfkE2O3wE+H4HeM/JyZMMmdfi+A8S7F7xPk5PI+w/I+x1eKvYl8PZF6xPlrm8luweW3Y6HwvsS+FjpPnrLyfAeX4NPDbsLw27DpPnqPL8B5fgvw27B4n2LU4R5BrkXcfiDxCpxpeRdx+RdxeEPELic6ede48l3M3xiXG2W4c7/DWV3CUZeOwYWFxJrWUGhhFhxYeFmtl8AzGLC/IvhJrfQRjNgmw8JNbgYZWAeFmv2EAA6PMAAApgAgGIAAAAAAAAAgIAACAAAAAAAAAAQDAAGIAAYgIGIAAAAAAYARQIYCCTLmcVNjHnX4nH/o//nutev8AlwyZ23NGZWep8P2/y9fqjLWBwGjJaZMdTYhiabAUCaKUjcFq1nAQU0wSKtTBLRrBMSyLWeL7EujXQ2mNBQ51F1Kxj4JtSUdGIYms9tazXH4EY29dTseg6rciE2az31rPZ5z9dTqZ24HP4nqeOWJ8dE9jee69PKw5F3KfLy1UHoW4qrZGFuCTXeLns5l7dlo1JrXnrEj+suxm/W0dv/g3ntmr01XPQqE9ZORcDeoY8tdE9B4XPZ2adwj5OJ25UPzciQa6dkCak5Ps3Na+zWNdxDpqlCAlc1GUuSrEW4YpKTr3DFMQuIE7al4kumoUOwpKaBIBT8Ca1KcExIAIbqGLAmBwEAFEBASBpCgIHIm9QJkIKxQnsFS0KChwgjOPgULqaShOGwM2J1+DV1XQTWo8nhlh8E+I6I01ILUmMvEJ8aN4Jx1LSYx8aGuI2xDBipzjF8ZLojoxQoRbpzjn8YvEjpaQoF1Occ/hQeI6MQg11qc453xCfEdKrInSB1qcY5vELxHViLEZ76cY5XxA+E6sUGBe/wC04z+HH4SXwnbgS+Md/wBnGfw5PFAPhk7Fxol0L2nGfw5PCheE68GNUL2nzz+HD4g8Xwd3jQeNDtN/LHn+H4DxfB3viQvEi9p83A+IPF8Hc+JB4kXtPnjgfD8C8R6D4kHiQ7T5vO8XwB6HjQDs+WP0gAA9j5QAAAYhiAAAAAAAAAAAAGACAYAIBgAgGACAYECAYAIBiAAAYCGAAAwAKQDAgRnyVlGgmtDHt69em4Zvl5nJ+LZg3LPR5uJPc4eSiq9D4/7ek3Xr/P2ZAMR58dykHaAgcFUZSK+goH/UiFW0qGEwP4FBQSGgYhABoTZ9EXVBCCpSY4KEAoFjXsPUePyIJaa2IVG9WaN4ruKt8gIdCHxyzaxKt8BWXiB8WhrINNGs9mq5HxR//gPC30Ot17ia0gue+lcNuLpBD4e6O/xfIeNdTX0WvNfEuxPgTnQ9G9F2F41Bc/Ra8vwNEvjv3Z6b4kS+Dsbz9CvOx5F1ZSvypbnb9fqJ8CfUva1yeblW7GvZst0bW4a7C8FS9YvSfs1f9RrnoQ+BN6bkPhaLcXtuuTjsWrU2RxvjYsLrrBfC9u6E9mGL7nDPJXZyV5eQQ6dbqyYfY5/NbqUvaa3WgjVbpfAv7EL2kPz0e4WnPwJ69CvNx9xq9LbMhcREhiW1V9RQu5SoxGVj2HhoCs4TFCLgcILWfwKGaYhAqIalExCNGmQ0WqmQ16DxY1KJULUeQSwLQoQ8Qhi/ItUOgYpDQaBEhBUCFQkgxHDFqKoxE6j1BJgKAxK6wOUBniLEt2+BO0dCiVVidWaK3wKZYRIRJTQQ0pAnEMRyEgS6hiitwgXRDqgxRbQJFqIxQYouAhCiMEBcAUffAMR9J8EAAAAAAAIYgAAAAAAAYAAAAAAAAAAABAAMQAA4ABAMQAAAAAMQDAACgBiIAQMmz0Me2zNMReGcfLU6LWM7KT5P7e2b7a7+mx5vK3XYxfsRud3Lxpyjivw66nDMer19qqvs0e5S5aPqcluFzoS+O66ljTuyp3Ged/8AYmV5uRaDkegLqcVfYstzWvtVbhonOjoFaehHmoNctZJyhpvuOH/UcruKV3EUxD0HBIFIsyoFigDRihLYGhKe4D0EkhxIlowpQ5G2+0jb1B2gBOX0B6DtaFsQrT0BT3AqEJqGQqXWROi6liY8rUYpdAxXQuJQRCLdWsmrCwRqxQ2XorJ8dX0F4l2N8WhQXormtwpaoVqKNEb3o7bCrRrc10tc2HwLwtnW6oh1Ze/7K47cHYS4V2O6tdNSXUd/2VxPgItw6Hd42JVh6o1nuvWvOtxNC8fc9K1E9IIfFXY32XXB44W5OLWx3+BY/wBya8Sbgd4X+3E80GXL0O2/DWCPHGxe8XrXLXl5avU0+zddDXxz0E+FF7w6ZL2n2LXtrqg8U9CL8DL1jXTRezxtbQHn42YeFh4XGiHhenT5adwyo+pyePkBcfIWYnTs/HuEI4muVMc8iExenbhIsTjz5VsPycpYdOvD5Bo5fNyAvYugvWOiAgx+z8AvZ+BDrG8Cdexn9hCXs1EOsaYPuGDEvZog+xRiHRw0EC83GPycXck06ACfJx9xq/G+omnWE0IvLj7hNO48nWICNStBpVHlbiP9imOFO4sVO5So0EW6oFVBE6AU10QoKEwgcDAmJBocABIFJICj7wCckGR9N8FYic2GTAoZGTDJgXHwKCc2GTAYyMmOWBQEyxSwLAibBNgLETNg/IChkfkE2AsCJsH5EFyMz1HDAsehnFg/ICxSu4oYoAqV3CV3JgIAqUBMFQFAxQEEDkBQEAPQzvsXBldnn/6Paeu//hjGxLGyWfJ9vO139cRdSY2pJv1JYdM2OW3D8Gb4jtaJdQ324vEiLcOux3YrsJ1FXpwPgUbGT4HJ6Tr8EYItWvO8dh+O61k73xrsS+IVa4puuony3R2PhRL4UPC1hX2GlqWvb7leH4IfD0ExfC/tVZb9jjjVnM+GCXxOJJMPDsry1stGXkjgrx3jQTtyJwOR6Eg1qeer8nc0+zdKCcjs6g0c1fb0/JSXX2qNxsTfUbtChE+WncrOr6mZoIEx5V7laCaJgT1KidhQJoEibWgoITEVKhjnUrFCakCW+xLnqXDTG46gRriKbF9IQdArOLSU4gabkGqzqBmkWqqNtSliJlKztotNSY6tFrRlW1WhSs0p+BOi7FzG48kKtYqrf9OwrcSq5Rq2ugLf4FKxwncnBHTC6iaSsWjnfGuwrcfZHQ66hXjb+B0OZ0hfIsJ3OnH+4nUvQ5nxSLBbHUkuosJ6F7WuXAWB1+MXjfY12OTxrsS+NdjsdES6IvaOTxInxI7cBeP4HZXE+Fdg8K7Ha6DxRe1rz/F8C8XwehgLxl7K4PCmJ8CO+3GR4y9rXF4CXwHoeIl8Re0rg8D7i8L7nf4xeIZ+i1weGz6i8Vl1PQfDAlxNl7K4HWyBK/ydvh11E+GNkXvErjnkXcXl5Edj4mLwrqXvFrl83IHn5EdL4a9heGsbDrDph9i3YPs27Gvir1QvHSS3DpC9lrdD+38Fvhr2JfDUtw6H2V1GvYoT4akvhRLh00+zxlefjZg+IjxNl8Hbq83H3A5n69kpkC+Dt+j4IMUUB9J8ZMLsEIYAKEEIYgCEEIYAKEELsMAFCCBgAgGACAAAAAAAYhgAABADEAAKBgAAABQAwAAAAAAAgDC5szHkq9zzf9HrcXGNiWU5IsfM9sjv6p6gAEjQEMRFIUFARUtIlVRcBBCpxQoLgUFWs3QWBrAArPEl0XY1iQxHkc9uNdiXx6bHU6yCooHkrjwaJtxp9DswW5FkuiLWs1x+Ih8HVo7vGokIWwWvPfAmTb12lKPQwRNqSi06eeqWW42rLY63xi8Qq1yTyLcfm5DpfEheOo8FYr2bor7duw3x1JdFskPC1a9tRqWvbo+hy+Jh42hMK7F7NWylzUfU4HxsnF9xyr01ej6of49zzErg73XUc4R6egjzVzciZovZ5Ow5xXbDFj3OZe0+pS9pdTO+o2ajYoxXtcY17HG2TnRbr1GGVX1CavqSaBpMMaj07gQLFEtalk26FEujeonV6FzYIkKnFhD7lNNMIFENMeo3uAKTRMlWknBsFKGwm+xUQC0KqfyXQJ7oHe/Yac7lSpFi2W0T/QULRaDxW49NnuGPZlonFkwzSGnJNplaChYuUmDpqU95Fj+X9xQYEOj6GttFAk4QGWDDGDSbC/JiiIfYPG4NJstGGrQpWOL7BEdDTbcbxYulYtEviZu6qNNxpPHXct0c3iGuE2VGDq0XNGL44F4pNolg5XQZpWPiYvEb69hNNlulxg+PsheFvodCqwclulxzPigPH1g6Uu4NJal60uOW1G1EAdcVAdaXH1wAB9t8kgGACAYAIBiAAAAAAAAABgIAAAABgIAAgACAAAAAAAAAAAAYAAAAAAAAEAJoYE9vW4Ofkp1Oex232OTkUHz/ANvz8u3prMDC3K6sX2V1PNuR2x0CMfPTuNc1O5iasbCIXJR9SsqvZyIGNEyEkiHb4CNBoTAIE4AUagNbgAAIOgxDQdBQuwwIpNJkuiLaEFqMRYo0BgrPFBii4HAKxdEyHxG73CAtc3iJXFqdTJaBWD4xeI6MGxOrTKtc74yHxLsdTpIlSNxTpzKiRFuNNnXak7E+MVenL49CcV2OvAT441KdOO3Gn8C8S3OvBPoJ8S/sWr05PEiPFqd3jRL4lIp042r92CzXVnX40S6LohcKw8vLX5KXs8vV6FunwLxrsPDVP7bRVfaTWpHjr2IfCn8E8JW79mvYr7VV0OXxB4hzi11r2ON7lLl47PeDi8ZOGsjnFeg3Sdyvxjc85q/cc8qW5OR6GgHn+XkQ17FkxyjviROtUu5yr23Gw17deqHOjpWL6E2rBkvZ438FLn43uyQVEoSpGrKXNxdwypb/AGECaqEjSr3kCTQtRbj1CB5VIQtyklBOiZfITsuo8q9gxUg6qAodl0FVuRpJIJCHYWwp1HZASk2/gMat6DWkBGsrqBMQxNuRw5bY0t2FTNgVtNSldPSBW/8AgqFnOiR0U4HfjTzhmM/A5bW+wz2ibdbfVje6D6y6XRnq92NbGvp/TPP9r+t/+6E/Un/ZEjll+n9HP9q+n/8AuhP03/2hZCkfT+k43+T+kv8AsCf7gOzn+304AB9184AAAAAAAAAAAAAAAAAAAAAMQAAAAgGAAAAQIAABiGACAAAaGJDAQAADEAEAAAN0RY5rKdzpuzFo8vvl109HJy8NWtDjfDaT02jK1Dhvpjtns823C+4vHZdT0XxSR4zPDfePPwunpI0+Suup3eMXiJx/SVyeblXcqvs36o6Hxi8Mmd9P6Kj7TSKXtqCL8HwR4I6E4/pXTXno1roV5adzjfDYXisZ30K7levcaaZ5zryJjy5VsTjR6IHneflW5ovasTfTR2gcX3YcNGlPc4rGedHSIx+zx9ylzUew5GkA0Srp7FSOQgACQAAACS1CBj0AlpITSZUCZFLEWJSFGsgTEBBo1JOzCJxE0WxQFRihWpK0NIAUrFVaJdG3sbxIsYFKxfH8CwfY3aFApWHj+AwNsQxKt1zujDBnRiicWC65/G+wOjOjEMRVuubBi8b7HS6k4Fpdc/j+AwfY3xY8HApdcjouwnxo6sGxPjFWuTxEviR1242tgwlbFq9OLxoMH3Oq3F2J8bFXrHNg1sCd1tJ0ujWwYMp1jnXJyLuUvZ5EauvwQ6N9B4OsH2rdSvtrsR4090S+GomFa/Z+C/PRr5OXxMXjYmLXYuWj6lq1H1RweOwYXQ5K79AVaycGfItw8nIicFd7qp0BpnDX2Lp67Gj9l7k51bjqgTOb7XcPtT/Qc6V06j0gwXPWJkqvNS3wOdKuK9Ab0FnxrqPOj0knOhNFNfiJx3K/GIknOhSOQtCiAhjnQ0D3CGGEuRNCYtxtahZdaiaEARK1AQfUAMD9C+UQAADEMAEAwAQwABAMAEMAAQDABDAAAQwAQDABCGACGAyBAMAEMQAMQwAAAAEJjEZ3VRYyZreTDJTBw92/UEwVKEctxtMCxZTCQqMWGJcgFZ4SJ0RoJkhUYEukG3QT2JyVi6EvjN0lARUclcz4hPjOnFCxROVrkfCnuiXwLsduKE6Im+q9OF8FewnwKNjvwRGGpng6ef4GZ+C9Xoz1HxyZ+LUzvotcKXNXaxXl5kdj4UQ+EnK9Of7HItyl7rW6LfDK2J+uTfTV6w/uT0GvbXXQztwx0IfDO5ngrrXPR9S1ej2Z574rLRCdORbE5K9NWXcJXc8z/wC9dReTlW7M766PUHD7Hmr2Lrcpe3cc6PQ1EzkXtzuWvap1HOkdAGK9nj7lLlo+pOdI0E6iV6vqOU+pOSCADTuGghCFElQH9BEJUfUUFSAEwKehUEwFoFBQSiJU4ixKbALU7CgqtZsVauoKiBQUMDPFiwNRMDLFidGag0aGPjFgbBiQc7ogwOh0QoC45nQnA6sETgi0rnwFgdOCFgi1a5sBYHVghOiHSdOV8aZPjOvAHVClcduOsbEqlY2Ou1ELxwWrXI+NC8Z14hhoKtcT42Lxvodbp8CwfYtWuR1v3BZ9zpdGLEVawnk7j8nItJN8A8YOmPlv3KXPZLUrxsT4+4Ka9qyKXtsy8fwPxLsJhWv2xr2qmK4UD4l2Exa6K+zV6dAOXxsCQr7cAA+6+WAAAAAAAAAAAAAAAAAAAAAAAAAAAAAAAAAAAAAAAIAAAoAACAAAAAAAEAxCCbKVBy34OTV1Z2A0Y30zVzXlWfPTdSR9nkW9T13VPSCLcNGtUc9/Nrp5i9zui6+1R7nXf0+Ky2hmT/XUM8NdI8/GUuSj6mPJ6FlpVmNvT5q7MnC9Y7Zr3B4vY4fBz11E7ewjO+urcd8C0Z579nnqaL3JWq1JNW47NBHPX26dSvs8bJNXw2BELl431KV6vqTyKhBKQpr3CUwHKE6oegtywCqhPjRSAeBGAnSDQUsngZNDVTTfcehPCsXxpidKpGziQhQSYVz4VfQl8VX0OiEDROSuXxIl8KnVHXAOqgnK9OK3CuhD4fg7nSosEOV6efbgTJ+uoPR8aE+Mm+p081+vrKYeO3Rne+MXjXUnJ04P/sWiYZ862O3xV7EPjJyvTnrzclXrqV9q3Y18SE+GpOFuI+0y17aJ8NSHwPczytbr2qdS6+xxvqcluBdSfF2knA73y07iXLR9Tz3xPux48i2Y5PD0k69w/Huearco3fkRnk2PRQ4POXPyIpe1dbocpHdEBqzj+3bsNe5bsTlY6wOZe3VrXcf2qE51I6ICEYr2eMpc/G+omp5aQgaRHl4+4Z0/6LA4GkCdXswlCAZMFSEQSCYFpJUhCJNUmiWi5FCLyJVZDFF/0J1JERA8SlVjgYM3VE4mrQoKM8BRBtECcAZ4yJ1NIJa1C1m6i8aNoQmCsMBqjNXBWIKywItxTqbNBDKVh4w8Zs0xqoq1h4wwRviGKF06c74+wHTigF06fRgAH3ngAAAAAAAgAAAAABgAAAAAAAAAAAAAAAAAAAAAAAAAAAAAAAAAABAAAAAgABiYAAAAAEAADwAUIAM7Asa9iXxcb6ABnYqH6/E3/iZX9PieyADP+q5WNvQ430M7fr42AB/q15ZW9HlWqMn6/s11WoAY3lrOin2Vo0Pz8td66gBj/VfK6+5ZaNF/cqAGfC+V09qj0ZqubjekgA8Hk8q9GhzPUAGwAwAgT3E4AB4UDAChA1oABCgQAQAgAeFKJDBgBPAWMCdJACeAvGD4wAeFLBdhOqACeF8pdF2DBdgAeF8pdPgTp8ABnweU+NdhPj7AA8GVL4xeJMAJ4Xyl8SF4UAE8L5J8KJfCgAeDyXhF42AE8L5TjZPccX7gBPAWXIg8vMgAeGjXPzLYf2uVbgA8IF7vIH3b9QAnhD+9bsP7zAB4B9+N0Wvfo9AAeBpX26Pqh/a4+rADO8h/Y4e5Svx21VgAngU3XuC2ACeAMl7gA8MgUAA8IIWhQAPAAgAJ4BoAAPAAAB4CAAHhX//Z', comment: '¡Estoy encantado de haber encontrado este sitio! He podido encontrar el socio correcto y no puedo estar más feliz. ¡Gracias!'}, Object{id: '2', likes: 3, commentPeople: [..., ..., ...], imgUserPost: 'data:image/jpeg;base64,/9j/4AAQSkZJRgABAQEAZABkAAD/2wBDAAMCAgMCAgMDAwMEAwMEBQgFBQQEBQoHBwYIDAoMDAsKCwsNDhIQDQ4RDgsLEBYQERMUFRUVDA8XGBYUGBIUFRT/2wBDAQMEBAUEBQkFBQkUDQsNFBQUFBQUFBQUFBQUFBQUFBQUFBQUFBQUFBQUFBQUFBQUFBQUFBQUFBQUFBQUFBQUFBT/wAARCAD6APoDAREAAhEBAxEB/8QAHAABAAICAwEAAAAAAAAAAAAAAAYHAQUDBAgC/8QAPhAAAgEDAQUFBAgFAgcAAAAAAAECAwQFEQYHEjFBEyFRcYEiYZGhFCMyQlKxwdEVM0NicmOyNTZEc3Si4f/EABkBAQADAQEAAAAAAAAAAAAAAAACBAUDAf/EACcRAQACAgIDAAEEAgMAAAAAAAABAgMRBCESMTJBEzNRYRQiQlJx/9oADAMBAAIRAxEAPwD2WbrMAAAAAAAAAAAAAAAAAAAAAAAAAAAAAAAAAAAAAAAAAAAAAAAAAAAAAAAAAAAAAAAAAAAAAAAAAAAAAAAAAAAAAAAAAAAAAAAAAAAAAAAAAAAAAAAAAAAAAAAAAAAAAAAAAAAAAAAAAAAAAAAAAAAAAAAAAAAAAAAAAAAAAAAAAAAAAAAAAAAAAAAAAAAAAAAAAAAAAAAAAAAAAAAAAAAAAAAAAAAAAAAAAAAAAAAAAAAAAAdiwxt1la/Y2lvUuKnVQXLzfJepG1orG7SlETPUJdjt1d9XSleXVK1T+5TXaSX5L8yrbk1j5h2jDP5buhuqxkI/W3F1Vl7pRivyOM8m/wCIdIw1c0t1uHa0UruPvVVfsef5Nz9GrW3u6am03aZCcZdI14Jr4rQ6Ryp/5QjOH+JRPNbIZTBJzuKHHQX9ei+KPr1XqWqZaX9S42pavtpddTq5sgAAAAAAAAAAAAAAAAAAAAAAAAAAAkGyGyNXaa6cpuVKxpv6youcn+GPv/I4ZcsY4/t1pTylb2OxlriraNva0Y0KUfuxXP3t9X7zLtabTuV2Iisah2SL1kAAA+ZRUk01qnzTArLeFsXHHUKmWx1H6iHtXFvTX2V1nFeHivVGhgzb/wBbKmWmv9oQGjcU7iHFTkpR93QvK8TtyngAAAAAAAAAAAAAAAAAAAAAAEm2klq33JID7dvWjVdN0aiqJ6cDg+LXyPNx7e6lK9m93d7lKkat9GVlac3GXdUn7kunmytkz1r1XuXauKZ9rSsrKhjrWnb29ONKjTWkYR6GbMzadytxERGodg8egAAAAAfM4KcXGSUotaNNapoDz5t5sRebGZKd1bpvGVqj7GrD+nr3qEv06M18OWMkan2zMmOcc7j001pm4y0jXXA/xrl6+B30hFv5bSM1OKaaafJrqeJvoAAAAAAAAAAAAAAAAAAAAHcwlBXWax9J8p3FNf8AsiF51WZSr3ML64dXqYrRZ0AyAAAAAAAAA6uTxtvl7CvZ3VNVbetFxnB9V+5KtprO4RmItGpeadqtnq2y+ducdVbmoPip1H9+D+y/396ZtY7xkrFoZV6+FtNfbXlW0etOXd1i+TOiETMNzZ5alcaRl9VUfRvufkyOnWLRLvaniTIAAAAAAAAAAAAAAAAAA22yEeLanFr/AF0/kzll/blOn1C8VyMdoMgAAAAAAAAAACrd+WGjVxtjlIx+soVOwm/GMu9fBr5l7i21M1U+RXqLKbNJQNAO5aZSta6Rb7Sn+GXTyZ5pKLTDc2t/Su17Eva6wfNHjrExLsnj0AAAAAAAAAAAAAAAAbXZOfZ7T4t/68V8e79Tnl+JTp9QvJcjGaDIAAAAAAAAAAAie9KhGvsJldVq4QjUXuanFljBOskOOb4l51NhlAADKbTTT0a6oDY2mZnT0jXXHH8S5/8A0806Rb+W4o3FO4hxU5KUfd0PHTe3IeAAAAAAAAAAAAAADsY64+h5G0r8uyrQn8JIjaN1mHsTqdr/AIvUxGkyAAAAAAAAAAAInvTrqhsJltXo5wjTXm5xRYwRvJDjm/bl51NhlAAAAA+6VWdCfHTk4S8UHu9NtaZqMtI11wP8a5evgR06Rb+WzjNSimmmnya6nib6AAAAAAAAAAAADDWqaAvPZbILKYCxuNdZSpKMv8l3P5oxslfG8w0KTusS2xzTAAAAAAAAAACtN+OTVDA2Vin7dzX42tfuwX7uJd4td2mVTkTqsQpQ02eAAAAAAA57a8q2kvq5ez1i+TCUTMNzaZalc6Rl9XUfSXJ+TI6dItEu7qeJsh4AAAAAAAAAMN6IC293eNyOJxtSje0lTozarUfbTa1XemunR+pl57VtbdV3FExHaXFZ2AAAAAAAAAGHyAojfRWu6m1sIV6bp28KEVbvXVTWuspfHu9EavGiPDpm8jfn2gJbVgAAAAAAABoByK4qpJKrNL/Jh7uUqIO4AAAAAAAAAxrw9/h3gehaE1VownH7Mopr4GHPUtJyHj0AAAAAAAAAAKX37VYvMYqmvtRt5yfk5LT8maXF+ZUOT9QrEvKYAAAAAAAAAAS4gsAAAAAAAAADDWq0AvHZG8+n7N46trrLsVB+cfZf5GPljxvMNCk7rDcHJMAAAAAAAAAYfIDz7vdv/p229zBS1jbU4UV56cT+cjX48axwzM87uhhZVwAAAAAAAAAAlxBYAAAAAAAAAACy91eWjUsbjHTlpUpT7WC8Yvn8H+Zn8mupiy3ht1pPSksAAAAAAAAADrZC+o42zr3VxNU6FGDqTk+iSPYibTqHkzERuXlzK5CeWyd3fVO6dxVlVa8NXrp6cjdrXxiIY9p8pmXVJIgAAAAAAAAABLiCwAAAAAAAAAAHJb3NazrRrW9WdCtH7NSnLRo8mInqXsTr0vLZ7I/xXC2V1rq6lJOX+S7n80zHyV8bTDQrO6xLZHNIAAAAAABh8gKM3x7RXF1tJUxlK5qKzt6cI1KMZvglU+1q11a1RqcakRTyn2zs95m3ir0uKoAAAAAAAAAAAJcQWAAAAAAAAAAAAWXuqyva2Nzj5v26Mu1gv7Zc/g/zM/k11MWW8NutJ6UlgAAAAAAB17+8pY+zr3VeXDRowlUm30SWrPYibTqHkzqNy8t5PIVMtkrq9q/zLirKq/dq9dPTl6G7WvjERDHtPlO3VJIgAAAAAAAAAAAlxBYAAAAAAAAAAABs9m8zLA5m3vO904vhqxXWD5/v6HPJTzrMJ0t4zteVGrGtSjOElOEkpRkuTT5Mx5jXTQfZ4AAAAAAVlvp2oVni6eGoz+vu9J1tPu0k+5erXwTLvGx7nzn8KnIvqPGFLGmzwAAAAAAAAAAAAJcQWAAAAAAAAAAAAALm2BjKOyeP45OTcZNa9FxPRGTn/clex/MJEcHUAAAAGHyA85bzYVIbd5ZVJSm+OLjxPXSLhFpeRs4P24ZWb7lFzu4gAAAAAAAAAAAAS4gsAAAAAAAAAAAAw+5AXpsvQ+jbO42n4W8H8Vr+pjZJ3eZaFOqw2pzTAAAABh8gKC3yW7o7b1J6fzrelP5OP6Gtxp3jZueNXQctKwAAAAAAAAAAAAEuILAAAAAAAAAAAAJdsdsNR2kspXdxdThSjUdN0qUdJPTT7z8/Aq5c0458Yh3pj8o3K1qFGNvRhTgtIwioryS0M2Z3O1z05DwAAAAAAh22+7e12yr0rmV1VtLunT7KM4pSg1q33x82+TLGLNOKNa6cMmKMnagsjafw/IXVr2iq9hVlS7RLRS4W1rp6GvWdxEs2Y1OnXPUQAAAAAAAAAAAS4gsAAAAAAAAAABhgXLsBjZY3Zm2U041KzdeSfTi5fLQyc9vK8r2ONVSQ4OoAAAAAADDA83bxcRPDbY5Gk46U61T6RTfjGff+eq9DZw28qQystfG8o2d3EAAAAAAAAAAAEuILAAAAAAAAAAdUubYEq2Y2DvspdUK15QdtYqSlLte6U14Jc+/xZWyZ61iYrPbtTHMz36W5GKikkkkuSXQy119AAAAAAAAAIPvO2FqbW2NCtZcCyNs2o8b4VUg+cdfPvXr4lrBl/TnU+lfNj843HtRuVw99hLnsL+1q2tXoqkdFLyfJ+hqVtW0brLOtWazqYdMkiAAAAAAAAAAEuILAAAAAAADNOEqtSMKcZTnJ6KMVq35Ievb1LcJu1yOR4al41YUX0ktaj9Onr8CrfkVr1Xt2rimfaf4TZDGYJKVvbqVZf16vtT9H09NCjfLe/uVitK19N1pocnRkAAAAAAAAAAAdW/xtrlLaVvd29O5oS506sVJEotNZ3DyYi0alW+0m5K1uOKthrh2dTn9HrtypvylzXzLlOVMdXVL8eJ+VX53ZjKbNVeDI2dSgm9I1ftU5eUl3fqXqZK3+ZU7UtT6hqzogAAAAAAAAS4gsAAAAA5La2rXlaNG3pTr1ZcoU4ts8mYiNy9iJn0meE3X3V1w1MlVVrT59jT0lN+b5L5lS/JiOq9u9cMz7T7EbOY/B0+Gzto05aaOo++cvNvvKV8lr/UrNaxX02SWhzSZAAAAAAAAAAAAAAAAcVe3pXVKVKtThVpSWkoTipRa96Z7EzHp5Mb9q/wBpNzGLyXHVxk3jLh9/AlxUW/LmvR+hbpybV6t2rX49Z+elWbRbEZjZeUne2knbp91zR9um/Xp66F+mWuT1KnfHanuGh11OrkAAAAABLiCwAAOexsLnJ11RtKE7iq/uwWunn4ep5a0Vjcy9iJnqE4wm6yc+GplK/AufYUH3+sv2+JSvyfxRYrh/7J5jcPZ4ij2VnbwoQ68K735vmyla1rzu0rEVivp3NNCKTIAAAAAAAAAAAAAAAAAAAAPmUIzi4ySaa0afJgQfaXdHhs3x1bWLxd0+/joL6tv3w5fDQtU5F69T2r3wVt66VVtLu6zWzPHUrW/0q0j/ANTbayil71zj693vL9M1L+lK+K1PaMJ68ju4gAABLiCwfNgT7Zrdm69OFzlpSgpd6tYPR6f3Pp5L4lHJyNdUWaYt92WBY422xtBUbWhC3pL7tNafHxKU2m07lZiIjqHaIvQAAAAAAAAAAAAAAAAAAAAAAAAAYa1Ah21G6zDbRcdWFL+H3j7+3t0km/7o8n8n7yzTPenXuHC+Gtv6UntPstfbJZH6JexTUlxUq0PsVI+K/VdDTx5K5I3DPvSaTqWnOjmAS4gsJPu6xcMltHGdVKVO2g63C+TlqlH5vX0K/It406/LtijdlwIyl1kAAAAAAAAAAAAAAAAAAAAAAAAAAAAABEd6ODp5nY+9k4J17SLuaUuqcea9Vqixgt43j+3DNXypLzubDLAJcQWE33T/APFr/wD7C/3FPlfMLGH6laC5GctsgAAAAAAAAAAAAAAAAAAAAAAAAAAAAANRtd/ytmP/AA63+xnTH9x/6hf5l5gXJG4xwD//2Q==', userPost: 'user_2', ownerMural: 'user_1', resume: 'Venta de carros!', imgPost: 'data:image/jpeg;base64,/9j/4AAQSkZJRgABAQAAAQABAAD/2wCEAAoHCBQVFBcVFBUYFxcaHBobGhsYHB4cGxodGhsaGCAbGxobICwmGx0pIBsXJTYlKS4wMzMzGiI5PjkyPSwyMzABCwsLEA4QGxISHjIpJCkyMjIyMjIyMjIyMjIyMjIyMjIyMjIyMjIyMjIyMjIyMjIyMjIyMjIyMjIyMjIyMjIyMv/AABEIALcBEwMBIgACEQEDEQH/xAAcAAABBQEBAQAAAAAAAAAAAAAFAAIDBAYHAQj/xABFEAACAQIDBAgCBwYEBgIDAAABAgMAEQQSIQUxQVEGEyJhcYGRoTKxQlJicsHR8BQjgpKi4QczU7IVFkPC0vFzoyREk//EABkBAAMBAQEAAAAAAAAAAAAAAAABAgMEBf/EACoRAAICAQQBAwMEAwAAAAAAAAABAhEhAxIxQVEEE2EycYEiobHRFFKR/9oADAMBAAIRAxEAPwASen8n1IvRz/3U7/n+X6kP8r/+VeY//D6RNY5YpO5jkb5sPUisxtTZU8FhLEya6Ei6nwcXU+RrapeQWpHwjXJ/iA/GOL+ofOrUPTuNtGijPg4/FawkWDzbtNNd9PfZthfN89aNsvIe5DtHSYelmGO+Ir35UYe1EINr4KT/AEz3MgB9xXHzg2W5BHiNPlalHipF3MT3HX56+9DclyNPSl5X7nbIoMLbsxIB3AfhT1wMF7qCh5oSD+RrlGz+krobMDbuv8jr861eC20si3DeYOnnxU04zT5wN6SauOTVSYBj8GLmXyjI947+9D8TsvHD/LxobudQvuA3yqKPDzsueNrg7u0CPYVJFBige0vtetq+TnbXgFYmTa0epQyDnH1b+2UN7UOXpzMpyyJqN4aMAjxFwa2SYiZTYoT4afP86lnwUM62mjBPM2DDwI/OpdoFtZn8F06jPxZR5lf9wt70dw3SGNwO0Rfdfd5MNKze1+gQN3wzX+w+h8m/OspJsyeFiAXjYWupuL+e5vO9CafKG1SuzqqYSEy9fkJlK5Q5zNlH2Q2i+VUdq7MxEjZ4sWUYAgBkAFjrbMlj6g1idl9J5YSFkuB4XU+K/itj3VvdldJI5QL2Uncb3U+Dc+41df6kmK2jgNqoe0zOPrI7OvudPMCqEeFx7AMDJY6g5bj2BrsMciNvA+VRYjZ6m5jOU/rW1SnXNg76OKSbTxCsVMp0NjoPxFFxPOrKq4rtPbKCADruvupm3+iWIhJYKZUuSWUdod7Lv8xcUVxey45ZoZTiEXMkdlZhdQEXQC/j5mnFsUnRFFtPaCMVWQOVJBFydR4kjgav4bptIhtiIfE2/FR+FDNkbU6vE2ksbSEFrb+0VJI8L10KfBYd9WVCN24D5VToSbKWzsfgsTqFjDHTcFJ7gw3+G+vcT0WBbPE/8LfgRQzaHQ+JiWwsnUyctSjeIP67qqYbpBiMG4jxiED6LE9hvuvw8D7Ula4YNJ8liTZ5jcFg0T69tTYnlqNCO43FaLZ5xFgJ1Vhbsups/wDEoFvMelWcJtCKdLaOOKkajxH4ihO2Ni4k9rBYt4yP+m5up7g28ed6UpeUEY1ww9HNmXhInMWPcQR7VUk2aPjgkMR+r8UZ8Yzu8UKmqXRXZMsPWtNJneVg7WXLlbW/Eg3uOW6tBLhkbeAfL8qh4ZqDcJj2PZkQAm9nQ543tycfCfsvbuvUeJ2FhpL5oxY/Em4HxXh4irybOjVi6ooY7zrrbzp+JZwpKorsNwLZb917aUfYTV8mKgwOMw0rJDAZcIbfu2kRivMxliCByBpz7BxS4gSx5uq0IjIRGU8VLZv6ltWhmxCi0ksTKVtdlIYrc2AIHaIueRFFI8YhA3i+4OpUnyYA0NMImZc7SUENEkq30DZWNr3AuGF7aa24U/C9IXjsuJwRVRoZMpa3iSpv61qg4qpKrKSRMbt8KOEy+F7XPrWe2yt3weQ7dwjKGDR2Peo9iKVD8XsUu5YRwa2Oqm97C97HnelU7Y+AsAYbaNuTfOiUE8bg3UgHeLfMWsRVAo6sbafZYbvMVImJI3qf4dR+ftXW0mYWQY/ojhJQcn7pjxiPVn+UjIR5DxrKY/obioj+7YTLwHwSW7lY5W/hY+FbuHFKd17+h9KtpKDoy39PlxqHEqzjWOjdAUcFG3FWBDDxB1FUUWu34zZ8Uy5ZI1kUbldcwH3TvXxBrLbU6GIATAVQ3ByygldL6LIBdb33MDuGtJqxmDxGG/dqSPGq2Hzqc0ZNwL6HgOd9GHcb0Z2ng5IuziI3jvuPxI3g4uGodhnAYHeOPeONKSTYRlKOUGdi9JmQ2LdW3/1t94H4T7d9bzZ/SIPZX7Dex8DXMZMLGbqWAINgeY4eNeYfGSQdl+3HwAO77p+j906eFTUocZR0rUjqYnh+f7O2R4oHfUyhDwrnWyNuELdW6yPcR9Je4jhWowm0VcZlNx7jxFaxcZ8GOppSh9vPRohGvAkUzE7NSRcrhXHfvHgeFUY8eDVuLFDnScGQpGU2z0PNiYwGX6rb/JuNYttnyxSZYiQx1aNxpYc77x78jXaknvv3VBjdmRy6kDMNx4jwPClua5KpMwGydtSpo6kW0KE3/kf8DWtwG1kkF1bxB0I8RQ/HbM6vUxmQDW6Wz/ynQ+IPlWCwO22WQrMGUZmyuPjQXNg31gN3PTjWjlGRO1rJ2FJw2+xoNtTorDIxkj/dyWPaXcb/AFl3H2PfQnA7YYAFu0v0ZE1DDnbl3ipz0zjW46qVrckCg+BZhScHHKFd4Zk+kOwp45GbqzY/SWxW59x5ih42hjEFg8o53uw8wQRXSMD0nw+Iulje2qspOnlcHwvQrD7JkZmYROqXbLG1xofhYuQbc8vDdQs8hRntndJZIx+8cseeVRYeFhVaTpmjswxPWkZmyhVRo8t7AgMeVa2PozKyXdUVvq3zD+bKPlQTa3RKRuBUccqhr+lDfhglXIHTpBEsgbDFjHa7IRkZDffGQTYbuzu8K2uyukhZM4vIBpcWD35Mp3Gsxh+isCKbrmccTode6iOG2aIr9X2M1r8b2vbf4mrjFv6gbXRpML0okdgP2aTxV4yw8VzDSicGMxOYlljy62Ddlt+mZgSN3Jaws2BkOpbXwryNcRH8EjjwYgel7UPSXQKbOnLKDv08NacFB3MPlXP8BtDFl1TrFYnQdYoAJ5ZlI1NaGObFL8cB8UN/Zh+NZuDXZW6w5Phwwyutx+txG6qU+FnvdJwRwWSMPl+6ylSPO9Mh2jwIKnkwt89PQ1fTEqw1GtQ01yPBBhkkVQr5TYC7KT2vIjT1oNiMacSgbDAyIsipIpA1GZQxW+oZLhg32eNA06dTR4pMPiMMI1dguYMSylzZbqR4X8aJoP2JAkamRpZpGGW98zkMqtl+FQLjN3DnQ8gRz9KijshkvlZhrDroSLHXW26/G16VZWTauNUkdfiBY7sy6Uqz3Pwi6Xk1u075wwBsVB3W5j8KqpJVs4/dc+HLy7qnXEqd9jXSkYNIpiRSNQPOnrIBuYj3HvVrLGd6jyFvlVTFYI74zpy4+ROh9qAomTGgfSB8wD6H86tQ7QG658DY/I0HbZcjDQnwa1R/8NlX6J8iDSDIfZEdSvZsfiUrdD95G0rK7X6FwyXaP9y/De0RP+6P38KKo0ijS+nA/gRuohg8Xc5WuL/W3HuvUtDTOaL0cnhcmaK+7I3xxtf6rDQ+BseYq+mFkIt1MRH/AMaf+NdFZQLqAADoyMLow5WNxasvtnobFKS2HkfCS8gS0TeV7p5G3dWE4Su0zt0dfTiqlH8mO2pg3hIljXqzcKwA7Pd2T9HhbvFrVa2btQO1r9VLyv2W71J+RoXtjZm08MSkwkkTTVWaSM8bkDtAeIG6hTYyNlVrEfW3ix0NwfKlT+zG9aKlhXF8o6Xhdqi+WQ5WPHgfyosuPjUXaRQOZYAeprA7C2ksn7pyGNuy3EjdZu/UWq/iMBGx7Sg+ZHupBrRa7SqSG/RKa3ab/DNh/wAz4VLBp4xfd2xr4G9qI4Pb8bi8bB/usD8ia5zDg8Pch+vU8erluCDxsw8ePA0RwOztnZszSTFuHWu2nmmg9aa1YswfpdSPRo9p9KGd+qgVWIvndgSqEECwA+I792gtrQfaOAhlykmOWb6WVXUE7u31R7XiBfvNHcJhcIwAjWKQcswb+kmiqSmMWCBR3C1Vh8EbJLkynR3YM6rIJI+qQsSoVy6jfqqt2teNzU+K2PMusbKSNxVije9vnWpXaJqT9qRviANNTkhOCMO+0sbF8YkA+2odf57fjT4elUn0olb7pZfnmrbBUO4kedVsTseOTVkRjz+Fv5l3+dV7i7RLg+mBMP0rj+mJU8RmHqNfaiuG21HJokiMeV7N/K1jVQbAWNwy3ZdxSQkAjmrqNCPDuPMWE2Ph3JUxOjcA2Uq3crjQnuNjSbiwqSLk3VSC0kYP3gD86pTbCjOsUjIeR7a+jG48iKijwSJ8Mkkdt6MpYKeIIGZb1JBMD8Lxv3o+U+avYe4oquGK/ID2pFPh1zSR50G94tQBzKnUeO7voNhukOHkNlkUE7sxA+RPvW3baLIcrK1v4SD4EMQaxnTjorDJE+JhhKyKQXVUbtqTYkAaZhe+m8Ch6kohtTCBjN8rLe43b9D+FFMDPLChXIJUP0C+VhbUFSdCwPG48Tvrj+ytryYZ1dXLx8Re9h3flXXdm46OaMPGQVNvK+tUpqapi27S1PtFAgdZZEI1aKUhb21KgtdW/hNQbQ2lDJhjLh5FSQWALrZc3BXsANd2hvxqttPDHQxqt+OpB8tbUCfGdU37yC+/XKD72vTcVXIWLYrzbQnimkiQCHSRlUC+Ul0BzZmJvpobWvVjpVttwxhjVlU6uwUDrDpuYC5tYC9+6oX6V4RIXhgw8kckhuOrIQZx9IspzePdQQvM9jIb2Gl9P1eud8Uiuz1ZPve9Kn3PIUqnZIrcjpO0dgI92iPVtyHwE96/RPePQ1nMSskJyyKV5Herfdbj4b+6s50e6ZYjDWSUNLFusT2l+45O77LeRFdO2dtHD4uMtGyyKdGUjUHfldDqD41vGZnKNmWjxpNqvRYqrmM6NrvibIfqtqvkd496Dz4KaP442t9YdpfUbvOtU0zN7kF0xFWUnrORYrvq2mLA+IgeNJxGpB0Mp3ikcMDx9RegZ2zGv0h6gfOnf8aHBkH8QJqdpVh/9nJ4j3pkqBRdituZYD3NZzG7cKKSWBtobmyqTqA1gTc8FUFjwBrO4kTYhs2In6qGxGUZUZvAHMVG7eSTxUcJcaKTCm2+j8WLLyQKyyA2Z10UsumpNg1t113W38KC4cS4S/7VNhJRY2jke0hHHJMq3B7iSPDfRHBYpQBFDGJVUAL1gebQaaK5OmgGhFrbrUSj6NmVg74eGK3FkHjcIvHxtbQg77y4lRlXAtmbOw2LQSYd5IzYEpIO0t720NiVNjZgSDY2OhqHFdHMQvw2kH2Tr6Nb2vWwwGBSLW5ZjbMzbza+ncNTp31aIvUOCZtD1U49nLcRhXU2cMjDmCD6EaioTCeft/eurvEGFmAYciAR6GhWK6PQPuUofsG39JuKh6Xg6oesi/qTRzs4ccSKuYWaeOwjnYchnNv5TofStBi+isg/y3V+5uy3vofUUDxez5I9JEZPG49GHHvBrNxceUdCnDUWGmX4tsYxfiRJRzKgH1S1W4ukC/8AUhkj71s49DY+5qbZu20e0c8KNJbRh2DIBx0Fi/Macx3GpMJEYzJHG72IBTNlK+IPrv8AOt43SaZwak4qTi1TKGH2jG/+XKpP1WORvR7X8r1c/anT4gR41Q/ZcJLcdq43kKjqO66XJ8qijSOPSPGKo+owfL5o4IHpWmfBk5Q6Yei2pzqymJjb7J5jSs68bkEhoCR9STKT/Aw3+dUXx7IQHMcZIuA8sam2ovYndofQ0bULHk2rHexRZDz3N68ayO1NsxxOJIkYNe0kciFNOecdi/n31LgdvKGCmWAkmwCTxlj/AAsVHvVXpRio3YyR2cqEV+ra9mOa2o0NgLE87ClBU6sifwe7a2zgsXB1cwAzaCzJI4I3PlQkgjnbnzrn/RkvHi4449D1iqct7EXtmKjeMpJ7hWkw22Au8G3EGx+dW8N0pwMV5OrKuNcyIoPI6g3HlVSgllMlMxnS3ZjxNG8hUvKHEuQZVLqQcwHAkEXtvtfjVDYG0WRGQMRY8+B1/OrnTXbIxEisilIhmKgm5JNgT3bt3j5ZjDy5STzrByqVotLBscFip8TImGSdogcxBzZRcC9iaqbaM2Gl6qTESyEAE5JMw1vYajf3d4ofBiML9JJWb7yW9Chq/FjIOET915B/2oKq77FRdwWzX6lsVmNwwRM41bOCGy/aAsb8hUqZzvvVdMUDYC9hewJJtfleiOGNXFCZ51bV5VnraVWSUDIpFjZhbcbWqhg8RJDIZcOxTLodb+K2Pxp9k+WtVMP0YxDmyRzW4XiYC33msKO4DoBimtntGOIeT5LHcHzIrNycuhqKR0bon0lXFxnMMsq2zrwN/pL9nuOoPkTo8gO6sh0b6JR4YEl2dyLZgTGFBIJChWvqQLkk7uFaNIGX4ZXHc1nHmWGY/wA1GR2QbQwEZZWkjVlbsMbbiT2TfeNez/GOVBcd0JwkhJtKhP1ZpPYMxA9K0cqSlSrCOQMCDq0ZseXx69+leR4tgo62OS4AuyqHUniQIyW/pFG7yFeDBYj/AAzhIOWeYX+uQ49st6rw/wCG0gIAxrZRwEetuWrm1dGXGQMcvWKrH6LHI/8AI9m9qnaDkaaoMmNw3QmJNWklbzAHyNEoOj+FQ3EQY83u/s1xRwxkcKaTzqrEQRxhRZQFHIAAegp4RqflFegcjQA0Rt304Ka9F6cL0gHKlSCEc6izGvRJUtDTPWgPA37jUDrwZdDwIuD5GrIkpwkoyPBm9o9GYZQco6tt4KXygjcctwVI5qRQoSbQwRzWXER7swskluRIsp15gedbhkU8PTSmPCfvDlx/vU14wab2/qz/AD/0ymF6WYIn9/E8L3/6vZGu83uFI14b+VFJ8Lh8SueJlY8NdR3X5dx9apbY6PZ7mEhG4xtorfdPA+3hWFxWDRJGDpGrra5FkYZt3aFjU+44PJtD0sdVfpf4ZtNmdJoYyUlJjZGKENrqpsVut939uVq3SnZ+ExkXYdA3xRsRYqx8dSjWAIHjobWyqRkHR5R35+s9OszVYbDJK2aaSWRrWu7BreClbAeFqfuKQf4U1y0YdgEYqyAFSQQRuIOt7cARw3kbzpW66GPLJHOIwLiM5QwOQuNQrW4m3l31InQ2GRs/WOd25xHoLAadW/DS4I4aX1rUYaeLAwZXZIokA43ZjwJawLsTuAUbuNOKayYTjTpnN8VtnEsxSTDRKwJB1KkW0IOtCMRFI90CKpbT4rjyI3+VW9vOuNxDyxxlQxBbsuztcDVgoIU5cug8ySb1Y2YI4T2o3ZhaysMgvwuLA247r94oty5IwuCpt/Z7vIEC5FQWFyCzEgEsbCwvpYDcAKHrsU8xR6eRmYs28m5/tTVak4psN2AUmx7casx7Mtxq8r1MpFqagidzK8OCI4UQjgI4Gkgvuq0qG2tapUJsYB3H2pVJ1Z5j0rymB0PCC6LfUgAEnmvZPuDVlEqthG0P3393Y/jVkNQxklPDVEGpwNIC0r069VVapVe9S0Ox7qGFmAIPA6j0NVP+GRD4FMf/AMTNGPMRkA+YqzSpUOwTtOHEomaCVnI1KOsZJXiEIVbt3MTfdcb6j2djZ5EzRyQTDcQVeJwRvVhd8rDkQKNVn9s9GllfrYpGgm4umquQLDOh0bx0PfanQrCDYqQf5mGkHfGVkHoCG/pqP/icH0pOrPKVWj93AvWan2jtPB/5sfXRj/qRE6DmyW0PgLDnVnZnT7Dy2V5AjHhKoAI7mBy+5ougo1Cm4upDDmDcV7mIqiMJBJ2xApv9OBsp9VKmkIQP8vFSp9mUBx5lwG/qp2FBASV7mBqmvX2uFilHONyh/lbMD/MKY2PVf8yOWL76Fl/njzKPM0Wgov25GvCSKgw06SaxyJJzyMGt423VMGIpiHq9SLJVWfERqLucvAW1ueQUak9wuarsZJOaR+jv6fAv9X3baqgLkuIz3RPBn3he4X0L+w3nkRHSDozHiY8o7LBcqPvKgblP1l7j5USSygAAADQAaAeApyTgG2YXG8XHyqZaaaplw1JQe5cnJcbsqeMspU3BtpqN/dw43qjNJKm8te+4Ei41vqd1rUa/xIxWJjxYMD2RlBIt8LqBc+JDL53rHHE4liS8qqTvLkC/neuGUKeD19P1SlFWi6dtT7hJIg42Yg+u+quy4ZcTK6jPKwIIFyeJJZmPwgW+I+9VJ+sJ7UiG/wBIMp9AtyfStF0KwpEhAcrGbNK7aArHd9eQFyfS/AHTSi7ycnqtSMsRIpZ1jOSKSTKFUMUZljZgLHIB9ECwudTqeNeABtb3PNjr6k60zHJGZZDECsRY5ASdFvp4X324XtXkdxxNdHJxMvDDi19D4Nr86fHhQQD2hfgagjY8z61IL99WkSPkwpBtoa86g8KcpqVGHGqoRGiMONEE7S7rd9Vwy1ZSUAWFNCH9UOfvSrzre750qYGsw8vafX6XzVT+NW1nNBsPJ2n+8P8AYlWRJToLCYxFSrOKFiSo2xdtwv8AKltHYdWSpA9ZxsS1iS2UeNgPOhsu3sIp7WJivx7YY+16TSXIXZvEcGpLVz6LpHgjuxMfm1vcgUcwWPDjNFKrjmjhx7E1NJ8MZpLV5Q2LapGji/eND6bjRGCZJBdDfmOI8RRwAiKyHSfoRFiAzxARSnU8Ec/aA3N9oa872tWyK15lo5A5F0TJwWIaDFHqw2gDgr3AxyoQVJ1G8K2moIseh7Q2fO+QRYjJGdSXAc3FiBdxex148N9WNt7DhxSZJUv9VhoynmDWQjXH7La1mxOE7rl4wdNw1A9Rp9HdUNOPBV2G5diMJBlc3uoJXQa2vYcBUONgxuGIC4kydktZ1vuIW3aJOtzutuqKbbEM4ifC4hyM69ZHr1igGzbuNj4dnQ0O6QbXkjf9y0syNGVOYZmU5gwIuAdMo38zob3FrUbq0TtCWHxrSuq4nDRG5tnAKkHhqLka8avSTLG2TPiIje3atLGeGme7BfC1c+/5pxQPaSQAbh1d9L2sbDfbWjsW33xMIaNiJY2COGHaZTuZQ1iRztus2mopOab4HtZrcMQrXOSVzvcNlkI5BHsAO5SB3UQjIYEqTpoQwIIPIg1z7bm38pWNZO0EGccblmNu7QrRfoNipJBOZM2hjAzXvuduPcV9aIyBoIbd2zHhVBkJLNcJGvxPbS7N9BAeP/qsHiulWKkkDKyQ5SVCJHG2QsLqSzqW1FtQd7C24irX+JcqvNGvERaHQkMHZt3G11Nu4VjkmuNCRmUi32lNxa1xvv4Gw3aVnKTbGkaWLDnFQzxrrIUaRCdSxUh2uTrcrmQnW51JJ1OJOAk0suh42sPe1dp2DstcLh7uB1rkE3+vmzBBb6CE68z4CuZ7UeCCTqxho2YAFi7s2UnXKwIGoBW4voTbhUzTpGumotu3QNw2FjBs73+ypuT5L+JFG/2i6dWoyJpcaXa2ozEaWB1yjS+up1oM+ILm+RE0taNcq+nPxqxG5oj8im1xEIKg/RqVIxVZDU6GtUZMnWMVJlHCo1qbqyKsQgD3elqciCmaj/1TlY0xFhI+Xz1r0pUQJtepAeZ/XjTEK3jSpufvpUAFoJe03iP9q1bWWhML6t4j/atWletKILrS9+lY7bnTYISmGAc7i51UfdH0vHd40L6W9IS7NBE1kGjkfSPFfuj3NZWNb+Fc2rq5qJtCHbLON2jNObySO/3j2R4KNB5Co0h8/Cniw3UjLaub7mp6Ifs05FKsCt0YbmU2I8CNRUQxPfU0eK56ingRodk9NcVDZZGE6cpPjA7pN/8ANeuh7C6QQ4kZoXKyLqUbR177fSXvFxXIlRH3aH9b+VR2kicOrFGU3V1NiD3GtIzlH5RLimfRmC2ordmSyng25T+Rq8JL/CpPedB76+gNcq6KdJVxP7uSyzgb+EgG8rfcRxXzHG3Q9k7RL/u3PaG4/WH5iteVaJ7phLIx3m3cv5nf6CnCFeV+86n1NLPTg4qBg3H9H8LMbyQxsfrFRm/m3+9UP+T8MPgMqdwlkI8lZyB6VoGlXnUZxCfWHvVLIGdl6IqfhnlX/wDmf90RPvVVuh7a2xMmv2Y/kIwK1JnX6wrwzr9ZfUUyTLJ0QdRYYiXxyx39SpNGNi7L/Z4zGuZ8zFmdyCzMQBc2AG4AaAaCiPXp9dfUV7+1R/XX1FPjoAZidhQuzOVyl7ZvhKsRoCUcFb99qpjZOHiYMpXMDfsxwgg+Ij0PeKK4zFpbRgfOsvt3GlIpGU2YKbHlpTUb5E3Q3pBtxI9dOsIZUQm4GVSzFjxAFyfTThyzGxP1jF9WcCQ8+2M1z3nf51YRzLlkYs4DFBcm76tZF4i4NzbddjxtRja8QBSOyl0UZ2Ub3axI3n4QFG/eG51lJ2WsACOM8quKndbwqZIxwqRY/wA6FENx4iVOtOjjG4WqcJ3VokSM7XOvRccb08IBenIRusKYj2M99SKedqb1Y4U4LrTAkVf0K8JNJbAb9aR/RoER5KVSWPClQFjoG1bx/wC1aqdINoGGBmXRm7C+J4+QuanhbU+PyAH4VlemWLDPHGrA5A2a3BjYWPeAPeq1J7YthBWzNBdbVY3aVFEONEdh7ObETJEPpHtG4FlG/U6AnQDvYVwI6C/0f6NyYrtE5IQbFyNWtvCDie/cO/dWr2lsvC7Pjjk6tWV9FdxnbON4sQcp0voANaqY7b7YLFfs7xFI1VQy8VBGjJwsBv568RRbb6LjME6xnOVtPEV+kUBDqOZMebTmgFdEYxSdcmbbbyHNlyRzQxyALZ1B3AC9tdLaa3rBYp8NPingOHW5corRAIb7jfLvsbi7AjSinRDaQGDYA3KGQADW9xnAHP4qp9CcAjTftAbOVGp4F33m1rg7zrzFU8pCWLBnSTofNhLyRsZIh9ICzJ99Rw+0NOdqEQYpXXK/67x+VdP2x0pjjfqUsz65yRdQNARyJ115DztgOlWyFidZoRaJzoB9B95TwI1HgRw1ynHblFJ3hglg8ThlYqykMrDeCNQRXV+je2f2mFZB2ZEOVwODixuPsnePMcK5Yr9ZHY7xqPDlRLoftPqMSoJsklkfxJ7LeTaeDGlCW2XwwkrR3rDYsSRh+O4jkw3/AK76TTmgWx58shQ7mGniP7X9BRV2rZxpkJ2S5qDYzpDDGxXtNbioFvUkXogXrjm0Umn2hJhxJ1YDMByCqpfdfUkd4obUVYJNnRm6Vw/6cn9P51G3SuD6kn9P/lWEn6PRoxWSeUkW3Oq8AeINt53X3VKmx9nAduaa/HNJGB5WG6je/A9vybB+lkH1JP6f/KmL0mw54SD+EH5NWSOA2RxmkHO8gJ9Bp70F25Hg0scJiHY8mz3H8QFufHlS9xoNh1KLHRyi8bZhx4EeIO78aD9I8QBC9zYWtr31idn9JHjUHJmexBJNlI7wN/D0p+EgxGPlGckrfgOyvci/W79T31fupqlyTtfZpf8ADrZyNDJO9z1WdYw25SQGDAbibsNeY7hQgE7zqTqSTvvz762W1HTCYQYeO2ZtLDnaxtzAHHiSPGskg41NVgd2ec6cI+/+396cEvYi/n5U8tfuI7v1egD1Dwt4VJb9flXigW4U5dO70qgEo7vn7U9B3e/96Rvvtr+uVOS+7nQIQB32869L91qaWO75U0tzPtTAczWp4AB9t4PuKjY6cK9U0BRJpSpdWDypUBRTE+VGbkHPpc1z2diTc6k6nvJrc41SIpAP9N+/6J3kVhZax1nwXprk8Q6VrOhiKokkYgfClzpbex1819KySGuhf4ZyR3kWR1VcwJz7rFbbuPw7qy0/qRcuA7jYYcXGI516xV+B0I6yP7jcV+y2mnChmz9jTYJWlXEo6XQIiA5y9xZyjWyEaDQkHyFxGI6EziVjHiIMpZirB3BILEgkKhsbW01rU7F2LJBFJJisU0qgLaNFLqSzBbXksWuSo3C199b3btqjOsVZUw2HOczYOPqZAxaQLZ16wWJKLcgrY3yjQXtwqPa2Mx8okeOH94SA2RQtgdMxF/iItc30vyFFMFtQrdo1sL6jS6mwbUqSDoQfW9V8fEZZUkLBVcrcA6BcwzMFB7Ry3I0PlbW9uMCvJR2T0YV+rbEvqpzdXG19eTyDS3ct78xWh6R7PE+FkjCgHKWQAAAOnaXdzIt4E1lNs7P2kk0i4RnliuMjR5DcZRvCnMDe41HCreFXG/tpLJikwwtbrRIqg2Ualt9zfQ86hNcUPPJznDS2Ycvzp062JtpyqOVQHYDcGIHgCQKe5v6VzGp2LY2OzxQzcSqMfGwzD1uK0ryVzvobP/8AhRjkXH9bH8a1+HxOZR4CuxZSZz8NovPLXJP8RMJkxee3ZkRW/iXsEegX1rqTC9AuknR04yIKjKkqElC+isG+JS3C9lI7xS1I3EqLpnIowmYZgctxmy2vbja9heiTYVJQDEwW25GFjc7ze9v/AF30eToDi1H7yCS/2WjI8Qc+7y9Ks4boXixouHZe92X8GOnlWMYPtFuSMPNCyuUPxDgDfv0tvp4wkn+m9uZUgepFdFw/QvFH43jjHcST6WX50TwnQqBSDLI8vcLqp8t/9VV7TDeZDon0SfE5ixAVLFhca3vxF9wBJ461usTisNgIrKO0RZQPibuUcF5n15VV6Q7cjwKCHDxqJGF7fVU6ZmtzPDebG554F8Q8jmSRi7m12PAa6DkKu1BUia3ZYSlx0krmST4jwG5F4KO7U+tSLiDa3/qqKVZjO7SpTBovLiOGl/C9v7/2qTPc776VWRRy9OHCp400FteG/jyq0SPfdqPQ0shO7fx/XGvE38amHfVANXkQT4U/JfS1I67q9Un8d9/K5oAc8JGpPDzqExmpVmGnd3U+M7wNx560AQFf1epLgWINiNR3efOn9Ra/AVGIf1zoAVh9Y+lKvcjUqAMV/wAeYghkGoI0PMWoI40q00NNMVcbbfJslRWVaP8ARjFBJADucZf4hqPy/ioMY6WHexsTbv5HnRF07Bq0b/be05sORGsZSRkzp1gIutyLqOJ0Oh9Kb0Iw00sv7RiSSh1ux7TgixUD/Tt4btOdWcLt+LFQRw4mJZJ4WujNwUixIse0DpdTpoDypu2cdIsEhjzFshvlF8q6AsbbgLjwrpWf1NmXGEHsFjIsY08EadXGoUofizvnB33LNfKVNzuOnChkbx4jCy4WN+rlV8yOQFyODcJdfhjYKVvpY6kWvQT/AA9lMSSSDfnS38Av8zVVm/Y9qSIf8t2IHLJJZ0PlmX3qbwr7HWXRNs/pTJC7Q4yMhlOVmtZ1I+uv0vEe9a87VCwvMshKKhbQmxsL2t36ad9R4jZ+FxYVcWpDKLJMhs6jgjmxzJyuDbhpWR6YbRjVFwkFsqhVkYG9wmipm+lrYk9w76ptxTsVKTwY8E8akO6ozUjjcK5DY3vRDTBp3sx/rI/CtTs7cNRbxrmWC2/JHGsaoCFB1vzJPLvqRukcp+ivvXXHUiopGLg27OywvGB2pEHiwH40pcThgLtNF/Ov51xRtuTHgg8v71TxOLlk+NiR9UaD0G/zqXqropQZ1zE9J9nR/wD7KH7gZ/8AYDQ7EdP8EvwLLKe5bf7iD7Vy9IqmVKn3ZD2I22J/xGkOkWGVeRke/wDSoHzoLi+k+Ml0aYoN2WIZP6tW96FJH4VOuH/QpbpPsKQ1F1JNyTqSTcnvJOpPjVqFANeH63V7DF71cTDnTTShITZFGoHp8vHyq4Df9X01rzqLb7/rlUyRjlx3/wBq0SJHQi+nHu9P1+ryhLV4qd1qlKX1H69d9WIcR5U4ab/1399NUDjfeb+9TLHppa3j/f50wGZv1/fj405XJuLelRqh3EgHlw8fH+1PRMoFuG6270Pr5UAPIJG/8/Go2HD5/n507LoL+dv1upxTTQnwJ8fWgBiMPffwqYC+4+N78++oQh11OvD9b6Q7N7+Hh6jWgCxkPMGlVbTv9BSoCjJHBi1RnBUqVcpoQtgqp4nC+tKlUstEeHxJFgSQRuI3jzrY9HemL4YksgYNYFgBcgcCDSpVUWyZFzE7fhmdnjAQNbsqpUXtY6W53qbH4zZjpFLi0Z5Y1yEAuFZVa6AhRroefO/CvKVauTcSIrJndp9J2cFYQUTXtN8VuQtu046nwrMu1KlWMm2aJJD4Uvr6VYWGlSqUNkow9OGHpUqoQv2apFw9KlQBLHheVSLhr17SqkSTx4erCYbX9frlXtKrQmTLBrw7/erSR8Lndu/GlSqkSyYIeOvnTgN3f+VKlWgh6r5nQHW3v604JvPdf9frhSpUCHhj8v1u+VOiNraDuG64va+nfSpUDPGJtutUscZPw208vfj/AHpUqBEbAc72tpbuHlTUIOhuN/tSpUDPQxsbkgbuHytURW2tyOGnvSpUDFmH6A/KlSpUhH//2Q==', comment: 'Busco potencial inversor para mi proyecto de negocio. Soy un emprendedor con una idea de negocio innovadora y con gran potencial de crecimiento. Necesito un inversor que me ayude a financiar el proyecto y aportar su experiencia en el sector. Si estás interesado, contacta conmigo.'}]
,Chrome Headless 114.0.5735.199 (Windows 10) ERROR: 'NG0304: 'mat-card' is not a known element:
1. If 'mat-card' is an Angular component, then verify that it is part of this module.
2. If 'mat-card' is a Web Component then add 'CUSTOM_ELEMENTS_SCHEMA' to the '@NgModule.schemas' of this component to suppress this message.'
,Chrome Headless 114.0.5735.199 (Windows 10) ERROR: 'NG0304: 'mat-card-header' is not a known element:
1. If 'mat-card-header' is an Angular component, then verify that it is part of this module.
2. If 'mat-card-header' is a Web Component then add 'CUSTOM_ELEMENTS_SCHEMA' to the '@NgModule.schemas' of this component to suppress this message.'
,Chrome Headless 114.0.5735.199 (Windows 10) ERROR: 'NG0304: 'mat-card-title' is not a known element:
1. If 'mat-card-title' is an Angular component, then verify that it is part of this module.
2. If 'mat-card-title' is a Web Component then add 'CUSTOM_ELEMENTS_SCHEMA' to the '@NgModule.schemas' of this component to suppress this message.'
,Chrome Headless 114.0.5735.199 (Windows 10) ERROR: 'NG0304: 'mat-card-content' is not a known element:
1. If 'mat-card-content' is an Angular component, then verify that it is part of this module.
2. If 'mat-card-content' is a Web Component then add 'CUSTOM_ELEMENTS_SCHEMA' to the '@NgModule.schemas' of this component to suppress this message.'
,Chrome Headless 114.0.5735.199 (Windows 10) ERROR: 'NG0304: 'mat-card-actions' is not a known element:
1. If 'mat-card-actions' is an Angular component, then verify that it is part of this module.
2. If 'mat-card-actions' is a Web Component then add 'CUSTOM_ELEMENTS_SCHEMA' to the '@NgModule.schemas' of this component to suppress this message.'
,Chrome Headless 114.0.5735.199 (Windows 10) ERROR: 'NG0304: 'mat-icon' is not a known element:
1. If 'mat-icon' is an Angular component, then verify that it is part of this module.
2. If 'mat-icon' is a Web Component then add 'CUSTOM_ELEMENTS_SCHEMA' to the '@NgModule.schemas' of this component to suppress this message.'
,Chrome Headless 114.0.5735.199 (Windows 10) ERROR: 'NG0304: 'mat-icon' is not a known element:
1. If 'mat-icon' is an Angular component, then verify that it is part of this module.
2. If 'mat-icon' is a Web Component then add 'CUSTOM_ELEMENTS_SCHEMA' to the '@NgModule.schemas' of this component to suppress this message.'
,Chrome Headless 114.0.5735.199 (Windows 10) ERROR: 'NG0304: 'mat-list' is not a known element:
1. If 'mat-list' is an Angular component, then verify that it is part of this module.
2. If 'mat-list' is a Web Component then add 'CUSTOM_ELEMENTS_SCHEMA' to the '@NgModule.schemas' of this component to suppress this message.'
,Chrome Headless 114.0.5735.199 (Windows 10) ERROR: 'NG0304: 'mat-form-field' is not a known element:
1. If 'mat-form-field' is an Angular component, then verify that it is part of this module.
2. If 'mat-form-field' is a Web Component then add 'CUSTOM_ELEMENTS_SCHEMA' to the '@NgModule.schemas' of this component to suppress this message.'
,Chrome Headless 114.0.5735.199 (Windows 10) ERROR: 'NG0304: 'mat-list-item' is not a known element:
1. If 'mat-list-item' is an Angular component, then verify that it is part of this module.
2. If 'mat-list-item' is a Web Component then add 'CUSTOM_ELEMENTS_SCHEMA' to the '@NgModule.schemas' of this component to suppress this message.'
,Chrome Headless 114.0.5735.199 (Windows 10) ERROR: 'NG0303: Can't bind to 'ngModel' since it isn't a known property of 'textarea'.'
,Chrome Headless 114.0.5735.199 (Windows 10) ERROR: 'NG0303: Can't bind to 'ngModel' since it isn't a known property of 'textarea'.'
,Chrome Headless 114.0.5735.199 (Windows 10) ERROR: 'NG0304: 'app-nav-menu' is not a known element:
1. If 'app-nav-menu' is an Angular component, then verify that it is part of this module.
2. If 'app-nav-menu' is a Web Component then add 'CUSTOM_ELEMENTS_SCHEMA' to the '@NgModule.schemas' of this component to suppress this message.'
,Chrome Headless 114.0.5735.199 (Windows 10) ERROR: 'NG0304: 'mat-list' is not a known element:
1. If 'mat-list' is an Angular component, then verify that it is part of this module.
2. If 'mat-list' is a Web Component then add 'CUSTOM_ELEMENTS_SCHEMA' to the '@NgModule.schemas' of this component to suppress this message.'
,Chrome Headless 114.0.5735.199 (Windows 10) ERROR: 'NG0304: 'mat-divider' is not a known element:
1. If 'mat-divider' is an Angular component, then verify that it is part of this module.
2. If 'mat-divider' is a Web Component then add 'CUSTOM_ELEMENTS_SCHEMA' to the '@NgModule.schemas' of this component to suppress this message.'
,Chrome Headless 114.0.5735.199 (Windows 10) ERROR: 'NG0304: 'mat-form-field' is not a known element:
1. If 'mat-form-field' is an Angular component, then verify that it is part of this module.
2. If 'mat-form-field' is a Web Component then add 'CUSTOM_ELEMENTS_SCHEMA' to the '@NgModule.schemas' of this component to suppress this message.'
,Chrome Headless 114.0.5735.199 (Windows 10) ERROR: 'NG0304: 'mat-icon' is not a known element:
1. If 'mat-icon' is an Angular component, then verify that it is part of this module.
2. If 'mat-icon' is a Web Component then add 'CUSTOM_ELEMENTS_SCHEMA' to the '@NgModule.schemas' of this component to suppress this message.'
,Chrome Headless 114.0.5735.199 (Windows 10) ERROR: 'NG0304: 'mat-form-field' is not a known element:
1. If 'mat-form-field' is an Angular component, then verify that it is part of this module.
2. If 'mat-form-field' is a Web Component then add 'CUSTOM_ELEMENTS_SCHEMA' to the '@NgModule.schemas' of this component to suppress this message.'
,Chrome Headless 114.0.5735.199 (Windows 10) ERROR: 'NG0304: 'mat-icon' is not a known element:
1. If 'mat-icon' is an Angular component, then verify that it is part of this module.
2. If 'mat-icon' is a Web Component then add 'CUSTOM_ELEMENTS_SCHEMA' to the '@NgModule.schemas' of this component to suppress this message.'
,Chrome Headless 114.0.5735.199 (Windows 10) ERROR: 'NG0304: 'app-nav-menu' is not a known element:
1. If 'app-nav-menu' is an Angular component, then verify that it is part of this module.
2. If 'app-nav-menu' is a Web Component then add 'CUSTOM_ELEMENTS_SCHEMA' to the '@NgModule.schemas' of this component to suppress this message.'
,Chrome Headless 114.0.5735.199 (Windows 10) ERROR: 'NG0304: 'mat-list' is not a known element:
1. If 'mat-list' is an Angular component, then verify that it is part of this module.
2. If 'mat-list' is a Web Component then add 'CUSTOM_ELEMENTS_SCHEMA' to the '@NgModule.schemas' of this component to suppress this message.'
,Chrome Headless 114.0.5735.199 (Windows 10) ERROR: 'NG0304: 'mat-divider' is not a known element:
1. If 'mat-divider' is an Angular component, then verify that it is part of this module.
2. If 'mat-divider' is a Web Component then add 'CUSTOM_ELEMENTS_SCHEMA' to the '@NgModule.schemas' of this component to suppress this message.'
,Chrome Headless 114.0.5735.199 (Windows 10) ERROR: 'NG0304: 'mat-form-field' is not a known element:
1. If 'mat-form-field' is an Angular component, then verify that it is part of this module.
2. If 'mat-form-field' is a Web Component then add 'CUSTOM_ELEMENTS_SCHEMA' to the '@NgModule.schemas' of this component to suppress this message.'
,Chrome Headless 114.0.5735.199 (Windows 10) ERROR: 'NG0304: 'mat-icon' is not a known element:
1. If 'mat-icon' is an Angular component, then verify that it is part of this module.
2. If 'mat-icon' is a Web Component then add 'CUSTOM_ELEMENTS_SCHEMA' to the '@NgModule.schemas' of this component to suppress this message.'
,Chrome Headless 114.0.5735.199 (Windows 10) ERROR: 'NG0304: 'mat-form-field' is not a known element:
1. If 'mat-form-field' is an Angular component, then verify that it is part of this module.
2. If 'mat-form-field' is a Web Component then add 'CUSTOM_ELEMENTS_SCHEMA' to the '@NgModule.schemas' of this component to suppress this message.'
,Chrome Headless 114.0.5735.199 (Windows 10) ERROR: 'NG0304: 'mat-icon' is not a known element:
1. If 'mat-icon' is an Angular component, then verify that it is part of this module.
2. If 'mat-icon' is a Web Component then add 'CUSTOM_ELEMENTS_SCHEMA' to the '@NgModule.schemas' of this component to suppress this message.'
,Chrome Headless 114.0.5735.199 (Windows 10) ERROR: 'NG0304: 'app-nav-menu' is not a known element:
1. If 'app-nav-menu' is an Angular component, then verify that it is part of this module.
2. If 'app-nav-menu' is a Web Component then add 'CUSTOM_ELEMENTS_SCHEMA' to the '@NgModule.schemas' of this component to suppress this message.'
,Chrome Headless 114.0.5735.199 (Windows 10) ERROR: 'NG0304: 'mat-list' is not a known element:
1. If 'mat-list' is an Angular component, then verify that it is part of this module.
2. If 'mat-list' is a Web Component then add 'CUSTOM_ELEMENTS_SCHEMA' to the '@NgModule.schemas' of this component to suppress this message.'
,Chrome Headless 114.0.5735.199 (Windows 10) ERROR: 'NG0304: 'mat-divider' is not a known element:
1. If 'mat-divider' is an Angular component, then verify that it is part of this module.
2. If 'mat-divider' is a Web Component then add 'CUSTOM_ELEMENTS_SCHEMA' to the '@NgModule.schemas' of this component to suppress this message.'
,Chrome Headless 114.0.5735.199 (Windows 10) ERROR: 'NG0304: 'mat-form-field' is not a known element:
1. If 'mat-form-field' is an Angular component, then verify that it is part of this module.
2. If 'mat-form-field' is a Web Component then add 'CUSTOM_ELEMENTS_SCHEMA' to the '@NgModule.schemas' of this component to suppress this message.'
,Chrome Headless 114.0.5735.199 (Windows 10) ERROR: 'NG0304: 'mat-icon' is not a known element:
1. If 'mat-icon' is an Angular component, then verify that it is part of this module.
2. If 'mat-icon' is a Web Component then add 'CUSTOM_ELEMENTS_SCHEMA' to the '@NgModule.schemas' of this component to suppress this message.'
,Chrome Headless 114.0.5735.199 (Windows 10) ERROR: 'NG0304: 'mat-form-field' is not a known element:
1. If 'mat-form-field' is an Angular component, then verify that it is part of this module.
2. If 'mat-form-field' is a Web Component then add 'CUSTOM_ELEMENTS_SCHEMA' to the '@NgModule.schemas' of this component to suppress this message.'
,Chrome Headless 114.0.5735.199 (Windows 10) ERROR: 'NG0304: 'mat-icon' is not a known element:
1. If 'mat-icon' is an Angular component, then verify that it is part of this module.
2. If 'mat-icon' is a Web Component then add 'CUSTOM_ELEMENTS_SCHEMA' to the '@NgModule.schemas' of this component to suppress this message.'
,Chrome Headless 114.0.5735.199 (Windows 10) ERROR: 'NG0304: 'app-nav-menu' is not a known element:
1. If 'app-nav-menu' is an Angular component, then verify that it is part of this module.
2. If 'app-nav-menu' is a Web Component then add 'CUSTOM_ELEMENTS_SCHEMA' to the '@NgModule.schemas' of this component to suppress this message.'
,Chrome Headless 114.0.5735.199 (Windows 10) ERROR: 'NG0304: 'mat-list' is not a known element:
1. If 'mat-list' is an Angular component, then verify that it is part of this module.
2. If 'mat-list' is a Web Component then add 'CUSTOM_ELEMENTS_SCHEMA' to the '@NgModule.schemas' of this component to suppress this message.'
,Chrome Headless 114.0.5735.199 (Windows 10) ERROR: 'NG0304: 'mat-divider' is not a known element:
1. If 'mat-divider' is an Angular component, then verify that it is part of this module.
2. If 'mat-divider' is a Web Component then add 'CUSTOM_ELEMENTS_SCHEMA' to the '@NgModule.schemas' of this component to suppress this message.'
,Chrome Headless 114.0.5735.199 (Windows 10) ERROR: 'NG0304: 'mat-form-field' is not a known element:
1. If 'mat-form-field' is an Angular component, then verify that it is part of this module.
2. If 'mat-form-field' is a Web Component then add 'CUSTOM_ELEMENTS_SCHEMA' to the '@NgModule.schemas' of this component to suppress this message.'
,Chrome Headless 114.0.5735.199 (Windows 10) ERROR: 'NG0304: 'mat-icon' is not a known element:
1. If 'mat-icon' is an Angular component, then verify that it is part of this module.
2. If 'mat-icon' is a Web Component then add 'CUSTOM_ELEMENTS_SCHEMA' to the '@NgModule.schemas' of this component to suppress this message.'
,Chrome Headless 114.0.5735.199 (Windows 10) ERROR: 'NG0304: 'mat-form-field' is not a known element:
1. If 'mat-form-field' is an Angular component, then verify that it is part of this module.
2. If 'mat-form-field' is a Web Component then add 'CUSTOM_ELEMENTS_SCHEMA' to the '@NgModule.schemas' of this component to suppress this message.'
,Chrome Headless 114.0.5735.199 (Windows 10) ERROR: 'NG0304: 'mat-icon' is not a known element:
1. If 'mat-icon' is an Angular component, then verify that it is part of this module.
2. If 'mat-icon' is a Web Component then add 'CUSTOM_ELEMENTS_SCHEMA' to the '@NgModule.schemas' of this component to suppress this message.'
,Chrome Headless 114.0.5735.199 (Windows 10) ERROR: 'NG0304: 'app-nav-menu' is not a known element:
1. If 'app-nav-menu' is an Angular component, then verify that it is part of this module.
2. If 'app-nav-menu' is a Web Component then add 'CUSTOM_ELEMENTS_SCHEMA' to the '@NgModule.schemas' of this component to suppress this message.'
,Chrome Headless 114.0.5735.199 (Windows 10) ERROR: 'NG0304: 'mat-list' is not a known element:
1. If 'mat-list' is an Angular component, then verify that it is part of this module.
2. If 'mat-list' is a Web Component then add 'CUSTOM_ELEMENTS_SCHEMA' to the '@NgModule.schemas' of this component to suppress this message.'
,Chrome Headless 114.0.5735.199 (Windows 10) ERROR: 'NG0304: 'mat-divider' is not a known element:
1. If 'mat-divider' is an Angular component, then verify that it is part of this module.
2. If 'mat-divider' is a Web Component then add 'CUSTOM_ELEMENTS_SCHEMA' to the '@NgModule.schemas' of this component to suppress this message.'
,Chrome Headless 114.0.5735.199 (Windows 10) ERROR: 'NG0304: 'mat-form-field' is not a known element:
1. If 'mat-form-field' is an Angular component, then verify that it is part of this module.
2. If 'mat-form-field' is a Web Component then add 'CUSTOM_ELEMENTS_SCHEMA' to the '@NgModule.schemas' of this component to suppress this message.'
,Chrome Headless 114.0.5735.199 (Windows 10) ERROR: 'NG0304: 'mat-icon' is not a known element:
1. If 'mat-icon' is an Angular component, then verify that it is part of this module.
2. If 'mat-icon' is a Web Component then add 'CUSTOM_ELEMENTS_SCHEMA' to the '@NgModule.schemas' of this component to suppress this message.'
,Chrome Headless 114.0.5735.199 (Windows 10) ERROR: 'NG0304: 'mat-form-field' is not a known element:
1. If 'mat-form-field' is an Angular component, then verify that it is part of this module.
2. If 'mat-form-field' is a Web Component then add 'CUSTOM_ELEMENTS_SCHEMA' to the '@NgModule.schemas' of this component to suppress this message.'
,Chrome Headless 114.0.5735.199 (Windows 10) ERROR: 'NG0304: 'mat-icon' is not a known element:
1. If 'mat-icon' is an Angular component, then verify that it is part of this module.
2. If 'mat-icon' is a Web Component then add 'CUSTOM_ELEMENTS_SCHEMA' to the '@NgModule.schemas' of this component to suppress this message.'
,Chrome Headless 114.0.5735.199 (Windows 10) LOG: 'before push. this.selectedChat', Object{id: 1, user_receiver: 'user_1', lastMessage: 'Como estas?', avatar: 'avatar', status: 'online', timestamp: '2021-05-01T00:00:00.000Z', messages: [Object{content: ..., sender: ..., timestamp: ..., type: ...}, Object{content: ..., sender: ..., timestamp: ..., type: ...}], user_transmitter: 'user_2'}
,Chrome Headless 114.0.5735.199 (Windows 10) LOG: 'this.chats', [Object{id: 1, user_receiver: 'user_1', lastMessage: 'Como estas?', avatar: 'avatar', status: 'online', timestamp: '2023-07-11T13:19:52.193Z', messages: [..., ..., ...], user_transmitter: 'user_2'}]
,Chrome Headless 114.0.5735.199 (Windows 10) LOG: 'this.selectedChat', Object{id: 1, user_receiver: 'user_1', lastMessage: 'Como estas?', avatar: 'avatar', status: 'online', timestamp: '2023-07-11T13:19:52.193Z', messages: [Object{content: ..., sender: ..., timestamp: ..., type: ...}, Object{content: ..., sender: ..., timestamp: ..., type: ...}, Object{content: ..., sender: ..., timestamp: ..., type: ...}], user_transmitter: 'user_2'}
,Chrome Headless 114.0.5735.199 (Windows 10) LOG: 'this.chats', [Object{id: 1, user_receiver: 'user_1', lastMessage: 'Nuevo mensaje entrante', avatar: 'avatar', status: 'online', timestamp: '2023-07-11T13:19:52.193Z', messages: [..., ..., ...], user_transmitter: 'user_2'}]
,Chrome Headless 114.0.5735.199 (Windows 10) ERROR: 'Error al desplazar hacia abajo:', TypeError: Cannot read properties of undefined (reading 'nativeElement')
TypeError: Cannot read properties of undefined (reading 'nativeElement')
    at MessengerComponent.scrollToBottom (http://localhost:9876/_karma_webpack_/webpack:/src/app/routes/home/messenger/messenger.component.ts:64:28)
    at MessengerComponent.sendMessage (http://localhost:9876/_karma_webpack_/webpack:/src/app/routes/home/messenger/messenger.component.ts:248:12)
    at UserContext.<anonymous> (http://localhost:9876/_karma_webpack_/webpack:/src/app/routes/home/messenger/messenger.component.spec.ts:92:15)
    at _ZoneDelegate.invoke (http://localhost:9876/_karma_webpack_/webpack:/node_modules/zone.js/fesm2015/zone.js:372:1)
    at ProxyZoneSpec.onInvoke (http://localhost:9876/_karma_webpack_/webpack:/node_modules/zone.js/fesm2015/zone-testing.js:287:1)
    at _ZoneDelegate.invoke (http://localhost:9876/_karma_webpack_/webpack:/node_modules/zone.js/fesm2015/zone.js:371:1)
    at Zone.run (http://localhost:9876/_karma_webpack_/webpack:/node_modules/zone.js/fesm2015/zone.js:134:1)
    at runInTestZone (http://localhost:9876/_karma_webpack_/webpack:/node_modules/zone.js/fesm2015/zone-testing.js:582:1)
    at UserContext.<anonymous> (http://localhost:9876/_karma_webpack_/webpack:/node_modules/zone.js/fesm2015/zone-testing.js:597:1)
    at ZoneQueueRunner.attempt (http://localhost:9876/base/node_modules/karma-jasmine/node_modules/jasmine-core/lib/jasmine-core/jasmine.js?7cbe40ea01cb84b567ab94817dab395ea48ff6b7:8656:40)
,Chrome Headless 114.0.5735.199 (Windows 10) ERROR: 'NG0304: 'app-nav-menu' is not a known element:
1. If 'app-nav-menu' is an Angular component, then verify that it is part of this module.
2. If 'app-nav-menu' is a Web Component then add 'CUSTOM_ELEMENTS_SCHEMA' to the '@NgModule.schemas' of this component to suppress this message.'
,Chrome Headless 114.0.5735.199 (Windows 10) ERROR: 'NG0304: 'mat-list' is not a known element:
1. If 'mat-list' is an Angular component, then verify that it is part of this module.
2. If 'mat-list' is a Web Component then add 'CUSTOM_ELEMENTS_SCHEMA' to the '@NgModule.schemas' of this component to suppress this message.'
,Chrome Headless 114.0.5735.199 (Windows 10) ERROR: 'NG0304: 'mat-divider' is not a known element:
1. If 'mat-divider' is an Angular component, then verify that it is part of this module.
2. If 'mat-divider' is a Web Component then add 'CUSTOM_ELEMENTS_SCHEMA' to the '@NgModule.schemas' of this component to suppress this message.'
,Chrome Headless 114.0.5735.199 (Windows 10) ERROR: 'NG0304: 'mat-form-field' is not a known element:
1. If 'mat-form-field' is an Angular component, then verify that it is part of this module.
2. If 'mat-form-field' is a Web Component then add 'CUSTOM_ELEMENTS_SCHEMA' to the '@NgModule.schemas' of this component to suppress this message.'
,Chrome Headless 114.0.5735.199 (Windows 10) ERROR: 'NG0304: 'mat-icon' is not a known element:
1. If 'mat-icon' is an Angular component, then verify that it is part of this module.
2. If 'mat-icon' is a Web Component then add 'CUSTOM_ELEMENTS_SCHEMA' to the '@NgModule.schemas' of this component to suppress this message.'
,Chrome Headless 114.0.5735.199 (Windows 10) ERROR: 'NG0304: 'mat-form-field' is not a known element:
1. If 'mat-form-field' is an Angular component, then verify that it is part of this module.
2. If 'mat-form-field' is a Web Component then add 'CUSTOM_ELEMENTS_SCHEMA' to the '@NgModule.schemas' of this component to suppress this message.'
,Chrome Headless 114.0.5735.199 (Windows 10) ERROR: 'NG0304: 'mat-icon' is not a known element:
1. If 'mat-icon' is an Angular component, then verify that it is part of this module.
2. If 'mat-icon' is a Web Component then add 'CUSTOM_ELEMENTS_SCHEMA' to the '@NgModule.schemas' of this component to suppress this message.'
,Chrome Headless 114.0.5735.199 (Windows 10) ERROR: 'NG0304: 'app-nav-menu' is not a known element:
1. If 'app-nav-menu' is an Angular component, then verify that it is part of this module.
2. If 'app-nav-menu' is a Web Component then add 'CUSTOM_ELEMENTS_SCHEMA' to the '@NgModule.schemas' of this component to suppress this message.'
,Chrome Headless 114.0.5735.199 (Windows 10) ERROR: 'NG0304: 'mat-list' is not a known element:
1. If 'mat-list' is an Angular component, then verify that it is part of this module.
2. If 'mat-list' is a Web Component then add 'CUSTOM_ELEMENTS_SCHEMA' to the '@NgModule.schemas' of this component to suppress this message.'
,Chrome Headless 114.0.5735.199 (Windows 10) ERROR: 'NG0304: 'mat-divider' is not a known element:
1. If 'mat-divider' is an Angular component, then verify that it is part of this module.
2. If 'mat-divider' is a Web Component then add 'CUSTOM_ELEMENTS_SCHEMA' to the '@NgModule.schemas' of this component to suppress this message.'
,Chrome Headless 114.0.5735.199 (Windows 10) ERROR: 'NG0304: 'mat-form-field' is not a known element:
1. If 'mat-form-field' is an Angular component, then verify that it is part of this module.
2. If 'mat-form-field' is a Web Component then add 'CUSTOM_ELEMENTS_SCHEMA' to the '@NgModule.schemas' of this component to suppress this message.'
,Chrome Headless 114.0.5735.199 (Windows 10) ERROR: 'NG0304: 'mat-icon' is not a known element:
1. If 'mat-icon' is an Angular component, then verify that it is part of this module.
2. If 'mat-icon' is a Web Component then add 'CUSTOM_ELEMENTS_SCHEMA' to the '@NgModule.schemas' of this component to suppress this message.'
,Chrome Headless 114.0.5735.199 (Windows 10) ERROR: 'NG0304: 'mat-form-field' is not a known element:
1. If 'mat-form-field' is an Angular component, then verify that it is part of this module.
2. If 'mat-form-field' is a Web Component then add 'CUSTOM_ELEMENTS_SCHEMA' to the '@NgModule.schemas' of this component to suppress this message.'
,Chrome Headless 114.0.5735.199 (Windows 10) ERROR: 'NG0304: 'mat-icon' is not a known element:
1. If 'mat-icon' is an Angular component, then verify that it is part of this module.
2. If 'mat-icon' is a Web Component then add 'CUSTOM_ELEMENTS_SCHEMA' to the '@NgModule.schemas' of this component to suppress this message.'
,Chrome Headless 114.0.5735.199 (Windows 10) ERROR: 'NG0304: 'app-nav-menu' is not a known element:
1. If 'app-nav-menu' is an Angular component, then verify that it is part of this module.
2. If 'app-nav-menu' is a Web Component then add 'CUSTOM_ELEMENTS_SCHEMA' to the '@NgModule.schemas' of this component to suppress this message.'
,Chrome Headless 114.0.5735.199 (Windows 10) ERROR: 'NG0304: 'mat-list' is not a known element:
1. If 'mat-list' is an Angular component, then verify that it is part of this module.
2. If 'mat-list' is a Web Component then add 'CUSTOM_ELEMENTS_SCHEMA' to the '@NgModule.schemas' of this component to suppress this message.'
,Chrome Headless 114.0.5735.199 (Windows 10) ERROR: 'NG0304: 'mat-divider' is not a known element:
1. If 'mat-divider' is an Angular component, then verify that it is part of this module.
2. If 'mat-divider' is a Web Component then add 'CUSTOM_ELEMENTS_SCHEMA' to the '@NgModule.schemas' of this component to suppress this message.'
,Chrome Headless 114.0.5735.199 (Windows 10) ERROR: 'NG0304: 'mat-form-field' is not a known element:
1. If 'mat-form-field' is an Angular component, then verify that it is part of this module.
2. If 'mat-form-field' is a Web Component then add 'CUSTOM_ELEMENTS_SCHEMA' to the '@NgModule.schemas' of this component to suppress this message.'
,Chrome Headless 114.0.5735.199 (Windows 10) ERROR: 'NG0304: 'mat-icon' is not a known element:
1. If 'mat-icon' is an Angular component, then verify that it is part of this module.
2. If 'mat-icon' is a Web Component then add 'CUSTOM_ELEMENTS_SCHEMA' to the '@NgModule.schemas' of this component to suppress this message.'
,Chrome Headless 114.0.5735.199 (Windows 10) ERROR: 'NG0304: 'mat-form-field' is not a known element:
1. If 'mat-form-field' is an Angular component, then verify that it is part of this module.
2. If 'mat-form-field' is a Web Component then add 'CUSTOM_ELEMENTS_SCHEMA' to the '@NgModule.schemas' of this component to suppress this message.'
,Chrome Headless 114.0.5735.199 (Windows 10) ERROR: 'NG0304: 'mat-icon' is not a known element:
1. If 'mat-icon' is an Angular component, then verify that it is part of this module.
2. If 'mat-icon' is a Web Component then add 'CUSTOM_ELEMENTS_SCHEMA' to the '@NgModule.schemas' of this component to suppress this message.'
,Chrome Headless 114.0.5735.199 (Windows 10) ERROR: 'NG0304: 'app-nav-menu' is not a known element:
1. If 'app-nav-menu' is an Angular component, then verify that it is part of this module.
2. If 'app-nav-menu' is a Web Component then add 'CUSTOM_ELEMENTS_SCHEMA' to the '@NgModule.schemas' of this component to suppress this message.'
,Chrome Headless 114.0.5735.199 (Windows 10) ERROR: 'NG0304: 'mat-list' is not a known element:
1. If 'mat-list' is an Angular component, then verify that it is part of this module.
2. If 'mat-list' is a Web Component then add 'CUSTOM_ELEMENTS_SCHEMA' to the '@NgModule.schemas' of this component to suppress this message.'
,Chrome Headless 114.0.5735.199 (Windows 10) ERROR: 'NG0304: 'mat-divider' is not a known element:
1. If 'mat-divider' is an Angular component, then verify that it is part of this module.
2. If 'mat-divider' is a Web Component then add 'CUSTOM_ELEMENTS_SCHEMA' to the '@NgModule.schemas' of this component to suppress this message.'
,Chrome Headless 114.0.5735.199 (Windows 10) ERROR: 'NG0304: 'mat-form-field' is not a known element:
1. If 'mat-form-field' is an Angular component, then verify that it is part of this module.
2. If 'mat-form-field' is a Web Component then add 'CUSTOM_ELEMENTS_SCHEMA' to the '@NgModule.schemas' of this component to suppress this message.'
,Chrome Headless 114.0.5735.199 (Windows 10) ERROR: 'NG0304: 'mat-icon' is not a known element:
1. If 'mat-icon' is an Angular component, then verify that it is part of this module.
2. If 'mat-icon' is a Web Component then add 'CUSTOM_ELEMENTS_SCHEMA' to the '@NgModule.schemas' of this component to suppress this message.'
,Chrome Headless 114.0.5735.199 (Windows 10) ERROR: 'NG0304: 'mat-form-field' is not a known element:
1. If 'mat-form-field' is an Angular component, then verify that it is part of this module.
2. If 'mat-form-field' is a Web Component then add 'CUSTOM_ELEMENTS_SCHEMA' to the '@NgModule.schemas' of this component to suppress this message.'
,Chrome Headless 114.0.5735.199 (Windows 10) ERROR: 'NG0304: 'mat-icon' is not a known element:
1. If 'mat-icon' is an Angular component, then verify that it is part of this module.
2. If 'mat-icon' is a Web Component then add 'CUSTOM_ELEMENTS_SCHEMA' to the '@NgModule.schemas' of this component to suppress this message.'
,Chrome Headless 114.0.5735.199 (Windows 10) ERROR: 'NG0304: 'app-nav-menu' is not a known element:
1. If 'app-nav-menu' is an Angular component, then verify that it is part of this module.
2. If 'app-nav-menu' is a Web Component then add 'CUSTOM_ELEMENTS_SCHEMA' to the '@NgModule.schemas' of this component to suppress this message.'
,Chrome Headless 114.0.5735.199 (Windows 10) ERROR: 'NG0304: 'mat-list' is not a known element:
1. If 'mat-list' is an Angular component, then verify that it is part of this module.
2. If 'mat-list' is a Web Component then add 'CUSTOM_ELEMENTS_SCHEMA' to the '@NgModule.schemas' of this component to suppress this message.'
,Chrome Headless 114.0.5735.199 (Windows 10) ERROR: 'NG0304: 'mat-divider' is not a known element:
1. If 'mat-divider' is an Angular component, then verify that it is part of this module.
2. If 'mat-divider' is a Web Component then add 'CUSTOM_ELEMENTS_SCHEMA' to the '@NgModule.schemas' of this component to suppress this message.'
,Chrome Headless 114.0.5735.199 (Windows 10) ERROR: 'NG0304: 'mat-form-field' is not a known element:
1. If 'mat-form-field' is an Angular component, then verify that it is part of this module.
2. If 'mat-form-field' is a Web Component then add 'CUSTOM_ELEMENTS_SCHEMA' to the '@NgModule.schemas' of this component to suppress this message.'
,Chrome Headless 114.0.5735.199 (Windows 10) ERROR: 'NG0304: 'mat-icon' is not a known element:
1. If 'mat-icon' is an Angular component, then verify that it is part of this module.
2. If 'mat-icon' is a Web Component then add 'CUSTOM_ELEMENTS_SCHEMA' to the '@NgModule.schemas' of this component to suppress this message.'
,Chrome Headless 114.0.5735.199 (Windows 10) ERROR: 'NG0304: 'mat-form-field' is not a known element:
1. If 'mat-form-field' is an Angular component, then verify that it is part of this module.
2. If 'mat-form-field' is a Web Component then add 'CUSTOM_ELEMENTS_SCHEMA' to the '@NgModule.schemas' of this component to suppress this message.'
,Chrome Headless 114.0.5735.199 (Windows 10) ERROR: 'NG0304: 'mat-icon' is not a known element:
1. If 'mat-icon' is an Angular component, then verify that it is part of this module.
2. If 'mat-icon' is a Web Component then add 'CUSTOM_ELEMENTS_SCHEMA' to the '@NgModule.schemas' of this component to suppress this message.'
,Chrome Headless 114.0.5735.199 (Windows 10) ERROR: 'NG0304: 'app-nav-menu' is not a known element:
1. If 'app-nav-menu' is an Angular component, then verify that it is part of this module.
2. If 'app-nav-menu' is a Web Component then add 'CUSTOM_ELEMENTS_SCHEMA' to the '@NgModule.schemas' of this component to suppress this message.'
,Chrome Headless 114.0.5735.199 (Windows 10) ERROR: 'NG0304: 'mat-list' is not a known element:
1. If 'mat-list' is an Angular component, then verify that it is part of this module.
2. If 'mat-list' is a Web Component then add 'CUSTOM_ELEMENTS_SCHEMA' to the '@NgModule.schemas' of this component to suppress this message.'
,Chrome Headless 114.0.5735.199 (Windows 10) ERROR: 'NG0304: 'mat-divider' is not a known element:
1. If 'mat-divider' is an Angular component, then verify that it is part of this module.
2. If 'mat-divider' is a Web Component then add 'CUSTOM_ELEMENTS_SCHEMA' to the '@NgModule.schemas' of this component to suppress this message.'
,Chrome Headless 114.0.5735.199 (Windows 10) ERROR: 'NG0304: 'mat-form-field' is not a known element:
1. If 'mat-form-field' is an Angular component, then verify that it is part of this module.
2. If 'mat-form-field' is a Web Component then add 'CUSTOM_ELEMENTS_SCHEMA' to the '@NgModule.schemas' of this component to suppress this message.'
,Chrome Headless 114.0.5735.199 (Windows 10) ERROR: 'NG0304: 'mat-icon' is not a known element:
1. If 'mat-icon' is an Angular component, then verify that it is part of this module.
2. If 'mat-icon' is a Web Component then add 'CUSTOM_ELEMENTS_SCHEMA' to the '@NgModule.schemas' of this component to suppress this message.'
,Chrome Headless 114.0.5735.199 (Windows 10) ERROR: 'NG0304: 'mat-form-field' is not a known element:
1. If 'mat-form-field' is an Angular component, then verify that it is part of this module.
2. If 'mat-form-field' is a Web Component then add 'CUSTOM_ELEMENTS_SCHEMA' to the '@NgModule.schemas' of this component to suppress this message.'
,Chrome Headless 114.0.5735.199 (Windows 10) ERROR: 'NG0304: 'mat-icon' is not a known element:
1. If 'mat-icon' is an Angular component, then verify that it is part of this module.
2. If 'mat-icon' is a Web Component then add 'CUSTOM_ELEMENTS_SCHEMA' to the '@NgModule.schemas' of this component to suppress this message.'
,Chrome Headless 114.0.5735.199 (Windows 10) ERROR: 'NG0304: 'app-nav-menu' is not a known element:
1. If 'app-nav-menu' is an Angular component, then verify that it is part of this module.
2. If 'app-nav-menu' is a Web Component then add 'CUSTOM_ELEMENTS_SCHEMA' to the '@NgModule.schemas' of this component to suppress this message.'
,Chrome Headless 114.0.5735.199 (Windows 10) ERROR: 'NG0304: 'mat-list' is not a known element:
1. If 'mat-list' is an Angular component, then verify that it is part of this module.
2. If 'mat-list' is a Web Component then add 'CUSTOM_ELEMENTS_SCHEMA' to the '@NgModule.schemas' of this component to suppress this message.'
,Chrome Headless 114.0.5735.199 (Windows 10) ERROR: 'NG0304: 'mat-divider' is not a known element:
1. If 'mat-divider' is an Angular component, then verify that it is part of this module.
2. If 'mat-divider' is a Web Component then add 'CUSTOM_ELEMENTS_SCHEMA' to the '@NgModule.schemas' of this component to suppress this message.'
,Chrome Headless 114.0.5735.199 (Windows 10) ERROR: 'NG0304: 'mat-form-field' is not a known element:
1. If 'mat-form-field' is an Angular component, then verify that it is part of this module.
2. If 'mat-form-field' is a Web Component then add 'CUSTOM_ELEMENTS_SCHEMA' to the '@NgModule.schemas' of this component to suppress this message.'
,Chrome Headless 114.0.5735.199 (Windows 10) ERROR: 'NG0304: 'mat-icon' is not a known element:
1. If 'mat-icon' is an Angular component, then verify that it is part of this module.
2. If 'mat-icon' is a Web Component then add 'CUSTOM_ELEMENTS_SCHEMA' to the '@NgModule.schemas' of this component to suppress this message.'
,Chrome Headless 114.0.5735.199 (Windows 10) ERROR: 'NG0304: 'mat-form-field' is not a known element:
1. If 'mat-form-field' is an Angular component, then verify that it is part of this module.
2. If 'mat-form-field' is a Web Component then add 'CUSTOM_ELEMENTS_SCHEMA' to the '@NgModule.schemas' of this component to suppress this message.'
,Chrome Headless 114.0.5735.199 (Windows 10) ERROR: 'NG0304: 'mat-icon' is not a known element:
1. If 'mat-icon' is an Angular component, then verify that it is part of this module.
2. If 'mat-icon' is a Web Component then add 'CUSTOM_ELEMENTS_SCHEMA' to the '@NgModule.schemas' of this component to suppress this message.'
,Chrome Headless 114.0.5735.199 (Windows 10) LOG: 'response notifications', [Object{iconUrl: 'data:image/jpeg;base64,/9j/4AAQSkZJRgABAQEAZABkAAD/2wBDAAMCAgMCAgMDAwMEAwMEBQgFBQQEBQoHBwYIDAoMDAsKCwsNDhIQDQ4RDgsLEBYQERMUFRUVDA8XGBYUGBIUFRT/2wBDAQMEBAUEBQkFBQkUDQsNFBQUFBQUFBQUFBQUFBQUFBQUFBQUFBQUFBQUFBQUFBQUFBQUFBQUFBQUFBQUFBQUFBT/wAARCAD6APoDAREAAhEBAxEB/8QAHAABAAICAwEAAAAAAAAAAAAAAAYHAQUDBAgC/8QAPhAAAgEDAQUFBAgFAgcAAAAAAAECAwQFEQYHEjFBEyFRcYEiYZGhFCMyQlKxwdEVM0NicmOyNTZEc3Si4f/EABkBAQADAQEAAAAAAAAAAAAAAAACBAUDAf/EACcRAQACAgIDAAEEAgMAAAAAAAABAgMRBCESMTJBEzNRYRQiQlJx/9oADAMBAAIRAxEAPwD2WbrMAAAAAAAAAAAAAAAAAAAAAAAAAAAAAAAAAAAAAAAAAAAAAAAAAAAAAAAAAAAAAAAAAAAAAAAAAAAAAAAAAAAAAAAAAAAAAAAAAAAAAAAAAAAAAAAAAAAAAAAAAAAAAAAAAAAAAAAAAAAAAAAAAAAAAAAAAAAAAAAAAAAAAAAAAAAAAAAAAAAAAAAAAAAAAAAAAAAAAAAAAAAAAAAAAAAAAAAAAAAAAAAAAAAAAAAAAAAAAAdiwxt1la/Y2lvUuKnVQXLzfJepG1orG7SlETPUJdjt1d9XSleXVK1T+5TXaSX5L8yrbk1j5h2jDP5buhuqxkI/W3F1Vl7pRivyOM8m/wCIdIw1c0t1uHa0UruPvVVfsef5Nz9GrW3u6am03aZCcZdI14Jr4rQ6Ryp/5QjOH+JRPNbIZTBJzuKHHQX9ei+KPr1XqWqZaX9S42pavtpddTq5sgAAAAAAAAAAAAAAAAAAAAAAAAAAAkGyGyNXaa6cpuVKxpv6youcn+GPv/I4ZcsY4/t1pTylb2OxlriraNva0Y0KUfuxXP3t9X7zLtabTuV2Iisah2SL1kAAA+ZRUk01qnzTArLeFsXHHUKmWx1H6iHtXFvTX2V1nFeHivVGhgzb/wBbKmWmv9oQGjcU7iHFTkpR93QvK8TtyngAAAAAAAAAAAAAAAAAAAAAAEm2klq33JID7dvWjVdN0aiqJ6cDg+LXyPNx7e6lK9m93d7lKkat9GVlac3GXdUn7kunmytkz1r1XuXauKZ9rSsrKhjrWnb29ONKjTWkYR6GbMzadytxERGodg8egAAAAAfM4KcXGSUotaNNapoDz5t5sRebGZKd1bpvGVqj7GrD+nr3qEv06M18OWMkan2zMmOcc7j001pm4y0jXXA/xrl6+B30hFv5bSM1OKaaafJrqeJvoAAAAAAAAAAAAAAAAAAAAHcwlBXWax9J8p3FNf8AsiF51WZSr3ML64dXqYrRZ0AyAAAAAAAAA6uTxtvl7CvZ3VNVbetFxnB9V+5KtprO4RmItGpeadqtnq2y+ducdVbmoPip1H9+D+y/396ZtY7xkrFoZV6+FtNfbXlW0etOXd1i+TOiETMNzZ5alcaRl9VUfRvufkyOnWLRLvaniTIAAAAAAAAAAAAAAAAAA22yEeLanFr/AF0/kzll/blOn1C8VyMdoMgAAAAAAAAAACrd+WGjVxtjlIx+soVOwm/GMu9fBr5l7i21M1U+RXqLKbNJQNAO5aZSta6Rb7Sn+GXTyZ5pKLTDc2t/Su17Eva6wfNHjrExLsnj0AAAAAAAAAAAAAAAAbXZOfZ7T4t/68V8e79Tnl+JTp9QvJcjGaDIAAAAAAAAAAAie9KhGvsJldVq4QjUXuanFljBOskOOb4l51NhlAADKbTTT0a6oDY2mZnT0jXXHH8S5/8A0806Rb+W4o3FO4hxU5KUfd0PHTe3IeAAAAAAAAAAAAAADsY64+h5G0r8uyrQn8JIjaN1mHsTqdr/AIvUxGkyAAAAAAAAAAAInvTrqhsJltXo5wjTXm5xRYwRvJDjm/bl51NhlAAAAA+6VWdCfHTk4S8UHu9NtaZqMtI11wP8a5evgR06Rb+WzjNSimmmnya6nib6AAAAAAAAAAAADDWqaAvPZbILKYCxuNdZSpKMv8l3P5oxslfG8w0KTusS2xzTAAAAAAAAAACtN+OTVDA2Vin7dzX42tfuwX7uJd4td2mVTkTqsQpQ02eAAAAAAA57a8q2kvq5ez1i+TCUTMNzaZalc6Rl9XUfSXJ+TI6dItEu7qeJsh4AAAAAAAAAMN6IC293eNyOJxtSje0lTozarUfbTa1XemunR+pl57VtbdV3FExHaXFZ2AAAAAAAAAGHyAojfRWu6m1sIV6bp28KEVbvXVTWuspfHu9EavGiPDpm8jfn2gJbVgAAAAAAABoByK4qpJKrNL/Jh7uUqIO4AAAAAAAAAxrw9/h3gehaE1VownH7Mopr4GHPUtJyHj0AAAAAAAAAAKX37VYvMYqmvtRt5yfk5LT8maXF+ZUOT9QrEvKYAAAAAAAAAAS4gsAAAAAAAAADDWq0AvHZG8+n7N46trrLsVB+cfZf5GPljxvMNCk7rDcHJMAAAAAAAAAYfIDz7vdv/p229zBS1jbU4UV56cT+cjX48axwzM87uhhZVwAAAAAAAAAAlxBYAAAAAAAAAACy91eWjUsbjHTlpUpT7WC8Yvn8H+Zn8mupiy3ht1pPSksAAAAAAAAADrZC+o42zr3VxNU6FGDqTk+iSPYibTqHkzERuXlzK5CeWyd3fVO6dxVlVa8NXrp6cjdrXxiIY9p8pmXVJIgAAAAAAAAABLiCwAAAAAAAAAAHJb3NazrRrW9WdCtH7NSnLRo8mInqXsTr0vLZ7I/xXC2V1rq6lJOX+S7n80zHyV8bTDQrO6xLZHNIAAAAAABh8gKM3x7RXF1tJUxlK5qKzt6cI1KMZvglU+1q11a1RqcakRTyn2zs95m3ir0uKoAAAAAAAAAAAJcQWAAAAAAAAAAAAWXuqyva2Nzj5v26Mu1gv7Zc/g/zM/k11MWW8NutJ6UlgAAAAAAB17+8pY+zr3VeXDRowlUm30SWrPYibTqHkzqNy8t5PIVMtkrq9q/zLirKq/dq9dPTl6G7WvjERDHtPlO3VJIgAAAAAAAAAAAlxBYAAAAAAAAAAABs9m8zLA5m3vO904vhqxXWD5/v6HPJTzrMJ0t4zteVGrGtSjOElOEkpRkuTT5Mx5jXTQfZ4AAAAAAVlvp2oVni6eGoz+vu9J1tPu0k+5erXwTLvGx7nzn8KnIvqPGFLGmzwAAAAAAAAAAAAJcQWAAAAAAAAAAAAALm2BjKOyeP45OTcZNa9FxPRGTn/clex/MJEcHUAAAAGHyA85bzYVIbd5ZVJSm+OLjxPXSLhFpeRs4P24ZWb7lFzu4gAAAAAAAAAAAAS4gsAAAAAAAAAAAAw+5AXpsvQ+jbO42n4W8H8Vr+pjZJ3eZaFOqw2pzTAAAABh8gKC3yW7o7b1J6fzrelP5OP6Gtxp3jZueNXQctKwAAAAAAAAAAAAEuILAAAAAAAAAAAAJdsdsNR2kspXdxdThSjUdN0qUdJPTT7z8/Aq5c0458Yh3pj8o3K1qFGNvRhTgtIwioryS0M2Z3O1z05DwAAAAAAh22+7e12yr0rmV1VtLunT7KM4pSg1q33x82+TLGLNOKNa6cMmKMnagsjafw/IXVr2iq9hVlS7RLRS4W1rp6GvWdxEs2Y1OnXPUQAAAAAAAAAAAS4gsAAAAAAAAAABhgXLsBjZY3Zm2U041KzdeSfTi5fLQyc9vK8r2ONVSQ4OoAAAAAADDA83bxcRPDbY5Gk46U61T6RTfjGff+eq9DZw28qQystfG8o2d3EAAAAAAAAAAAEuILAAAAAAAAAAdUubYEq2Y2DvspdUK15QdtYqSlLte6U14Jc+/xZWyZ61iYrPbtTHMz36W5GKikkkkuSXQy119AAAAAAAAAIPvO2FqbW2NCtZcCyNs2o8b4VUg+cdfPvXr4lrBl/TnU+lfNj843HtRuVw99hLnsL+1q2tXoqkdFLyfJ+hqVtW0brLOtWazqYdMkiAAAAAAAAAAEuILAAAAAAADNOEqtSMKcZTnJ6KMVq35Ievb1LcJu1yOR4al41YUX0ktaj9Onr8CrfkVr1Xt2rimfaf4TZDGYJKVvbqVZf16vtT9H09NCjfLe/uVitK19N1pocnRkAAAAAAAAAAAdW/xtrlLaVvd29O5oS506sVJEotNZ3DyYi0alW+0m5K1uOKthrh2dTn9HrtypvylzXzLlOVMdXVL8eJ+VX53ZjKbNVeDI2dSgm9I1ftU5eUl3fqXqZK3+ZU7UtT6hqzogAAAAAAAAS4gsAAAAA5La2rXlaNG3pTr1ZcoU4ts8mYiNy9iJn0meE3X3V1w1MlVVrT59jT0lN+b5L5lS/JiOq9u9cMz7T7EbOY/B0+Gzto05aaOo++cvNvvKV8lr/UrNaxX02SWhzSZAAAAAAAAAAAAAAAAcVe3pXVKVKtThVpSWkoTipRa96Z7EzHp5Mb9q/wBpNzGLyXHVxk3jLh9/AlxUW/LmvR+hbpybV6t2rX49Z+elWbRbEZjZeUne2knbp91zR9um/Xp66F+mWuT1KnfHanuGh11OrkAAAAABLiCwAAOexsLnJ11RtKE7iq/uwWunn4ep5a0Vjcy9iJnqE4wm6yc+GplK/AufYUH3+sv2+JSvyfxRYrh/7J5jcPZ4ij2VnbwoQ68K735vmyla1rzu0rEVivp3NNCKTIAAAAAAAAAAAAAAAAAAAAPmUIzi4ySaa0afJgQfaXdHhs3x1bWLxd0+/joL6tv3w5fDQtU5F69T2r3wVt66VVtLu6zWzPHUrW/0q0j/ANTbayil71zj693vL9M1L+lK+K1PaMJ68ju4gAABLiCwfNgT7Zrdm69OFzlpSgpd6tYPR6f3Pp5L4lHJyNdUWaYt92WBY422xtBUbWhC3pL7tNafHxKU2m07lZiIjqHaIvQAAAAAAAAAAAAAAAAAAAAAAAAAYa1Ah21G6zDbRcdWFL+H3j7+3t0km/7o8n8n7yzTPenXuHC+Gtv6UntPstfbJZH6JexTUlxUq0PsVI+K/VdDTx5K5I3DPvSaTqWnOjmAS4gsJPu6xcMltHGdVKVO2g63C+TlqlH5vX0K/It406/LtijdlwIyl1kAAAAAAAAAAAAAAAAAAAAAAAAAAAAABEd6ODp5nY+9k4J17SLuaUuqcea9Vqixgt43j+3DNXypLzubDLAJcQWE33T/APFr/wD7C/3FPlfMLGH6laC5GctsgAAAAAAAAAAAAAAAAAAAAAAAAAAAAANRtd/ytmP/AA63+xnTH9x/6hf5l5gXJG4xwD//2Q==', message: 'Mensaje de notificación 1', date: '2023/12/31 23:59:59', details: 'Detalles de notificación 1'}, Object{iconUrl: 'data:image/jpeg;base64,/9j/4AAQSkZJRgABAQEAZABkAAD/2wBDAAMCAgMCAgMDAwMEAwMEBQgFBQQEBQoHBwYIDAoMDAsKCwsNDhIQDQ4RDgsLEBYQERMUFRUVDA8XGBYUGBIUFRT/2wBDAQMEBAUEBQkFBQkUDQsNFBQUFBQUFBQUFBQUFBQUFBQUFBQUFBQUFBQUFBQUFBQUFBQUFBQUFBQUFBQUFBQUFBT/wAARCAD6APoDAREAAhEBAxEB/8QAHAABAAICAwEAAAAAAAAAAAAAAAYHAQUDBAgC/8QAPhAAAgEDAQUFBAgFAgcAAAAAAAECAwQFEQYHEjFBEyFRcYEiYZGhFCMyQlKxwdEVM0NicmOyNTZEc3Si4f/EABkBAQADAQEAAAAAAAAAAAAAAAACBAUDAf/EACcRAQACAgIDAAEEAgMAAAAAAAABAgMRBCESMTJBEzNRYRQiQlJx/9oADAMBAAIRAxEAPwD2WbrMAAAAAAAAAAAAAAAAAAAAAAAAAAAAAAAAAAAAAAAAAAAAAAAAAAAAAAAAAAAAAAAAAAAAAAAAAAAAAAAAAAAAAAAAAAAAAAAAAAAAAAAAAAAAAAAAAAAAAAAAAAAAAAAAAAAAAAAAAAAAAAAAAAAAAAAAAAAAAAAAAAAAAAAAAAAAAAAAAAAAAAAAAAAAAAAAAAAAAAAAAAAAAAAAAAAAAAAAAAAAAAAAAAAAAAAAAAAAAAdiwxt1la/Y2lvUuKnVQXLzfJepG1orG7SlETPUJdjt1d9XSleXVK1T+5TXaSX5L8yrbk1j5h2jDP5buhuqxkI/W3F1Vl7pRivyOM8m/wCIdIw1c0t1uHa0UruPvVVfsef5Nz9GrW3u6am03aZCcZdI14Jr4rQ6Ryp/5QjOH+JRPNbIZTBJzuKHHQX9ei+KPr1XqWqZaX9S42pavtpddTq5sgAAAAAAAAAAAAAAAAAAAAAAAAAAAkGyGyNXaa6cpuVKxpv6youcn+GPv/I4ZcsY4/t1pTylb2OxlriraNva0Y0KUfuxXP3t9X7zLtabTuV2Iisah2SL1kAAA+ZRUk01qnzTArLeFsXHHUKmWx1H6iHtXFvTX2V1nFeHivVGhgzb/wBbKmWmv9oQGjcU7iHFTkpR93QvK8TtyngAAAAAAAAAAAAAAAAAAAAAAEm2klq33JID7dvWjVdN0aiqJ6cDg+LXyPNx7e6lK9m93d7lKkat9GVlac3GXdUn7kunmytkz1r1XuXauKZ9rSsrKhjrWnb29ONKjTWkYR6GbMzadytxERGodg8egAAAAAfM4KcXGSUotaNNapoDz5t5sRebGZKd1bpvGVqj7GrD+nr3qEv06M18OWMkan2zMmOcc7j001pm4y0jXXA/xrl6+B30hFv5bSM1OKaaafJrqeJvoAAAAAAAAAAAAAAAAAAAAHcwlBXWax9J8p3FNf8AsiF51WZSr3ML64dXqYrRZ0AyAAAAAAAAA6uTxtvl7CvZ3VNVbetFxnB9V+5KtprO4RmItGpeadqtnq2y+ducdVbmoPip1H9+D+y/396ZtY7xkrFoZV6+FtNfbXlW0etOXd1i+TOiETMNzZ5alcaRl9VUfRvufkyOnWLRLvaniTIAAAAAAAAAAAAAAAAAA22yEeLanFr/AF0/kzll/blOn1C8VyMdoMgAAAAAAAAAACrd+WGjVxtjlIx+soVOwm/GMu9fBr5l7i21M1U+RXqLKbNJQNAO5aZSta6Rb7Sn+GXTyZ5pKLTDc2t/Su17Eva6wfNHjrExLsnj0AAAAAAAAAAAAAAAAbXZOfZ7T4t/68V8e79Tnl+JTp9QvJcjGaDIAAAAAAAAAAAie9KhGvsJldVq4QjUXuanFljBOskOOb4l51NhlAADKbTTT0a6oDY2mZnT0jXXHH8S5/8A0806Rb+W4o3FO4hxU5KUfd0PHTe3IeAAAAAAAAAAAAAADsY64+h5G0r8uyrQn8JIjaN1mHsTqdr/AIvUxGkyAAAAAAAAAAAInvTrqhsJltXo5wjTXm5xRYwRvJDjm/bl51NhlAAAAA+6VWdCfHTk4S8UHu9NtaZqMtI11wP8a5evgR06Rb+WzjNSimmmnya6nib6AAAAAAAAAAAADDWqaAvPZbILKYCxuNdZSpKMv8l3P5oxslfG8w0KTusS2xzTAAAAAAAAAACtN+OTVDA2Vin7dzX42tfuwX7uJd4td2mVTkTqsQpQ02eAAAAAAA57a8q2kvq5ez1i+TCUTMNzaZalc6Rl9XUfSXJ+TI6dItEu7qeJsh4AAAAAAAAAMN6IC293eNyOJxtSje0lTozarUfbTa1XemunR+pl57VtbdV3FExHaXFZ2AAAAAAAAAGHyAojfRWu6m1sIV6bp28KEVbvXVTWuspfHu9EavGiPDpm8jfn2gJbVgAAAAAAABoByK4qpJKrNL/Jh7uUqIO4AAAAAAAAAxrw9/h3gehaE1VownH7Mopr4GHPUtJyHj0AAAAAAAAAAKX37VYvMYqmvtRt5yfk5LT8maXF+ZUOT9QrEvKYAAAAAAAAAAS4gsAAAAAAAAADDWq0AvHZG8+n7N46trrLsVB+cfZf5GPljxvMNCk7rDcHJMAAAAAAAAAYfIDz7vdv/p229zBS1jbU4UV56cT+cjX48axwzM87uhhZVwAAAAAAAAAAlxBYAAAAAAAAAACy91eWjUsbjHTlpUpT7WC8Yvn8H+Zn8mupiy3ht1pPSksAAAAAAAAADrZC+o42zr3VxNU6FGDqTk+iSPYibTqHkzERuXlzK5CeWyd3fVO6dxVlVa8NXrp6cjdrXxiIY9p8pmXVJIgAAAAAAAAABLiCwAAAAAAAAAAHJb3NazrRrW9WdCtH7NSnLRo8mInqXsTr0vLZ7I/xXC2V1rq6lJOX+S7n80zHyV8bTDQrO6xLZHNIAAAAAABh8gKM3x7RXF1tJUxlK5qKzt6cI1KMZvglU+1q11a1RqcakRTyn2zs95m3ir0uKoAAAAAAAAAAAJcQWAAAAAAAAAAAAWXuqyva2Nzj5v26Mu1gv7Zc/g/zM/k11MWW8NutJ6UlgAAAAAAB17+8pY+zr3VeXDRowlUm30SWrPYibTqHkzqNy8t5PIVMtkrq9q/zLirKq/dq9dPTl6G7WvjERDHtPlO3VJIgAAAAAAAAAAAlxBYAAAAAAAAAAABs9m8zLA5m3vO904vhqxXWD5/v6HPJTzrMJ0t4zteVGrGtSjOElOEkpRkuTT5Mx5jXTQfZ4AAAAAAVlvp2oVni6eGoz+vu9J1tPu0k+5erXwTLvGx7nzn8KnIvqPGFLGmzwAAAAAAAAAAAAJcQWAAAAAAAAAAAAALm2BjKOyeP45OTcZNa9FxPRGTn/clex/MJEcHUAAAAGHyA85bzYVIbd5ZVJSm+OLjxPXSLhFpeRs4P24ZWb7lFzu4gAAAAAAAAAAAAS4gsAAAAAAAAAAAAw+5AXpsvQ+jbO42n4W8H8Vr+pjZJ3eZaFOqw2pzTAAAABh8gKC3yW7o7b1J6fzrelP5OP6Gtxp3jZueNXQctKwAAAAAAAAAAAAEuILAAAAAAAAAAAAJdsdsNR2kspXdxdThSjUdN0qUdJPTT7z8/Aq5c0458Yh3pj8o3K1qFGNvRhTgtIwioryS0M2Z3O1z05DwAAAAAAh22+7e12yr0rmV1VtLunT7KM4pSg1q33x82+TLGLNOKNa6cMmKMnagsjafw/IXVr2iq9hVlS7RLRS4W1rp6GvWdxEs2Y1OnXPUQAAAAAAAAAAAS4gsAAAAAAAAAABhgXLsBjZY3Zm2U041KzdeSfTi5fLQyc9vK8r2ONVSQ4OoAAAAAADDA83bxcRPDbY5Gk46U61T6RTfjGff+eq9DZw28qQystfG8o2d3EAAAAAAAAAAAEuILAAAAAAAAAAdUubYEq2Y2DvspdUK15QdtYqSlLte6U14Jc+/xZWyZ61iYrPbtTHMz36W5GKikkkkuSXQy119AAAAAAAAAIPvO2FqbW2NCtZcCyNs2o8b4VUg+cdfPvXr4lrBl/TnU+lfNj843HtRuVw99hLnsL+1q2tXoqkdFLyfJ+hqVtW0brLOtWazqYdMkiAAAAAAAAAAEuILAAAAAAADNOEqtSMKcZTnJ6KMVq35Ievb1LcJu1yOR4al41YUX0ktaj9Onr8CrfkVr1Xt2rimfaf4TZDGYJKVvbqVZf16vtT9H09NCjfLe/uVitK19N1pocnRkAAAAAAAAAAAdW/xtrlLaVvd29O5oS506sVJEotNZ3DyYi0alW+0m5K1uOKthrh2dTn9HrtypvylzXzLlOVMdXVL8eJ+VX53ZjKbNVeDI2dSgm9I1ftU5eUl3fqXqZK3+ZU7UtT6hqzogAAAAAAAAS4gsAAAAA5La2rXlaNG3pTr1ZcoU4ts8mYiNy9iJn0meE3X3V1w1MlVVrT59jT0lN+b5L5lS/JiOq9u9cMz7T7EbOY/B0+Gzto05aaOo++cvNvvKV8lr/UrNaxX02SWhzSZAAAAAAAAAAAAAAAAcVe3pXVKVKtThVpSWkoTipRa96Z7EzHp5Mb9q/wBpNzGLyXHVxk3jLh9/AlxUW/LmvR+hbpybV6t2rX49Z+elWbRbEZjZeUne2knbp91zR9um/Xp66F+mWuT1KnfHanuGh11OrkAAAAABLiCwAAOexsLnJ11RtKE7iq/uwWunn4ep5a0Vjcy9iJnqE4wm6yc+GplK/AufYUH3+sv2+JSvyfxRYrh/7J5jcPZ4ij2VnbwoQ68K735vmyla1rzu0rEVivp3NNCKTIAAAAAAAAAAAAAAAAAAAAPmUIzi4ySaa0afJgQfaXdHhs3x1bWLxd0+/joL6tv3w5fDQtU5F69T2r3wVt66VVtLu6zWzPHUrW/0q0j/ANTbayil71zj693vL9M1L+lK+K1PaMJ68ju4gAABLiCwfNgT7Zrdm69OFzlpSgpd6tYPR6f3Pp5L4lHJyNdUWaYt92WBY422xtBUbWhC3pL7tNafHxKU2m07lZiIjqHaIvQAAAAAAAAAAAAAAAAAAAAAAAAAYa1Ah21G6zDbRcdWFL+H3j7+3t0km/7o8n8n7yzTPenXuHC+Gtv6UntPstfbJZH6JexTUlxUq0PsVI+K/VdDTx5K5I3DPvSaTqWnOjmAS4gsJPu6xcMltHGdVKVO2g63C+TlqlH5vX0K/It406/LtijdlwIyl1kAAAAAAAAAAAAAAAAAAAAAAAAAAAAABEd6ODp5nY+9k4J17SLuaUuqcea9Vqixgt43j+3DNXypLzubDLAJcQWE33T/APFr/wD7C/3FPlfMLGH6laC5GctsgAAAAAAAAAAAAAAAAAAAAAAAAAAAAANRtd/ytmP/AA63+xnTH9x/6hf5l5gXJG4xwD//2Q==', message: 'Mensaje de notificación 2', date: '2023/12/31 23:59:59', details: 'Detalles de notificación 2'}]
,Chrome Headless 114.0.5735.199 (Windows 10) LOG: 'response notifications', [Object{iconUrl: 'data:image/jpeg;base64,/9j/4AAQSkZJRgABAQEAZABkAAD/2wBDAAMCAgMCAgMDAwMEAwMEBQgFBQQEBQoHBwYIDAoMDAsKCwsNDhIQDQ4RDgsLEBYQERMUFRUVDA8XGBYUGBIUFRT/2wBDAQMEBAUEBQkFBQkUDQsNFBQUFBQUFBQUFBQUFBQUFBQUFBQUFBQUFBQUFBQUFBQUFBQUFBQUFBQUFBQUFBQUFBT/wAARCAD6APoDAREAAhEBAxEB/8QAHAABAAICAwEAAAAAAAAAAAAAAAYHAQUDBAgC/8QAPhAAAgEDAQUFBAgFAgcAAAAAAAECAwQFEQYHEjFBEyFRcYEiYZGhFCMyQlKxwdEVM0NicmOyNTZEc3Si4f/EABkBAQADAQEAAAAAAAAAAAAAAAACBAUDAf/EACcRAQACAgIDAAEEAgMAAAAAAAABAgMRBCESMTJBEzNRYRQiQlJx/9oADAMBAAIRAxEAPwD2WbrMAAAAAAAAAAAAAAAAAAAAAAAAAAAAAAAAAAAAAAAAAAAAAAAAAAAAAAAAAAAAAAAAAAAAAAAAAAAAAAAAAAAAAAAAAAAAAAAAAAAAAAAAAAAAAAAAAAAAAAAAAAAAAAAAAAAAAAAAAAAAAAAAAAAAAAAAAAAAAAAAAAAAAAAAAAAAAAAAAAAAAAAAAAAAAAAAAAAAAAAAAAAAAAAAAAAAAAAAAAAAAAAAAAAAAAAAAAAAAAdiwxt1la/Y2lvUuKnVQXLzfJepG1orG7SlETPUJdjt1d9XSleXVK1T+5TXaSX5L8yrbk1j5h2jDP5buhuqxkI/W3F1Vl7pRivyOM8m/wCIdIw1c0t1uHa0UruPvVVfsef5Nz9GrW3u6am03aZCcZdI14Jr4rQ6Ryp/5QjOH+JRPNbIZTBJzuKHHQX9ei+KPr1XqWqZaX9S42pavtpddTq5sgAAAAAAAAAAAAAAAAAAAAAAAAAAAkGyGyNXaa6cpuVKxpv6youcn+GPv/I4ZcsY4/t1pTylb2OxlriraNva0Y0KUfuxXP3t9X7zLtabTuV2Iisah2SL1kAAA+ZRUk01qnzTArLeFsXHHUKmWx1H6iHtXFvTX2V1nFeHivVGhgzb/wBbKmWmv9oQGjcU7iHFTkpR93QvK8TtyngAAAAAAAAAAAAAAAAAAAAAAEm2klq33JID7dvWjVdN0aiqJ6cDg+LXyPNx7e6lK9m93d7lKkat9GVlac3GXdUn7kunmytkz1r1XuXauKZ9rSsrKhjrWnb29ONKjTWkYR6GbMzadytxERGodg8egAAAAAfM4KcXGSUotaNNapoDz5t5sRebGZKd1bpvGVqj7GrD+nr3qEv06M18OWMkan2zMmOcc7j001pm4y0jXXA/xrl6+B30hFv5bSM1OKaaafJrqeJvoAAAAAAAAAAAAAAAAAAAAHcwlBXWax9J8p3FNf8AsiF51WZSr3ML64dXqYrRZ0AyAAAAAAAAA6uTxtvl7CvZ3VNVbetFxnB9V+5KtprO4RmItGpeadqtnq2y+ducdVbmoPip1H9+D+y/396ZtY7xkrFoZV6+FtNfbXlW0etOXd1i+TOiETMNzZ5alcaRl9VUfRvufkyOnWLRLvaniTIAAAAAAAAAAAAAAAAAA22yEeLanFr/AF0/kzll/blOn1C8VyMdoMgAAAAAAAAAACrd+WGjVxtjlIx+soVOwm/GMu9fBr5l7i21M1U+RXqLKbNJQNAO5aZSta6Rb7Sn+GXTyZ5pKLTDc2t/Su17Eva6wfNHjrExLsnj0AAAAAAAAAAAAAAAAbXZOfZ7T4t/68V8e79Tnl+JTp9QvJcjGaDIAAAAAAAAAAAie9KhGvsJldVq4QjUXuanFljBOskOOb4l51NhlAADKbTTT0a6oDY2mZnT0jXXHH8S5/8A0806Rb+W4o3FO4hxU5KUfd0PHTe3IeAAAAAAAAAAAAAADsY64+h5G0r8uyrQn8JIjaN1mHsTqdr/AIvUxGkyAAAAAAAAAAAInvTrqhsJltXo5wjTXm5xRYwRvJDjm/bl51NhlAAAAA+6VWdCfHTk4S8UHu9NtaZqMtI11wP8a5evgR06Rb+WzjNSimmmnya6nib6AAAAAAAAAAAADDWqaAvPZbILKYCxuNdZSpKMv8l3P5oxslfG8w0KTusS2xzTAAAAAAAAAACtN+OTVDA2Vin7dzX42tfuwX7uJd4td2mVTkTqsQpQ02eAAAAAAA57a8q2kvq5ez1i+TCUTMNzaZalc6Rl9XUfSXJ+TI6dItEu7qeJsh4AAAAAAAAAMN6IC293eNyOJxtSje0lTozarUfbTa1XemunR+pl57VtbdV3FExHaXFZ2AAAAAAAAAGHyAojfRWu6m1sIV6bp28KEVbvXVTWuspfHu9EavGiPDpm8jfn2gJbVgAAAAAAABoByK4qpJKrNL/Jh7uUqIO4AAAAAAAAAxrw9/h3gehaE1VownH7Mopr4GHPUtJyHj0AAAAAAAAAAKX37VYvMYqmvtRt5yfk5LT8maXF+ZUOT9QrEvKYAAAAAAAAAAS4gsAAAAAAAAADDWq0AvHZG8+n7N46trrLsVB+cfZf5GPljxvMNCk7rDcHJMAAAAAAAAAYfIDz7vdv/p229zBS1jbU4UV56cT+cjX48axwzM87uhhZVwAAAAAAAAAAlxBYAAAAAAAAAACy91eWjUsbjHTlpUpT7WC8Yvn8H+Zn8mupiy3ht1pPSksAAAAAAAAADrZC+o42zr3VxNU6FGDqTk+iSPYibTqHkzERuXlzK5CeWyd3fVO6dxVlVa8NXrp6cjdrXxiIY9p8pmXVJIgAAAAAAAAABLiCwAAAAAAAAAAHJb3NazrRrW9WdCtH7NSnLRo8mInqXsTr0vLZ7I/xXC2V1rq6lJOX+S7n80zHyV8bTDQrO6xLZHNIAAAAAABh8gKM3x7RXF1tJUxlK5qKzt6cI1KMZvglU+1q11a1RqcakRTyn2zs95m3ir0uKoAAAAAAAAAAAJcQWAAAAAAAAAAAAWXuqyva2Nzj5v26Mu1gv7Zc/g/zM/k11MWW8NutJ6UlgAAAAAAB17+8pY+zr3VeXDRowlUm30SWrPYibTqHkzqNy8t5PIVMtkrq9q/zLirKq/dq9dPTl6G7WvjERDHtPlO3VJIgAAAAAAAAAAAlxBYAAAAAAAAAAABs9m8zLA5m3vO904vhqxXWD5/v6HPJTzrMJ0t4zteVGrGtSjOElOEkpRkuTT5Mx5jXTQfZ4AAAAAAVlvp2oVni6eGoz+vu9J1tPu0k+5erXwTLvGx7nzn8KnIvqPGFLGmzwAAAAAAAAAAAAJcQWAAAAAAAAAAAAALm2BjKOyeP45OTcZNa9FxPRGTn/clex/MJEcHUAAAAGHyA85bzYVIbd5ZVJSm+OLjxPXSLhFpeRs4P24ZWb7lFzu4gAAAAAAAAAAAAS4gsAAAAAAAAAAAAw+5AXpsvQ+jbO42n4W8H8Vr+pjZJ3eZaFOqw2pzTAAAABh8gKC3yW7o7b1J6fzrelP5OP6Gtxp3jZueNXQctKwAAAAAAAAAAAAEuILAAAAAAAAAAAAJdsdsNR2kspXdxdThSjUdN0qUdJPTT7z8/Aq5c0458Yh3pj8o3K1qFGNvRhTgtIwioryS0M2Z3O1z05DwAAAAAAh22+7e12yr0rmV1VtLunT7KM4pSg1q33x82+TLGLNOKNa6cMmKMnagsjafw/IXVr2iq9hVlS7RLRS4W1rp6GvWdxEs2Y1OnXPUQAAAAAAAAAAAS4gsAAAAAAAAAABhgXLsBjZY3Zm2U041KzdeSfTi5fLQyc9vK8r2ONVSQ4OoAAAAAADDA83bxcRPDbY5Gk46U61T6RTfjGff+eq9DZw28qQystfG8o2d3EAAAAAAAAAAAEuILAAAAAAAAAAdUubYEq2Y2DvspdUK15QdtYqSlLte6U14Jc+/xZWyZ61iYrPbtTHMz36W5GKikkkkuSXQy119AAAAAAAAAIPvO2FqbW2NCtZcCyNs2o8b4VUg+cdfPvXr4lrBl/TnU+lfNj843HtRuVw99hLnsL+1q2tXoqkdFLyfJ+hqVtW0brLOtWazqYdMkiAAAAAAAAAAEuILAAAAAAADNOEqtSMKcZTnJ6KMVq35Ievb1LcJu1yOR4al41YUX0ktaj9Onr8CrfkVr1Xt2rimfaf4TZDGYJKVvbqVZf16vtT9H09NCjfLe/uVitK19N1pocnRkAAAAAAAAAAAdW/xtrlLaVvd29O5oS506sVJEotNZ3DyYi0alW+0m5K1uOKthrh2dTn9HrtypvylzXzLlOVMdXVL8eJ+VX53ZjKbNVeDI2dSgm9I1ftU5eUl3fqXqZK3+ZU7UtT6hqzogAAAAAAAAS4gsAAAAA5La2rXlaNG3pTr1ZcoU4ts8mYiNy9iJn0meE3X3V1w1MlVVrT59jT0lN+b5L5lS/JiOq9u9cMz7T7EbOY/B0+Gzto05aaOo++cvNvvKV8lr/UrNaxX02SWhzSZAAAAAAAAAAAAAAAAcVe3pXVKVKtThVpSWkoTipRa96Z7EzHp5Mb9q/wBpNzGLyXHVxk3jLh9/AlxUW/LmvR+hbpybV6t2rX49Z+elWbRbEZjZeUne2knbp91zR9um/Xp66F+mWuT1KnfHanuGh11OrkAAAAABLiCwAAOexsLnJ11RtKE7iq/uwWunn4ep5a0Vjcy9iJnqE4wm6yc+GplK/AufYUH3+sv2+JSvyfxRYrh/7J5jcPZ4ij2VnbwoQ68K735vmyla1rzu0rEVivp3NNCKTIAAAAAAAAAAAAAAAAAAAAPmUIzi4ySaa0afJgQfaXdHhs3x1bWLxd0+/joL6tv3w5fDQtU5F69T2r3wVt66VVtLu6zWzPHUrW/0q0j/ANTbayil71zj693vL9M1L+lK+K1PaMJ68ju4gAABLiCwfNgT7Zrdm69OFzlpSgpd6tYPR6f3Pp5L4lHJyNdUWaYt92WBY422xtBUbWhC3pL7tNafHxKU2m07lZiIjqHaIvQAAAAAAAAAAAAAAAAAAAAAAAAAYa1Ah21G6zDbRcdWFL+H3j7+3t0km/7o8n8n7yzTPenXuHC+Gtv6UntPstfbJZH6JexTUlxUq0PsVI+K/VdDTx5K5I3DPvSaTqWnOjmAS4gsJPu6xcMltHGdVKVO2g63C+TlqlH5vX0K/It406/LtijdlwIyl1kAAAAAAAAAAAAAAAAAAAAAAAAAAAAABEd6ODp5nY+9k4J17SLuaUuqcea9Vqixgt43j+3DNXypLzubDLAJcQWE33T/APFr/wD7C/3FPlfMLGH6laC5GctsgAAAAAAAAAAAAAAAAAAAAAAAAAAAAANRtd/ytmP/AA63+xnTH9x/6hf5l5gXJG4xwD//2Q==', message: 'Mensaje de notificación 1', date: '2023/12/31 23:59:59', details: 'Detalles de notificación 1'}, Object{iconUrl: 'data:image/jpeg;base64,/9j/4AAQSkZJRgABAQEAZABkAAD/2wBDAAMCAgMCAgMDAwMEAwMEBQgFBQQEBQoHBwYIDAoMDAsKCwsNDhIQDQ4RDgsLEBYQERMUFRUVDA8XGBYUGBIUFRT/2wBDAQMEBAUEBQkFBQkUDQsNFBQUFBQUFBQUFBQUFBQUFBQUFBQUFBQUFBQUFBQUFBQUFBQUFBQUFBQUFBQUFBQUFBT/wAARCAD6APoDAREAAhEBAxEB/8QAHAABAAICAwEAAAAAAAAAAAAAAAYHAQUDBAgC/8QAPhAAAgEDAQUFBAgFAgcAAAAAAAECAwQFEQYHEjFBEyFRcYEiYZGhFCMyQlKxwdEVM0NicmOyNTZEc3Si4f/EABkBAQADAQEAAAAAAAAAAAAAAAACBAUDAf/EACcRAQACAgIDAAEEAgMAAAAAAAABAgMRBCESMTJBEzNRYRQiQlJx/9oADAMBAAIRAxEAPwD2WbrMAAAAAAAAAAAAAAAAAAAAAAAAAAAAAAAAAAAAAAAAAAAAAAAAAAAAAAAAAAAAAAAAAAAAAAAAAAAAAAAAAAAAAAAAAAAAAAAAAAAAAAAAAAAAAAAAAAAAAAAAAAAAAAAAAAAAAAAAAAAAAAAAAAAAAAAAAAAAAAAAAAAAAAAAAAAAAAAAAAAAAAAAAAAAAAAAAAAAAAAAAAAAAAAAAAAAAAAAAAAAAAAAAAAAAAAAAAAAAAdiwxt1la/Y2lvUuKnVQXLzfJepG1orG7SlETPUJdjt1d9XSleXVK1T+5TXaSX5L8yrbk1j5h2jDP5buhuqxkI/W3F1Vl7pRivyOM8m/wCIdIw1c0t1uHa0UruPvVVfsef5Nz9GrW3u6am03aZCcZdI14Jr4rQ6Ryp/5QjOH+JRPNbIZTBJzuKHHQX9ei+KPr1XqWqZaX9S42pavtpddTq5sgAAAAAAAAAAAAAAAAAAAAAAAAAAAkGyGyNXaa6cpuVKxpv6youcn+GPv/I4ZcsY4/t1pTylb2OxlriraNva0Y0KUfuxXP3t9X7zLtabTuV2Iisah2SL1kAAA+ZRUk01qnzTArLeFsXHHUKmWx1H6iHtXFvTX2V1nFeHivVGhgzb/wBbKmWmv9oQGjcU7iHFTkpR93QvK8TtyngAAAAAAAAAAAAAAAAAAAAAAEm2klq33JID7dvWjVdN0aiqJ6cDg+LXyPNx7e6lK9m93d7lKkat9GVlac3GXdUn7kunmytkz1r1XuXauKZ9rSsrKhjrWnb29ONKjTWkYR6GbMzadytxERGodg8egAAAAAfM4KcXGSUotaNNapoDz5t5sRebGZKd1bpvGVqj7GrD+nr3qEv06M18OWMkan2zMmOcc7j001pm4y0jXXA/xrl6+B30hFv5bSM1OKaaafJrqeJvoAAAAAAAAAAAAAAAAAAAAHcwlBXWax9J8p3FNf8AsiF51WZSr3ML64dXqYrRZ0AyAAAAAAAAA6uTxtvl7CvZ3VNVbetFxnB9V+5KtprO4RmItGpeadqtnq2y+ducdVbmoPip1H9+D+y/396ZtY7xkrFoZV6+FtNfbXlW0etOXd1i+TOiETMNzZ5alcaRl9VUfRvufkyOnWLRLvaniTIAAAAAAAAAAAAAAAAAA22yEeLanFr/AF0/kzll/blOn1C8VyMdoMgAAAAAAAAAACrd+WGjVxtjlIx+soVOwm/GMu9fBr5l7i21M1U+RXqLKbNJQNAO5aZSta6Rb7Sn+GXTyZ5pKLTDc2t/Su17Eva6wfNHjrExLsnj0AAAAAAAAAAAAAAAAbXZOfZ7T4t/68V8e79Tnl+JTp9QvJcjGaDIAAAAAAAAAAAie9KhGvsJldVq4QjUXuanFljBOskOOb4l51NhlAADKbTTT0a6oDY2mZnT0jXXHH8S5/8A0806Rb+W4o3FO4hxU5KUfd0PHTe3IeAAAAAAAAAAAAAADsY64+h5G0r8uyrQn8JIjaN1mHsTqdr/AIvUxGkyAAAAAAAAAAAInvTrqhsJltXo5wjTXm5xRYwRvJDjm/bl51NhlAAAAA+6VWdCfHTk4S8UHu9NtaZqMtI11wP8a5evgR06Rb+WzjNSimmmnya6nib6AAAAAAAAAAAADDWqaAvPZbILKYCxuNdZSpKMv8l3P5oxslfG8w0KTusS2xzTAAAAAAAAAACtN+OTVDA2Vin7dzX42tfuwX7uJd4td2mVTkTqsQpQ02eAAAAAAA57a8q2kvq5ez1i+TCUTMNzaZalc6Rl9XUfSXJ+TI6dItEu7qeJsh4AAAAAAAAAMN6IC293eNyOJxtSje0lTozarUfbTa1XemunR+pl57VtbdV3FExHaXFZ2AAAAAAAAAGHyAojfRWu6m1sIV6bp28KEVbvXVTWuspfHu9EavGiPDpm8jfn2gJbVgAAAAAAABoByK4qpJKrNL/Jh7uUqIO4AAAAAAAAAxrw9/h3gehaE1VownH7Mopr4GHPUtJyHj0AAAAAAAAAAKX37VYvMYqmvtRt5yfk5LT8maXF+ZUOT9QrEvKYAAAAAAAAAAS4gsAAAAAAAAADDWq0AvHZG8+n7N46trrLsVB+cfZf5GPljxvMNCk7rDcHJMAAAAAAAAAYfIDz7vdv/p229zBS1jbU4UV56cT+cjX48axwzM87uhhZVwAAAAAAAAAAlxBYAAAAAAAAAACy91eWjUsbjHTlpUpT7WC8Yvn8H+Zn8mupiy3ht1pPSksAAAAAAAAADrZC+o42zr3VxNU6FGDqTk+iSPYibTqHkzERuXlzK5CeWyd3fVO6dxVlVa8NXrp6cjdrXxiIY9p8pmXVJIgAAAAAAAAABLiCwAAAAAAAAAAHJb3NazrRrW9WdCtH7NSnLRo8mInqXsTr0vLZ7I/xXC2V1rq6lJOX+S7n80zHyV8bTDQrO6xLZHNIAAAAAABh8gKM3x7RXF1tJUxlK5qKzt6cI1KMZvglU+1q11a1RqcakRTyn2zs95m3ir0uKoAAAAAAAAAAAJcQWAAAAAAAAAAAAWXuqyva2Nzj5v26Mu1gv7Zc/g/zM/k11MWW8NutJ6UlgAAAAAAB17+8pY+zr3VeXDRowlUm30SWrPYibTqHkzqNy8t5PIVMtkrq9q/zLirKq/dq9dPTl6G7WvjERDHtPlO3VJIgAAAAAAAAAAAlxBYAAAAAAAAAAABs9m8zLA5m3vO904vhqxXWD5/v6HPJTzrMJ0t4zteVGrGtSjOElOEkpRkuTT5Mx5jXTQfZ4AAAAAAVlvp2oVni6eGoz+vu9J1tPu0k+5erXwTLvGx7nzn8KnIvqPGFLGmzwAAAAAAAAAAAAJcQWAAAAAAAAAAAAALm2BjKOyeP45OTcZNa9FxPRGTn/clex/MJEcHUAAAAGHyA85bzYVIbd5ZVJSm+OLjxPXSLhFpeRs4P24ZWb7lFzu4gAAAAAAAAAAAAS4gsAAAAAAAAAAAAw+5AXpsvQ+jbO42n4W8H8Vr+pjZJ3eZaFOqw2pzTAAAABh8gKC3yW7o7b1J6fzrelP5OP6Gtxp3jZueNXQctKwAAAAAAAAAAAAEuILAAAAAAAAAAAAJdsdsNR2kspXdxdThSjUdN0qUdJPTT7z8/Aq5c0458Yh3pj8o3K1qFGNvRhTgtIwioryS0M2Z3O1z05DwAAAAAAh22+7e12yr0rmV1VtLunT7KM4pSg1q33x82+TLGLNOKNa6cMmKMnagsjafw/IXVr2iq9hVlS7RLRS4W1rp6GvWdxEs2Y1OnXPUQAAAAAAAAAAAS4gsAAAAAAAAAABhgXLsBjZY3Zm2U041KzdeSfTi5fLQyc9vK8r2ONVSQ4OoAAAAAADDA83bxcRPDbY5Gk46U61T6RTfjGff+eq9DZw28qQystfG8o2d3EAAAAAAAAAAAEuILAAAAAAAAAAdUubYEq2Y2DvspdUK15QdtYqSlLte6U14Jc+/xZWyZ61iYrPbtTHMz36W5GKikkkkuSXQy119AAAAAAAAAIPvO2FqbW2NCtZcCyNs2o8b4VUg+cdfPvXr4lrBl/TnU+lfNj843HtRuVw99hLnsL+1q2tXoqkdFLyfJ+hqVtW0brLOtWazqYdMkiAAAAAAAAAAEuILAAAAAAADNOEqtSMKcZTnJ6KMVq35Ievb1LcJu1yOR4al41YUX0ktaj9Onr8CrfkVr1Xt2rimfaf4TZDGYJKVvbqVZf16vtT9H09NCjfLe/uVitK19N1pocnRkAAAAAAAAAAAdW/xtrlLaVvd29O5oS506sVJEotNZ3DyYi0alW+0m5K1uOKthrh2dTn9HrtypvylzXzLlOVMdXVL8eJ+VX53ZjKbNVeDI2dSgm9I1ftU5eUl3fqXqZK3+ZU7UtT6hqzogAAAAAAAAS4gsAAAAA5La2rXlaNG3pTr1ZcoU4ts8mYiNy9iJn0meE3X3V1w1MlVVrT59jT0lN+b5L5lS/JiOq9u9cMz7T7EbOY/B0+Gzto05aaOo++cvNvvKV8lr/UrNaxX02SWhzSZAAAAAAAAAAAAAAAAcVe3pXVKVKtThVpSWkoTipRa96Z7EzHp5Mb9q/wBpNzGLyXHVxk3jLh9/AlxUW/LmvR+hbpybV6t2rX49Z+elWbRbEZjZeUne2knbp91zR9um/Xp66F+mWuT1KnfHanuGh11OrkAAAAABLiCwAAOexsLnJ11RtKE7iq/uwWunn4ep5a0Vjcy9iJnqE4wm6yc+GplK/AufYUH3+sv2+JSvyfxRYrh/7J5jcPZ4ij2VnbwoQ68K735vmyla1rzu0rEVivp3NNCKTIAAAAAAAAAAAAAAAAAAAAPmUIzi4ySaa0afJgQfaXdHhs3x1bWLxd0+/joL6tv3w5fDQtU5F69T2r3wVt66VVtLu6zWzPHUrW/0q0j/ANTbayil71zj693vL9M1L+lK+K1PaMJ68ju4gAABLiCwfNgT7Zrdm69OFzlpSgpd6tYPR6f3Pp5L4lHJyNdUWaYt92WBY422xtBUbWhC3pL7tNafHxKU2m07lZiIjqHaIvQAAAAAAAAAAAAAAAAAAAAAAAAAYa1Ah21G6zDbRcdWFL+H3j7+3t0km/7o8n8n7yzTPenXuHC+Gtv6UntPstfbJZH6JexTUlxUq0PsVI+K/VdDTx5K5I3DPvSaTqWnOjmAS4gsJPu6xcMltHGdVKVO2g63C+TlqlH5vX0K/It406/LtijdlwIyl1kAAAAAAAAAAAAAAAAAAAAAAAAAAAAABEd6ODp5nY+9k4J17SLuaUuqcea9Vqixgt43j+3DNXypLzubDLAJcQWE33T/APFr/wD7C/3FPlfMLGH6laC5GctsgAAAAAAAAAAAAAAAAAAAAAAAAAAAAANRtd/ytmP/AA63+xnTH9x/6hf5l5gXJG4xwD//2Q==', message: 'Mensaje de notificación 2', date: '2023/12/31 23:59:59', details: 'Detalles de notificación 2'}]
,Chrome Headless 114.0.5735.199 (Windows 10) LOG: 'response notifications', [Object{iconUrl: 'data:image/jpeg;base64,/9j/4AAQSkZJRgABAQEAZABkAAD/2wBDAAMCAgMCAgMDAwMEAwMEBQgFBQQEBQoHBwYIDAoMDAsKCwsNDhIQDQ4RDgsLEBYQERMUFRUVDA8XGBYUGBIUFRT/2wBDAQMEBAUEBQkFBQkUDQsNFBQUFBQUFBQUFBQUFBQUFBQUFBQUFBQUFBQUFBQUFBQUFBQUFBQUFBQUFBQUFBQUFBT/wAARCAD6APoDAREAAhEBAxEB/8QAHAABAAICAwEAAAAAAAAAAAAAAAYHAQUDBAgC/8QAPhAAAgEDAQUFBAgFAgcAAAAAAAECAwQFEQYHEjFBEyFRcYEiYZGhFCMyQlKxwdEVM0NicmOyNTZEc3Si4f/EABkBAQADAQEAAAAAAAAAAAAAAAACBAUDAf/EACcRAQACAgIDAAEEAgMAAAAAAAABAgMRBCESMTJBEzNRYRQiQlJx/9oADAMBAAIRAxEAPwD2WbrMAAAAAAAAAAAAAAAAAAAAAAAAAAAAAAAAAAAAAAAAAAAAAAAAAAAAAAAAAAAAAAAAAAAAAAAAAAAAAAAAAAAAAAAAAAAAAAAAAAAAAAAAAAAAAAAAAAAAAAAAAAAAAAAAAAAAAAAAAAAAAAAAAAAAAAAAAAAAAAAAAAAAAAAAAAAAAAAAAAAAAAAAAAAAAAAAAAAAAAAAAAAAAAAAAAAAAAAAAAAAAAAAAAAAAAAAAAAAAAdiwxt1la/Y2lvUuKnVQXLzfJepG1orG7SlETPUJdjt1d9XSleXVK1T+5TXaSX5L8yrbk1j5h2jDP5buhuqxkI/W3F1Vl7pRivyOM8m/wCIdIw1c0t1uHa0UruPvVVfsef5Nz9GrW3u6am03aZCcZdI14Jr4rQ6Ryp/5QjOH+JRPNbIZTBJzuKHHQX9ei+KPr1XqWqZaX9S42pavtpddTq5sgAAAAAAAAAAAAAAAAAAAAAAAAAAAkGyGyNXaa6cpuVKxpv6youcn+GPv/I4ZcsY4/t1pTylb2OxlriraNva0Y0KUfuxXP3t9X7zLtabTuV2Iisah2SL1kAAA+ZRUk01qnzTArLeFsXHHUKmWx1H6iHtXFvTX2V1nFeHivVGhgzb/wBbKmWmv9oQGjcU7iHFTkpR93QvK8TtyngAAAAAAAAAAAAAAAAAAAAAAEm2klq33JID7dvWjVdN0aiqJ6cDg+LXyPNx7e6lK9m93d7lKkat9GVlac3GXdUn7kunmytkz1r1XuXauKZ9rSsrKhjrWnb29ONKjTWkYR6GbMzadytxERGodg8egAAAAAfM4KcXGSUotaNNapoDz5t5sRebGZKd1bpvGVqj7GrD+nr3qEv06M18OWMkan2zMmOcc7j001pm4y0jXXA/xrl6+B30hFv5bSM1OKaaafJrqeJvoAAAAAAAAAAAAAAAAAAAAHcwlBXWax9J8p3FNf8AsiF51WZSr3ML64dXqYrRZ0AyAAAAAAAAA6uTxtvl7CvZ3VNVbetFxnB9V+5KtprO4RmItGpeadqtnq2y+ducdVbmoPip1H9+D+y/396ZtY7xkrFoZV6+FtNfbXlW0etOXd1i+TOiETMNzZ5alcaRl9VUfRvufkyOnWLRLvaniTIAAAAAAAAAAAAAAAAAA22yEeLanFr/AF0/kzll/blOn1C8VyMdoMgAAAAAAAAAACrd+WGjVxtjlIx+soVOwm/GMu9fBr5l7i21M1U+RXqLKbNJQNAO5aZSta6Rb7Sn+GXTyZ5pKLTDc2t/Su17Eva6wfNHjrExLsnj0AAAAAAAAAAAAAAAAbXZOfZ7T4t/68V8e79Tnl+JTp9QvJcjGaDIAAAAAAAAAAAie9KhGvsJldVq4QjUXuanFljBOskOOb4l51NhlAADKbTTT0a6oDY2mZnT0jXXHH8S5/8A0806Rb+W4o3FO4hxU5KUfd0PHTe3IeAAAAAAAAAAAAAADsY64+h5G0r8uyrQn8JIjaN1mHsTqdr/AIvUxGkyAAAAAAAAAAAInvTrqhsJltXo5wjTXm5xRYwRvJDjm/bl51NhlAAAAA+6VWdCfHTk4S8UHu9NtaZqMtI11wP8a5evgR06Rb+WzjNSimmmnya6nib6AAAAAAAAAAAADDWqaAvPZbILKYCxuNdZSpKMv8l3P5oxslfG8w0KTusS2xzTAAAAAAAAAACtN+OTVDA2Vin7dzX42tfuwX7uJd4td2mVTkTqsQpQ02eAAAAAAA57a8q2kvq5ez1i+TCUTMNzaZalc6Rl9XUfSXJ+TI6dItEu7qeJsh4AAAAAAAAAMN6IC293eNyOJxtSje0lTozarUfbTa1XemunR+pl57VtbdV3FExHaXFZ2AAAAAAAAAGHyAojfRWu6m1sIV6bp28KEVbvXVTWuspfHu9EavGiPDpm8jfn2gJbVgAAAAAAABoByK4qpJKrNL/Jh7uUqIO4AAAAAAAAAxrw9/h3gehaE1VownH7Mopr4GHPUtJyHj0AAAAAAAAAAKX37VYvMYqmvtRt5yfk5LT8maXF+ZUOT9QrEvKYAAAAAAAAAAS4gsAAAAAAAAADDWq0AvHZG8+n7N46trrLsVB+cfZf5GPljxvMNCk7rDcHJMAAAAAAAAAYfIDz7vdv/p229zBS1jbU4UV56cT+cjX48axwzM87uhhZVwAAAAAAAAAAlxBYAAAAAAAAAACy91eWjUsbjHTlpUpT7WC8Yvn8H+Zn8mupiy3ht1pPSksAAAAAAAAADrZC+o42zr3VxNU6FGDqTk+iSPYibTqHkzERuXlzK5CeWyd3fVO6dxVlVa8NXrp6cjdrXxiIY9p8pmXVJIgAAAAAAAAABLiCwAAAAAAAAAAHJb3NazrRrW9WdCtH7NSnLRo8mInqXsTr0vLZ7I/xXC2V1rq6lJOX+S7n80zHyV8bTDQrO6xLZHNIAAAAAABh8gKM3x7RXF1tJUxlK5qKzt6cI1KMZvglU+1q11a1RqcakRTyn2zs95m3ir0uKoAAAAAAAAAAAJcQWAAAAAAAAAAAAWXuqyva2Nzj5v26Mu1gv7Zc/g/zM/k11MWW8NutJ6UlgAAAAAAB17+8pY+zr3VeXDRowlUm30SWrPYibTqHkzqNy8t5PIVMtkrq9q/zLirKq/dq9dPTl6G7WvjERDHtPlO3VJIgAAAAAAAAAAAlxBYAAAAAAAAAAABs9m8zLA5m3vO904vhqxXWD5/v6HPJTzrMJ0t4zteVGrGtSjOElOEkpRkuTT5Mx5jXTQfZ4AAAAAAVlvp2oVni6eGoz+vu9J1tPu0k+5erXwTLvGx7nzn8KnIvqPGFLGmzwAAAAAAAAAAAAJcQWAAAAAAAAAAAAALm2BjKOyeP45OTcZNa9FxPRGTn/clex/MJEcHUAAAAGHyA85bzYVIbd5ZVJSm+OLjxPXSLhFpeRs4P24ZWb7lFzu4gAAAAAAAAAAAAS4gsAAAAAAAAAAAAw+5AXpsvQ+jbO42n4W8H8Vr+pjZJ3eZaFOqw2pzTAAAABh8gKC3yW7o7b1J6fzrelP5OP6Gtxp3jZueNXQctKwAAAAAAAAAAAAEuILAAAAAAAAAAAAJdsdsNR2kspXdxdThSjUdN0qUdJPTT7z8/Aq5c0458Yh3pj8o3K1qFGNvRhTgtIwioryS0M2Z3O1z05DwAAAAAAh22+7e12yr0rmV1VtLunT7KM4pSg1q33x82+TLGLNOKNa6cMmKMnagsjafw/IXVr2iq9hVlS7RLRS4W1rp6GvWdxEs2Y1OnXPUQAAAAAAAAAAAS4gsAAAAAAAAAABhgXLsBjZY3Zm2U041KzdeSfTi5fLQyc9vK8r2ONVSQ4OoAAAAAADDA83bxcRPDbY5Gk46U61T6RTfjGff+eq9DZw28qQystfG8o2d3EAAAAAAAAAAAEuILAAAAAAAAAAdUubYEq2Y2DvspdUK15QdtYqSlLte6U14Jc+/xZWyZ61iYrPbtTHMz36W5GKikkkkuSXQy119AAAAAAAAAIPvO2FqbW2NCtZcCyNs2o8b4VUg+cdfPvXr4lrBl/TnU+lfNj843HtRuVw99hLnsL+1q2tXoqkdFLyfJ+hqVtW0brLOtWazqYdMkiAAAAAAAAAAEuILAAAAAAADNOEqtSMKcZTnJ6KMVq35Ievb1LcJu1yOR4al41YUX0ktaj9Onr8CrfkVr1Xt2rimfaf4TZDGYJKVvbqVZf16vtT9H09NCjfLe/uVitK19N1pocnRkAAAAAAAAAAAdW/xtrlLaVvd29O5oS506sVJEotNZ3DyYi0alW+0m5K1uOKthrh2dTn9HrtypvylzXzLlOVMdXVL8eJ+VX53ZjKbNVeDI2dSgm9I1ftU5eUl3fqXqZK3+ZU7UtT6hqzogAAAAAAAAS4gsAAAAA5La2rXlaNG3pTr1ZcoU4ts8mYiNy9iJn0meE3X3V1w1MlVVrT59jT0lN+b5L5lS/JiOq9u9cMz7T7EbOY/B0+Gzto05aaOo++cvNvvKV8lr/UrNaxX02SWhzSZAAAAAAAAAAAAAAAAcVe3pXVKVKtThVpSWkoTipRa96Z7EzHp5Mb9q/wBpNzGLyXHVxk3jLh9/AlxUW/LmvR+hbpybV6t2rX49Z+elWbRbEZjZeUne2knbp91zR9um/Xp66F+mWuT1KnfHanuGh11OrkAAAAABLiCwAAOexsLnJ11RtKE7iq/uwWunn4ep5a0Vjcy9iJnqE4wm6yc+GplK/AufYUH3+sv2+JSvyfxRYrh/7J5jcPZ4ij2VnbwoQ68K735vmyla1rzu0rEVivp3NNCKTIAAAAAAAAAAAAAAAAAAAAPmUIzi4ySaa0afJgQfaXdHhs3x1bWLxd0+/joL6tv3w5fDQtU5F69T2r3wVt66VVtLu6zWzPHUrW/0q0j/ANTbayil71zj693vL9M1L+lK+K1PaMJ68ju4gAABLiCwfNgT7Zrdm69OFzlpSgpd6tYPR6f3Pp5L4lHJyNdUWaYt92WBY422xtBUbWhC3pL7tNafHxKU2m07lZiIjqHaIvQAAAAAAAAAAAAAAAAAAAAAAAAAYa1Ah21G6zDbRcdWFL+H3j7+3t0km/7o8n8n7yzTPenXuHC+Gtv6UntPstfbJZH6JexTUlxUq0PsVI+K/VdDTx5K5I3DPvSaTqWnOjmAS4gsJPu6xcMltHGdVKVO2g63C+TlqlH5vX0K/It406/LtijdlwIyl1kAAAAAAAAAAAAAAAAAAAAAAAAAAAAABEd6ODp5nY+9k4J17SLuaUuqcea9Vqixgt43j+3DNXypLzubDLAJcQWE33T/APFr/wD7C/3FPlfMLGH6laC5GctsgAAAAAAAAAAAAAAAAAAAAAAAAAAAAANRtd/ytmP/AA63+xnTH9x/6hf5l5gXJG4xwD//2Q==', message: 'Mensaje de notificación 1', date: '2023/12/31 23:59:59', details: 'Detalles de notificación 1'}, Object{iconUrl: 'data:image/jpeg;base64,/9j/4AAQSkZJRgABAQEAZABkAAD/2wBDAAMCAgMCAgMDAwMEAwMEBQgFBQQEBQoHBwYIDAoMDAsKCwsNDhIQDQ4RDgsLEBYQERMUFRUVDA8XGBYUGBIUFRT/2wBDAQMEBAUEBQkFBQkUDQsNFBQUFBQUFBQUFBQUFBQUFBQUFBQUFBQUFBQUFBQUFBQUFBQUFBQUFBQUFBQUFBQUFBT/wAARCAD6APoDAREAAhEBAxEB/8QAHAABAAICAwEAAAAAAAAAAAAAAAYHAQUDBAgC/8QAPhAAAgEDAQUFBAgFAgcAAAAAAAECAwQFEQYHEjFBEyFRcYEiYZGhFCMyQlKxwdEVM0NicmOyNTZEc3Si4f/EABkBAQADAQEAAAAAAAAAAAAAAAACBAUDAf/EACcRAQACAgIDAAEEAgMAAAAAAAABAgMRBCESMTJBEzNRYRQiQlJx/9oADAMBAAIRAxEAPwD2WbrMAAAAAAAAAAAAAAAAAAAAAAAAAAAAAAAAAAAAAAAAAAAAAAAAAAAAAAAAAAAAAAAAAAAAAAAAAAAAAAAAAAAAAAAAAAAAAAAAAAAAAAAAAAAAAAAAAAAAAAAAAAAAAAAAAAAAAAAAAAAAAAAAAAAAAAAAAAAAAAAAAAAAAAAAAAAAAAAAAAAAAAAAAAAAAAAAAAAAAAAAAAAAAAAAAAAAAAAAAAAAAAAAAAAAAAAAAAAAAAdiwxt1la/Y2lvUuKnVQXLzfJepG1orG7SlETPUJdjt1d9XSleXVK1T+5TXaSX5L8yrbk1j5h2jDP5buhuqxkI/W3F1Vl7pRivyOM8m/wCIdIw1c0t1uHa0UruPvVVfsef5Nz9GrW3u6am03aZCcZdI14Jr4rQ6Ryp/5QjOH+JRPNbIZTBJzuKHHQX9ei+KPr1XqWqZaX9S42pavtpddTq5sgAAAAAAAAAAAAAAAAAAAAAAAAAAAkGyGyNXaa6cpuVKxpv6youcn+GPv/I4ZcsY4/t1pTylb2OxlriraNva0Y0KUfuxXP3t9X7zLtabTuV2Iisah2SL1kAAA+ZRUk01qnzTArLeFsXHHUKmWx1H6iHtXFvTX2V1nFeHivVGhgzb/wBbKmWmv9oQGjcU7iHFTkpR93QvK8TtyngAAAAAAAAAAAAAAAAAAAAAAEm2klq33JID7dvWjVdN0aiqJ6cDg+LXyPNx7e6lK9m93d7lKkat9GVlac3GXdUn7kunmytkz1r1XuXauKZ9rSsrKhjrWnb29ONKjTWkYR6GbMzadytxERGodg8egAAAAAfM4KcXGSUotaNNapoDz5t5sRebGZKd1bpvGVqj7GrD+nr3qEv06M18OWMkan2zMmOcc7j001pm4y0jXXA/xrl6+B30hFv5bSM1OKaaafJrqeJvoAAAAAAAAAAAAAAAAAAAAHcwlBXWax9J8p3FNf8AsiF51WZSr3ML64dXqYrRZ0AyAAAAAAAAA6uTxtvl7CvZ3VNVbetFxnB9V+5KtprO4RmItGpeadqtnq2y+ducdVbmoPip1H9+D+y/396ZtY7xkrFoZV6+FtNfbXlW0etOXd1i+TOiETMNzZ5alcaRl9VUfRvufkyOnWLRLvaniTIAAAAAAAAAAAAAAAAAA22yEeLanFr/AF0/kzll/blOn1C8VyMdoMgAAAAAAAAAACrd+WGjVxtjlIx+soVOwm/GMu9fBr5l7i21M1U+RXqLKbNJQNAO5aZSta6Rb7Sn+GXTyZ5pKLTDc2t/Su17Eva6wfNHjrExLsnj0AAAAAAAAAAAAAAAAbXZOfZ7T4t/68V8e79Tnl+JTp9QvJcjGaDIAAAAAAAAAAAie9KhGvsJldVq4QjUXuanFljBOskOOb4l51NhlAADKbTTT0a6oDY2mZnT0jXXHH8S5/8A0806Rb+W4o3FO4hxU5KUfd0PHTe3IeAAAAAAAAAAAAAADsY64+h5G0r8uyrQn8JIjaN1mHsTqdr/AIvUxGkyAAAAAAAAAAAInvTrqhsJltXo5wjTXm5xRYwRvJDjm/bl51NhlAAAAA+6VWdCfHTk4S8UHu9NtaZqMtI11wP8a5evgR06Rb+WzjNSimmmnya6nib6AAAAAAAAAAAADDWqaAvPZbILKYCxuNdZSpKMv8l3P5oxslfG8w0KTusS2xzTAAAAAAAAAACtN+OTVDA2Vin7dzX42tfuwX7uJd4td2mVTkTqsQpQ02eAAAAAAA57a8q2kvq5ez1i+TCUTMNzaZalc6Rl9XUfSXJ+TI6dItEu7qeJsh4AAAAAAAAAMN6IC293eNyOJxtSje0lTozarUfbTa1XemunR+pl57VtbdV3FExHaXFZ2AAAAAAAAAGHyAojfRWu6m1sIV6bp28KEVbvXVTWuspfHu9EavGiPDpm8jfn2gJbVgAAAAAAABoByK4qpJKrNL/Jh7uUqIO4AAAAAAAAAxrw9/h3gehaE1VownH7Mopr4GHPUtJyHj0AAAAAAAAAAKX37VYvMYqmvtRt5yfk5LT8maXF+ZUOT9QrEvKYAAAAAAAAAAS4gsAAAAAAAAADDWq0AvHZG8+n7N46trrLsVB+cfZf5GPljxvMNCk7rDcHJMAAAAAAAAAYfIDz7vdv/p229zBS1jbU4UV56cT+cjX48axwzM87uhhZVwAAAAAAAAAAlxBYAAAAAAAAAACy91eWjUsbjHTlpUpT7WC8Yvn8H+Zn8mupiy3ht1pPSksAAAAAAAAADrZC+o42zr3VxNU6FGDqTk+iSPYibTqHkzERuXlzK5CeWyd3fVO6dxVlVa8NXrp6cjdrXxiIY9p8pmXVJIgAAAAAAAAABLiCwAAAAAAAAAAHJb3NazrRrW9WdCtH7NSnLRo8mInqXsTr0vLZ7I/xXC2V1rq6lJOX+S7n80zHyV8bTDQrO6xLZHNIAAAAAABh8gKM3x7RXF1tJUxlK5qKzt6cI1KMZvglU+1q11a1RqcakRTyn2zs95m3ir0uKoAAAAAAAAAAAJcQWAAAAAAAAAAAAWXuqyva2Nzj5v26Mu1gv7Zc/g/zM/k11MWW8NutJ6UlgAAAAAAB17+8pY+zr3VeXDRowlUm30SWrPYibTqHkzqNy8t5PIVMtkrq9q/zLirKq/dq9dPTl6G7WvjERDHtPlO3VJIgAAAAAAAAAAAlxBYAAAAAAAAAAABs9m8zLA5m3vO904vhqxXWD5/v6HPJTzrMJ0t4zteVGrGtSjOElOEkpRkuTT5Mx5jXTQfZ4AAAAAAVlvp2oVni6eGoz+vu9J1tPu0k+5erXwTLvGx7nzn8KnIvqPGFLGmzwAAAAAAAAAAAAJcQWAAAAAAAAAAAAALm2BjKOyeP45OTcZNa9FxPRGTn/clex/MJEcHUAAAAGHyA85bzYVIbd5ZVJSm+OLjxPXSLhFpeRs4P24ZWb7lFzu4gAAAAAAAAAAAAS4gsAAAAAAAAAAAAw+5AXpsvQ+jbO42n4W8H8Vr+pjZJ3eZaFOqw2pzTAAAABh8gKC3yW7o7b1J6fzrelP5OP6Gtxp3jZueNXQctKwAAAAAAAAAAAAEuILAAAAAAAAAAAAJdsdsNR2kspXdxdThSjUdN0qUdJPTT7z8/Aq5c0458Yh3pj8o3K1qFGNvRhTgtIwioryS0M2Z3O1z05DwAAAAAAh22+7e12yr0rmV1VtLunT7KM4pSg1q33x82+TLGLNOKNa6cMmKMnagsjafw/IXVr2iq9hVlS7RLRS4W1rp6GvWdxEs2Y1OnXPUQAAAAAAAAAAAS4gsAAAAAAAAAABhgXLsBjZY3Zm2U041KzdeSfTi5fLQyc9vK8r2ONVSQ4OoAAAAAADDA83bxcRPDbY5Gk46U61T6RTfjGff+eq9DZw28qQystfG8o2d3EAAAAAAAAAAAEuILAAAAAAAAAAdUubYEq2Y2DvspdUK15QdtYqSlLte6U14Jc+/xZWyZ61iYrPbtTHMz36W5GKikkkkuSXQy119AAAAAAAAAIPvO2FqbW2NCtZcCyNs2o8b4VUg+cdfPvXr4lrBl/TnU+lfNj843HtRuVw99hLnsL+1q2tXoqkdFLyfJ+hqVtW0brLOtWazqYdMkiAAAAAAAAAAEuILAAAAAAADNOEqtSMKcZTnJ6KMVq35Ievb1LcJu1yOR4al41YUX0ktaj9Onr8CrfkVr1Xt2rimfaf4TZDGYJKVvbqVZf16vtT9H09NCjfLe/uVitK19N1pocnRkAAAAAAAAAAAdW/xtrlLaVvd29O5oS506sVJEotNZ3DyYi0alW+0m5K1uOKthrh2dTn9HrtypvylzXzLlOVMdXVL8eJ+VX53ZjKbNVeDI2dSgm9I1ftU5eUl3fqXqZK3+ZU7UtT6hqzogAAAAAAAAS4gsAAAAA5La2rXlaNG3pTr1ZcoU4ts8mYiNy9iJn0meE3X3V1w1MlVVrT59jT0lN+b5L5lS/JiOq9u9cMz7T7EbOY/B0+Gzto05aaOo++cvNvvKV8lr/UrNaxX02SWhzSZAAAAAAAAAAAAAAAAcVe3pXVKVKtThVpSWkoTipRa96Z7EzHp5Mb9q/wBpNzGLyXHVxk3jLh9/AlxUW/LmvR+hbpybV6t2rX49Z+elWbRbEZjZeUne2knbp91zR9um/Xp66F+mWuT1KnfHanuGh11OrkAAAAABLiCwAAOexsLnJ11RtKE7iq/uwWunn4ep5a0Vjcy9iJnqE4wm6yc+GplK/AufYUH3+sv2+JSvyfxRYrh/7J5jcPZ4ij2VnbwoQ68K735vmyla1rzu0rEVivp3NNCKTIAAAAAAAAAAAAAAAAAAAAPmUIzi4ySaa0afJgQfaXdHhs3x1bWLxd0+/joL6tv3w5fDQtU5F69T2r3wVt66VVtLu6zWzPHUrW/0q0j/ANTbayil71zj693vL9M1L+lK+K1PaMJ68ju4gAABLiCwfNgT7Zrdm69OFzlpSgpd6tYPR6f3Pp5L4lHJyNdUWaYt92WBY422xtBUbWhC3pL7tNafHxKU2m07lZiIjqHaIvQAAAAAAAAAAAAAAAAAAAAAAAAAYa1Ah21G6zDbRcdWFL+H3j7+3t0km/7o8n8n7yzTPenXuHC+Gtv6UntPstfbJZH6JexTUlxUq0PsVI+K/VdDTx5K5I3DPvSaTqWnOjmAS4gsJPu6xcMltHGdVKVO2g63C+TlqlH5vX0K/It406/LtijdlwIyl1kAAAAAAAAAAAAAAAAAAAAAAAAAAAAABEd6ODp5nY+9k4J17SLuaUuqcea9Vqixgt43j+3DNXypLzubDLAJcQWE33T/APFr/wD7C/3FPlfMLGH6laC5GctsgAAAAAAAAAAAAAAAAAAAAAAAAAAAAANRtd/ytmP/AA63+xnTH9x/6hf5l5gXJG4xwD//2Q==', message: 'Mensaje de notificación 2', date: '2023/12/31 23:59:59', details: 'Detalles de notificación 2'}]
,Chrome Headless 114.0.5735.199 (Windows 10) LOG: 'response notifications', [Object{iconUrl: 'data:image/jpeg;base64,/9j/4AAQSkZJRgABAQEAZABkAAD/2wBDAAMCAgMCAgMDAwMEAwMEBQgFBQQEBQoHBwYIDAoMDAsKCwsNDhIQDQ4RDgsLEBYQERMUFRUVDA8XGBYUGBIUFRT/2wBDAQMEBAUEBQkFBQkUDQsNFBQUFBQUFBQUFBQUFBQUFBQUFBQUFBQUFBQUFBQUFBQUFBQUFBQUFBQUFBQUFBQUFBT/wAARCAD6APoDAREAAhEBAxEB/8QAHAABAAICAwEAAAAAAAAAAAAAAAYHAQUDBAgC/8QAPhAAAgEDAQUFBAgFAgcAAAAAAAECAwQFEQYHEjFBEyFRcYEiYZGhFCMyQlKxwdEVM0NicmOyNTZEc3Si4f/EABkBAQADAQEAAAAAAAAAAAAAAAACBAUDAf/EACcRAQACAgIDAAEEAgMAAAAAAAABAgMRBCESMTJBEzNRYRQiQlJx/9oADAMBAAIRAxEAPwD2WbrMAAAAAAAAAAAAAAAAAAAAAAAAAAAAAAAAAAAAAAAAAAAAAAAAAAAAAAAAAAAAAAAAAAAAAAAAAAAAAAAAAAAAAAAAAAAAAAAAAAAAAAAAAAAAAAAAAAAAAAAAAAAAAAAAAAAAAAAAAAAAAAAAAAAAAAAAAAAAAAAAAAAAAAAAAAAAAAAAAAAAAAAAAAAAAAAAAAAAAAAAAAAAAAAAAAAAAAAAAAAAAAAAAAAAAAAAAAAAAAdiwxt1la/Y2lvUuKnVQXLzfJepG1orG7SlETPUJdjt1d9XSleXVK1T+5TXaSX5L8yrbk1j5h2jDP5buhuqxkI/W3F1Vl7pRivyOM8m/wCIdIw1c0t1uHa0UruPvVVfsef5Nz9GrW3u6am03aZCcZdI14Jr4rQ6Ryp/5QjOH+JRPNbIZTBJzuKHHQX9ei+KPr1XqWqZaX9S42pavtpddTq5sgAAAAAAAAAAAAAAAAAAAAAAAAAAAkGyGyNXaa6cpuVKxpv6youcn+GPv/I4ZcsY4/t1pTylb2OxlriraNva0Y0KUfuxXP3t9X7zLtabTuV2Iisah2SL1kAAA+ZRUk01qnzTArLeFsXHHUKmWx1H6iHtXFvTX2V1nFeHivVGhgzb/wBbKmWmv9oQGjcU7iHFTkpR93QvK8TtyngAAAAAAAAAAAAAAAAAAAAAAEm2klq33JID7dvWjVdN0aiqJ6cDg+LXyPNx7e6lK9m93d7lKkat9GVlac3GXdUn7kunmytkz1r1XuXauKZ9rSsrKhjrWnb29ONKjTWkYR6GbMzadytxERGodg8egAAAAAfM4KcXGSUotaNNapoDz5t5sRebGZKd1bpvGVqj7GrD+nr3qEv06M18OWMkan2zMmOcc7j001pm4y0jXXA/xrl6+B30hFv5bSM1OKaaafJrqeJvoAAAAAAAAAAAAAAAAAAAAHcwlBXWax9J8p3FNf8AsiF51WZSr3ML64dXqYrRZ0AyAAAAAAAAA6uTxtvl7CvZ3VNVbetFxnB9V+5KtprO4RmItGpeadqtnq2y+ducdVbmoPip1H9+D+y/396ZtY7xkrFoZV6+FtNfbXlW0etOXd1i+TOiETMNzZ5alcaRl9VUfRvufkyOnWLRLvaniTIAAAAAAAAAAAAAAAAAA22yEeLanFr/AF0/kzll/blOn1C8VyMdoMgAAAAAAAAAACrd+WGjVxtjlIx+soVOwm/GMu9fBr5l7i21M1U+RXqLKbNJQNAO5aZSta6Rb7Sn+GXTyZ5pKLTDc2t/Su17Eva6wfNHjrExLsnj0AAAAAAAAAAAAAAAAbXZOfZ7T4t/68V8e79Tnl+JTp9QvJcjGaDIAAAAAAAAAAAie9KhGvsJldVq4QjUXuanFljBOskOOb4l51NhlAADKbTTT0a6oDY2mZnT0jXXHH8S5/8A0806Rb+W4o3FO4hxU5KUfd0PHTe3IeAAAAAAAAAAAAAADsY64+h5G0r8uyrQn8JIjaN1mHsTqdr/AIvUxGkyAAAAAAAAAAAInvTrqhsJltXo5wjTXm5xRYwRvJDjm/bl51NhlAAAAA+6VWdCfHTk4S8UHu9NtaZqMtI11wP8a5evgR06Rb+WzjNSimmmnya6nib6AAAAAAAAAAAADDWqaAvPZbILKYCxuNdZSpKMv8l3P5oxslfG8w0KTusS2xzTAAAAAAAAAACtN+OTVDA2Vin7dzX42tfuwX7uJd4td2mVTkTqsQpQ02eAAAAAAA57a8q2kvq5ez1i+TCUTMNzaZalc6Rl9XUfSXJ+TI6dItEu7qeJsh4AAAAAAAAAMN6IC293eNyOJxtSje0lTozarUfbTa1XemunR+pl57VtbdV3FExHaXFZ2AAAAAAAAAGHyAojfRWu6m1sIV6bp28KEVbvXVTWuspfHu9EavGiPDpm8jfn2gJbVgAAAAAAABoByK4qpJKrNL/Jh7uUqIO4AAAAAAAAAxrw9/h3gehaE1VownH7Mopr4GHPUtJyHj0AAAAAAAAAAKX37VYvMYqmvtRt5yfk5LT8maXF+ZUOT9QrEvKYAAAAAAAAAAS4gsAAAAAAAAADDWq0AvHZG8+n7N46trrLsVB+cfZf5GPljxvMNCk7rDcHJMAAAAAAAAAYfIDz7vdv/p229zBS1jbU4UV56cT+cjX48axwzM87uhhZVwAAAAAAAAAAlxBYAAAAAAAAAACy91eWjUsbjHTlpUpT7WC8Yvn8H+Zn8mupiy3ht1pPSksAAAAAAAAADrZC+o42zr3VxNU6FGDqTk+iSPYibTqHkzERuXlzK5CeWyd3fVO6dxVlVa8NXrp6cjdrXxiIY9p8pmXVJIgAAAAAAAAABLiCwAAAAAAAAAAHJb3NazrRrW9WdCtH7NSnLRo8mInqXsTr0vLZ7I/xXC2V1rq6lJOX+S7n80zHyV8bTDQrO6xLZHNIAAAAAABh8gKM3x7RXF1tJUxlK5qKzt6cI1KMZvglU+1q11a1RqcakRTyn2zs95m3ir0uKoAAAAAAAAAAAJcQWAAAAAAAAAAAAWXuqyva2Nzj5v26Mu1gv7Zc/g/zM/k11MWW8NutJ6UlgAAAAAAB17+8pY+zr3VeXDRowlUm30SWrPYibTqHkzqNy8t5PIVMtkrq9q/zLirKq/dq9dPTl6G7WvjERDHtPlO3VJIgAAAAAAAAAAAlxBYAAAAAAAAAAABs9m8zLA5m3vO904vhqxXWD5/v6HPJTzrMJ0t4zteVGrGtSjOElOEkpRkuTT5Mx5jXTQfZ4AAAAAAVlvp2oVni6eGoz+vu9J1tPu0k+5erXwTLvGx7nzn8KnIvqPGFLGmzwAAAAAAAAAAAAJcQWAAAAAAAAAAAAALm2BjKOyeP45OTcZNa9FxPRGTn/clex/MJEcHUAAAAGHyA85bzYVIbd5ZVJSm+OLjxPXSLhFpeRs4P24ZWb7lFzu4gAAAAAAAAAAAAS4gsAAAAAAAAAAAAw+5AXpsvQ+jbO42n4W8H8Vr+pjZJ3eZaFOqw2pzTAAAABh8gKC3yW7o7b1J6fzrelP5OP6Gtxp3jZueNXQctKwAAAAAAAAAAAAEuILAAAAAAAAAAAAJdsdsNR2kspXdxdThSjUdN0qUdJPTT7z8/Aq5c0458Yh3pj8o3K1qFGNvRhTgtIwioryS0M2Z3O1z05DwAAAAAAh22+7e12yr0rmV1VtLunT7KM4pSg1q33x82+TLGLNOKNa6cMmKMnagsjafw/IXVr2iq9hVlS7RLRS4W1rp6GvWdxEs2Y1OnXPUQAAAAAAAAAAAS4gsAAAAAAAAAABhgXLsBjZY3Zm2U041KzdeSfTi5fLQyc9vK8r2ONVSQ4OoAAAAAADDA83bxcRPDbY5Gk46U61T6RTfjGff+eq9DZw28qQystfG8o2d3EAAAAAAAAAAAEuILAAAAAAAAAAdUubYEq2Y2DvspdUK15QdtYqSlLte6U14Jc+/xZWyZ61iYrPbtTHMz36W5GKikkkkuSXQy119AAAAAAAAAIPvO2FqbW2NCtZcCyNs2o8b4VUg+cdfPvXr4lrBl/TnU+lfNj843HtRuVw99hLnsL+1q2tXoqkdFLyfJ+hqVtW0brLOtWazqYdMkiAAAAAAAAAAEuILAAAAAAADNOEqtSMKcZTnJ6KMVq35Ievb1LcJu1yOR4al41YUX0ktaj9Onr8CrfkVr1Xt2rimfaf4TZDGYJKVvbqVZf16vtT9H09NCjfLe/uVitK19N1pocnRkAAAAAAAAAAAdW/xtrlLaVvd29O5oS506sVJEotNZ3DyYi0alW+0m5K1uOKthrh2dTn9HrtypvylzXzLlOVMdXVL8eJ+VX53ZjKbNVeDI2dSgm9I1ftU5eUl3fqXqZK3+ZU7UtT6hqzogAAAAAAAAS4gsAAAAA5La2rXlaNG3pTr1ZcoU4ts8mYiNy9iJn0meE3X3V1w1MlVVrT59jT0lN+b5L5lS/JiOq9u9cMz7T7EbOY/B0+Gzto05aaOo++cvNvvKV8lr/UrNaxX02SWhzSZAAAAAAAAAAAAAAAAcVe3pXVKVKtThVpSWkoTipRa96Z7EzHp5Mb9q/wBpNzGLyXHVxk3jLh9/AlxUW/LmvR+hbpybV6t2rX49Z+elWbRbEZjZeUne2knbp91zR9um/Xp66F+mWuT1KnfHanuGh11OrkAAAAABLiCwAAOexsLnJ11RtKE7iq/uwWunn4ep5a0Vjcy9iJnqE4wm6yc+GplK/AufYUH3+sv2+JSvyfxRYrh/7J5jcPZ4ij2VnbwoQ68K735vmyla1rzu0rEVivp3NNCKTIAAAAAAAAAAAAAAAAAAAAPmUIzi4ySaa0afJgQfaXdHhs3x1bWLxd0+/joL6tv3w5fDQtU5F69T2r3wVt66VVtLu6zWzPHUrW/0q0j/ANTbayil71zj693vL9M1L+lK+K1PaMJ68ju4gAABLiCwfNgT7Zrdm69OFzlpSgpd6tYPR6f3Pp5L4lHJyNdUWaYt92WBY422xtBUbWhC3pL7tNafHxKU2m07lZiIjqHaIvQAAAAAAAAAAAAAAAAAAAAAAAAAYa1Ah21G6zDbRcdWFL+H3j7+3t0km/7o8n8n7yzTPenXuHC+Gtv6UntPstfbJZH6JexTUlxUq0PsVI+K/VdDTx5K5I3DPvSaTqWnOjmAS4gsJPu6xcMltHGdVKVO2g63C+TlqlH5vX0K/It406/LtijdlwIyl1kAAAAAAAAAAAAAAAAAAAAAAAAAAAAABEd6ODp5nY+9k4J17SLuaUuqcea9Vqixgt43j+3DNXypLzubDLAJcQWE33T/APFr/wD7C/3FPlfMLGH6laC5GctsgAAAAAAAAAAAAAAAAAAAAAAAAAAAAANRtd/ytmP/AA63+xnTH9x/6hf5l5gXJG4xwD//2Q==', message: 'Mensaje de notificación 1', date: '2023/12/31 23:59:59', details: 'Detalles de notificación 1'}, Object{iconUrl: 'data:image/jpeg;base64,/9j/4AAQSkZJRgABAQEAZABkAAD/2wBDAAMCAgMCAgMDAwMEAwMEBQgFBQQEBQoHBwYIDAoMDAsKCwsNDhIQDQ4RDgsLEBYQERMUFRUVDA8XGBYUGBIUFRT/2wBDAQMEBAUEBQkFBQkUDQsNFBQUFBQUFBQUFBQUFBQUFBQUFBQUFBQUFBQUFBQUFBQUFBQUFBQUFBQUFBQUFBQUFBT/wAARCAD6APoDAREAAhEBAxEB/8QAHAABAAICAwEAAAAAAAAAAAAAAAYHAQUDBAgC/8QAPhAAAgEDAQUFBAgFAgcAAAAAAAECAwQFEQYHEjFBEyFRcYEiYZGhFCMyQlKxwdEVM0NicmOyNTZEc3Si4f/EABkBAQADAQEAAAAAAAAAAAAAAAACBAUDAf/EACcRAQACAgIDAAEEAgMAAAAAAAABAgMRBCESMTJBEzNRYRQiQlJx/9oADAMBAAIRAxEAPwD2WbrMAAAAAAAAAAAAAAAAAAAAAAAAAAAAAAAAAAAAAAAAAAAAAAAAAAAAAAAAAAAAAAAAAAAAAAAAAAAAAAAAAAAAAAAAAAAAAAAAAAAAAAAAAAAAAAAAAAAAAAAAAAAAAAAAAAAAAAAAAAAAAAAAAAAAAAAAAAAAAAAAAAAAAAAAAAAAAAAAAAAAAAAAAAAAAAAAAAAAAAAAAAAAAAAAAAAAAAAAAAAAAAAAAAAAAAAAAAAAAAdiwxt1la/Y2lvUuKnVQXLzfJepG1orG7SlETPUJdjt1d9XSleXVK1T+5TXaSX5L8yrbk1j5h2jDP5buhuqxkI/W3F1Vl7pRivyOM8m/wCIdIw1c0t1uHa0UruPvVVfsef5Nz9GrW3u6am03aZCcZdI14Jr4rQ6Ryp/5QjOH+JRPNbIZTBJzuKHHQX9ei+KPr1XqWqZaX9S42pavtpddTq5sgAAAAAAAAAAAAAAAAAAAAAAAAAAAkGyGyNXaa6cpuVKxpv6youcn+GPv/I4ZcsY4/t1pTylb2OxlriraNva0Y0KUfuxXP3t9X7zLtabTuV2Iisah2SL1kAAA+ZRUk01qnzTArLeFsXHHUKmWx1H6iHtXFvTX2V1nFeHivVGhgzb/wBbKmWmv9oQGjcU7iHFTkpR93QvK8TtyngAAAAAAAAAAAAAAAAAAAAAAEm2klq33JID7dvWjVdN0aiqJ6cDg+LXyPNx7e6lK9m93d7lKkat9GVlac3GXdUn7kunmytkz1r1XuXauKZ9rSsrKhjrWnb29ONKjTWkYR6GbMzadytxERGodg8egAAAAAfM4KcXGSUotaNNapoDz5t5sRebGZKd1bpvGVqj7GrD+nr3qEv06M18OWMkan2zMmOcc7j001pm4y0jXXA/xrl6+B30hFv5bSM1OKaaafJrqeJvoAAAAAAAAAAAAAAAAAAAAHcwlBXWax9J8p3FNf8AsiF51WZSr3ML64dXqYrRZ0AyAAAAAAAAA6uTxtvl7CvZ3VNVbetFxnB9V+5KtprO4RmItGpeadqtnq2y+ducdVbmoPip1H9+D+y/396ZtY7xkrFoZV6+FtNfbXlW0etOXd1i+TOiETMNzZ5alcaRl9VUfRvufkyOnWLRLvaniTIAAAAAAAAAAAAAAAAAA22yEeLanFr/AF0/kzll/blOn1C8VyMdoMgAAAAAAAAAACrd+WGjVxtjlIx+soVOwm/GMu9fBr5l7i21M1U+RXqLKbNJQNAO5aZSta6Rb7Sn+GXTyZ5pKLTDc2t/Su17Eva6wfNHjrExLsnj0AAAAAAAAAAAAAAAAbXZOfZ7T4t/68V8e79Tnl+JTp9QvJcjGaDIAAAAAAAAAAAie9KhGvsJldVq4QjUXuanFljBOskOOb4l51NhlAADKbTTT0a6oDY2mZnT0jXXHH8S5/8A0806Rb+W4o3FO4hxU5KUfd0PHTe3IeAAAAAAAAAAAAAADsY64+h5G0r8uyrQn8JIjaN1mHsTqdr/AIvUxGkyAAAAAAAAAAAInvTrqhsJltXo5wjTXm5xRYwRvJDjm/bl51NhlAAAAA+6VWdCfHTk4S8UHu9NtaZqMtI11wP8a5evgR06Rb+WzjNSimmmnya6nib6AAAAAAAAAAAADDWqaAvPZbILKYCxuNdZSpKMv8l3P5oxslfG8w0KTusS2xzTAAAAAAAAAACtN+OTVDA2Vin7dzX42tfuwX7uJd4td2mVTkTqsQpQ02eAAAAAAA57a8q2kvq5ez1i+TCUTMNzaZalc6Rl9XUfSXJ+TI6dItEu7qeJsh4AAAAAAAAAMN6IC293eNyOJxtSje0lTozarUfbTa1XemunR+pl57VtbdV3FExHaXFZ2AAAAAAAAAGHyAojfRWu6m1sIV6bp28KEVbvXVTWuspfHu9EavGiPDpm8jfn2gJbVgAAAAAAABoByK4qpJKrNL/Jh7uUqIO4AAAAAAAAAxrw9/h3gehaE1VownH7Mopr4GHPUtJyHj0AAAAAAAAAAKX37VYvMYqmvtRt5yfk5LT8maXF+ZUOT9QrEvKYAAAAAAAAAAS4gsAAAAAAAAADDWq0AvHZG8+n7N46trrLsVB+cfZf5GPljxvMNCk7rDcHJMAAAAAAAAAYfIDz7vdv/p229zBS1jbU4UV56cT+cjX48axwzM87uhhZVwAAAAAAAAAAlxBYAAAAAAAAAACy91eWjUsbjHTlpUpT7WC8Yvn8H+Zn8mupiy3ht1pPSksAAAAAAAAADrZC+o42zr3VxNU6FGDqTk+iSPYibTqHkzERuXlzK5CeWyd3fVO6dxVlVa8NXrp6cjdrXxiIY9p8pmXVJIgAAAAAAAAABLiCwAAAAAAAAAAHJb3NazrRrW9WdCtH7NSnLRo8mInqXsTr0vLZ7I/xXC2V1rq6lJOX+S7n80zHyV8bTDQrO6xLZHNIAAAAAABh8gKM3x7RXF1tJUxlK5qKzt6cI1KMZvglU+1q11a1RqcakRTyn2zs95m3ir0uKoAAAAAAAAAAAJcQWAAAAAAAAAAAAWXuqyva2Nzj5v26Mu1gv7Zc/g/zM/k11MWW8NutJ6UlgAAAAAAB17+8pY+zr3VeXDRowlUm30SWrPYibTqHkzqNy8t5PIVMtkrq9q/zLirKq/dq9dPTl6G7WvjERDHtPlO3VJIgAAAAAAAAAAAlxBYAAAAAAAAAAABs9m8zLA5m3vO904vhqxXWD5/v6HPJTzrMJ0t4zteVGrGtSjOElOEkpRkuTT5Mx5jXTQfZ4AAAAAAVlvp2oVni6eGoz+vu9J1tPu0k+5erXwTLvGx7nzn8KnIvqPGFLGmzwAAAAAAAAAAAAJcQWAAAAAAAAAAAAALm2BjKOyeP45OTcZNa9FxPRGTn/clex/MJEcHUAAAAGHyA85bzYVIbd5ZVJSm+OLjxPXSLhFpeRs4P24ZWb7lFzu4gAAAAAAAAAAAAS4gsAAAAAAAAAAAAw+5AXpsvQ+jbO42n4W8H8Vr+pjZJ3eZaFOqw2pzTAAAABh8gKC3yW7o7b1J6fzrelP5OP6Gtxp3jZueNXQctKwAAAAAAAAAAAAEuILAAAAAAAAAAAAJdsdsNR2kspXdxdThSjUdN0qUdJPTT7z8/Aq5c0458Yh3pj8o3K1qFGNvRhTgtIwioryS0M2Z3O1z05DwAAAAAAh22+7e12yr0rmV1VtLunT7KM4pSg1q33x82+TLGLNOKNa6cMmKMnagsjafw/IXVr2iq9hVlS7RLRS4W1rp6GvWdxEs2Y1OnXPUQAAAAAAAAAAAS4gsAAAAAAAAAABhgXLsBjZY3Zm2U041KzdeSfTi5fLQyc9vK8r2ONVSQ4OoAAAAAADDA83bxcRPDbY5Gk46U61T6RTfjGff+eq9DZw28qQystfG8o2d3EAAAAAAAAAAAEuILAAAAAAAAAAdUubYEq2Y2DvspdUK15QdtYqSlLte6U14Jc+/xZWyZ61iYrPbtTHMz36W5GKikkkkuSXQy119AAAAAAAAAIPvO2FqbW2NCtZcCyNs2o8b4VUg+cdfPvXr4lrBl/TnU+lfNj843HtRuVw99hLnsL+1q2tXoqkdFLyfJ+hqVtW0brLOtWazqYdMkiAAAAAAAAAAEuILAAAAAAADNOEqtSMKcZTnJ6KMVq35Ievb1LcJu1yOR4al41YUX0ktaj9Onr8CrfkVr1Xt2rimfaf4TZDGYJKVvbqVZf16vtT9H09NCjfLe/uVitK19N1pocnRkAAAAAAAAAAAdW/xtrlLaVvd29O5oS506sVJEotNZ3DyYi0alW+0m5K1uOKthrh2dTn9HrtypvylzXzLlOVMdXVL8eJ+VX53ZjKbNVeDI2dSgm9I1ftU5eUl3fqXqZK3+ZU7UtT6hqzogAAAAAAAAS4gsAAAAA5La2rXlaNG3pTr1ZcoU4ts8mYiNy9iJn0meE3X3V1w1MlVVrT59jT0lN+b5L5lS/JiOq9u9cMz7T7EbOY/B0+Gzto05aaOo++cvNvvKV8lr/UrNaxX02SWhzSZAAAAAAAAAAAAAAAAcVe3pXVKVKtThVpSWkoTipRa96Z7EzHp5Mb9q/wBpNzGLyXHVxk3jLh9/AlxUW/LmvR+hbpybV6t2rX49Z+elWbRbEZjZeUne2knbp91zR9um/Xp66F+mWuT1KnfHanuGh11OrkAAAAABLiCwAAOexsLnJ11RtKE7iq/uwWunn4ep5a0Vjcy9iJnqE4wm6yc+GplK/AufYUH3+sv2+JSvyfxRYrh/7J5jcPZ4ij2VnbwoQ68K735vmyla1rzu0rEVivp3NNCKTIAAAAAAAAAAAAAAAAAAAAPmUIzi4ySaa0afJgQfaXdHhs3x1bWLxd0+/joL6tv3w5fDQtU5F69T2r3wVt66VVtLu6zWzPHUrW/0q0j/ANTbayil71zj693vL9M1L+lK+K1PaMJ68ju4gAABLiCwfNgT7Zrdm69OFzlpSgpd6tYPR6f3Pp5L4lHJyNdUWaYt92WBY422xtBUbWhC3pL7tNafHxKU2m07lZiIjqHaIvQAAAAAAAAAAAAAAAAAAAAAAAAAYa1Ah21G6zDbRcdWFL+H3j7+3t0km/7o8n8n7yzTPenXuHC+Gtv6UntPstfbJZH6JexTUlxUq0PsVI+K/VdDTx5K5I3DPvSaTqWnOjmAS4gsJPu6xcMltHGdVKVO2g63C+TlqlH5vX0K/It406/LtijdlwIyl1kAAAAAAAAAAAAAAAAAAAAAAAAAAAAABEd6ODp5nY+9k4J17SLuaUuqcea9Vqixgt43j+3DNXypLzubDLAJcQWE33T/APFr/wD7C/3FPlfMLGH6laC5GctsgAAAAAAAAAAAAAAAAAAAAAAAAAAAAANRtd/ytmP/AA63+xnTH9x/6hf5l5gXJG4xwD//2Q==', message: 'Mensaje de notificación 2', date: '2023/12/31 23:59:59', details: 'Detalles de notificación 2'}]
,Chrome Headless 114.0.5735.199 (Windows 10) LOG: 'response notifications', [Object{iconUrl: 'data:image/jpeg;base64,/9j/4AAQSkZJRgABAQEAZABkAAD/2wBDAAMCAgMCAgMDAwMEAwMEBQgFBQQEBQoHBwYIDAoMDAsKCwsNDhIQDQ4RDgsLEBYQERMUFRUVDA8XGBYUGBIUFRT/2wBDAQMEBAUEBQkFBQkUDQsNFBQUFBQUFBQUFBQUFBQUFBQUFBQUFBQUFBQUFBQUFBQUFBQUFBQUFBQUFBQUFBQUFBT/wAARCAD6APoDAREAAhEBAxEB/8QAHAABAAICAwEAAAAAAAAAAAAAAAYHAQUDBAgC/8QAPhAAAgEDAQUFBAgFAgcAAAAAAAECAwQFEQYHEjFBEyFRcYEiYZGhFCMyQlKxwdEVM0NicmOyNTZEc3Si4f/EABkBAQADAQEAAAAAAAAAAAAAAAACBAUDAf/EACcRAQACAgIDAAEEAgMAAAAAAAABAgMRBCESMTJBEzNRYRQiQlJx/9oADAMBAAIRAxEAPwD2WbrMAAAAAAAAAAAAAAAAAAAAAAAAAAAAAAAAAAAAAAAAAAAAAAAAAAAAAAAAAAAAAAAAAAAAAAAAAAAAAAAAAAAAAAAAAAAAAAAAAAAAAAAAAAAAAAAAAAAAAAAAAAAAAAAAAAAAAAAAAAAAAAAAAAAAAAAAAAAAAAAAAAAAAAAAAAAAAAAAAAAAAAAAAAAAAAAAAAAAAAAAAAAAAAAAAAAAAAAAAAAAAAAAAAAAAAAAAAAAAAdiwxt1la/Y2lvUuKnVQXLzfJepG1orG7SlETPUJdjt1d9XSleXVK1T+5TXaSX5L8yrbk1j5h2jDP5buhuqxkI/W3F1Vl7pRivyOM8m/wCIdIw1c0t1uHa0UruPvVVfsef5Nz9GrW3u6am03aZCcZdI14Jr4rQ6Ryp/5QjOH+JRPNbIZTBJzuKHHQX9ei+KPr1XqWqZaX9S42pavtpddTq5sgAAAAAAAAAAAAAAAAAAAAAAAAAAAkGyGyNXaa6cpuVKxpv6youcn+GPv/I4ZcsY4/t1pTylb2OxlriraNva0Y0KUfuxXP3t9X7zLtabTuV2Iisah2SL1kAAA+ZRUk01qnzTArLeFsXHHUKmWx1H6iHtXFvTX2V1nFeHivVGhgzb/wBbKmWmv9oQGjcU7iHFTkpR93QvK8TtyngAAAAAAAAAAAAAAAAAAAAAAEm2klq33JID7dvWjVdN0aiqJ6cDg+LXyPNx7e6lK9m93d7lKkat9GVlac3GXdUn7kunmytkz1r1XuXauKZ9rSsrKhjrWnb29ONKjTWkYR6GbMzadytxERGodg8egAAAAAfM4KcXGSUotaNNapoDz5t5sRebGZKd1bpvGVqj7GrD+nr3qEv06M18OWMkan2zMmOcc7j001pm4y0jXXA/xrl6+B30hFv5bSM1OKaaafJrqeJvoAAAAAAAAAAAAAAAAAAAAHcwlBXWax9J8p3FNf8AsiF51WZSr3ML64dXqYrRZ0AyAAAAAAAAA6uTxtvl7CvZ3VNVbetFxnB9V+5KtprO4RmItGpeadqtnq2y+ducdVbmoPip1H9+D+y/396ZtY7xkrFoZV6+FtNfbXlW0etOXd1i+TOiETMNzZ5alcaRl9VUfRvufkyOnWLRLvaniTIAAAAAAAAAAAAAAAAAA22yEeLanFr/AF0/kzll/blOn1C8VyMdoMgAAAAAAAAAACrd+WGjVxtjlIx+soVOwm/GMu9fBr5l7i21M1U+RXqLKbNJQNAO5aZSta6Rb7Sn+GXTyZ5pKLTDc2t/Su17Eva6wfNHjrExLsnj0AAAAAAAAAAAAAAAAbXZOfZ7T4t/68V8e79Tnl+JTp9QvJcjGaDIAAAAAAAAAAAie9KhGvsJldVq4QjUXuanFljBOskOOb4l51NhlAADKbTTT0a6oDY2mZnT0jXXHH8S5/8A0806Rb+W4o3FO4hxU5KUfd0PHTe3IeAAAAAAAAAAAAAADsY64+h5G0r8uyrQn8JIjaN1mHsTqdr/AIvUxGkyAAAAAAAAAAAInvTrqhsJltXo5wjTXm5xRYwRvJDjm/bl51NhlAAAAA+6VWdCfHTk4S8UHu9NtaZqMtI11wP8a5evgR06Rb+WzjNSimmmnya6nib6AAAAAAAAAAAADDWqaAvPZbILKYCxuNdZSpKMv8l3P5oxslfG8w0KTusS2xzTAAAAAAAAAACtN+OTVDA2Vin7dzX42tfuwX7uJd4td2mVTkTqsQpQ02eAAAAAAA57a8q2kvq5ez1i+TCUTMNzaZalc6Rl9XUfSXJ+TI6dItEu7qeJsh4AAAAAAAAAMN6IC293eNyOJxtSje0lTozarUfbTa1XemunR+pl57VtbdV3FExHaXFZ2AAAAAAAAAGHyAojfRWu6m1sIV6bp28KEVbvXVTWuspfHu9EavGiPDpm8jfn2gJbVgAAAAAAABoByK4qpJKrNL/Jh7uUqIO4AAAAAAAAAxrw9/h3gehaE1VownH7Mopr4GHPUtJyHj0AAAAAAAAAAKX37VYvMYqmvtRt5yfk5LT8maXF+ZUOT9QrEvKYAAAAAAAAAAS4gsAAAAAAAAADDWq0AvHZG8+n7N46trrLsVB+cfZf5GPljxvMNCk7rDcHJMAAAAAAAAAYfIDz7vdv/p229zBS1jbU4UV56cT+cjX48axwzM87uhhZVwAAAAAAAAAAlxBYAAAAAAAAAACy91eWjUsbjHTlpUpT7WC8Yvn8H+Zn8mupiy3ht1pPSksAAAAAAAAADrZC+o42zr3VxNU6FGDqTk+iSPYibTqHkzERuXlzK5CeWyd3fVO6dxVlVa8NXrp6cjdrXxiIY9p8pmXVJIgAAAAAAAAABLiCwAAAAAAAAAAHJb3NazrRrW9WdCtH7NSnLRo8mInqXsTr0vLZ7I/xXC2V1rq6lJOX+S7n80zHyV8bTDQrO6xLZHNIAAAAAABh8gKM3x7RXF1tJUxlK5qKzt6cI1KMZvglU+1q11a1RqcakRTyn2zs95m3ir0uKoAAAAAAAAAAAJcQWAAAAAAAAAAAAWXuqyva2Nzj5v26Mu1gv7Zc/g/zM/k11MWW8NutJ6UlgAAAAAAB17+8pY+zr3VeXDRowlUm30SWrPYibTqHkzqNy8t5PIVMtkrq9q/zLirKq/dq9dPTl6G7WvjERDHtPlO3VJIgAAAAAAAAAAAlxBYAAAAAAAAAAABs9m8zLA5m3vO904vhqxXWD5/v6HPJTzrMJ0t4zteVGrGtSjOElOEkpRkuTT5Mx5jXTQfZ4AAAAAAVlvp2oVni6eGoz+vu9J1tPu0k+5erXwTLvGx7nzn8KnIvqPGFLGmzwAAAAAAAAAAAAJcQWAAAAAAAAAAAAALm2BjKOyeP45OTcZNa9FxPRGTn/clex/MJEcHUAAAAGHyA85bzYVIbd5ZVJSm+OLjxPXSLhFpeRs4P24ZWb7lFzu4gAAAAAAAAAAAAS4gsAAAAAAAAAAAAw+5AXpsvQ+jbO42n4W8H8Vr+pjZJ3eZaFOqw2pzTAAAABh8gKC3yW7o7b1J6fzrelP5OP6Gtxp3jZueNXQctKwAAAAAAAAAAAAEuILAAAAAAAAAAAAJdsdsNR2kspXdxdThSjUdN0qUdJPTT7z8/Aq5c0458Yh3pj8o3K1qFGNvRhTgtIwioryS0M2Z3O1z05DwAAAAAAh22+7e12yr0rmV1VtLunT7KM4pSg1q33x82+TLGLNOKNa6cMmKMnagsjafw/IXVr2iq9hVlS7RLRS4W1rp6GvWdxEs2Y1OnXPUQAAAAAAAAAAAS4gsAAAAAAAAAABhgXLsBjZY3Zm2U041KzdeSfTi5fLQyc9vK8r2ONVSQ4OoAAAAAADDA83bxcRPDbY5Gk46U61T6RTfjGff+eq9DZw28qQystfG8o2d3EAAAAAAAAAAAEuILAAAAAAAAAAdUubYEq2Y2DvspdUK15QdtYqSlLte6U14Jc+/xZWyZ61iYrPbtTHMz36W5GKikkkkuSXQy119AAAAAAAAAIPvO2FqbW2NCtZcCyNs2o8b4VUg+cdfPvXr4lrBl/TnU+lfNj843HtRuVw99hLnsL+1q2tXoqkdFLyfJ+hqVtW0brLOtWazqYdMkiAAAAAAAAAAEuILAAAAAAADNOEqtSMKcZTnJ6KMVq35Ievb1LcJu1yOR4al41YUX0ktaj9Onr8CrfkVr1Xt2rimfaf4TZDGYJKVvbqVZf16vtT9H09NCjfLe/uVitK19N1pocnRkAAAAAAAAAAAdW/xtrlLaVvd29O5oS506sVJEotNZ3DyYi0alW+0m5K1uOKthrh2dTn9HrtypvylzXzLlOVMdXVL8eJ+VX53ZjKbNVeDI2dSgm9I1ftU5eUl3fqXqZK3+ZU7UtT6hqzogAAAAAAAAS4gsAAAAA5La2rXlaNG3pTr1ZcoU4ts8mYiNy9iJn0meE3X3V1w1MlVVrT59jT0lN+b5L5lS/JiOq9u9cMz7T7EbOY/B0+Gzto05aaOo++cvNvvKV8lr/UrNaxX02SWhzSZAAAAAAAAAAAAAAAAcVe3pXVKVKtThVpSWkoTipRa96Z7EzHp5Mb9q/wBpNzGLyXHVxk3jLh9/AlxUW/LmvR+hbpybV6t2rX49Z+elWbRbEZjZeUne2knbp91zR9um/Xp66F+mWuT1KnfHanuGh11OrkAAAAABLiCwAAOexsLnJ11RtKE7iq/uwWunn4ep5a0Vjcy9iJnqE4wm6yc+GplK/AufYUH3+sv2+JSvyfxRYrh/7J5jcPZ4ij2VnbwoQ68K735vmyla1rzu0rEVivp3NNCKTIAAAAAAAAAAAAAAAAAAAAPmUIzi4ySaa0afJgQfaXdHhs3x1bWLxd0+/joL6tv3w5fDQtU5F69T2r3wVt66VVtLu6zWzPHUrW/0q0j/ANTbayil71zj693vL9M1L+lK+K1PaMJ68ju4gAABLiCwfNgT7Zrdm69OFzlpSgpd6tYPR6f3Pp5L4lHJyNdUWaYt92WBY422xtBUbWhC3pL7tNafHxKU2m07lZiIjqHaIvQAAAAAAAAAAAAAAAAAAAAAAAAAYa1Ah21G6zDbRcdWFL+H3j7+3t0km/7o8n8n7yzTPenXuHC+Gtv6UntPstfbJZH6JexTUlxUq0PsVI+K/VdDTx5K5I3DPvSaTqWnOjmAS4gsJPu6xcMltHGdVKVO2g63C+TlqlH5vX0K/It406/LtijdlwIyl1kAAAAAAAAAAAAAAAAAAAAAAAAAAAAABEd6ODp5nY+9k4J17SLuaUuqcea9Vqixgt43j+3DNXypLzubDLAJcQWE33T/APFr/wD7C/3FPlfMLGH6laC5GctsgAAAAAAAAAAAAAAAAAAAAAAAAAAAAANRtd/ytmP/AA63+xnTH9x/6hf5l5gXJG4xwD//2Q==', message: 'Mensaje de notificación 1', date: '2023/12/31 23:59:59', details: 'Detalles de notificación 1'}, Object{iconUrl: 'data:image/jpeg;base64,/9j/4AAQSkZJRgABAQEAZABkAAD/2wBDAAMCAgMCAgMDAwMEAwMEBQgFBQQEBQoHBwYIDAoMDAsKCwsNDhIQDQ4RDgsLEBYQERMUFRUVDA8XGBYUGBIUFRT/2wBDAQMEBAUEBQkFBQkUDQsNFBQUFBQUFBQUFBQUFBQUFBQUFBQUFBQUFBQUFBQUFBQUFBQUFBQUFBQUFBQUFBQUFBT/wAARCAD6APoDAREAAhEBAxEB/8QAHAABAAICAwEAAAAAAAAAAAAAAAYHAQUDBAgC/8QAPhAAAgEDAQUFBAgFAgcAAAAAAAECAwQFEQYHEjFBEyFRcYEiYZGhFCMyQlKxwdEVM0NicmOyNTZEc3Si4f/EABkBAQADAQEAAAAAAAAAAAAAAAACBAUDAf/EACcRAQACAgIDAAEEAgMAAAAAAAABAgMRBCESMTJBEzNRYRQiQlJx/9oADAMBAAIRAxEAPwD2WbrMAAAAAAAAAAAAAAAAAAAAAAAAAAAAAAAAAAAAAAAAAAAAAAAAAAAAAAAAAAAAAAAAAAAAAAAAAAAAAAAAAAAAAAAAAAAAAAAAAAAAAAAAAAAAAAAAAAAAAAAAAAAAAAAAAAAAAAAAAAAAAAAAAAAAAAAAAAAAAAAAAAAAAAAAAAAAAAAAAAAAAAAAAAAAAAAAAAAAAAAAAAAAAAAAAAAAAAAAAAAAAAAAAAAAAAAAAAAAAAdiwxt1la/Y2lvUuKnVQXLzfJepG1orG7SlETPUJdjt1d9XSleXVK1T+5TXaSX5L8yrbk1j5h2jDP5buhuqxkI/W3F1Vl7pRivyOM8m/wCIdIw1c0t1uHa0UruPvVVfsef5Nz9GrW3u6am03aZCcZdI14Jr4rQ6Ryp/5QjOH+JRPNbIZTBJzuKHHQX9ei+KPr1XqWqZaX9S42pavtpddTq5sgAAAAAAAAAAAAAAAAAAAAAAAAAAAkGyGyNXaa6cpuVKxpv6youcn+GPv/I4ZcsY4/t1pTylb2OxlriraNva0Y0KUfuxXP3t9X7zLtabTuV2Iisah2SL1kAAA+ZRUk01qnzTArLeFsXHHUKmWx1H6iHtXFvTX2V1nFeHivVGhgzb/wBbKmWmv9oQGjcU7iHFTkpR93QvK8TtyngAAAAAAAAAAAAAAAAAAAAAAEm2klq33JID7dvWjVdN0aiqJ6cDg+LXyPNx7e6lK9m93d7lKkat9GVlac3GXdUn7kunmytkz1r1XuXauKZ9rSsrKhjrWnb29ONKjTWkYR6GbMzadytxERGodg8egAAAAAfM4KcXGSUotaNNapoDz5t5sRebGZKd1bpvGVqj7GrD+nr3qEv06M18OWMkan2zMmOcc7j001pm4y0jXXA/xrl6+B30hFv5bSM1OKaaafJrqeJvoAAAAAAAAAAAAAAAAAAAAHcwlBXWax9J8p3FNf8AsiF51WZSr3ML64dXqYrRZ0AyAAAAAAAAA6uTxtvl7CvZ3VNVbetFxnB9V+5KtprO4RmItGpeadqtnq2y+ducdVbmoPip1H9+D+y/396ZtY7xkrFoZV6+FtNfbXlW0etOXd1i+TOiETMNzZ5alcaRl9VUfRvufkyOnWLRLvaniTIAAAAAAAAAAAAAAAAAA22yEeLanFr/AF0/kzll/blOn1C8VyMdoMgAAAAAAAAAACrd+WGjVxtjlIx+soVOwm/GMu9fBr5l7i21M1U+RXqLKbNJQNAO5aZSta6Rb7Sn+GXTyZ5pKLTDc2t/Su17Eva6wfNHjrExLsnj0AAAAAAAAAAAAAAAAbXZOfZ7T4t/68V8e79Tnl+JTp9QvJcjGaDIAAAAAAAAAAAie9KhGvsJldVq4QjUXuanFljBOskOOb4l51NhlAADKbTTT0a6oDY2mZnT0jXXHH8S5/8A0806Rb+W4o3FO4hxU5KUfd0PHTe3IeAAAAAAAAAAAAAADsY64+h5G0r8uyrQn8JIjaN1mHsTqdr/AIvUxGkyAAAAAAAAAAAInvTrqhsJltXo5wjTXm5xRYwRvJDjm/bl51NhlAAAAA+6VWdCfHTk4S8UHu9NtaZqMtI11wP8a5evgR06Rb+WzjNSimmmnya6nib6AAAAAAAAAAAADDWqaAvPZbILKYCxuNdZSpKMv8l3P5oxslfG8w0KTusS2xzTAAAAAAAAAACtN+OTVDA2Vin7dzX42tfuwX7uJd4td2mVTkTqsQpQ02eAAAAAAA57a8q2kvq5ez1i+TCUTMNzaZalc6Rl9XUfSXJ+TI6dItEu7qeJsh4AAAAAAAAAMN6IC293eNyOJxtSje0lTozarUfbTa1XemunR+pl57VtbdV3FExHaXFZ2AAAAAAAAAGHyAojfRWu6m1sIV6bp28KEVbvXVTWuspfHu9EavGiPDpm8jfn2gJbVgAAAAAAABoByK4qpJKrNL/Jh7uUqIO4AAAAAAAAAxrw9/h3gehaE1VownH7Mopr4GHPUtJyHj0AAAAAAAAAAKX37VYvMYqmvtRt5yfk5LT8maXF+ZUOT9QrEvKYAAAAAAAAAAS4gsAAAAAAAAADDWq0AvHZG8+n7N46trrLsVB+cfZf5GPljxvMNCk7rDcHJMAAAAAAAAAYfIDz7vdv/p229zBS1jbU4UV56cT+cjX48axwzM87uhhZVwAAAAAAAAAAlxBYAAAAAAAAAACy91eWjUsbjHTlpUpT7WC8Yvn8H+Zn8mupiy3ht1pPSksAAAAAAAAADrZC+o42zr3VxNU6FGDqTk+iSPYibTqHkzERuXlzK5CeWyd3fVO6dxVlVa8NXrp6cjdrXxiIY9p8pmXVJIgAAAAAAAAABLiCwAAAAAAAAAAHJb3NazrRrW9WdCtH7NSnLRo8mInqXsTr0vLZ7I/xXC2V1rq6lJOX+S7n80zHyV8bTDQrO6xLZHNIAAAAAABh8gKM3x7RXF1tJUxlK5qKzt6cI1KMZvglU+1q11a1RqcakRTyn2zs95m3ir0uKoAAAAAAAAAAAJcQWAAAAAAAAAAAAWXuqyva2Nzj5v26Mu1gv7Zc/g/zM/k11MWW8NutJ6UlgAAAAAAB17+8pY+zr3VeXDRowlUm30SWrPYibTqHkzqNy8t5PIVMtkrq9q/zLirKq/dq9dPTl6G7WvjERDHtPlO3VJIgAAAAAAAAAAAlxBYAAAAAAAAAAABs9m8zLA5m3vO904vhqxXWD5/v6HPJTzrMJ0t4zteVGrGtSjOElOEkpRkuTT5Mx5jXTQfZ4AAAAAAVlvp2oVni6eGoz+vu9J1tPu0k+5erXwTLvGx7nzn8KnIvqPGFLGmzwAAAAAAAAAAAAJcQWAAAAAAAAAAAAALm2BjKOyeP45OTcZNa9FxPRGTn/clex/MJEcHUAAAAGHyA85bzYVIbd5ZVJSm+OLjxPXSLhFpeRs4P24ZWb7lFzu4gAAAAAAAAAAAAS4gsAAAAAAAAAAAAw+5AXpsvQ+jbO42n4W8H8Vr+pjZJ3eZaFOqw2pzTAAAABh8gKC3yW7o7b1J6fzrelP5OP6Gtxp3jZueNXQctKwAAAAAAAAAAAAEuILAAAAAAAAAAAAJdsdsNR2kspXdxdThSjUdN0qUdJPTT7z8/Aq5c0458Yh3pj8o3K1qFGNvRhTgtIwioryS0M2Z3O1z05DwAAAAAAh22+7e12yr0rmV1VtLunT7KM4pSg1q33x82+TLGLNOKNa6cMmKMnagsjafw/IXVr2iq9hVlS7RLRS4W1rp6GvWdxEs2Y1OnXPUQAAAAAAAAAAAS4gsAAAAAAAAAABhgXLsBjZY3Zm2U041KzdeSfTi5fLQyc9vK8r2ONVSQ4OoAAAAAADDA83bxcRPDbY5Gk46U61T6RTfjGff+eq9DZw28qQystfG8o2d3EAAAAAAAAAAAEuILAAAAAAAAAAdUubYEq2Y2DvspdUK15QdtYqSlLte6U14Jc+/xZWyZ61iYrPbtTHMz36W5GKikkkkuSXQy119AAAAAAAAAIPvO2FqbW2NCtZcCyNs2o8b4VUg+cdfPvXr4lrBl/TnU+lfNj843HtRuVw99hLnsL+1q2tXoqkdFLyfJ+hqVtW0brLOtWazqYdMkiAAAAAAAAAAEuILAAAAAAADNOEqtSMKcZTnJ6KMVq35Ievb1LcJu1yOR4al41YUX0ktaj9Onr8CrfkVr1Xt2rimfaf4TZDGYJKVvbqVZf16vtT9H09NCjfLe/uVitK19N1pocnRkAAAAAAAAAAAdW/xtrlLaVvd29O5oS506sVJEotNZ3DyYi0alW+0m5K1uOKthrh2dTn9HrtypvylzXzLlOVMdXVL8eJ+VX53ZjKbNVeDI2dSgm9I1ftU5eUl3fqXqZK3+ZU7UtT6hqzogAAAAAAAAS4gsAAAAA5La2rXlaNG3pTr1ZcoU4ts8mYiNy9iJn0meE3X3V1w1MlVVrT59jT0lN+b5L5lS/JiOq9u9cMz7T7EbOY/B0+Gzto05aaOo++cvNvvKV8lr/UrNaxX02SWhzSZAAAAAAAAAAAAAAAAcVe3pXVKVKtThVpSWkoTipRa96Z7EzHp5Mb9q/wBpNzGLyXHVxk3jLh9/AlxUW/LmvR+hbpybV6t2rX49Z+elWbRbEZjZeUne2knbp91zR9um/Xp66F+mWuT1KnfHanuGh11OrkAAAAABLiCwAAOexsLnJ11RtKE7iq/uwWunn4ep5a0Vjcy9iJnqE4wm6yc+GplK/AufYUH3+sv2+JSvyfxRYrh/7J5jcPZ4ij2VnbwoQ68K735vmyla1rzu0rEVivp3NNCKTIAAAAAAAAAAAAAAAAAAAAPmUIzi4ySaa0afJgQfaXdHhs3x1bWLxd0+/joL6tv3w5fDQtU5F69T2r3wVt66VVtLu6zWzPHUrW/0q0j/ANTbayil71zj693vL9M1L+lK+K1PaMJ68ju4gAABLiCwfNgT7Zrdm69OFzlpSgpd6tYPR6f3Pp5L4lHJyNdUWaYt92WBY422xtBUbWhC3pL7tNafHxKU2m07lZiIjqHaIvQAAAAAAAAAAAAAAAAAAAAAAAAAYa1Ah21G6zDbRcdWFL+H3j7+3t0km/7o8n8n7yzTPenXuHC+Gtv6UntPstfbJZH6JexTUlxUq0PsVI+K/VdDTx5K5I3DPvSaTqWnOjmAS4gsJPu6xcMltHGdVKVO2g63C+TlqlH5vX0K/It406/LtijdlwIyl1kAAAAAAAAAAAAAAAAAAAAAAAAAAAAABEd6ODp5nY+9k4J17SLuaUuqcea9Vqixgt43j+3DNXypLzubDLAJcQWE33T/APFr/wD7C/3FPlfMLGH6laC5GctsgAAAAAAAAAAAAAAAAAAAAAAAAAAAAANRtd/ytmP/AA63+xnTH9x/6hf5l5gXJG4xwD//2Q==', message: 'Mensaje de notificación 2', date: '2023/12/31 23:59:59', details: 'Detalles de notificación 2'}]
,Chrome Headless 114.0.5735.199 (Windows 10) LOG: 'response notifications', [Object{iconUrl: 'data:image/jpeg;base64,/9j/4AAQSkZJRgABAQEAZABkAAD/2wBDAAMCAgMCAgMDAwMEAwMEBQgFBQQEBQoHBwYIDAoMDAsKCwsNDhIQDQ4RDgsLEBYQERMUFRUVDA8XGBYUGBIUFRT/2wBDAQMEBAUEBQkFBQkUDQsNFBQUFBQUFBQUFBQUFBQUFBQUFBQUFBQUFBQUFBQUFBQUFBQUFBQUFBQUFBQUFBQUFBT/wAARCAD6APoDAREAAhEBAxEB/8QAHAABAAICAwEAAAAAAAAAAAAAAAYHAQUDBAgC/8QAPhAAAgEDAQUFBAgFAgcAAAAAAAECAwQFEQYHEjFBEyFRcYEiYZGhFCMyQlKxwdEVM0NicmOyNTZEc3Si4f/EABkBAQADAQEAAAAAAAAAAAAAAAACBAUDAf/EACcRAQACAgIDAAEEAgMAAAAAAAABAgMRBCESMTJBEzNRYRQiQlJx/9oADAMBAAIRAxEAPwD2WbrMAAAAAAAAAAAAAAAAAAAAAAAAAAAAAAAAAAAAAAAAAAAAAAAAAAAAAAAAAAAAAAAAAAAAAAAAAAAAAAAAAAAAAAAAAAAAAAAAAAAAAAAAAAAAAAAAAAAAAAAAAAAAAAAAAAAAAAAAAAAAAAAAAAAAAAAAAAAAAAAAAAAAAAAAAAAAAAAAAAAAAAAAAAAAAAAAAAAAAAAAAAAAAAAAAAAAAAAAAAAAAAAAAAAAAAAAAAAAAAdiwxt1la/Y2lvUuKnVQXLzfJepG1orG7SlETPUJdjt1d9XSleXVK1T+5TXaSX5L8yrbk1j5h2jDP5buhuqxkI/W3F1Vl7pRivyOM8m/wCIdIw1c0t1uHa0UruPvVVfsef5Nz9GrW3u6am03aZCcZdI14Jr4rQ6Ryp/5QjOH+JRPNbIZTBJzuKHHQX9ei+KPr1XqWqZaX9S42pavtpddTq5sgAAAAAAAAAAAAAAAAAAAAAAAAAAAkGyGyNXaa6cpuVKxpv6youcn+GPv/I4ZcsY4/t1pTylb2OxlriraNva0Y0KUfuxXP3t9X7zLtabTuV2Iisah2SL1kAAA+ZRUk01qnzTArLeFsXHHUKmWx1H6iHtXFvTX2V1nFeHivVGhgzb/wBbKmWmv9oQGjcU7iHFTkpR93QvK8TtyngAAAAAAAAAAAAAAAAAAAAAAEm2klq33JID7dvWjVdN0aiqJ6cDg+LXyPNx7e6lK9m93d7lKkat9GVlac3GXdUn7kunmytkz1r1XuXauKZ9rSsrKhjrWnb29ONKjTWkYR6GbMzadytxERGodg8egAAAAAfM4KcXGSUotaNNapoDz5t5sRebGZKd1bpvGVqj7GrD+nr3qEv06M18OWMkan2zMmOcc7j001pm4y0jXXA/xrl6+B30hFv5bSM1OKaaafJrqeJvoAAAAAAAAAAAAAAAAAAAAHcwlBXWax9J8p3FNf8AsiF51WZSr3ML64dXqYrRZ0AyAAAAAAAAA6uTxtvl7CvZ3VNVbetFxnB9V+5KtprO4RmItGpeadqtnq2y+ducdVbmoPip1H9+D+y/396ZtY7xkrFoZV6+FtNfbXlW0etOXd1i+TOiETMNzZ5alcaRl9VUfRvufkyOnWLRLvaniTIAAAAAAAAAAAAAAAAAA22yEeLanFr/AF0/kzll/blOn1C8VyMdoMgAAAAAAAAAACrd+WGjVxtjlIx+soVOwm/GMu9fBr5l7i21M1U+RXqLKbNJQNAO5aZSta6Rb7Sn+GXTyZ5pKLTDc2t/Su17Eva6wfNHjrExLsnj0AAAAAAAAAAAAAAAAbXZOfZ7T4t/68V8e79Tnl+JTp9QvJcjGaDIAAAAAAAAAAAie9KhGvsJldVq4QjUXuanFljBOskOOb4l51NhlAADKbTTT0a6oDY2mZnT0jXXHH8S5/8A0806Rb+W4o3FO4hxU5KUfd0PHTe3IeAAAAAAAAAAAAAADsY64+h5G0r8uyrQn8JIjaN1mHsTqdr/AIvUxGkyAAAAAAAAAAAInvTrqhsJltXo5wjTXm5xRYwRvJDjm/bl51NhlAAAAA+6VWdCfHTk4S8UHu9NtaZqMtI11wP8a5evgR06Rb+WzjNSimmmnya6nib6AAAAAAAAAAAADDWqaAvPZbILKYCxuNdZSpKMv8l3P5oxslfG8w0KTusS2xzTAAAAAAAAAACtN+OTVDA2Vin7dzX42tfuwX7uJd4td2mVTkTqsQpQ02eAAAAAAA57a8q2kvq5ez1i+TCUTMNzaZalc6Rl9XUfSXJ+TI6dItEu7qeJsh4AAAAAAAAAMN6IC293eNyOJxtSje0lTozarUfbTa1XemunR+pl57VtbdV3FExHaXFZ2AAAAAAAAAGHyAojfRWu6m1sIV6bp28KEVbvXVTWuspfHu9EavGiPDpm8jfn2gJbVgAAAAAAABoByK4qpJKrNL/Jh7uUqIO4AAAAAAAAAxrw9/h3gehaE1VownH7Mopr4GHPUtJyHj0AAAAAAAAAAKX37VYvMYqmvtRt5yfk5LT8maXF+ZUOT9QrEvKYAAAAAAAAAAS4gsAAAAAAAAADDWq0AvHZG8+n7N46trrLsVB+cfZf5GPljxvMNCk7rDcHJMAAAAAAAAAYfIDz7vdv/p229zBS1jbU4UV56cT+cjX48axwzM87uhhZVwAAAAAAAAAAlxBYAAAAAAAAAACy91eWjUsbjHTlpUpT7WC8Yvn8H+Zn8mupiy3ht1pPSksAAAAAAAAADrZC+o42zr3VxNU6FGDqTk+iSPYibTqHkzERuXlzK5CeWyd3fVO6dxVlVa8NXrp6cjdrXxiIY9p8pmXVJIgAAAAAAAAABLiCwAAAAAAAAAAHJb3NazrRrW9WdCtH7NSnLRo8mInqXsTr0vLZ7I/xXC2V1rq6lJOX+S7n80zHyV8bTDQrO6xLZHNIAAAAAABh8gKM3x7RXF1tJUxlK5qKzt6cI1KMZvglU+1q11a1RqcakRTyn2zs95m3ir0uKoAAAAAAAAAAAJcQWAAAAAAAAAAAAWXuqyva2Nzj5v26Mu1gv7Zc/g/zM/k11MWW8NutJ6UlgAAAAAAB17+8pY+zr3VeXDRowlUm30SWrPYibTqHkzqNy8t5PIVMtkrq9q/zLirKq/dq9dPTl6G7WvjERDHtPlO3VJIgAAAAAAAAAAAlxBYAAAAAAAAAAABs9m8zLA5m3vO904vhqxXWD5/v6HPJTzrMJ0t4zteVGrGtSjOElOEkpRkuTT5Mx5jXTQfZ4AAAAAAVlvp2oVni6eGoz+vu9J1tPu0k+5erXwTLvGx7nzn8KnIvqPGFLGmzwAAAAAAAAAAAAJcQWAAAAAAAAAAAAALm2BjKOyeP45OTcZNa9FxPRGTn/clex/MJEcHUAAAAGHyA85bzYVIbd5ZVJSm+OLjxPXSLhFpeRs4P24ZWb7lFzu4gAAAAAAAAAAAAS4gsAAAAAAAAAAAAw+5AXpsvQ+jbO42n4W8H8Vr+pjZJ3eZaFOqw2pzTAAAABh8gKC3yW7o7b1J6fzrelP5OP6Gtxp3jZueNXQctKwAAAAAAAAAAAAEuILAAAAAAAAAAAAJdsdsNR2kspXdxdThSjUdN0qUdJPTT7z8/Aq5c0458Yh3pj8o3K1qFGNvRhTgtIwioryS0M2Z3O1z05DwAAAAAAh22+7e12yr0rmV1VtLunT7KM4pSg1q33x82+TLGLNOKNa6cMmKMnagsjafw/IXVr2iq9hVlS7RLRS4W1rp6GvWdxEs2Y1OnXPUQAAAAAAAAAAAS4gsAAAAAAAAAABhgXLsBjZY3Zm2U041KzdeSfTi5fLQyc9vK8r2ONVSQ4OoAAAAAADDA83bxcRPDbY5Gk46U61T6RTfjGff+eq9DZw28qQystfG8o2d3EAAAAAAAAAAAEuILAAAAAAAAAAdUubYEq2Y2DvspdUK15QdtYqSlLte6U14Jc+/xZWyZ61iYrPbtTHMz36W5GKikkkkuSXQy119AAAAAAAAAIPvO2FqbW2NCtZcCyNs2o8b4VUg+cdfPvXr4lrBl/TnU+lfNj843HtRuVw99hLnsL+1q2tXoqkdFLyfJ+hqVtW0brLOtWazqYdMkiAAAAAAAAAAEuILAAAAAAADNOEqtSMKcZTnJ6KMVq35Ievb1LcJu1yOR4al41YUX0ktaj9Onr8CrfkVr1Xt2rimfaf4TZDGYJKVvbqVZf16vtT9H09NCjfLe/uVitK19N1pocnRkAAAAAAAAAAAdW/xtrlLaVvd29O5oS506sVJEotNZ3DyYi0alW+0m5K1uOKthrh2dTn9HrtypvylzXzLlOVMdXVL8eJ+VX53ZjKbNVeDI2dSgm9I1ftU5eUl3fqXqZK3+ZU7UtT6hqzogAAAAAAAAS4gsAAAAA5La2rXlaNG3pTr1ZcoU4ts8mYiNy9iJn0meE3X3V1w1MlVVrT59jT0lN+b5L5lS/JiOq9u9cMz7T7EbOY/B0+Gzto05aaOo++cvNvvKV8lr/UrNaxX02SWhzSZAAAAAAAAAAAAAAAAcVe3pXVKVKtThVpSWkoTipRa96Z7EzHp5Mb9q/wBpNzGLyXHVxk3jLh9/AlxUW/LmvR+hbpybV6t2rX49Z+elWbRbEZjZeUne2knbp91zR9um/Xp66F+mWuT1KnfHanuGh11OrkAAAAABLiCwAAOexsLnJ11RtKE7iq/uwWunn4ep5a0Vjcy9iJnqE4wm6yc+GplK/AufYUH3+sv2+JSvyfxRYrh/7J5jcPZ4ij2VnbwoQ68K735vmyla1rzu0rEVivp3NNCKTIAAAAAAAAAAAAAAAAAAAAPmUIzi4ySaa0afJgQfaXdHhs3x1bWLxd0+/joL6tv3w5fDQtU5F69T2r3wVt66VVtLu6zWzPHUrW/0q0j/ANTbayil71zj693vL9M1L+lK+K1PaMJ68ju4gAABLiCwfNgT7Zrdm69OFzlpSgpd6tYPR6f3Pp5L4lHJyNdUWaYt92WBY422xtBUbWhC3pL7tNafHxKU2m07lZiIjqHaIvQAAAAAAAAAAAAAAAAAAAAAAAAAYa1Ah21G6zDbRcdWFL+H3j7+3t0km/7o8n8n7yzTPenXuHC+Gtv6UntPstfbJZH6JexTUlxUq0PsVI+K/VdDTx5K5I3DPvSaTqWnOjmAS4gsJPu6xcMltHGdVKVO2g63C+TlqlH5vX0K/It406/LtijdlwIyl1kAAAAAAAAAAAAAAAAAAAAAAAAAAAAABEd6ODp5nY+9k4J17SLuaUuqcea9Vqixgt43j+3DNXypLzubDLAJcQWE33T/APFr/wD7C/3FPlfMLGH6laC5GctsgAAAAAAAAAAAAAAAAAAAAAAAAAAAAANRtd/ytmP/AA63+xnTH9x/6hf5l5gXJG4xwD//2Q==', message: 'Mensaje de notificación 1', date: '2023/12/31 23:59:59', details: 'Detalles de notificación 1'}, Object{iconUrl: 'data:image/jpeg;base64,/9j/4AAQSkZJRgABAQEAZABkAAD/2wBDAAMCAgMCAgMDAwMEAwMEBQgFBQQEBQoHBwYIDAoMDAsKCwsNDhIQDQ4RDgsLEBYQERMUFRUVDA8XGBYUGBIUFRT/2wBDAQMEBAUEBQkFBQkUDQsNFBQUFBQUFBQUFBQUFBQUFBQUFBQUFBQUFBQUFBQUFBQUFBQUFBQUFBQUFBQUFBQUFBT/wAARCAD6APoDAREAAhEBAxEB/8QAHAABAAICAwEAAAAAAAAAAAAAAAYHAQUDBAgC/8QAPhAAAgEDAQUFBAgFAgcAAAAAAAECAwQFEQYHEjFBEyFRcYEiYZGhFCMyQlKxwdEVM0NicmOyNTZEc3Si4f/EABkBAQADAQEAAAAAAAAAAAAAAAACBAUDAf/EACcRAQACAgIDAAEEAgMAAAAAAAABAgMRBCESMTJBEzNRYRQiQlJx/9oADAMBAAIRAxEAPwD2WbrMAAAAAAAAAAAAAAAAAAAAAAAAAAAAAAAAAAAAAAAAAAAAAAAAAAAAAAAAAAAAAAAAAAAAAAAAAAAAAAAAAAAAAAAAAAAAAAAAAAAAAAAAAAAAAAAAAAAAAAAAAAAAAAAAAAAAAAAAAAAAAAAAAAAAAAAAAAAAAAAAAAAAAAAAAAAAAAAAAAAAAAAAAAAAAAAAAAAAAAAAAAAAAAAAAAAAAAAAAAAAAAAAAAAAAAAAAAAAAAdiwxt1la/Y2lvUuKnVQXLzfJepG1orG7SlETPUJdjt1d9XSleXVK1T+5TXaSX5L8yrbk1j5h2jDP5buhuqxkI/W3F1Vl7pRivyOM8m/wCIdIw1c0t1uHa0UruPvVVfsef5Nz9GrW3u6am03aZCcZdI14Jr4rQ6Ryp/5QjOH+JRPNbIZTBJzuKHHQX9ei+KPr1XqWqZaX9S42pavtpddTq5sgAAAAAAAAAAAAAAAAAAAAAAAAAAAkGyGyNXaa6cpuVKxpv6youcn+GPv/I4ZcsY4/t1pTylb2OxlriraNva0Y0KUfuxXP3t9X7zLtabTuV2Iisah2SL1kAAA+ZRUk01qnzTArLeFsXHHUKmWx1H6iHtXFvTX2V1nFeHivVGhgzb/wBbKmWmv9oQGjcU7iHFTkpR93QvK8TtyngAAAAAAAAAAAAAAAAAAAAAAEm2klq33JID7dvWjVdN0aiqJ6cDg+LXyPNx7e6lK9m93d7lKkat9GVlac3GXdUn7kunmytkz1r1XuXauKZ9rSsrKhjrWnb29ONKjTWkYR6GbMzadytxERGodg8egAAAAAfM4KcXGSUotaNNapoDz5t5sRebGZKd1bpvGVqj7GrD+nr3qEv06M18OWMkan2zMmOcc7j001pm4y0jXXA/xrl6+B30hFv5bSM1OKaaafJrqeJvoAAAAAAAAAAAAAAAAAAAAHcwlBXWax9J8p3FNf8AsiF51WZSr3ML64dXqYrRZ0AyAAAAAAAAA6uTxtvl7CvZ3VNVbetFxnB9V+5KtprO4RmItGpeadqtnq2y+ducdVbmoPip1H9+D+y/396ZtY7xkrFoZV6+FtNfbXlW0etOXd1i+TOiETMNzZ5alcaRl9VUfRvufkyOnWLRLvaniTIAAAAAAAAAAAAAAAAAA22yEeLanFr/AF0/kzll/blOn1C8VyMdoMgAAAAAAAAAACrd+WGjVxtjlIx+soVOwm/GMu9fBr5l7i21M1U+RXqLKbNJQNAO5aZSta6Rb7Sn+GXTyZ5pKLTDc2t/Su17Eva6wfNHjrExLsnj0AAAAAAAAAAAAAAAAbXZOfZ7T4t/68V8e79Tnl+JTp9QvJcjGaDIAAAAAAAAAAAie9KhGvsJldVq4QjUXuanFljBOskOOb4l51NhlAADKbTTT0a6oDY2mZnT0jXXHH8S5/8A0806Rb+W4o3FO4hxU5KUfd0PHTe3IeAAAAAAAAAAAAAADsY64+h5G0r8uyrQn8JIjaN1mHsTqdr/AIvUxGkyAAAAAAAAAAAInvTrqhsJltXo5wjTXm5xRYwRvJDjm/bl51NhlAAAAA+6VWdCfHTk4S8UHu9NtaZqMtI11wP8a5evgR06Rb+WzjNSimmmnya6nib6AAAAAAAAAAAADDWqaAvPZbILKYCxuNdZSpKMv8l3P5oxslfG8w0KTusS2xzTAAAAAAAAAACtN+OTVDA2Vin7dzX42tfuwX7uJd4td2mVTkTqsQpQ02eAAAAAAA57a8q2kvq5ez1i+TCUTMNzaZalc6Rl9XUfSXJ+TI6dItEu7qeJsh4AAAAAAAAAMN6IC293eNyOJxtSje0lTozarUfbTa1XemunR+pl57VtbdV3FExHaXFZ2AAAAAAAAAGHyAojfRWu6m1sIV6bp28KEVbvXVTWuspfHu9EavGiPDpm8jfn2gJbVgAAAAAAABoByK4qpJKrNL/Jh7uUqIO4AAAAAAAAAxrw9/h3gehaE1VownH7Mopr4GHPUtJyHj0AAAAAAAAAAKX37VYvMYqmvtRt5yfk5LT8maXF+ZUOT9QrEvKYAAAAAAAAAAS4gsAAAAAAAAADDWq0AvHZG8+n7N46trrLsVB+cfZf5GPljxvMNCk7rDcHJMAAAAAAAAAYfIDz7vdv/p229zBS1jbU4UV56cT+cjX48axwzM87uhhZVwAAAAAAAAAAlxBYAAAAAAAAAACy91eWjUsbjHTlpUpT7WC8Yvn8H+Zn8mupiy3ht1pPSksAAAAAAAAADrZC+o42zr3VxNU6FGDqTk+iSPYibTqHkzERuXlzK5CeWyd3fVO6dxVlVa8NXrp6cjdrXxiIY9p8pmXVJIgAAAAAAAAABLiCwAAAAAAAAAAHJb3NazrRrW9WdCtH7NSnLRo8mInqXsTr0vLZ7I/xXC2V1rq6lJOX+S7n80zHyV8bTDQrO6xLZHNIAAAAAABh8gKM3x7RXF1tJUxlK5qKzt6cI1KMZvglU+1q11a1RqcakRTyn2zs95m3ir0uKoAAAAAAAAAAAJcQWAAAAAAAAAAAAWXuqyva2Nzj5v26Mu1gv7Zc/g/zM/k11MWW8NutJ6UlgAAAAAAB17+8pY+zr3VeXDRowlUm30SWrPYibTqHkzqNy8t5PIVMtkrq9q/zLirKq/dq9dPTl6G7WvjERDHtPlO3VJIgAAAAAAAAAAAlxBYAAAAAAAAAAABs9m8zLA5m3vO904vhqxXWD5/v6HPJTzrMJ0t4zteVGrGtSjOElOEkpRkuTT5Mx5jXTQfZ4AAAAAAVlvp2oVni6eGoz+vu9J1tPu0k+5erXwTLvGx7nzn8KnIvqPGFLGmzwAAAAAAAAAAAAJcQWAAAAAAAAAAAAALm2BjKOyeP45OTcZNa9FxPRGTn/clex/MJEcHUAAAAGHyA85bzYVIbd5ZVJSm+OLjxPXSLhFpeRs4P24ZWb7lFzu4gAAAAAAAAAAAAS4gsAAAAAAAAAAAAw+5AXpsvQ+jbO42n4W8H8Vr+pjZJ3eZaFOqw2pzTAAAABh8gKC3yW7o7b1J6fzrelP5OP6Gtxp3jZueNXQctKwAAAAAAAAAAAAEuILAAAAAAAAAAAAJdsdsNR2kspXdxdThSjUdN0qUdJPTT7z8/Aq5c0458Yh3pj8o3K1qFGNvRhTgtIwioryS0M2Z3O1z05DwAAAAAAh22+7e12yr0rmV1VtLunT7KM4pSg1q33x82+TLGLNOKNa6cMmKMnagsjafw/IXVr2iq9hVlS7RLRS4W1rp6GvWdxEs2Y1OnXPUQAAAAAAAAAAAS4gsAAAAAAAAAABhgXLsBjZY3Zm2U041KzdeSfTi5fLQyc9vK8r2ONVSQ4OoAAAAAADDA83bxcRPDbY5Gk46U61T6RTfjGff+eq9DZw28qQystfG8o2d3EAAAAAAAAAAAEuILAAAAAAAAAAdUubYEq2Y2DvspdUK15QdtYqSlLte6U14Jc+/xZWyZ61iYrPbtTHMz36W5GKikkkkuSXQy119AAAAAAAAAIPvO2FqbW2NCtZcCyNs2o8b4VUg+cdfPvXr4lrBl/TnU+lfNj843HtRuVw99hLnsL+1q2tXoqkdFLyfJ+hqVtW0brLOtWazqYdMkiAAAAAAAAAAEuILAAAAAAADNOEqtSMKcZTnJ6KMVq35Ievb1LcJu1yOR4al41YUX0ktaj9Onr8CrfkVr1Xt2rimfaf4TZDGYJKVvbqVZf16vtT9H09NCjfLe/uVitK19N1pocnRkAAAAAAAAAAAdW/xtrlLaVvd29O5oS506sVJEotNZ3DyYi0alW+0m5K1uOKthrh2dTn9HrtypvylzXzLlOVMdXVL8eJ+VX53ZjKbNVeDI2dSgm9I1ftU5eUl3fqXqZK3+ZU7UtT6hqzogAAAAAAAAS4gsAAAAA5La2rXlaNG3pTr1ZcoU4ts8mYiNy9iJn0meE3X3V1w1MlVVrT59jT0lN+b5L5lS/JiOq9u9cMz7T7EbOY/B0+Gzto05aaOo++cvNvvKV8lr/UrNaxX02SWhzSZAAAAAAAAAAAAAAAAcVe3pXVKVKtThVpSWkoTipRa96Z7EzHp5Mb9q/wBpNzGLyXHVxk3jLh9/AlxUW/LmvR+hbpybV6t2rX49Z+elWbRbEZjZeUne2knbp91zR9um/Xp66F+mWuT1KnfHanuGh11OrkAAAAABLiCwAAOexsLnJ11RtKE7iq/uwWunn4ep5a0Vjcy9iJnqE4wm6yc+GplK/AufYUH3+sv2+JSvyfxRYrh/7J5jcPZ4ij2VnbwoQ68K735vmyla1rzu0rEVivp3NNCKTIAAAAAAAAAAAAAAAAAAAAPmUIzi4ySaa0afJgQfaXdHhs3x1bWLxd0+/joL6tv3w5fDQtU5F69T2r3wVt66VVtLu6zWzPHUrW/0q0j/ANTbayil71zj693vL9M1L+lK+K1PaMJ68ju4gAABLiCwfNgT7Zrdm69OFzlpSgpd6tYPR6f3Pp5L4lHJyNdUWaYt92WBY422xtBUbWhC3pL7tNafHxKU2m07lZiIjqHaIvQAAAAAAAAAAAAAAAAAAAAAAAAAYa1Ah21G6zDbRcdWFL+H3j7+3t0km/7o8n8n7yzTPenXuHC+Gtv6UntPstfbJZH6JexTUlxUq0PsVI+K/VdDTx5K5I3DPvSaTqWnOjmAS4gsJPu6xcMltHGdVKVO2g63C+TlqlH5vX0K/It406/LtijdlwIyl1kAAAAAAAAAAAAAAAAAAAAAAAAAAAAABEd6ODp5nY+9k4J17SLuaUuqcea9Vqixgt43j+3DNXypLzubDLAJcQWE33T/APFr/wD7C/3FPlfMLGH6laC5GctsgAAAAAAAAAAAAAAAAAAAAAAAAAAAAANRtd/ytmP/AA63+xnTH9x/6hf5l5gXJG4xwD//2Q==', message: 'Mensaje de notificación 2', date: '2023/12/31 23:59:59', details: 'Detalles de notificación 2'}]
,Chrome Headless 114.0.5735.199 (Windows 10) LOG: 'response notifications', [Object{iconUrl: 'data:image/jpeg;base64,/9j/4AAQSkZJRgABAQEAZABkAAD/2wBDAAMCAgMCAgMDAwMEAwMEBQgFBQQEBQoHBwYIDAoMDAsKCwsNDhIQDQ4RDgsLEBYQERMUFRUVDA8XGBYUGBIUFRT/2wBDAQMEBAUEBQkFBQkUDQsNFBQUFBQUFBQUFBQUFBQUFBQUFBQUFBQUFBQUFBQUFBQUFBQUFBQUFBQUFBQUFBQUFBT/wAARCAD6APoDAREAAhEBAxEB/8QAHAABAAICAwEAAAAAAAAAAAAAAAYHAQUDBAgC/8QAPhAAAgEDAQUFBAgFAgcAAAAAAAECAwQFEQYHEjFBEyFRcYEiYZGhFCMyQlKxwdEVM0NicmOyNTZEc3Si4f/EABkBAQADAQEAAAAAAAAAAAAAAAACBAUDAf/EACcRAQACAgIDAAEEAgMAAAAAAAABAgMRBCESMTJBEzNRYRQiQlJx/9oADAMBAAIRAxEAPwD2WbrMAAAAAAAAAAAAAAAAAAAAAAAAAAAAAAAAAAAAAAAAAAAAAAAAAAAAAAAAAAAAAAAAAAAAAAAAAAAAAAAAAAAAAAAAAAAAAAAAAAAAAAAAAAAAAAAAAAAAAAAAAAAAAAAAAAAAAAAAAAAAAAAAAAAAAAAAAAAAAAAAAAAAAAAAAAAAAAAAAAAAAAAAAAAAAAAAAAAAAAAAAAAAAAAAAAAAAAAAAAAAAAAAAAAAAAAAAAAAAAdiwxt1la/Y2lvUuKnVQXLzfJepG1orG7SlETPUJdjt1d9XSleXVK1T+5TXaSX5L8yrbk1j5h2jDP5buhuqxkI/W3F1Vl7pRivyOM8m/wCIdIw1c0t1uHa0UruPvVVfsef5Nz9GrW3u6am03aZCcZdI14Jr4rQ6Ryp/5QjOH+JRPNbIZTBJzuKHHQX9ei+KPr1XqWqZaX9S42pavtpddTq5sgAAAAAAAAAAAAAAAAAAAAAAAAAAAkGyGyNXaa6cpuVKxpv6youcn+GPv/I4ZcsY4/t1pTylb2OxlriraNva0Y0KUfuxXP3t9X7zLtabTuV2Iisah2SL1kAAA+ZRUk01qnzTArLeFsXHHUKmWx1H6iHtXFvTX2V1nFeHivVGhgzb/wBbKmWmv9oQGjcU7iHFTkpR93QvK8TtyngAAAAAAAAAAAAAAAAAAAAAAEm2klq33JID7dvWjVdN0aiqJ6cDg+LXyPNx7e6lK9m93d7lKkat9GVlac3GXdUn7kunmytkz1r1XuXauKZ9rSsrKhjrWnb29ONKjTWkYR6GbMzadytxERGodg8egAAAAAfM4KcXGSUotaNNapoDz5t5sRebGZKd1bpvGVqj7GrD+nr3qEv06M18OWMkan2zMmOcc7j001pm4y0jXXA/xrl6+B30hFv5bSM1OKaaafJrqeJvoAAAAAAAAAAAAAAAAAAAAHcwlBXWax9J8p3FNf8AsiF51WZSr3ML64dXqYrRZ0AyAAAAAAAAA6uTxtvl7CvZ3VNVbetFxnB9V+5KtprO4RmItGpeadqtnq2y+ducdVbmoPip1H9+D+y/396ZtY7xkrFoZV6+FtNfbXlW0etOXd1i+TOiETMNzZ5alcaRl9VUfRvufkyOnWLRLvaniTIAAAAAAAAAAAAAAAAAA22yEeLanFr/AF0/kzll/blOn1C8VyMdoMgAAAAAAAAAACrd+WGjVxtjlIx+soVOwm/GMu9fBr5l7i21M1U+RXqLKbNJQNAO5aZSta6Rb7Sn+GXTyZ5pKLTDc2t/Su17Eva6wfNHjrExLsnj0AAAAAAAAAAAAAAAAbXZOfZ7T4t/68V8e79Tnl+JTp9QvJcjGaDIAAAAAAAAAAAie9KhGvsJldVq4QjUXuanFljBOskOOb4l51NhlAADKbTTT0a6oDY2mZnT0jXXHH8S5/8A0806Rb+W4o3FO4hxU5KUfd0PHTe3IeAAAAAAAAAAAAAADsY64+h5G0r8uyrQn8JIjaN1mHsTqdr/AIvUxGkyAAAAAAAAAAAInvTrqhsJltXo5wjTXm5xRYwRvJDjm/bl51NhlAAAAA+6VWdCfHTk4S8UHu9NtaZqMtI11wP8a5evgR06Rb+WzjNSimmmnya6nib6AAAAAAAAAAAADDWqaAvPZbILKYCxuNdZSpKMv8l3P5oxslfG8w0KTusS2xzTAAAAAAAAAACtN+OTVDA2Vin7dzX42tfuwX7uJd4td2mVTkTqsQpQ02eAAAAAAA57a8q2kvq5ez1i+TCUTMNzaZalc6Rl9XUfSXJ+TI6dItEu7qeJsh4AAAAAAAAAMN6IC293eNyOJxtSje0lTozarUfbTa1XemunR+pl57VtbdV3FExHaXFZ2AAAAAAAAAGHyAojfRWu6m1sIV6bp28KEVbvXVTWuspfHu9EavGiPDpm8jfn2gJbVgAAAAAAABoByK4qpJKrNL/Jh7uUqIO4AAAAAAAAAxrw9/h3gehaE1VownH7Mopr4GHPUtJyHj0AAAAAAAAAAKX37VYvMYqmvtRt5yfk5LT8maXF+ZUOT9QrEvKYAAAAAAAAAAS4gsAAAAAAAAADDWq0AvHZG8+n7N46trrLsVB+cfZf5GPljxvMNCk7rDcHJMAAAAAAAAAYfIDz7vdv/p229zBS1jbU4UV56cT+cjX48axwzM87uhhZVwAAAAAAAAAAlxBYAAAAAAAAAACy91eWjUsbjHTlpUpT7WC8Yvn8H+Zn8mupiy3ht1pPSksAAAAAAAAADrZC+o42zr3VxNU6FGDqTk+iSPYibTqHkzERuXlzK5CeWyd3fVO6dxVlVa8NXrp6cjdrXxiIY9p8pmXVJIgAAAAAAAAABLiCwAAAAAAAAAAHJb3NazrRrW9WdCtH7NSnLRo8mInqXsTr0vLZ7I/xXC2V1rq6lJOX+S7n80zHyV8bTDQrO6xLZHNIAAAAAABh8gKM3x7RXF1tJUxlK5qKzt6cI1KMZvglU+1q11a1RqcakRTyn2zs95m3ir0uKoAAAAAAAAAAAJcQWAAAAAAAAAAAAWXuqyva2Nzj5v26Mu1gv7Zc/g/zM/k11MWW8NutJ6UlgAAAAAAB17+8pY+zr3VeXDRowlUm30SWrPYibTqHkzqNy8t5PIVMtkrq9q/zLirKq/dq9dPTl6G7WvjERDHtPlO3VJIgAAAAAAAAAAAlxBYAAAAAAAAAAABs9m8zLA5m3vO904vhqxXWD5/v6HPJTzrMJ0t4zteVGrGtSjOElOEkpRkuTT5Mx5jXTQfZ4AAAAAAVlvp2oVni6eGoz+vu9J1tPu0k+5erXwTLvGx7nzn8KnIvqPGFLGmzwAAAAAAAAAAAAJcQWAAAAAAAAAAAAALm2BjKOyeP45OTcZNa9FxPRGTn/clex/MJEcHUAAAAGHyA85bzYVIbd5ZVJSm+OLjxPXSLhFpeRs4P24ZWb7lFzu4gAAAAAAAAAAAAS4gsAAAAAAAAAAAAw+5AXpsvQ+jbO42n4W8H8Vr+pjZJ3eZaFOqw2pzTAAAABh8gKC3yW7o7b1J6fzrelP5OP6Gtxp3jZueNXQctKwAAAAAAAAAAAAEuILAAAAAAAAAAAAJdsdsNR2kspXdxdThSjUdN0qUdJPTT7z8/Aq5c0458Yh3pj8o3K1qFGNvRhTgtIwioryS0M2Z3O1z05DwAAAAAAh22+7e12yr0rmV1VtLunT7KM4pSg1q33x82+TLGLNOKNa6cMmKMnagsjafw/IXVr2iq9hVlS7RLRS4W1rp6GvWdxEs2Y1OnXPUQAAAAAAAAAAAS4gsAAAAAAAAAABhgXLsBjZY3Zm2U041KzdeSfTi5fLQyc9vK8r2ONVSQ4OoAAAAAADDA83bxcRPDbY5Gk46U61T6RTfjGff+eq9DZw28qQystfG8o2d3EAAAAAAAAAAAEuILAAAAAAAAAAdUubYEq2Y2DvspdUK15QdtYqSlLte6U14Jc+/xZWyZ61iYrPbtTHMz36W5GKikkkkuSXQy119AAAAAAAAAIPvO2FqbW2NCtZcCyNs2o8b4VUg+cdfPvXr4lrBl/TnU+lfNj843HtRuVw99hLnsL+1q2tXoqkdFLyfJ+hqVtW0brLOtWazqYdMkiAAAAAAAAAAEuILAAAAAAADNOEqtSMKcZTnJ6KMVq35Ievb1LcJu1yOR4al41YUX0ktaj9Onr8CrfkVr1Xt2rimfaf4TZDGYJKVvbqVZf16vtT9H09NCjfLe/uVitK19N1pocnRkAAAAAAAAAAAdW/xtrlLaVvd29O5oS506sVJEotNZ3DyYi0alW+0m5K1uOKthrh2dTn9HrtypvylzXzLlOVMdXVL8eJ+VX53ZjKbNVeDI2dSgm9I1ftU5eUl3fqXqZK3+ZU7UtT6hqzogAAAAAAAAS4gsAAAAA5La2rXlaNG3pTr1ZcoU4ts8mYiNy9iJn0meE3X3V1w1MlVVrT59jT0lN+b5L5lS/JiOq9u9cMz7T7EbOY/B0+Gzto05aaOo++cvNvvKV8lr/UrNaxX02SWhzSZAAAAAAAAAAAAAAAAcVe3pXVKVKtThVpSWkoTipRa96Z7EzHp5Mb9q/wBpNzGLyXHVxk3jLh9/AlxUW/LmvR+hbpybV6t2rX49Z+elWbRbEZjZeUne2knbp91zR9um/Xp66F+mWuT1KnfHanuGh11OrkAAAAABLiCwAAOexsLnJ11RtKE7iq/uwWunn4ep5a0Vjcy9iJnqE4wm6yc+GplK/AufYUH3+sv2+JSvyfxRYrh/7J5jcPZ4ij2VnbwoQ68K735vmyla1rzu0rEVivp3NNCKTIAAAAAAAAAAAAAAAAAAAAPmUIzi4ySaa0afJgQfaXdHhs3x1bWLxd0+/joL6tv3w5fDQtU5F69T2r3wVt66VVtLu6zWzPHUrW/0q0j/ANTbayil71zj693vL9M1L+lK+K1PaMJ68ju4gAABLiCwfNgT7Zrdm69OFzlpSgpd6tYPR6f3Pp5L4lHJyNdUWaYt92WBY422xtBUbWhC3pL7tNafHxKU2m07lZiIjqHaIvQAAAAAAAAAAAAAAAAAAAAAAAAAYa1Ah21G6zDbRcdWFL+H3j7+3t0km/7o8n8n7yzTPenXuHC+Gtv6UntPstfbJZH6JexTUlxUq0PsVI+K/VdDTx5K5I3DPvSaTqWnOjmAS4gsJPu6xcMltHGdVKVO2g63C+TlqlH5vX0K/It406/LtijdlwIyl1kAAAAAAAAAAAAAAAAAAAAAAAAAAAAABEd6ODp5nY+9k4J17SLuaUuqcea9Vqixgt43j+3DNXypLzubDLAJcQWE33T/APFr/wD7C/3FPlfMLGH6laC5GctsgAAAAAAAAAAAAAAAAAAAAAAAAAAAAANRtd/ytmP/AA63+xnTH9x/6hf5l5gXJG4xwD//2Q==', message: 'Mensaje de notificación 1', date: '2023/12/31 23:59:59', details: 'Detalles de notificación 1'}, Object{iconUrl: 'data:image/jpeg;base64,/9j/4AAQSkZJRgABAQEAZABkAAD/2wBDAAMCAgMCAgMDAwMEAwMEBQgFBQQEBQoHBwYIDAoMDAsKCwsNDhIQDQ4RDgsLEBYQERMUFRUVDA8XGBYUGBIUFRT/2wBDAQMEBAUEBQkFBQkUDQsNFBQUFBQUFBQUFBQUFBQUFBQUFBQUFBQUFBQUFBQUFBQUFBQUFBQUFBQUFBQUFBQUFBT/wAARCAD6APoDAREAAhEBAxEB/8QAHAABAAICAwEAAAAAAAAAAAAAAAYHAQUDBAgC/8QAPhAAAgEDAQUFBAgFAgcAAAAAAAECAwQFEQYHEjFBEyFRcYEiYZGhFCMyQlKxwdEVM0NicmOyNTZEc3Si4f/EABkBAQADAQEAAAAAAAAAAAAAAAACBAUDAf/EACcRAQACAgIDAAEEAgMAAAAAAAABAgMRBCESMTJBEzNRYRQiQlJx/9oADAMBAAIRAxEAPwD2WbrMAAAAAAAAAAAAAAAAAAAAAAAAAAAAAAAAAAAAAAAAAAAAAAAAAAAAAAAAAAAAAAAAAAAAAAAAAAAAAAAAAAAAAAAAAAAAAAAAAAAAAAAAAAAAAAAAAAAAAAAAAAAAAAAAAAAAAAAAAAAAAAAAAAAAAAAAAAAAAAAAAAAAAAAAAAAAAAAAAAAAAAAAAAAAAAAAAAAAAAAAAAAAAAAAAAAAAAAAAAAAAAAAAAAAAAAAAAAAAAdiwxt1la/Y2lvUuKnVQXLzfJepG1orG7SlETPUJdjt1d9XSleXVK1T+5TXaSX5L8yrbk1j5h2jDP5buhuqxkI/W3F1Vl7pRivyOM8m/wCIdIw1c0t1uHa0UruPvVVfsef5Nz9GrW3u6am03aZCcZdI14Jr4rQ6Ryp/5QjOH+JRPNbIZTBJzuKHHQX9ei+KPr1XqWqZaX9S42pavtpddTq5sgAAAAAAAAAAAAAAAAAAAAAAAAAAAkGyGyNXaa6cpuVKxpv6youcn+GPv/I4ZcsY4/t1pTylb2OxlriraNva0Y0KUfuxXP3t9X7zLtabTuV2Iisah2SL1kAAA+ZRUk01qnzTArLeFsXHHUKmWx1H6iHtXFvTX2V1nFeHivVGhgzb/wBbKmWmv9oQGjcU7iHFTkpR93QvK8TtyngAAAAAAAAAAAAAAAAAAAAAAEm2klq33JID7dvWjVdN0aiqJ6cDg+LXyPNx7e6lK9m93d7lKkat9GVlac3GXdUn7kunmytkz1r1XuXauKZ9rSsrKhjrWnb29ONKjTWkYR6GbMzadytxERGodg8egAAAAAfM4KcXGSUotaNNapoDz5t5sRebGZKd1bpvGVqj7GrD+nr3qEv06M18OWMkan2zMmOcc7j001pm4y0jXXA/xrl6+B30hFv5bSM1OKaaafJrqeJvoAAAAAAAAAAAAAAAAAAAAHcwlBXWax9J8p3FNf8AsiF51WZSr3ML64dXqYrRZ0AyAAAAAAAAA6uTxtvl7CvZ3VNVbetFxnB9V+5KtprO4RmItGpeadqtnq2y+ducdVbmoPip1H9+D+y/396ZtY7xkrFoZV6+FtNfbXlW0etOXd1i+TOiETMNzZ5alcaRl9VUfRvufkyOnWLRLvaniTIAAAAAAAAAAAAAAAAAA22yEeLanFr/AF0/kzll/blOn1C8VyMdoMgAAAAAAAAAACrd+WGjVxtjlIx+soVOwm/GMu9fBr5l7i21M1U+RXqLKbNJQNAO5aZSta6Rb7Sn+GXTyZ5pKLTDc2t/Su17Eva6wfNHjrExLsnj0AAAAAAAAAAAAAAAAbXZOfZ7T4t/68V8e79Tnl+JTp9QvJcjGaDIAAAAAAAAAAAie9KhGvsJldVq4QjUXuanFljBOskOOb4l51NhlAADKbTTT0a6oDY2mZnT0jXXHH8S5/8A0806Rb+W4o3FO4hxU5KUfd0PHTe3IeAAAAAAAAAAAAAADsY64+h5G0r8uyrQn8JIjaN1mHsTqdr/AIvUxGkyAAAAAAAAAAAInvTrqhsJltXo5wjTXm5xRYwRvJDjm/bl51NhlAAAAA+6VWdCfHTk4S8UHu9NtaZqMtI11wP8a5evgR06Rb+WzjNSimmmnya6nib6AAAAAAAAAAAADDWqaAvPZbILKYCxuNdZSpKMv8l3P5oxslfG8w0KTusS2xzTAAAAAAAAAACtN+OTVDA2Vin7dzX42tfuwX7uJd4td2mVTkTqsQpQ02eAAAAAAA57a8q2kvq5ez1i+TCUTMNzaZalc6Rl9XUfSXJ+TI6dItEu7qeJsh4AAAAAAAAAMN6IC293eNyOJxtSje0lTozarUfbTa1XemunR+pl57VtbdV3FExHaXFZ2AAAAAAAAAGHyAojfRWu6m1sIV6bp28KEVbvXVTWuspfHu9EavGiPDpm8jfn2gJbVgAAAAAAABoByK4qpJKrNL/Jh7uUqIO4AAAAAAAAAxrw9/h3gehaE1VownH7Mopr4GHPUtJyHj0AAAAAAAAAAKX37VYvMYqmvtRt5yfk5LT8maXF+ZUOT9QrEvKYAAAAAAAAAAS4gsAAAAAAAAADDWq0AvHZG8+n7N46trrLsVB+cfZf5GPljxvMNCk7rDcHJMAAAAAAAAAYfIDz7vdv/p229zBS1jbU4UV56cT+cjX48axwzM87uhhZVwAAAAAAAAAAlxBYAAAAAAAAAACy91eWjUsbjHTlpUpT7WC8Yvn8H+Zn8mupiy3ht1pPSksAAAAAAAAADrZC+o42zr3VxNU6FGDqTk+iSPYibTqHkzERuXlzK5CeWyd3fVO6dxVlVa8NXrp6cjdrXxiIY9p8pmXVJIgAAAAAAAAABLiCwAAAAAAAAAAHJb3NazrRrW9WdCtH7NSnLRo8mInqXsTr0vLZ7I/xXC2V1rq6lJOX+S7n80zHyV8bTDQrO6xLZHNIAAAAAABh8gKM3x7RXF1tJUxlK5qKzt6cI1KMZvglU+1q11a1RqcakRTyn2zs95m3ir0uKoAAAAAAAAAAAJcQWAAAAAAAAAAAAWXuqyva2Nzj5v26Mu1gv7Zc/g/zM/k11MWW8NutJ6UlgAAAAAAB17+8pY+zr3VeXDRowlUm30SWrPYibTqHkzqNy8t5PIVMtkrq9q/zLirKq/dq9dPTl6G7WvjERDHtPlO3VJIgAAAAAAAAAAAlxBYAAAAAAAAAAABs9m8zLA5m3vO904vhqxXWD5/v6HPJTzrMJ0t4zteVGrGtSjOElOEkpRkuTT5Mx5jXTQfZ4AAAAAAVlvp2oVni6eGoz+vu9J1tPu0k+5erXwTLvGx7nzn8KnIvqPGFLGmzwAAAAAAAAAAAAJcQWAAAAAAAAAAAAALm2BjKOyeP45OTcZNa9FxPRGTn/clex/MJEcHUAAAAGHyA85bzYVIbd5ZVJSm+OLjxPXSLhFpeRs4P24ZWb7lFzu4gAAAAAAAAAAAAS4gsAAAAAAAAAAAAw+5AXpsvQ+jbO42n4W8H8Vr+pjZJ3eZaFOqw2pzTAAAABh8gKC3yW7o7b1J6fzrelP5OP6Gtxp3jZueNXQctKwAAAAAAAAAAAAEuILAAAAAAAAAAAAJdsdsNR2kspXdxdThSjUdN0qUdJPTT7z8/Aq5c0458Yh3pj8o3K1qFGNvRhTgtIwioryS0M2Z3O1z05DwAAAAAAh22+7e12yr0rmV1VtLunT7KM4pSg1q33x82+TLGLNOKNa6cMmKMnagsjafw/IXVr2iq9hVlS7RLRS4W1rp6GvWdxEs2Y1OnXPUQAAAAAAAAAAAS4gsAAAAAAAAAABhgXLsBjZY3Zm2U041KzdeSfTi5fLQyc9vK8r2ONVSQ4OoAAAAAADDA83bxcRPDbY5Gk46U61T6RTfjGff+eq9DZw28qQystfG8o2d3EAAAAAAAAAAAEuILAAAAAAAAAAdUubYEq2Y2DvspdUK15QdtYqSlLte6U14Jc+/xZWyZ61iYrPbtTHMz36W5GKikkkkuSXQy119AAAAAAAAAIPvO2FqbW2NCtZcCyNs2o8b4VUg+cdfPvXr4lrBl/TnU+lfNj843HtRuVw99hLnsL+1q2tXoqkdFLyfJ+hqVtW0brLOtWazqYdMkiAAAAAAAAAAEuILAAAAAAADNOEqtSMKcZTnJ6KMVq35Ievb1LcJu1yOR4al41YUX0ktaj9Onr8CrfkVr1Xt2rimfaf4TZDGYJKVvbqVZf16vtT9H09NCjfLe/uVitK19N1pocnRkAAAAAAAAAAAdW/xtrlLaVvd29O5oS506sVJEotNZ3DyYi0alW+0m5K1uOKthrh2dTn9HrtypvylzXzLlOVMdXVL8eJ+VX53ZjKbNVeDI2dSgm9I1ftU5eUl3fqXqZK3+ZU7UtT6hqzogAAAAAAAAS4gsAAAAA5La2rXlaNG3pTr1ZcoU4ts8mYiNy9iJn0meE3X3V1w1MlVVrT59jT0lN+b5L5lS/JiOq9u9cMz7T7EbOY/B0+Gzto05aaOo++cvNvvKV8lr/UrNaxX02SWhzSZAAAAAAAAAAAAAAAAcVe3pXVKVKtThVpSWkoTipRa96Z7EzHp5Mb9q/wBpNzGLyXHVxk3jLh9/AlxUW/LmvR+hbpybV6t2rX49Z+elWbRbEZjZeUne2knbp91zR9um/Xp66F+mWuT1KnfHanuGh11OrkAAAAABLiCwAAOexsLnJ11RtKE7iq/uwWunn4ep5a0Vjcy9iJnqE4wm6yc+GplK/AufYUH3+sv2+JSvyfxRYrh/7J5jcPZ4ij2VnbwoQ68K735vmyla1rzu0rEVivp3NNCKTIAAAAAAAAAAAAAAAAAAAAPmUIzi4ySaa0afJgQfaXdHhs3x1bWLxd0+/joL6tv3w5fDQtU5F69T2r3wVt66VVtLu6zWzPHUrW/0q0j/ANTbayil71zj693vL9M1L+lK+K1PaMJ68ju4gAABLiCwfNgT7Zrdm69OFzlpSgpd6tYPR6f3Pp5L4lHJyNdUWaYt92WBY422xtBUbWhC3pL7tNafHxKU2m07lZiIjqHaIvQAAAAAAAAAAAAAAAAAAAAAAAAAYa1Ah21G6zDbRcdWFL+H3j7+3t0km/7o8n8n7yzTPenXuHC+Gtv6UntPstfbJZH6JexTUlxUq0PsVI+K/VdDTx5K5I3DPvSaTqWnOjmAS4gsJPu6xcMltHGdVKVO2g63C+TlqlH5vX0K/It406/LtijdlwIyl1kAAAAAAAAAAAAAAAAAAAAAAAAAAAAABEd6ODp5nY+9k4J17SLuaUuqcea9Vqixgt43j+3DNXypLzubDLAJcQWE33T/APFr/wD7C/3FPlfMLGH6laC5GctsgAAAAAAAAAAAAAAAAAAAAAAAAAAAAANRtd/ytmP/AA63+xnTH9x/6hf5l5gXJG4xwD//2Q==', message: 'Mensaje de notificación 2', date: '2023/12/31 23:59:59', details: 'Detalles de notificación 2'}]
,Chrome Headless 114.0.5735.199 (Windows 10) ERROR: 'NG0304: 'app-personal-info' is not a known element:
1. If 'app-personal-info' is an Angular component, then verify that it is part of this module.
2. If 'app-personal-info' is a Web Component then add 'CUSTOM_ELEMENTS_SCHEMA' to the '@NgModule.schemas' of this component to suppress this message.'
,Chrome Headless 114.0.5735.199 (Windows 10) ERROR: 'NG0304: 'app-quick-access' is not a known element:
1. If 'app-quick-access' is an Angular component, then verify that it is part of this module.
2. If 'app-quick-access' is a Web Component then add 'CUSTOM_ELEMENTS_SCHEMA' to the '@NgModule.schemas' of this component to suppress this message.'
,Chrome Headless 114.0.5735.199 (Windows 10) ERROR: 'NG0304: 'app-home-publications' is not a known element:
1. If 'app-home-publications' is an Angular component, then verify that it is part of this module.
2. If 'app-home-publications' is a Web Component then add 'CUSTOM_ELEMENTS_SCHEMA' to the '@NgModule.schemas' of this component to suppress this message.'
,Chrome Headless 114.0.5735.199 (Windows 10) ERROR: 'NG0304: 'app-home-bussiness-red' is not a known element:
1. If 'app-home-bussiness-red' is an Angular component, then verify that it is part of this module.
2. If 'app-home-bussiness-red' is a Web Component then add 'CUSTOM_ELEMENTS_SCHEMA' to the '@NgModule.schemas' of this component to suppress this message.'
,Chrome Headless 114.0.5735.199 (Windows 10) ERROR: 'NG0304: 'app-home-economicefficiency' is not a known element:
1. If 'app-home-economicefficiency' is an Angular component, then verify that it is part of this module.
2. If 'app-home-economicefficiency' is a Web Component then add 'CUSTOM_ELEMENTS_SCHEMA' to the '@NgModule.schemas' of this component to suppress this message.'
,Chrome Headless 114.0.5735.199 (Windows 10) ERROR: 'NG0304: 'app-home-economics-indicators' is not a known element:
1. If 'app-home-economics-indicators' is an Angular component, then verify that it is part of this module.
2. If 'app-home-economics-indicators' is a Web Component then add 'CUSTOM_ELEMENTS_SCHEMA' to the '@NgModule.schemas' of this component to suppress this message.'
,Chrome Headless 114.0.5735.199 (Windows 10) LOG: 'user', 'example@email.com'
,Chrome Headless 114.0.5735.199 (Windows 10) LOG: 'response eventos', [Object{title: 'Conferencia de telas 2023', date: '15 de junio de 2023', image: 'assets/event1.jpg'}, Object{title: 'Taller de innovacion moda', date: '20 de junio de 2023', image: 'assets/event2.jpg'}, Object{title: 'Meetup de diseñadores', date: '25 de junio de 2023', image: 'assets/event3.jpg'}, Object{title: 'Conferencia de telas 2024', date: '15 de junio de 2024', image: 'assets/event1.jpg'}, Object{title: 'Taller de innovacion moda', date: '20 de junio de 2024', image: 'assets/event2.jpg'}, Object{title: 'Meetup de diseñadores', date: '25 de junio de 2024', image: 'assets/event3.jpg'}, Object{title: 'Conferencia de telas 2025', date: '15 de junio de 2025', image: 'assets/event1.jpg'}, Object{title: 'Taller de innovacion moda', date: '20 de junio de 2025', image: 'assets/event2.jpg'}, Object{title: 'Meetup de diseñadores', date: '25 de junio de 2025', image: 'assets/event3.jpg'}]
,Chrome Headless 114.0.5735.199 (Windows 10) LOG: 'response notificaciones', [Object{text: 'Juan Pérez le ha dado me gusta a tu publicación.', date: 'Hace 2 horas', image: 'assets/notification1.jpg'}, Object{text: 'María González ha comentado en tu publicación.', date: 'Hace 4 horas', image: 'assets/notification2.jpg'}, Object{text: 'Nueva inversion disponible en tu área.', date: 'Hace 8 horas', image: 'assets/notification3.jpg'}, Object{text: 'Juan Pérez le ha dado me gusta a tu publicación.', date: 'Hace 2 horas', image: 'assets/notification1.jpg'}, Object{text: 'María González ha comentado en tu publicación.', date: 'Hace 4 horas', image: 'assets/notification2.jpg'}, Object{text: 'Nueva inversion disponible en tu área.', date: 'Hace 8 horas', image: 'assets/notification3.jpg'}, Object{text: 'Juan Pérez le ha dado me gusta a tu publicación.', date: 'Hace 2 horas', image: 'assets/notification1.jpg'}, Object{text: 'María González ha comentado en tu publicación.', date: 'Hace 4 horas', image: 'assets/notification2.jpg'}, Object{text: 'Nueva inversion disponible en tu área.', date: 'Hace 8 horas', image: 'assets/notification3.jpg'}, Object{text: 'Juan Pérez le ha dado me gusta a tu publicación.', date: 'Hace 2 horas', image: 'assets/notification1.jpg'}, Object{text: 'María González ha comentado en tu publicación.', date: 'Hace 4 horas', image: 'assets/notification2.jpg'}, Object{text: 'Nueva inversion disponible en tu área.', date: 'Hace 8 horas', image: 'assets/notification3.jpg'}]
,Chrome Headless 114.0.5735.199 (Windows 10) ERROR: 'NG0304: 'mat-list' is not a known element:
1. If 'mat-list' is an Angular component, then verify that it is part of this module.
2. If 'mat-list' is a Web Component then add 'CUSTOM_ELEMENTS_SCHEMA' to the '@NgModule.schemas' of this component to suppress this message.'
,Chrome Headless 114.0.5735.199 (Windows 10) ERROR: 'NG0304: 'app-nav-menu' is not a known element:
1. If 'app-nav-menu' is an Angular component, then verify that it is part of this module.
2. If 'app-nav-menu' is a Web Component then add 'CUSTOM_ELEMENTS_SCHEMA' to the '@NgModule.schemas' of this component to suppress this message.'
,Chrome Headless 114.0.5735.199 (Windows 10) LOG: Object{firstName: 'user_1', lastName: 'lastName_user_1', email: 'prueba@email.com', phone: '123456789', typeUser: 1, photo: 'data:image/jpeg;base64,/9j/4AAQSkZJRgABAQEAZABkAAD/2wBDAAMCAgMCAgMDAwMEAwMEBQgFBQQEBQoHBwYIDAoMDAsKCwsNDhIQDQ4RDgsLEBYQERMUFRUVDA8XGBYUGBIUFRT/2wBDAQMEBAUEBQkFBQkUDQsNFBQUFBQUFBQUFBQUFBQUFBQUFBQUFBQUFBQUFBQUFBQUFBQUFBQUFBQUFBQUFBQUFBT/wAARCAD6APoDAREAAhEBAxEB/8QAHAABAAICAwEAAAAAAAAAAAAAAAYHAQUDBAgC/8QAPhAAAgEDAQUFBAgFAgcAAAAAAAECAwQFEQYHEjFBEyFRcYEiYZGhFCMyQlKxwdEVM0NicmOyNTZEc3Si4f/EABkBAQADAQEAAAAAAAAAAAAAAAACBAUDAf/EACcRAQACAgIDAAEEAgMAAAAAAAABAgMRBCESMTJBEzNRYRQiQlJx/9oADAMBAAIRAxEAPwD2WbrMAAAAAAAAAAAAAAAAAAAAAAAAAAAAAAAAAAAAAAAAAAAAAAAAAAAAAAAAAAAAAAAAAAAAAAAAAAAAAAAAAAAAAAAAAAAAAAAAAAAAAAAAAAAAAAAAAAAAAAAAAAAAAAAAAAAAAAAAAAAAAAAAAAAAAAAAAAAAAAAAAAAAAAAAAAAAAAAAAAAAAAAAAAAAAAAAAAAAAAAAAAAAAAAAAAAAAAAAAAAAAAAAAAAAAAAAAAAAAAdiwxt1la/Y2lvUuKnVQXLzfJepG1orG7SlETPUJdjt1d9XSleXVK1T+5TXaSX5L8yrbk1j5h2jDP5buhuqxkI/W3F1Vl7pRivyOM8m/wCIdIw1c0t1uHa0UruPvVVfsef5Nz9GrW3u6am03aZCcZdI14Jr4rQ6Ryp/5QjOH+JRPNbIZTBJzuKHHQX9ei+KPr1XqWqZaX9S42pavtpddTq5sgAAAAAAAAAAAAAAAAAAAAAAAAAAAkGyGyNXaa6cpuVKxpv6youcn+GPv/I4ZcsY4/t1pTylb2OxlriraNva0Y0KUfuxXP3t9X7zLtabTuV2Iisah2SL1kAAA+ZRUk01qnzTArLeFsXHHUKmWx1H6iHtXFvTX2V1nFeHivVGhgzb/wBbKmWmv9oQGjcU7iHFTkpR93QvK8TtyngAAAAAAAAAAAAAAAAAAAAAAEm2klq33JID7dvWjVdN0aiqJ6cDg+LXyPNx7e6lK9m93d7lKkat9GVlac3GXdUn7kunmytkz1r1XuXauKZ9rSsrKhjrWnb29ONKjTWkYR6GbMzadytxERGodg8egAAAAAfM4KcXGSUotaNNapoDz5t5sRebGZKd1bpvGVqj7GrD+nr3qEv06M18OWMkan2zMmOcc7j001pm4y0jXXA/xrl6+B30hFv5bSM1OKaaafJrqeJvoAAAAAAAAAAAAAAAAAAAAHcwlBXWax9J8p3FNf8AsiF51WZSr3ML64dXqYrRZ0AyAAAAAAAAA6uTxtvl7CvZ3VNVbetFxnB9V+5KtprO4RmItGpeadqtnq2y+ducdVbmoPip1H9+D+y/396ZtY7xkrFoZV6+FtNfbXlW0etOXd1i+TOiETMNzZ5alcaRl9VUfRvufkyOnWLRLvaniTIAAAAAAAAAAAAAAAAAA22yEeLanFr/AF0/kzll/blOn1C8VyMdoMgAAAAAAAAAACrd+WGjVxtjlIx+soVOwm/GMu9fBr5l7i21M1U+RXqLKbNJQNAO5aZSta6Rb7Sn+GXTyZ5pKLTDc2t/Su17Eva6wfNHjrExLsnj0AAAAAAAAAAAAAAAAbXZOfZ7T4t/68V8e79Tnl+JTp9QvJcjGaDIAAAAAAAAAAAie9KhGvsJldVq4QjUXuanFljBOskOOb4l51NhlAADKbTTT0a6oDY2mZnT0jXXHH8S5/8A0806Rb+W4o3FO4hxU5KUfd0PHTe3IeAAAAAAAAAAAAAADsY64+h5G0r8uyrQn8JIjaN1mHsTqdr/AIvUxGkyAAAAAAAAAAAInvTrqhsJltXo5wjTXm5xRYwRvJDjm/bl51NhlAAAAA+6VWdCfHTk4S8UHu9NtaZqMtI11wP8a5evgR06Rb+WzjNSimmmnya6nib6AAAAAAAAAAAADDWqaAvPZbILKYCxuNdZSpKMv8l3P5oxslfG8w0KTusS2xzTAAAAAAAAAACtN+OTVDA2Vin7dzX42tfuwX7uJd4td2mVTkTqsQpQ02eAAAAAAA57a8q2kvq5ez1i+TCUTMNzaZalc6Rl9XUfSXJ+TI6dItEu7qeJsh4AAAAAAAAAMN6IC293eNyOJxtSje0lTozarUfbTa1XemunR+pl57VtbdV3FExHaXFZ2AAAAAAAAAGHyAojfRWu6m1sIV6bp28KEVbvXVTWuspfHu9EavGiPDpm8jfn2gJbVgAAAAAAABoByK4qpJKrNL/Jh7uUqIO4AAAAAAAAAxrw9/h3gehaE1VownH7Mopr4GHPUtJyHj0AAAAAAAAAAKX37VYvMYqmvtRt5yfk5LT8maXF+ZUOT9QrEvKYAAAAAAAAAAS4gsAAAAAAAAADDWq0AvHZG8+n7N46trrLsVB+cfZf5GPljxvMNCk7rDcHJMAAAAAAAAAYfIDz7vdv/p229zBS1jbU4UV56cT+cjX48axwzM87uhhZVwAAAAAAAAAAlxBYAAAAAAAAAACy91eWjUsbjHTlpUpT7WC8Yvn8H+Zn8mupiy3ht1pPSksAAAAAAAAADrZC+o42zr3VxNU6FGDqTk+iSPYibTqHkzERuXlzK5CeWyd3fVO6dxVlVa8NXrp6cjdrXxiIY9p8pmXVJIgAAAAAAAAABLiCwAAAAAAAAAAHJb3NazrRrW9WdCtH7NSnLRo8mInqXsTr0vLZ7I/xXC2V1rq6lJOX+S7n80zHyV8bTDQrO6xLZHNIAAAAAABh8gKM3x7RXF1tJUxlK5qKzt6cI1KMZvglU+1q11a1RqcakRTyn2zs95m3ir0uKoAAAAAAAAAAAJcQWAAAAAAAAAAAAWXuqyva2Nzj5v26Mu1gv7Zc/g/zM/k11MWW8NutJ6UlgAAAAAAB17+8pY+zr3VeXDRowlUm30SWrPYibTqHkzqNy8t5PIVMtkrq9q/zLirKq/dq9dPTl6G7WvjERDHtPlO3VJIgAAAAAAAAAAAlxBYAAAAAAAAAAABs9m8zLA5m3vO904vhqxXWD5/v6HPJTzrMJ0t4zteVGrGtSjOElOEkpRkuTT5Mx5jXTQfZ4AAAAAAVlvp2oVni6eGoz+vu9J1tPu0k+5erXwTLvGx7nzn8KnIvqPGFLGmzwAAAAAAAAAAAAJcQWAAAAAAAAAAAAALm2BjKOyeP45OTcZNa9FxPRGTn/clex/MJEcHUAAAAGHyA85bzYVIbd5ZVJSm+OLjxPXSLhFpeRs4P24ZWb7lFzu4gAAAAAAAAAAAAS4gsAAAAAAAAAAAAw+5AXpsvQ+jbO42n4W8H8Vr+pjZJ3eZaFOqw2pzTAAAABh8gKC3yW7o7b1J6fzrelP5OP6Gtxp3jZueNXQctKwAAAAAAAAAAAAEuILAAAAAAAAAAAAJdsdsNR2kspXdxdThSjUdN0qUdJPTT7z8/Aq5c0458Yh3pj8o3K1qFGNvRhTgtIwioryS0M2Z3O1z05DwAAAAAAh22+7e12yr0rmV1VtLunT7KM4pSg1q33x82+TLGLNOKNa6cMmKMnagsjafw/IXVr2iq9hVlS7RLRS4W1rp6GvWdxEs2Y1OnXPUQAAAAAAAAAAAS4gsAAAAAAAAAABhgXLsBjZY3Zm2U041KzdeSfTi5fLQyc9vK8r2ONVSQ4OoAAAAAADDA83bxcRPDbY5Gk46U61T6RTfjGff+eq9DZw28qQystfG8o2d3EAAAAAAAAAAAEuILAAAAAAAAAAdUubYEq2Y2DvspdUK15QdtYqSlLte6U14Jc+/xZWyZ61iYrPbtTHMz36W5GKikkkkuSXQy119AAAAAAAAAIPvO2FqbW2NCtZcCyNs2o8b4VUg+cdfPvXr4lrBl/TnU+lfNj843HtRuVw99hLnsL+1q2tXoqkdFLyfJ+hqVtW0brLOtWazqYdMkiAAAAAAAAAAEuILAAAAAAADNOEqtSMKcZTnJ6KMVq35Ievb1LcJu1yOR4al41YUX0ktaj9Onr8CrfkVr1Xt2rimfaf4TZDGYJKVvbqVZf16vtT9H09NCjfLe/uVitK19N1pocnRkAAAAAAAAAAAdW/xtrlLaVvd29O5oS506sVJEotNZ3DyYi0alW+0m5K1uOKthrh2dTn9HrtypvylzXzLlOVMdXVL8eJ+VX53ZjKbNVeDI2dSgm9I1ftU5eUl3fqXqZK3+ZU7UtT6hqzogAAAAAAAAS4gsAAAAA5La2rXlaNG3pTr1ZcoU4ts8mYiNy9iJn0meE3X3V1w1MlVVrT59jT0lN+b5L5lS/JiOq9u9cMz7T7EbOY/B0+Gzto05aaOo++cvNvvKV8lr/UrNaxX02SWhzSZAAAAAAAAAAAAAAAAcVe3pXVKVKtThVpSWkoTipRa96Z7EzHp5Mb9q/wBpNzGLyXHVxk3jLh9/AlxUW/LmvR+hbpybV6t2rX49Z+elWbRbEZjZeUne2knbp91zR9um/Xp66F+mWuT1KnfHanuGh11OrkAAAAABLiCwAAOexsLnJ11RtKE7iq/uwWunn4ep5a0Vjcy9iJnqE4wm6yc+GplK/AufYUH3+sv2+JSvyfxRYrh/7J5jcPZ4ij2VnbwoQ68K735vmyla1rzu0rEVivp3NNCKTIAAAAAAAAAAAAAAAAAAAAPmUIzi4ySaa0afJgQfaXdHhs3x1bWLxd0+/joL6tv3w5fDQtU5F69T2r3wVt66VVtLu6zWzPHUrW/0q0j/ANTbayil71zj693vL9M1L+lK+K1PaMJ68ju4gAABLiCwfNgT7Zrdm69OFzlpSgpd6tYPR6f3Pp5L4lHJyNdUWaYt92WBY422xtBUbWhC3pL7tNafHxKU2m07lZiIjqHaIvQAAAAAAAAAAAAAAAAAAAAAAAAAYa1Ah21G6zDbRcdWFL+H3j7+3t0km/7o8n8n7yzTPenXuHC+Gtv6UntPstfbJZH6JexTUlxUq0PsVI+K/VdDTx5K5I3DPvSaTqWnOjmAS4gsJPu6xcMltHGdVKVO2g63C+TlqlH5vX0K/It406/LtijdlwIyl1kAAAAAAAAAAAAAAAAAAAAAAAAAAAAABEd6ODp5nY+9k4J17SLuaUuqcea9Vqixgt43j+3DNXypLzubDLAJcQWE33T/APFr/wD7C/3FPlfMLGH6laC5GctsgAAAAAAAAAAAAAAAAAAAAAAAAAAAAANRtd/ytmP/AA63+xnTH9x/6hf5l5gXJG4xwD//2Q=='}
,Chrome Headless 114.0.5735.199 (Windows 10) ERROR: 'NG0304: 'app-nav-menu' is not a known element:
1. If 'app-nav-menu' is an Angular component, then verify that it is part of this module.
2. If 'app-nav-menu' is a Web Component then add 'CUSTOM_ELEMENTS_SCHEMA' to the '@NgModule.schemas' of this component to suppress this message.'
,Chrome Headless 114.0.5735.199 (Windows 10) LOG: Object{firstName: 'user_1', lastName: 'lastName_user_1', email: 'prueba@email.com', phone: '123456789', typeUser: 1, photo: 'data:image/jpeg;base64,/9j/4AAQSkZJRgABAQEAZABkAAD/2wBDAAMCAgMCAgMDAwMEAwMEBQgFBQQEBQoHBwYIDAoMDAsKCwsNDhIQDQ4RDgsLEBYQERMUFRUVDA8XGBYUGBIUFRT/2wBDAQMEBAUEBQkFBQkUDQsNFBQUFBQUFBQUFBQUFBQUFBQUFBQUFBQUFBQUFBQUFBQUFBQUFBQUFBQUFBQUFBQUFBT/wAARCAD6APoDAREAAhEBAxEB/8QAHAABAAICAwEAAAAAAAAAAAAAAAYHAQUDBAgC/8QAPhAAAgEDAQUFBAgFAgcAAAAAAAECAwQFEQYHEjFBEyFRcYEiYZGhFCMyQlKxwdEVM0NicmOyNTZEc3Si4f/EABkBAQADAQEAAAAAAAAAAAAAAAACBAUDAf/EACcRAQACAgIDAAEEAgMAAAAAAAABAgMRBCESMTJBEzNRYRQiQlJx/9oADAMBAAIRAxEAPwD2WbrMAAAAAAAAAAAAAAAAAAAAAAAAAAAAAAAAAAAAAAAAAAAAAAAAAAAAAAAAAAAAAAAAAAAAAAAAAAAAAAAAAAAAAAAAAAAAAAAAAAAAAAAAAAAAAAAAAAAAAAAAAAAAAAAAAAAAAAAAAAAAAAAAAAAAAAAAAAAAAAAAAAAAAAAAAAAAAAAAAAAAAAAAAAAAAAAAAAAAAAAAAAAAAAAAAAAAAAAAAAAAAAAAAAAAAAAAAAAAAAdiwxt1la/Y2lvUuKnVQXLzfJepG1orG7SlETPUJdjt1d9XSleXVK1T+5TXaSX5L8yrbk1j5h2jDP5buhuqxkI/W3F1Vl7pRivyOM8m/wCIdIw1c0t1uHa0UruPvVVfsef5Nz9GrW3u6am03aZCcZdI14Jr4rQ6Ryp/5QjOH+JRPNbIZTBJzuKHHQX9ei+KPr1XqWqZaX9S42pavtpddTq5sgAAAAAAAAAAAAAAAAAAAAAAAAAAAkGyGyNXaa6cpuVKxpv6youcn+GPv/I4ZcsY4/t1pTylb2OxlriraNva0Y0KUfuxXP3t9X7zLtabTuV2Iisah2SL1kAAA+ZRUk01qnzTArLeFsXHHUKmWx1H6iHtXFvTX2V1nFeHivVGhgzb/wBbKmWmv9oQGjcU7iHFTkpR93QvK8TtyngAAAAAAAAAAAAAAAAAAAAAAEm2klq33JID7dvWjVdN0aiqJ6cDg+LXyPNx7e6lK9m93d7lKkat9GVlac3GXdUn7kunmytkz1r1XuXauKZ9rSsrKhjrWnb29ONKjTWkYR6GbMzadytxERGodg8egAAAAAfM4KcXGSUotaNNapoDz5t5sRebGZKd1bpvGVqj7GrD+nr3qEv06M18OWMkan2zMmOcc7j001pm4y0jXXA/xrl6+B30hFv5bSM1OKaaafJrqeJvoAAAAAAAAAAAAAAAAAAAAHcwlBXWax9J8p3FNf8AsiF51WZSr3ML64dXqYrRZ0AyAAAAAAAAA6uTxtvl7CvZ3VNVbetFxnB9V+5KtprO4RmItGpeadqtnq2y+ducdVbmoPip1H9+D+y/396ZtY7xkrFoZV6+FtNfbXlW0etOXd1i+TOiETMNzZ5alcaRl9VUfRvufkyOnWLRLvaniTIAAAAAAAAAAAAAAAAAA22yEeLanFr/AF0/kzll/blOn1C8VyMdoMgAAAAAAAAAACrd+WGjVxtjlIx+soVOwm/GMu9fBr5l7i21M1U+RXqLKbNJQNAO5aZSta6Rb7Sn+GXTyZ5pKLTDc2t/Su17Eva6wfNHjrExLsnj0AAAAAAAAAAAAAAAAbXZOfZ7T4t/68V8e79Tnl+JTp9QvJcjGaDIAAAAAAAAAAAie9KhGvsJldVq4QjUXuanFljBOskOOb4l51NhlAADKbTTT0a6oDY2mZnT0jXXHH8S5/8A0806Rb+W4o3FO4hxU5KUfd0PHTe3IeAAAAAAAAAAAAAADsY64+h5G0r8uyrQn8JIjaN1mHsTqdr/AIvUxGkyAAAAAAAAAAAInvTrqhsJltXo5wjTXm5xRYwRvJDjm/bl51NhlAAAAA+6VWdCfHTk4S8UHu9NtaZqMtI11wP8a5evgR06Rb+WzjNSimmmnya6nib6AAAAAAAAAAAADDWqaAvPZbILKYCxuNdZSpKMv8l3P5oxslfG8w0KTusS2xzTAAAAAAAAAACtN+OTVDA2Vin7dzX42tfuwX7uJd4td2mVTkTqsQpQ02eAAAAAAA57a8q2kvq5ez1i+TCUTMNzaZalc6Rl9XUfSXJ+TI6dItEu7qeJsh4AAAAAAAAAMN6IC293eNyOJxtSje0lTozarUfbTa1XemunR+pl57VtbdV3FExHaXFZ2AAAAAAAAAGHyAojfRWu6m1sIV6bp28KEVbvXVTWuspfHu9EavGiPDpm8jfn2gJbVgAAAAAAABoByK4qpJKrNL/Jh7uUqIO4AAAAAAAAAxrw9/h3gehaE1VownH7Mopr4GHPUtJyHj0AAAAAAAAAAKX37VYvMYqmvtRt5yfk5LT8maXF+ZUOT9QrEvKYAAAAAAAAAAS4gsAAAAAAAAADDWq0AvHZG8+n7N46trrLsVB+cfZf5GPljxvMNCk7rDcHJMAAAAAAAAAYfIDz7vdv/p229zBS1jbU4UV56cT+cjX48axwzM87uhhZVwAAAAAAAAAAlxBYAAAAAAAAAACy91eWjUsbjHTlpUpT7WC8Yvn8H+Zn8mupiy3ht1pPSksAAAAAAAAADrZC+o42zr3VxNU6FGDqTk+iSPYibTqHkzERuXlzK5CeWyd3fVO6dxVlVa8NXrp6cjdrXxiIY9p8pmXVJIgAAAAAAAAABLiCwAAAAAAAAAAHJb3NazrRrW9WdCtH7NSnLRo8mInqXsTr0vLZ7I/xXC2V1rq6lJOX+S7n80zHyV8bTDQrO6xLZHNIAAAAAABh8gKM3x7RXF1tJUxlK5qKzt6cI1KMZvglU+1q11a1RqcakRTyn2zs95m3ir0uKoAAAAAAAAAAAJcQWAAAAAAAAAAAAWXuqyva2Nzj5v26Mu1gv7Zc/g/zM/k11MWW8NutJ6UlgAAAAAAB17+8pY+zr3VeXDRowlUm30SWrPYibTqHkzqNy8t5PIVMtkrq9q/zLirKq/dq9dPTl6G7WvjERDHtPlO3VJIgAAAAAAAAAAAlxBYAAAAAAAAAAABs9m8zLA5m3vO904vhqxXWD5/v6HPJTzrMJ0t4zteVGrGtSjOElOEkpRkuTT5Mx5jXTQfZ4AAAAAAVlvp2oVni6eGoz+vu9J1tPu0k+5erXwTLvGx7nzn8KnIvqPGFLGmzwAAAAAAAAAAAAJcQWAAAAAAAAAAAAALm2BjKOyeP45OTcZNa9FxPRGTn/clex/MJEcHUAAAAGHyA85bzYVIbd5ZVJSm+OLjxPXSLhFpeRs4P24ZWb7lFzu4gAAAAAAAAAAAAS4gsAAAAAAAAAAAAw+5AXpsvQ+jbO42n4W8H8Vr+pjZJ3eZaFOqw2pzTAAAABh8gKC3yW7o7b1J6fzrelP5OP6Gtxp3jZueNXQctKwAAAAAAAAAAAAEuILAAAAAAAAAAAAJdsdsNR2kspXdxdThSjUdN0qUdJPTT7z8/Aq5c0458Yh3pj8o3K1qFGNvRhTgtIwioryS0M2Z3O1z05DwAAAAAAh22+7e12yr0rmV1VtLunT7KM4pSg1q33x82+TLGLNOKNa6cMmKMnagsjafw/IXVr2iq9hVlS7RLRS4W1rp6GvWdxEs2Y1OnXPUQAAAAAAAAAAAS4gsAAAAAAAAAABhgXLsBjZY3Zm2U041KzdeSfTi5fLQyc9vK8r2ONVSQ4OoAAAAAADDA83bxcRPDbY5Gk46U61T6RTfjGff+eq9DZw28qQystfG8o2d3EAAAAAAAAAAAEuILAAAAAAAAAAdUubYEq2Y2DvspdUK15QdtYqSlLte6U14Jc+/xZWyZ61iYrPbtTHMz36W5GKikkkkuSXQy119AAAAAAAAAIPvO2FqbW2NCtZcCyNs2o8b4VUg+cdfPvXr4lrBl/TnU+lfNj843HtRuVw99hLnsL+1q2tXoqkdFLyfJ+hqVtW0brLOtWazqYdMkiAAAAAAAAAAEuILAAAAAAADNOEqtSMKcZTnJ6KMVq35Ievb1LcJu1yOR4al41YUX0ktaj9Onr8CrfkVr1Xt2rimfaf4TZDGYJKVvbqVZf16vtT9H09NCjfLe/uVitK19N1pocnRkAAAAAAAAAAAdW/xtrlLaVvd29O5oS506sVJEotNZ3DyYi0alW+0m5K1uOKthrh2dTn9HrtypvylzXzLlOVMdXVL8eJ+VX53ZjKbNVeDI2dSgm9I1ftU5eUl3fqXqZK3+ZU7UtT6hqzogAAAAAAAAS4gsAAAAA5La2rXlaNG3pTr1ZcoU4ts8mYiNy9iJn0meE3X3V1w1MlVVrT59jT0lN+b5L5lS/JiOq9u9cMz7T7EbOY/B0+Gzto05aaOo++cvNvvKV8lr/UrNaxX02SWhzSZAAAAAAAAAAAAAAAAcVe3pXVKVKtThVpSWkoTipRa96Z7EzHp5Mb9q/wBpNzGLyXHVxk3jLh9/AlxUW/LmvR+hbpybV6t2rX49Z+elWbRbEZjZeUne2knbp91zR9um/Xp66F+mWuT1KnfHanuGh11OrkAAAAABLiCwAAOexsLnJ11RtKE7iq/uwWunn4ep5a0Vjcy9iJnqE4wm6yc+GplK/AufYUH3+sv2+JSvyfxRYrh/7J5jcPZ4ij2VnbwoQ68K735vmyla1rzu0rEVivp3NNCKTIAAAAAAAAAAAAAAAAAAAAPmUIzi4ySaa0afJgQfaXdHhs3x1bWLxd0+/joL6tv3w5fDQtU5F69T2r3wVt66VVtLu6zWzPHUrW/0q0j/ANTbayil71zj693vL9M1L+lK+K1PaMJ68ju4gAABLiCwfNgT7Zrdm69OFzlpSgpd6tYPR6f3Pp5L4lHJyNdUWaYt92WBY422xtBUbWhC3pL7tNafHxKU2m07lZiIjqHaIvQAAAAAAAAAAAAAAAAAAAAAAAAAYa1Ah21G6zDbRcdWFL+H3j7+3t0km/7o8n8n7yzTPenXuHC+Gtv6UntPstfbJZH6JexTUlxUq0PsVI+K/VdDTx5K5I3DPvSaTqWnOjmAS4gsJPu6xcMltHGdVKVO2g63C+TlqlH5vX0K/It406/LtijdlwIyl1kAAAAAAAAAAAAAAAAAAAAAAAAAAAAABEd6ODp5nY+9k4J17SLuaUuqcea9Vqixgt43j+3DNXypLzubDLAJcQWE33T/APFr/wD7C/3FPlfMLGH6laC5GctsgAAAAAAAAAAAAAAAAAAAAAAAAAAAAANRtd/ytmP/AA63+xnTH9x/6hf5l5gXJG4xwD//2Q=='}
,Chrome Headless 114.0.5735.199 (Windows 10) ERROR: 'NG0304: 'app-nav-menu' is not a known element:
1. If 'app-nav-menu' is an Angular component, then verify that it is part of this module.
2. If 'app-nav-menu' is a Web Component then add 'CUSTOM_ELEMENTS_SCHEMA' to the '@NgModule.schemas' of this component to suppress this message.'
,Chrome Headless 114.0.5735.199 (Windows 10) LOG: Object{firstName: 'user_1', lastName: 'lastName_user_1', email: 'prueba@email.com', phone: '123456789', typeUser: 1, photo: 'data:image/jpeg;base64,/9j/4AAQSkZJRgABAQEAZABkAAD/2wBDAAMCAgMCAgMDAwMEAwMEBQgFBQQEBQoHBwYIDAoMDAsKCwsNDhIQDQ4RDgsLEBYQERMUFRUVDA8XGBYUGBIUFRT/2wBDAQMEBAUEBQkFBQkUDQsNFBQUFBQUFBQUFBQUFBQUFBQUFBQUFBQUFBQUFBQUFBQUFBQUFBQUFBQUFBQUFBQUFBT/wAARCAD6APoDAREAAhEBAxEB/8QAHAABAAICAwEAAAAAAAAAAAAAAAYHAQUDBAgC/8QAPhAAAgEDAQUFBAgFAgcAAAAAAAECAwQFEQYHEjFBEyFRcYEiYZGhFCMyQlKxwdEVM0NicmOyNTZEc3Si4f/EABkBAQADAQEAAAAAAAAAAAAAAAACBAUDAf/EACcRAQACAgIDAAEEAgMAAAAAAAABAgMRBCESMTJBEzNRYRQiQlJx/9oADAMBAAIRAxEAPwD2WbrMAAAAAAAAAAAAAAAAAAAAAAAAAAAAAAAAAAAAAAAAAAAAAAAAAAAAAAAAAAAAAAAAAAAAAAAAAAAAAAAAAAAAAAAAAAAAAAAAAAAAAAAAAAAAAAAAAAAAAAAAAAAAAAAAAAAAAAAAAAAAAAAAAAAAAAAAAAAAAAAAAAAAAAAAAAAAAAAAAAAAAAAAAAAAAAAAAAAAAAAAAAAAAAAAAAAAAAAAAAAAAAAAAAAAAAAAAAAAAAdiwxt1la/Y2lvUuKnVQXLzfJepG1orG7SlETPUJdjt1d9XSleXVK1T+5TXaSX5L8yrbk1j5h2jDP5buhuqxkI/W3F1Vl7pRivyOM8m/wCIdIw1c0t1uHa0UruPvVVfsef5Nz9GrW3u6am03aZCcZdI14Jr4rQ6Ryp/5QjOH+JRPNbIZTBJzuKHHQX9ei+KPr1XqWqZaX9S42pavtpddTq5sgAAAAAAAAAAAAAAAAAAAAAAAAAAAkGyGyNXaa6cpuVKxpv6youcn+GPv/I4ZcsY4/t1pTylb2OxlriraNva0Y0KUfuxXP3t9X7zLtabTuV2Iisah2SL1kAAA+ZRUk01qnzTArLeFsXHHUKmWx1H6iHtXFvTX2V1nFeHivVGhgzb/wBbKmWmv9oQGjcU7iHFTkpR93QvK8TtyngAAAAAAAAAAAAAAAAAAAAAAEm2klq33JID7dvWjVdN0aiqJ6cDg+LXyPNx7e6lK9m93d7lKkat9GVlac3GXdUn7kunmytkz1r1XuXauKZ9rSsrKhjrWnb29ONKjTWkYR6GbMzadytxERGodg8egAAAAAfM4KcXGSUotaNNapoDz5t5sRebGZKd1bpvGVqj7GrD+nr3qEv06M18OWMkan2zMmOcc7j001pm4y0jXXA/xrl6+B30hFv5bSM1OKaaafJrqeJvoAAAAAAAAAAAAAAAAAAAAHcwlBXWax9J8p3FNf8AsiF51WZSr3ML64dXqYrRZ0AyAAAAAAAAA6uTxtvl7CvZ3VNVbetFxnB9V+5KtprO4RmItGpeadqtnq2y+ducdVbmoPip1H9+D+y/396ZtY7xkrFoZV6+FtNfbXlW0etOXd1i+TOiETMNzZ5alcaRl9VUfRvufkyOnWLRLvaniTIAAAAAAAAAAAAAAAAAA22yEeLanFr/AF0/kzll/blOn1C8VyMdoMgAAAAAAAAAACrd+WGjVxtjlIx+soVOwm/GMu9fBr5l7i21M1U+RXqLKbNJQNAO5aZSta6Rb7Sn+GXTyZ5pKLTDc2t/Su17Eva6wfNHjrExLsnj0AAAAAAAAAAAAAAAAbXZOfZ7T4t/68V8e79Tnl+JTp9QvJcjGaDIAAAAAAAAAAAie9KhGvsJldVq4QjUXuanFljBOskOOb4l51NhlAADKbTTT0a6oDY2mZnT0jXXHH8S5/8A0806Rb+W4o3FO4hxU5KUfd0PHTe3IeAAAAAAAAAAAAAADsY64+h5G0r8uyrQn8JIjaN1mHsTqdr/AIvUxGkyAAAAAAAAAAAInvTrqhsJltXo5wjTXm5xRYwRvJDjm/bl51NhlAAAAA+6VWdCfHTk4S8UHu9NtaZqMtI11wP8a5evgR06Rb+WzjNSimmmnya6nib6AAAAAAAAAAAADDWqaAvPZbILKYCxuNdZSpKMv8l3P5oxslfG8w0KTusS2xzTAAAAAAAAAACtN+OTVDA2Vin7dzX42tfuwX7uJd4td2mVTkTqsQpQ02eAAAAAAA57a8q2kvq5ez1i+TCUTMNzaZalc6Rl9XUfSXJ+TI6dItEu7qeJsh4AAAAAAAAAMN6IC293eNyOJxtSje0lTozarUfbTa1XemunR+pl57VtbdV3FExHaXFZ2AAAAAAAAAGHyAojfRWu6m1sIV6bp28KEVbvXVTWuspfHu9EavGiPDpm8jfn2gJbVgAAAAAAABoByK4qpJKrNL/Jh7uUqIO4AAAAAAAAAxrw9/h3gehaE1VownH7Mopr4GHPUtJyHj0AAAAAAAAAAKX37VYvMYqmvtRt5yfk5LT8maXF+ZUOT9QrEvKYAAAAAAAAAAS4gsAAAAAAAAADDWq0AvHZG8+n7N46trrLsVB+cfZf5GPljxvMNCk7rDcHJMAAAAAAAAAYfIDz7vdv/p229zBS1jbU4UV56cT+cjX48axwzM87uhhZVwAAAAAAAAAAlxBYAAAAAAAAAACy91eWjUsbjHTlpUpT7WC8Yvn8H+Zn8mupiy3ht1pPSksAAAAAAAAADrZC+o42zr3VxNU6FGDqTk+iSPYibTqHkzERuXlzK5CeWyd3fVO6dxVlVa8NXrp6cjdrXxiIY9p8pmXVJIgAAAAAAAAABLiCwAAAAAAAAAAHJb3NazrRrW9WdCtH7NSnLRo8mInqXsTr0vLZ7I/xXC2V1rq6lJOX+S7n80zHyV8bTDQrO6xLZHNIAAAAAABh8gKM3x7RXF1tJUxlK5qKzt6cI1KMZvglU+1q11a1RqcakRTyn2zs95m3ir0uKoAAAAAAAAAAAJcQWAAAAAAAAAAAAWXuqyva2Nzj5v26Mu1gv7Zc/g/zM/k11MWW8NutJ6UlgAAAAAAB17+8pY+zr3VeXDRowlUm30SWrPYibTqHkzqNy8t5PIVMtkrq9q/zLirKq/dq9dPTl6G7WvjERDHtPlO3VJIgAAAAAAAAAAAlxBYAAAAAAAAAAABs9m8zLA5m3vO904vhqxXWD5/v6HPJTzrMJ0t4zteVGrGtSjOElOEkpRkuTT5Mx5jXTQfZ4AAAAAAVlvp2oVni6eGoz+vu9J1tPu0k+5erXwTLvGx7nzn8KnIvqPGFLGmzwAAAAAAAAAAAAJcQWAAAAAAAAAAAAALm2BjKOyeP45OTcZNa9FxPRGTn/clex/MJEcHUAAAAGHyA85bzYVIbd5ZVJSm+OLjxPXSLhFpeRs4P24ZWb7lFzu4gAAAAAAAAAAAAS4gsAAAAAAAAAAAAw+5AXpsvQ+jbO42n4W8H8Vr+pjZJ3eZaFOqw2pzTAAAABh8gKC3yW7o7b1J6fzrelP5OP6Gtxp3jZueNXQctKwAAAAAAAAAAAAEuILAAAAAAAAAAAAJdsdsNR2kspXdxdThSjUdN0qUdJPTT7z8/Aq5c0458Yh3pj8o3K1qFGNvRhTgtIwioryS0M2Z3O1z05DwAAAAAAh22+7e12yr0rmV1VtLunT7KM4pSg1q33x82+TLGLNOKNa6cMmKMnagsjafw/IXVr2iq9hVlS7RLRS4W1rp6GvWdxEs2Y1OnXPUQAAAAAAAAAAAS4gsAAAAAAAAAABhgXLsBjZY3Zm2U041KzdeSfTi5fLQyc9vK8r2ONVSQ4OoAAAAAADDA83bxcRPDbY5Gk46U61T6RTfjGff+eq9DZw28qQystfG8o2d3EAAAAAAAAAAAEuILAAAAAAAAAAdUubYEq2Y2DvspdUK15QdtYqSlLte6U14Jc+/xZWyZ61iYrPbtTHMz36W5GKikkkkuSXQy119AAAAAAAAAIPvO2FqbW2NCtZcCyNs2o8b4VUg+cdfPvXr4lrBl/TnU+lfNj843HtRuVw99hLnsL+1q2tXoqkdFLyfJ+hqVtW0brLOtWazqYdMkiAAAAAAAAAAEuILAAAAAAADNOEqtSMKcZTnJ6KMVq35Ievb1LcJu1yOR4al41YUX0ktaj9Onr8CrfkVr1Xt2rimfaf4TZDGYJKVvbqVZf16vtT9H09NCjfLe/uVitK19N1pocnRkAAAAAAAAAAAdW/xtrlLaVvd29O5oS506sVJEotNZ3DyYi0alW+0m5K1uOKthrh2dTn9HrtypvylzXzLlOVMdXVL8eJ+VX53ZjKbNVeDI2dSgm9I1ftU5eUl3fqXqZK3+ZU7UtT6hqzogAAAAAAAAS4gsAAAAA5La2rXlaNG3pTr1ZcoU4ts8mYiNy9iJn0meE3X3V1w1MlVVrT59jT0lN+b5L5lS/JiOq9u9cMz7T7EbOY/B0+Gzto05aaOo++cvNvvKV8lr/UrNaxX02SWhzSZAAAAAAAAAAAAAAAAcVe3pXVKVKtThVpSWkoTipRa96Z7EzHp5Mb9q/wBpNzGLyXHVxk3jLh9/AlxUW/LmvR+hbpybV6t2rX49Z+elWbRbEZjZeUne2knbp91zR9um/Xp66F+mWuT1KnfHanuGh11OrkAAAAABLiCwAAOexsLnJ11RtKE7iq/uwWunn4ep5a0Vjcy9iJnqE4wm6yc+GplK/AufYUH3+sv2+JSvyfxRYrh/7J5jcPZ4ij2VnbwoQ68K735vmyla1rzu0rEVivp3NNCKTIAAAAAAAAAAAAAAAAAAAAPmUIzi4ySaa0afJgQfaXdHhs3x1bWLxd0+/joL6tv3w5fDQtU5F69T2r3wVt66VVtLu6zWzPHUrW/0q0j/ANTbayil71zj693vL9M1L+lK+K1PaMJ68ju4gAABLiCwfNgT7Zrdm69OFzlpSgpd6tYPR6f3Pp5L4lHJyNdUWaYt92WBY422xtBUbWhC3pL7tNafHxKU2m07lZiIjqHaIvQAAAAAAAAAAAAAAAAAAAAAAAAAYa1Ah21G6zDbRcdWFL+H3j7+3t0km/7o8n8n7yzTPenXuHC+Gtv6UntPstfbJZH6JexTUlxUq0PsVI+K/VdDTx5K5I3DPvSaTqWnOjmAS4gsJPu6xcMltHGdVKVO2g63C+TlqlH5vX0K/It406/LtijdlwIyl1kAAAAAAAAAAAAAAAAAAAAAAAAAAAAABEd6ODp5nY+9k4J17SLuaUuqcea9Vqixgt43j+3DNXypLzubDLAJcQWE33T/APFr/wD7C/3FPlfMLGH6laC5GctsgAAAAAAAAAAAAAAAAAAAAAAAAAAAAANRtd/ytmP/AA63+xnTH9x/6hf5l5gXJG4xwD//2Q=='}
,Chrome Headless 114.0.5735.199 (Windows 10) ERROR: 'NG0304: 'app-nav-menu' is not a known element:
1. If 'app-nav-menu' is an Angular component, then verify that it is part of this module.
2. If 'app-nav-menu' is a Web Component then add 'CUSTOM_ELEMENTS_SCHEMA' to the '@NgModule.schemas' of this component to suppress this message.'
,Chrome Headless 114.0.5735.199 (Windows 10) LOG: Object{firstName: 'user_1', lastName: 'lastName_user_1', email: 'prueba@email.com', phone: '123456789', typeUser: 1, photo: 'data:image/jpeg;base64,/9j/4AAQSkZJRgABAQEAZABkAAD/2wBDAAMCAgMCAgMDAwMEAwMEBQgFBQQEBQoHBwYIDAoMDAsKCwsNDhIQDQ4RDgsLEBYQERMUFRUVDA8XGBYUGBIUFRT/2wBDAQMEBAUEBQkFBQkUDQsNFBQUFBQUFBQUFBQUFBQUFBQUFBQUFBQUFBQUFBQUFBQUFBQUFBQUFBQUFBQUFBQUFBT/wAARCAD6APoDAREAAhEBAxEB/8QAHAABAAICAwEAAAAAAAAAAAAAAAYHAQUDBAgC/8QAPhAAAgEDAQUFBAgFAgcAAAAAAAECAwQFEQYHEjFBEyFRcYEiYZGhFCMyQlKxwdEVM0NicmOyNTZEc3Si4f/EABkBAQADAQEAAAAAAAAAAAAAAAACBAUDAf/EACcRAQACAgIDAAEEAgMAAAAAAAABAgMRBCESMTJBEzNRYRQiQlJx/9oADAMBAAIRAxEAPwD2WbrMAAAAAAAAAAAAAAAAAAAAAAAAAAAAAAAAAAAAAAAAAAAAAAAAAAAAAAAAAAAAAAAAAAAAAAAAAAAAAAAAAAAAAAAAAAAAAAAAAAAAAAAAAAAAAAAAAAAAAAAAAAAAAAAAAAAAAAAAAAAAAAAAAAAAAAAAAAAAAAAAAAAAAAAAAAAAAAAAAAAAAAAAAAAAAAAAAAAAAAAAAAAAAAAAAAAAAAAAAAAAAAAAAAAAAAAAAAAAAAdiwxt1la/Y2lvUuKnVQXLzfJepG1orG7SlETPUJdjt1d9XSleXVK1T+5TXaSX5L8yrbk1j5h2jDP5buhuqxkI/W3F1Vl7pRivyOM8m/wCIdIw1c0t1uHa0UruPvVVfsef5Nz9GrW3u6am03aZCcZdI14Jr4rQ6Ryp/5QjOH+JRPNbIZTBJzuKHHQX9ei+KPr1XqWqZaX9S42pavtpddTq5sgAAAAAAAAAAAAAAAAAAAAAAAAAAAkGyGyNXaa6cpuVKxpv6youcn+GPv/I4ZcsY4/t1pTylb2OxlriraNva0Y0KUfuxXP3t9X7zLtabTuV2Iisah2SL1kAAA+ZRUk01qnzTArLeFsXHHUKmWx1H6iHtXFvTX2V1nFeHivVGhgzb/wBbKmWmv9oQGjcU7iHFTkpR93QvK8TtyngAAAAAAAAAAAAAAAAAAAAAAEm2klq33JID7dvWjVdN0aiqJ6cDg+LXyPNx7e6lK9m93d7lKkat9GVlac3GXdUn7kunmytkz1r1XuXauKZ9rSsrKhjrWnb29ONKjTWkYR6GbMzadytxERGodg8egAAAAAfM4KcXGSUotaNNapoDz5t5sRebGZKd1bpvGVqj7GrD+nr3qEv06M18OWMkan2zMmOcc7j001pm4y0jXXA/xrl6+B30hFv5bSM1OKaaafJrqeJvoAAAAAAAAAAAAAAAAAAAAHcwlBXWax9J8p3FNf8AsiF51WZSr3ML64dXqYrRZ0AyAAAAAAAAA6uTxtvl7CvZ3VNVbetFxnB9V+5KtprO4RmItGpeadqtnq2y+ducdVbmoPip1H9+D+y/396ZtY7xkrFoZV6+FtNfbXlW0etOXd1i+TOiETMNzZ5alcaRl9VUfRvufkyOnWLRLvaniTIAAAAAAAAAAAAAAAAAA22yEeLanFr/AF0/kzll/blOn1C8VyMdoMgAAAAAAAAAACrd+WGjVxtjlIx+soVOwm/GMu9fBr5l7i21M1U+RXqLKbNJQNAO5aZSta6Rb7Sn+GXTyZ5pKLTDc2t/Su17Eva6wfNHjrExLsnj0AAAAAAAAAAAAAAAAbXZOfZ7T4t/68V8e79Tnl+JTp9QvJcjGaDIAAAAAAAAAAAie9KhGvsJldVq4QjUXuanFljBOskOOb4l51NhlAADKbTTT0a6oDY2mZnT0jXXHH8S5/8A0806Rb+W4o3FO4hxU5KUfd0PHTe3IeAAAAAAAAAAAAAADsY64+h5G0r8uyrQn8JIjaN1mHsTqdr/AIvUxGkyAAAAAAAAAAAInvTrqhsJltXo5wjTXm5xRYwRvJDjm/bl51NhlAAAAA+6VWdCfHTk4S8UHu9NtaZqMtI11wP8a5evgR06Rb+WzjNSimmmnya6nib6AAAAAAAAAAAADDWqaAvPZbILKYCxuNdZSpKMv8l3P5oxslfG8w0KTusS2xzTAAAAAAAAAACtN+OTVDA2Vin7dzX42tfuwX7uJd4td2mVTkTqsQpQ02eAAAAAAA57a8q2kvq5ez1i+TCUTMNzaZalc6Rl9XUfSXJ+TI6dItEu7qeJsh4AAAAAAAAAMN6IC293eNyOJxtSje0lTozarUfbTa1XemunR+pl57VtbdV3FExHaXFZ2AAAAAAAAAGHyAojfRWu6m1sIV6bp28KEVbvXVTWuspfHu9EavGiPDpm8jfn2gJbVgAAAAAAABoByK4qpJKrNL/Jh7uUqIO4AAAAAAAAAxrw9/h3gehaE1VownH7Mopr4GHPUtJyHj0AAAAAAAAAAKX37VYvMYqmvtRt5yfk5LT8maXF+ZUOT9QrEvKYAAAAAAAAAAS4gsAAAAAAAAADDWq0AvHZG8+n7N46trrLsVB+cfZf5GPljxvMNCk7rDcHJMAAAAAAAAAYfIDz7vdv/p229zBS1jbU4UV56cT+cjX48axwzM87uhhZVwAAAAAAAAAAlxBYAAAAAAAAAACy91eWjUsbjHTlpUpT7WC8Yvn8H+Zn8mupiy3ht1pPSksAAAAAAAAADrZC+o42zr3VxNU6FGDqTk+iSPYibTqHkzERuXlzK5CeWyd3fVO6dxVlVa8NXrp6cjdrXxiIY9p8pmXVJIgAAAAAAAAABLiCwAAAAAAAAAAHJb3NazrRrW9WdCtH7NSnLRo8mInqXsTr0vLZ7I/xXC2V1rq6lJOX+S7n80zHyV8bTDQrO6xLZHNIAAAAAABh8gKM3x7RXF1tJUxlK5qKzt6cI1KMZvglU+1q11a1RqcakRTyn2zs95m3ir0uKoAAAAAAAAAAAJcQWAAAAAAAAAAAAWXuqyva2Nzj5v26Mu1gv7Zc/g/zM/k11MWW8NutJ6UlgAAAAAAB17+8pY+zr3VeXDRowlUm30SWrPYibTqHkzqNy8t5PIVMtkrq9q/zLirKq/dq9dPTl6G7WvjERDHtPlO3VJIgAAAAAAAAAAAlxBYAAAAAAAAAAABs9m8zLA5m3vO904vhqxXWD5/v6HPJTzrMJ0t4zteVGrGtSjOElOEkpRkuTT5Mx5jXTQfZ4AAAAAAVlvp2oVni6eGoz+vu9J1tPu0k+5erXwTLvGx7nzn8KnIvqPGFLGmzwAAAAAAAAAAAAJcQWAAAAAAAAAAAAALm2BjKOyeP45OTcZNa9FxPRGTn/clex/MJEcHUAAAAGHyA85bzYVIbd5ZVJSm+OLjxPXSLhFpeRs4P24ZWb7lFzu4gAAAAAAAAAAAAS4gsAAAAAAAAAAAAw+5AXpsvQ+jbO42n4W8H8Vr+pjZJ3eZaFOqw2pzTAAAABh8gKC3yW7o7b1J6fzrelP5OP6Gtxp3jZueNXQctKwAAAAAAAAAAAAEuILAAAAAAAAAAAAJdsdsNR2kspXdxdThSjUdN0qUdJPTT7z8/Aq5c0458Yh3pj8o3K1qFGNvRhTgtIwioryS0M2Z3O1z05DwAAAAAAh22+7e12yr0rmV1VtLunT7KM4pSg1q33x82+TLGLNOKNa6cMmKMnagsjafw/IXVr2iq9hVlS7RLRS4W1rp6GvWdxEs2Y1OnXPUQAAAAAAAAAAAS4gsAAAAAAAAAABhgXLsBjZY3Zm2U041KzdeSfTi5fLQyc9vK8r2ONVSQ4OoAAAAAADDA83bxcRPDbY5Gk46U61T6RTfjGff+eq9DZw28qQystfG8o2d3EAAAAAAAAAAAEuILAAAAAAAAAAdUubYEq2Y2DvspdUK15QdtYqSlLte6U14Jc+/xZWyZ61iYrPbtTHMz36W5GKikkkkuSXQy119AAAAAAAAAIPvO2FqbW2NCtZcCyNs2o8b4VUg+cdfPvXr4lrBl/TnU+lfNj843HtRuVw99hLnsL+1q2tXoqkdFLyfJ+hqVtW0brLOtWazqYdMkiAAAAAAAAAAEuILAAAAAAADNOEqtSMKcZTnJ6KMVq35Ievb1LcJu1yOR4al41YUX0ktaj9Onr8CrfkVr1Xt2rimfaf4TZDGYJKVvbqVZf16vtT9H09NCjfLe/uVitK19N1pocnRkAAAAAAAAAAAdW/xtrlLaVvd29O5oS506sVJEotNZ3DyYi0alW+0m5K1uOKthrh2dTn9HrtypvylzXzLlOVMdXVL8eJ+VX53ZjKbNVeDI2dSgm9I1ftU5eUl3fqXqZK3+ZU7UtT6hqzogAAAAAAAAS4gsAAAAA5La2rXlaNG3pTr1ZcoU4ts8mYiNy9iJn0meE3X3V1w1MlVVrT59jT0lN+b5L5lS/JiOq9u9cMz7T7EbOY/B0+Gzto05aaOo++cvNvvKV8lr/UrNaxX02SWhzSZAAAAAAAAAAAAAAAAcVe3pXVKVKtThVpSWkoTipRa96Z7EzHp5Mb9q/wBpNzGLyXHVxk3jLh9/AlxUW/LmvR+hbpybV6t2rX49Z+elWbRbEZjZeUne2knbp91zR9um/Xp66F+mWuT1KnfHanuGh11OrkAAAAABLiCwAAOexsLnJ11RtKE7iq/uwWunn4ep5a0Vjcy9iJnqE4wm6yc+GplK/AufYUH3+sv2+JSvyfxRYrh/7J5jcPZ4ij2VnbwoQ68K735vmyla1rzu0rEVivp3NNCKTIAAAAAAAAAAAAAAAAAAAAPmUIzi4ySaa0afJgQfaXdHhs3x1bWLxd0+/joL6tv3w5fDQtU5F69T2r3wVt66VVtLu6zWzPHUrW/0q0j/ANTbayil71zj693vL9M1L+lK+K1PaMJ68ju4gAABLiCwfNgT7Zrdm69OFzlpSgpd6tYPR6f3Pp5L4lHJyNdUWaYt92WBY422xtBUbWhC3pL7tNafHxKU2m07lZiIjqHaIvQAAAAAAAAAAAAAAAAAAAAAAAAAYa1Ah21G6zDbRcdWFL+H3j7+3t0km/7o8n8n7yzTPenXuHC+Gtv6UntPstfbJZH6JexTUlxUq0PsVI+K/VdDTx5K5I3DPvSaTqWnOjmAS4gsJPu6xcMltHGdVKVO2g63C+TlqlH5vX0K/It406/LtijdlwIyl1kAAAAAAAAAAAAAAAAAAAAAAAAAAAAABEd6ODp5nY+9k4J17SLuaUuqcea9Vqixgt43j+3DNXypLzubDLAJcQWE33T/APFr/wD7C/3FPlfMLGH6laC5GctsgAAAAAAAAAAAAAAAAAAAAAAAAAAAAANRtd/ytmP/AA63+xnTH9x/6hf5l5gXJG4xwD//2Q=='}
,Chrome Headless 114.0.5735.199 (Windows 10) ERROR: 'NG0304: 'app-nav-menu' is not a known element:
1. If 'app-nav-menu' is an Angular component, then verify that it is part of this module.
2. If 'app-nav-menu' is a Web Component then add 'CUSTOM_ELEMENTS_SCHEMA' to the '@NgModule.schemas' of this component to suppress this message.'
,Chrome Headless 114.0.5735.199 (Windows 10) LOG: Object{firstName: 'user_1', lastName: 'lastName_user_1', email: 'prueba@email.com', phone: '123456789', typeUser: 1, photo: 'data:image/jpeg;base64,/9j/4AAQSkZJRgABAQEAZABkAAD/2wBDAAMCAgMCAgMDAwMEAwMEBQgFBQQEBQoHBwYIDAoMDAsKCwsNDhIQDQ4RDgsLEBYQERMUFRUVDA8XGBYUGBIUFRT/2wBDAQMEBAUEBQkFBQkUDQsNFBQUFBQUFBQUFBQUFBQUFBQUFBQUFBQUFBQUFBQUFBQUFBQUFBQUFBQUFBQUFBQUFBT/wAARCAD6APoDAREAAhEBAxEB/8QAHAABAAICAwEAAAAAAAAAAAAAAAYHAQUDBAgC/8QAPhAAAgEDAQUFBAgFAgcAAAAAAAECAwQFEQYHEjFBEyFRcYEiYZGhFCMyQlKxwdEVM0NicmOyNTZEc3Si4f/EABkBAQADAQEAAAAAAAAAAAAAAAACBAUDAf/EACcRAQACAgIDAAEEAgMAAAAAAAABAgMRBCESMTJBEzNRYRQiQlJx/9oADAMBAAIRAxEAPwD2WbrMAAAAAAAAAAAAAAAAAAAAAAAAAAAAAAAAAAAAAAAAAAAAAAAAAAAAAAAAAAAAAAAAAAAAAAAAAAAAAAAAAAAAAAAAAAAAAAAAAAAAAAAAAAAAAAAAAAAAAAAAAAAAAAAAAAAAAAAAAAAAAAAAAAAAAAAAAAAAAAAAAAAAAAAAAAAAAAAAAAAAAAAAAAAAAAAAAAAAAAAAAAAAAAAAAAAAAAAAAAAAAAAAAAAAAAAAAAAAAAdiwxt1la/Y2lvUuKnVQXLzfJepG1orG7SlETPUJdjt1d9XSleXVK1T+5TXaSX5L8yrbk1j5h2jDP5buhuqxkI/W3F1Vl7pRivyOM8m/wCIdIw1c0t1uHa0UruPvVVfsef5Nz9GrW3u6am03aZCcZdI14Jr4rQ6Ryp/5QjOH+JRPNbIZTBJzuKHHQX9ei+KPr1XqWqZaX9S42pavtpddTq5sgAAAAAAAAAAAAAAAAAAAAAAAAAAAkGyGyNXaa6cpuVKxpv6youcn+GPv/I4ZcsY4/t1pTylb2OxlriraNva0Y0KUfuxXP3t9X7zLtabTuV2Iisah2SL1kAAA+ZRUk01qnzTArLeFsXHHUKmWx1H6iHtXFvTX2V1nFeHivVGhgzb/wBbKmWmv9oQGjcU7iHFTkpR93QvK8TtyngAAAAAAAAAAAAAAAAAAAAAAEm2klq33JID7dvWjVdN0aiqJ6cDg+LXyPNx7e6lK9m93d7lKkat9GVlac3GXdUn7kunmytkz1r1XuXauKZ9rSsrKhjrWnb29ONKjTWkYR6GbMzadytxERGodg8egAAAAAfM4KcXGSUotaNNapoDz5t5sRebGZKd1bpvGVqj7GrD+nr3qEv06M18OWMkan2zMmOcc7j001pm4y0jXXA/xrl6+B30hFv5bSM1OKaaafJrqeJvoAAAAAAAAAAAAAAAAAAAAHcwlBXWax9J8p3FNf8AsiF51WZSr3ML64dXqYrRZ0AyAAAAAAAAA6uTxtvl7CvZ3VNVbetFxnB9V+5KtprO4RmItGpeadqtnq2y+ducdVbmoPip1H9+D+y/396ZtY7xkrFoZV6+FtNfbXlW0etOXd1i+TOiETMNzZ5alcaRl9VUfRvufkyOnWLRLvaniTIAAAAAAAAAAAAAAAAAA22yEeLanFr/AF0/kzll/blOn1C8VyMdoMgAAAAAAAAAACrd+WGjVxtjlIx+soVOwm/GMu9fBr5l7i21M1U+RXqLKbNJQNAO5aZSta6Rb7Sn+GXTyZ5pKLTDc2t/Su17Eva6wfNHjrExLsnj0AAAAAAAAAAAAAAAAbXZOfZ7T4t/68V8e79Tnl+JTp9QvJcjGaDIAAAAAAAAAAAie9KhGvsJldVq4QjUXuanFljBOskOOb4l51NhlAADKbTTT0a6oDY2mZnT0jXXHH8S5/8A0806Rb+W4o3FO4hxU5KUfd0PHTe3IeAAAAAAAAAAAAAADsY64+h5G0r8uyrQn8JIjaN1mHsTqdr/AIvUxGkyAAAAAAAAAAAInvTrqhsJltXo5wjTXm5xRYwRvJDjm/bl51NhlAAAAA+6VWdCfHTk4S8UHu9NtaZqMtI11wP8a5evgR06Rb+WzjNSimmmnya6nib6AAAAAAAAAAAADDWqaAvPZbILKYCxuNdZSpKMv8l3P5oxslfG8w0KTusS2xzTAAAAAAAAAACtN+OTVDA2Vin7dzX42tfuwX7uJd4td2mVTkTqsQpQ02eAAAAAAA57a8q2kvq5ez1i+TCUTMNzaZalc6Rl9XUfSXJ+TI6dItEu7qeJsh4AAAAAAAAAMN6IC293eNyOJxtSje0lTozarUfbTa1XemunR+pl57VtbdV3FExHaXFZ2AAAAAAAAAGHyAojfRWu6m1sIV6bp28KEVbvXVTWuspfHu9EavGiPDpm8jfn2gJbVgAAAAAAABoByK4qpJKrNL/Jh7uUqIO4AAAAAAAAAxrw9/h3gehaE1VownH7Mopr4GHPUtJyHj0AAAAAAAAAAKX37VYvMYqmvtRt5yfk5LT8maXF+ZUOT9QrEvKYAAAAAAAAAAS4gsAAAAAAAAADDWq0AvHZG8+n7N46trrLsVB+cfZf5GPljxvMNCk7rDcHJMAAAAAAAAAYfIDz7vdv/p229zBS1jbU4UV56cT+cjX48axwzM87uhhZVwAAAAAAAAAAlxBYAAAAAAAAAACy91eWjUsbjHTlpUpT7WC8Yvn8H+Zn8mupiy3ht1pPSksAAAAAAAAADrZC+o42zr3VxNU6FGDqTk+iSPYibTqHkzERuXlzK5CeWyd3fVO6dxVlVa8NXrp6cjdrXxiIY9p8pmXVJIgAAAAAAAAABLiCwAAAAAAAAAAHJb3NazrRrW9WdCtH7NSnLRo8mInqXsTr0vLZ7I/xXC2V1rq6lJOX+S7n80zHyV8bTDQrO6xLZHNIAAAAAABh8gKM3x7RXF1tJUxlK5qKzt6cI1KMZvglU+1q11a1RqcakRTyn2zs95m3ir0uKoAAAAAAAAAAAJcQWAAAAAAAAAAAAWXuqyva2Nzj5v26Mu1gv7Zc/g/zM/k11MWW8NutJ6UlgAAAAAAB17+8pY+zr3VeXDRowlUm30SWrPYibTqHkzqNy8t5PIVMtkrq9q/zLirKq/dq9dPTl6G7WvjERDHtPlO3VJIgAAAAAAAAAAAlxBYAAAAAAAAAAABs9m8zLA5m3vO904vhqxXWD5/v6HPJTzrMJ0t4zteVGrGtSjOElOEkpRkuTT5Mx5jXTQfZ4AAAAAAVlvp2oVni6eGoz+vu9J1tPu0k+5erXwTLvGx7nzn8KnIvqPGFLGmzwAAAAAAAAAAAAJcQWAAAAAAAAAAAAALm2BjKOyeP45OTcZNa9FxPRGTn/clex/MJEcHUAAAAGHyA85bzYVIbd5ZVJSm+OLjxPXSLhFpeRs4P24ZWb7lFzu4gAAAAAAAAAAAAS4gsAAAAAAAAAAAAw+5AXpsvQ+jbO42n4W8H8Vr+pjZJ3eZaFOqw2pzTAAAABh8gKC3yW7o7b1J6fzrelP5OP6Gtxp3jZueNXQctKwAAAAAAAAAAAAEuILAAAAAAAAAAAAJdsdsNR2kspXdxdThSjUdN0qUdJPTT7z8/Aq5c0458Yh3pj8o3K1qFGNvRhTgtIwioryS0M2Z3O1z05DwAAAAAAh22+7e12yr0rmV1VtLunT7KM4pSg1q33x82+TLGLNOKNa6cMmKMnagsjafw/IXVr2iq9hVlS7RLRS4W1rp6GvWdxEs2Y1OnXPUQAAAAAAAAAAAS4gsAAAAAAAAAABhgXLsBjZY3Zm2U041KzdeSfTi5fLQyc9vK8r2ONVSQ4OoAAAAAADDA83bxcRPDbY5Gk46U61T6RTfjGff+eq9DZw28qQystfG8o2d3EAAAAAAAAAAAEuILAAAAAAAAAAdUubYEq2Y2DvspdUK15QdtYqSlLte6U14Jc+/xZWyZ61iYrPbtTHMz36W5GKikkkkuSXQy119AAAAAAAAAIPvO2FqbW2NCtZcCyNs2o8b4VUg+cdfPvXr4lrBl/TnU+lfNj843HtRuVw99hLnsL+1q2tXoqkdFLyfJ+hqVtW0brLOtWazqYdMkiAAAAAAAAAAEuILAAAAAAADNOEqtSMKcZTnJ6KMVq35Ievb1LcJu1yOR4al41YUX0ktaj9Onr8CrfkVr1Xt2rimfaf4TZDGYJKVvbqVZf16vtT9H09NCjfLe/uVitK19N1pocnRkAAAAAAAAAAAdW/xtrlLaVvd29O5oS506sVJEotNZ3DyYi0alW+0m5K1uOKthrh2dTn9HrtypvylzXzLlOVMdXVL8eJ+VX53ZjKbNVeDI2dSgm9I1ftU5eUl3fqXqZK3+ZU7UtT6hqzogAAAAAAAAS4gsAAAAA5La2rXlaNG3pTr1ZcoU4ts8mYiNy9iJn0meE3X3V1w1MlVVrT59jT0lN+b5L5lS/JiOq9u9cMz7T7EbOY/B0+Gzto05aaOo++cvNvvKV8lr/UrNaxX02SWhzSZAAAAAAAAAAAAAAAAcVe3pXVKVKtThVpSWkoTipRa96Z7EzHp5Mb9q/wBpNzGLyXHVxk3jLh9/AlxUW/LmvR+hbpybV6t2rX49Z+elWbRbEZjZeUne2knbp91zR9um/Xp66F+mWuT1KnfHanuGh11OrkAAAAABLiCwAAOexsLnJ11RtKE7iq/uwWunn4ep5a0Vjcy9iJnqE4wm6yc+GplK/AufYUH3+sv2+JSvyfxRYrh/7J5jcPZ4ij2VnbwoQ68K735vmyla1rzu0rEVivp3NNCKTIAAAAAAAAAAAAAAAAAAAAPmUIzi4ySaa0afJgQfaXdHhs3x1bWLxd0+/joL6tv3w5fDQtU5F69T2r3wVt66VVtLu6zWzPHUrW/0q0j/ANTbayil71zj693vL9M1L+lK+K1PaMJ68ju4gAABLiCwfNgT7Zrdm69OFzlpSgpd6tYPR6f3Pp5L4lHJyNdUWaYt92WBY422xtBUbWhC3pL7tNafHxKU2m07lZiIjqHaIvQAAAAAAAAAAAAAAAAAAAAAAAAAYa1Ah21G6zDbRcdWFL+H3j7+3t0km/7o8n8n7yzTPenXuHC+Gtv6UntPstfbJZH6JexTUlxUq0PsVI+K/VdDTx5K5I3DPvSaTqWnOjmAS4gsJPu6xcMltHGdVKVO2g63C+TlqlH5vX0K/It406/LtijdlwIyl1kAAAAAAAAAAAAAAAAAAAAAAAAAAAAABEd6ODp5nY+9k4J17SLuaUuqcea9Vqixgt43j+3DNXypLzubDLAJcQWE33T/APFr/wD7C/3FPlfMLGH6laC5GctsgAAAAAAAAAAAAAAAAAAAAAAAAAAAAANRtd/ytmP/AA63+xnTH9x/6hf5l5gXJG4xwD//2Q=='}
,Chrome Headless 114.0.5735.199 (Windows 10) ERROR: 'NG0304: 'app-nav-menu' is not a known element:
1. If 'app-nav-menu' is an Angular component, then verify that it is part of this module.
2. If 'app-nav-menu' is a Web Component then add 'CUSTOM_ELEMENTS_SCHEMA' to the '@NgModule.schemas' of this component to suppress this message.'
,Chrome Headless 114.0.5735.199 (Windows 10) LOG: Object{firstName: 'user_1', lastName: 'lastName_user_1', email: 'prueba@email.com', phone: '123456789', typeUser: 1, photo: 'data:image/jpeg;base64,/9j/4AAQSkZJRgABAQEAZABkAAD/2wBDAAMCAgMCAgMDAwMEAwMEBQgFBQQEBQoHBwYIDAoMDAsKCwsNDhIQDQ4RDgsLEBYQERMUFRUVDA8XGBYUGBIUFRT/2wBDAQMEBAUEBQkFBQkUDQsNFBQUFBQUFBQUFBQUFBQUFBQUFBQUFBQUFBQUFBQUFBQUFBQUFBQUFBQUFBQUFBQUFBT/wAARCAD6APoDAREAAhEBAxEB/8QAHAABAAICAwEAAAAAAAAAAAAAAAYHAQUDBAgC/8QAPhAAAgEDAQUFBAgFAgcAAAAAAAECAwQFEQYHEjFBEyFRcYEiYZGhFCMyQlKxwdEVM0NicmOyNTZEc3Si4f/EABkBAQADAQEAAAAAAAAAAAAAAAACBAUDAf/EACcRAQACAgIDAAEEAgMAAAAAAAABAgMRBCESMTJBEzNRYRQiQlJx/9oADAMBAAIRAxEAPwD2WbrMAAAAAAAAAAAAAAAAAAAAAAAAAAAAAAAAAAAAAAAAAAAAAAAAAAAAAAAAAAAAAAAAAAAAAAAAAAAAAAAAAAAAAAAAAAAAAAAAAAAAAAAAAAAAAAAAAAAAAAAAAAAAAAAAAAAAAAAAAAAAAAAAAAAAAAAAAAAAAAAAAAAAAAAAAAAAAAAAAAAAAAAAAAAAAAAAAAAAAAAAAAAAAAAAAAAAAAAAAAAAAAAAAAAAAAAAAAAAAAdiwxt1la/Y2lvUuKnVQXLzfJepG1orG7SlETPUJdjt1d9XSleXVK1T+5TXaSX5L8yrbk1j5h2jDP5buhuqxkI/W3F1Vl7pRivyOM8m/wCIdIw1c0t1uHa0UruPvVVfsef5Nz9GrW3u6am03aZCcZdI14Jr4rQ6Ryp/5QjOH+JRPNbIZTBJzuKHHQX9ei+KPr1XqWqZaX9S42pavtpddTq5sgAAAAAAAAAAAAAAAAAAAAAAAAAAAkGyGyNXaa6cpuVKxpv6youcn+GPv/I4ZcsY4/t1pTylb2OxlriraNva0Y0KUfuxXP3t9X7zLtabTuV2Iisah2SL1kAAA+ZRUk01qnzTArLeFsXHHUKmWx1H6iHtXFvTX2V1nFeHivVGhgzb/wBbKmWmv9oQGjcU7iHFTkpR93QvK8TtyngAAAAAAAAAAAAAAAAAAAAAAEm2klq33JID7dvWjVdN0aiqJ6cDg+LXyPNx7e6lK9m93d7lKkat9GVlac3GXdUn7kunmytkz1r1XuXauKZ9rSsrKhjrWnb29ONKjTWkYR6GbMzadytxERGodg8egAAAAAfM4KcXGSUotaNNapoDz5t5sRebGZKd1bpvGVqj7GrD+nr3qEv06M18OWMkan2zMmOcc7j001pm4y0jXXA/xrl6+B30hFv5bSM1OKaaafJrqeJvoAAAAAAAAAAAAAAAAAAAAHcwlBXWax9J8p3FNf8AsiF51WZSr3ML64dXqYrRZ0AyAAAAAAAAA6uTxtvl7CvZ3VNVbetFxnB9V+5KtprO4RmItGpeadqtnq2y+ducdVbmoPip1H9+D+y/396ZtY7xkrFoZV6+FtNfbXlW0etOXd1i+TOiETMNzZ5alcaRl9VUfRvufkyOnWLRLvaniTIAAAAAAAAAAAAAAAAAA22yEeLanFr/AF0/kzll/blOn1C8VyMdoMgAAAAAAAAAACrd+WGjVxtjlIx+soVOwm/GMu9fBr5l7i21M1U+RXqLKbNJQNAO5aZSta6Rb7Sn+GXTyZ5pKLTDc2t/Su17Eva6wfNHjrExLsnj0AAAAAAAAAAAAAAAAbXZOfZ7T4t/68V8e79Tnl+JTp9QvJcjGaDIAAAAAAAAAAAie9KhGvsJldVq4QjUXuanFljBOskOOb4l51NhlAADKbTTT0a6oDY2mZnT0jXXHH8S5/8A0806Rb+W4o3FO4hxU5KUfd0PHTe3IeAAAAAAAAAAAAAADsY64+h5G0r8uyrQn8JIjaN1mHsTqdr/AIvUxGkyAAAAAAAAAAAInvTrqhsJltXo5wjTXm5xRYwRvJDjm/bl51NhlAAAAA+6VWdCfHTk4S8UHu9NtaZqMtI11wP8a5evgR06Rb+WzjNSimmmnya6nib6AAAAAAAAAAAADDWqaAvPZbILKYCxuNdZSpKMv8l3P5oxslfG8w0KTusS2xzTAAAAAAAAAACtN+OTVDA2Vin7dzX42tfuwX7uJd4td2mVTkTqsQpQ02eAAAAAAA57a8q2kvq5ez1i+TCUTMNzaZalc6Rl9XUfSXJ+TI6dItEu7qeJsh4AAAAAAAAAMN6IC293eNyOJxtSje0lTozarUfbTa1XemunR+pl57VtbdV3FExHaXFZ2AAAAAAAAAGHyAojfRWu6m1sIV6bp28KEVbvXVTWuspfHu9EavGiPDpm8jfn2gJbVgAAAAAAABoByK4qpJKrNL/Jh7uUqIO4AAAAAAAAAxrw9/h3gehaE1VownH7Mopr4GHPUtJyHj0AAAAAAAAAAKX37VYvMYqmvtRt5yfk5LT8maXF+ZUOT9QrEvKYAAAAAAAAAAS4gsAAAAAAAAADDWq0AvHZG8+n7N46trrLsVB+cfZf5GPljxvMNCk7rDcHJMAAAAAAAAAYfIDz7vdv/p229zBS1jbU4UV56cT+cjX48axwzM87uhhZVwAAAAAAAAAAlxBYAAAAAAAAAACy91eWjUsbjHTlpUpT7WC8Yvn8H+Zn8mupiy3ht1pPSksAAAAAAAAADrZC+o42zr3VxNU6FGDqTk+iSPYibTqHkzERuXlzK5CeWyd3fVO6dxVlVa8NXrp6cjdrXxiIY9p8pmXVJIgAAAAAAAAABLiCwAAAAAAAAAAHJb3NazrRrW9WdCtH7NSnLRo8mInqXsTr0vLZ7I/xXC2V1rq6lJOX+S7n80zHyV8bTDQrO6xLZHNIAAAAAABh8gKM3x7RXF1tJUxlK5qKzt6cI1KMZvglU+1q11a1RqcakRTyn2zs95m3ir0uKoAAAAAAAAAAAJcQWAAAAAAAAAAAAWXuqyva2Nzj5v26Mu1gv7Zc/g/zM/k11MWW8NutJ6UlgAAAAAAB17+8pY+zr3VeXDRowlUm30SWrPYibTqHkzqNy8t5PIVMtkrq9q/zLirKq/dq9dPTl6G7WvjERDHtPlO3VJIgAAAAAAAAAAAlxBYAAAAAAAAAAABs9m8zLA5m3vO904vhqxXWD5/v6HPJTzrMJ0t4zteVGrGtSjOElOEkpRkuTT5Mx5jXTQfZ4AAAAAAVlvp2oVni6eGoz+vu9J1tPu0k+5erXwTLvGx7nzn8KnIvqPGFLGmzwAAAAAAAAAAAAJcQWAAAAAAAAAAAAALm2BjKOyeP45OTcZNa9FxPRGTn/clex/MJEcHUAAAAGHyA85bzYVIbd5ZVJSm+OLjxPXSLhFpeRs4P24ZWb7lFzu4gAAAAAAAAAAAAS4gsAAAAAAAAAAAAw+5AXpsvQ+jbO42n4W8H8Vr+pjZJ3eZaFOqw2pzTAAAABh8gKC3yW7o7b1J6fzrelP5OP6Gtxp3jZueNXQctKwAAAAAAAAAAAAEuILAAAAAAAAAAAAJdsdsNR2kspXdxdThSjUdN0qUdJPTT7z8/Aq5c0458Yh3pj8o3K1qFGNvRhTgtIwioryS0M2Z3O1z05DwAAAAAAh22+7e12yr0rmV1VtLunT7KM4pSg1q33x82+TLGLNOKNa6cMmKMnagsjafw/IXVr2iq9hVlS7RLRS4W1rp6GvWdxEs2Y1OnXPUQAAAAAAAAAAAS4gsAAAAAAAAAABhgXLsBjZY3Zm2U041KzdeSfTi5fLQyc9vK8r2ONVSQ4OoAAAAAADDA83bxcRPDbY5Gk46U61T6RTfjGff+eq9DZw28qQystfG8o2d3EAAAAAAAAAAAEuILAAAAAAAAAAdUubYEq2Y2DvspdUK15QdtYqSlLte6U14Jc+/xZWyZ61iYrPbtTHMz36W5GKikkkkuSXQy119AAAAAAAAAIPvO2FqbW2NCtZcCyNs2o8b4VUg+cdfPvXr4lrBl/TnU+lfNj843HtRuVw99hLnsL+1q2tXoqkdFLyfJ+hqVtW0brLOtWazqYdMkiAAAAAAAAAAEuILAAAAAAADNOEqtSMKcZTnJ6KMVq35Ievb1LcJu1yOR4al41YUX0ktaj9Onr8CrfkVr1Xt2rimfaf4TZDGYJKVvbqVZf16vtT9H09NCjfLe/uVitK19N1pocnRkAAAAAAAAAAAdW/xtrlLaVvd29O5oS506sVJEotNZ3DyYi0alW+0m5K1uOKthrh2dTn9HrtypvylzXzLlOVMdXVL8eJ+VX53ZjKbNVeDI2dSgm9I1ftU5eUl3fqXqZK3+ZU7UtT6hqzogAAAAAAAAS4gsAAAAA5La2rXlaNG3pTr1ZcoU4ts8mYiNy9iJn0meE3X3V1w1MlVVrT59jT0lN+b5L5lS/JiOq9u9cMz7T7EbOY/B0+Gzto05aaOo++cvNvvKV8lr/UrNaxX02SWhzSZAAAAAAAAAAAAAAAAcVe3pXVKVKtThVpSWkoTipRa96Z7EzHp5Mb9q/wBpNzGLyXHVxk3jLh9/AlxUW/LmvR+hbpybV6t2rX49Z+elWbRbEZjZeUne2knbp91zR9um/Xp66F+mWuT1KnfHanuGh11OrkAAAAABLiCwAAOexsLnJ11RtKE7iq/uwWunn4ep5a0Vjcy9iJnqE4wm6yc+GplK/AufYUH3+sv2+JSvyfxRYrh/7J5jcPZ4ij2VnbwoQ68K735vmyla1rzu0rEVivp3NNCKTIAAAAAAAAAAAAAAAAAAAAPmUIzi4ySaa0afJgQfaXdHhs3x1bWLxd0+/joL6tv3w5fDQtU5F69T2r3wVt66VVtLu6zWzPHUrW/0q0j/ANTbayil71zj693vL9M1L+lK+K1PaMJ68ju4gAABLiCwfNgT7Zrdm69OFzlpSgpd6tYPR6f3Pp5L4lHJyNdUWaYt92WBY422xtBUbWhC3pL7tNafHxKU2m07lZiIjqHaIvQAAAAAAAAAAAAAAAAAAAAAAAAAYa1Ah21G6zDbRcdWFL+H3j7+3t0km/7o8n8n7yzTPenXuHC+Gtv6UntPstfbJZH6JexTUlxUq0PsVI+K/VdDTx5K5I3DPvSaTqWnOjmAS4gsJPu6xcMltHGdVKVO2g63C+TlqlH5vX0K/It406/LtijdlwIyl1kAAAAAAAAAAAAAAAAAAAAAAAAAAAAABEd6ODp5nY+9k4J17SLuaUuqcea9Vqixgt43j+3DNXypLzubDLAJcQWE33T/APFr/wD7C/3FPlfMLGH6laC5GctsgAAAAAAAAAAAAAAAAAAAAAAAAAAAAANRtd/ytmP/AA63+xnTH9x/6hf5l5gXJG4xwD//2Q=='}
,Chrome Headless 114.0.5735.199 (Windows 10) ERROR: 'NG0304: 'app-nav-menu' is not a known element:
1. If 'app-nav-menu' is an Angular component, then verify that it is part of this module.
2. If 'app-nav-menu' is a Web Component then add 'CUSTOM_ELEMENTS_SCHEMA' to the '@NgModule.schemas' of this component to suppress this message.'
,Chrome Headless 114.0.5735.199 (Windows 10) LOG: Object{firstName: 'user_1', lastName: 'lastName_user_1', email: 'prueba@email.com', phone: '123456789', typeUser: 1, photo: 'data:image/jpeg;base64,/9j/4AAQSkZJRgABAQEAZABkAAD/2wBDAAMCAgMCAgMDAwMEAwMEBQgFBQQEBQoHBwYIDAoMDAsKCwsNDhIQDQ4RDgsLEBYQERMUFRUVDA8XGBYUGBIUFRT/2wBDAQMEBAUEBQkFBQkUDQsNFBQUFBQUFBQUFBQUFBQUFBQUFBQUFBQUFBQUFBQUFBQUFBQUFBQUFBQUFBQUFBQUFBT/wAARCAD6APoDAREAAhEBAxEB/8QAHAABAAICAwEAAAAAAAAAAAAAAAYHAQUDBAgC/8QAPhAAAgEDAQUFBAgFAgcAAAAAAAECAwQFEQYHEjFBEyFRcYEiYZGhFCMyQlKxwdEVM0NicmOyNTZEc3Si4f/EABkBAQADAQEAAAAAAAAAAAAAAAACBAUDAf/EACcRAQACAgIDAAEEAgMAAAAAAAABAgMRBCESMTJBEzNRYRQiQlJx/9oADAMBAAIRAxEAPwD2WbrMAAAAAAAAAAAAAAAAAAAAAAAAAAAAAAAAAAAAAAAAAAAAAAAAAAAAAAAAAAAAAAAAAAAAAAAAAAAAAAAAAAAAAAAAAAAAAAAAAAAAAAAAAAAAAAAAAAAAAAAAAAAAAAAAAAAAAAAAAAAAAAAAAAAAAAAAAAAAAAAAAAAAAAAAAAAAAAAAAAAAAAAAAAAAAAAAAAAAAAAAAAAAAAAAAAAAAAAAAAAAAAAAAAAAAAAAAAAAAAdiwxt1la/Y2lvUuKnVQXLzfJepG1orG7SlETPUJdjt1d9XSleXVK1T+5TXaSX5L8yrbk1j5h2jDP5buhuqxkI/W3F1Vl7pRivyOM8m/wCIdIw1c0t1uHa0UruPvVVfsef5Nz9GrW3u6am03aZCcZdI14Jr4rQ6Ryp/5QjOH+JRPNbIZTBJzuKHHQX9ei+KPr1XqWqZaX9S42pavtpddTq5sgAAAAAAAAAAAAAAAAAAAAAAAAAAAkGyGyNXaa6cpuVKxpv6youcn+GPv/I4ZcsY4/t1pTylb2OxlriraNva0Y0KUfuxXP3t9X7zLtabTuV2Iisah2SL1kAAA+ZRUk01qnzTArLeFsXHHUKmWx1H6iHtXFvTX2V1nFeHivVGhgzb/wBbKmWmv9oQGjcU7iHFTkpR93QvK8TtyngAAAAAAAAAAAAAAAAAAAAAAEm2klq33JID7dvWjVdN0aiqJ6cDg+LXyPNx7e6lK9m93d7lKkat9GVlac3GXdUn7kunmytkz1r1XuXauKZ9rSsrKhjrWnb29ONKjTWkYR6GbMzadytxERGodg8egAAAAAfM4KcXGSUotaNNapoDz5t5sRebGZKd1bpvGVqj7GrD+nr3qEv06M18OWMkan2zMmOcc7j001pm4y0jXXA/xrl6+B30hFv5bSM1OKaaafJrqeJvoAAAAAAAAAAAAAAAAAAAAHcwlBXWax9J8p3FNf8AsiF51WZSr3ML64dXqYrRZ0AyAAAAAAAAA6uTxtvl7CvZ3VNVbetFxnB9V+5KtprO4RmItGpeadqtnq2y+ducdVbmoPip1H9+D+y/396ZtY7xkrFoZV6+FtNfbXlW0etOXd1i+TOiETMNzZ5alcaRl9VUfRvufkyOnWLRLvaniTIAAAAAAAAAAAAAAAAAA22yEeLanFr/AF0/kzll/blOn1C8VyMdoMgAAAAAAAAAACrd+WGjVxtjlIx+soVOwm/GMu9fBr5l7i21M1U+RXqLKbNJQNAO5aZSta6Rb7Sn+GXTyZ5pKLTDc2t/Su17Eva6wfNHjrExLsnj0AAAAAAAAAAAAAAAAbXZOfZ7T4t/68V8e79Tnl+JTp9QvJcjGaDIAAAAAAAAAAAie9KhGvsJldVq4QjUXuanFljBOskOOb4l51NhlAADKbTTT0a6oDY2mZnT0jXXHH8S5/8A0806Rb+W4o3FO4hxU5KUfd0PHTe3IeAAAAAAAAAAAAAADsY64+h5G0r8uyrQn8JIjaN1mHsTqdr/AIvUxGkyAAAAAAAAAAAInvTrqhsJltXo5wjTXm5xRYwRvJDjm/bl51NhlAAAAA+6VWdCfHTk4S8UHu9NtaZqMtI11wP8a5evgR06Rb+WzjNSimmmnya6nib6AAAAAAAAAAAADDWqaAvPZbILKYCxuNdZSpKMv8l3P5oxslfG8w0KTusS2xzTAAAAAAAAAACtN+OTVDA2Vin7dzX42tfuwX7uJd4td2mVTkTqsQpQ02eAAAAAAA57a8q2kvq5ez1i+TCUTMNzaZalc6Rl9XUfSXJ+TI6dItEu7qeJsh4AAAAAAAAAMN6IC293eNyOJxtSje0lTozarUfbTa1XemunR+pl57VtbdV3FExHaXFZ2AAAAAAAAAGHyAojfRWu6m1sIV6bp28KEVbvXVTWuspfHu9EavGiPDpm8jfn2gJbVgAAAAAAABoByK4qpJKrNL/Jh7uUqIO4AAAAAAAAAxrw9/h3gehaE1VownH7Mopr4GHPUtJyHj0AAAAAAAAAAKX37VYvMYqmvtRt5yfk5LT8maXF+ZUOT9QrEvKYAAAAAAAAAAS4gsAAAAAAAAADDWq0AvHZG8+n7N46trrLsVB+cfZf5GPljxvMNCk7rDcHJMAAAAAAAAAYfIDz7vdv/p229zBS1jbU4UV56cT+cjX48axwzM87uhhZVwAAAAAAAAAAlxBYAAAAAAAAAACy91eWjUsbjHTlpUpT7WC8Yvn8H+Zn8mupiy3ht1pPSksAAAAAAAAADrZC+o42zr3VxNU6FGDqTk+iSPYibTqHkzERuXlzK5CeWyd3fVO6dxVlVa8NXrp6cjdrXxiIY9p8pmXVJIgAAAAAAAAABLiCwAAAAAAAAAAHJb3NazrRrW9WdCtH7NSnLRo8mInqXsTr0vLZ7I/xXC2V1rq6lJOX+S7n80zHyV8bTDQrO6xLZHNIAAAAAABh8gKM3x7RXF1tJUxlK5qKzt6cI1KMZvglU+1q11a1RqcakRTyn2zs95m3ir0uKoAAAAAAAAAAAJcQWAAAAAAAAAAAAWXuqyva2Nzj5v26Mu1gv7Zc/g/zM/k11MWW8NutJ6UlgAAAAAAB17+8pY+zr3VeXDRowlUm30SWrPYibTqHkzqNy8t5PIVMtkrq9q/zLirKq/dq9dPTl6G7WvjERDHtPlO3VJIgAAAAAAAAAAAlxBYAAAAAAAAAAABs9m8zLA5m3vO904vhqxXWD5/v6HPJTzrMJ0t4zteVGrGtSjOElOEkpRkuTT5Mx5jXTQfZ4AAAAAAVlvp2oVni6eGoz+vu9J1tPu0k+5erXwTLvGx7nzn8KnIvqPGFLGmzwAAAAAAAAAAAAJcQWAAAAAAAAAAAAALm2BjKOyeP45OTcZNa9FxPRGTn/clex/MJEcHUAAAAGHyA85bzYVIbd5ZVJSm+OLjxPXSLhFpeRs4P24ZWb7lFzu4gAAAAAAAAAAAAS4gsAAAAAAAAAAAAw+5AXpsvQ+jbO42n4W8H8Vr+pjZJ3eZaFOqw2pzTAAAABh8gKC3yW7o7b1J6fzrelP5OP6Gtxp3jZueNXQctKwAAAAAAAAAAAAEuILAAAAAAAAAAAAJdsdsNR2kspXdxdThSjUdN0qUdJPTT7z8/Aq5c0458Yh3pj8o3K1qFGNvRhTgtIwioryS0M2Z3O1z05DwAAAAAAh22+7e12yr0rmV1VtLunT7KM4pSg1q33x82+TLGLNOKNa6cMmKMnagsjafw/IXVr2iq9hVlS7RLRS4W1rp6GvWdxEs2Y1OnXPUQAAAAAAAAAAAS4gsAAAAAAAAAABhgXLsBjZY3Zm2U041KzdeSfTi5fLQyc9vK8r2ONVSQ4OoAAAAAADDA83bxcRPDbY5Gk46U61T6RTfjGff+eq9DZw28qQystfG8o2d3EAAAAAAAAAAAEuILAAAAAAAAAAdUubYEq2Y2DvspdUK15QdtYqSlLte6U14Jc+/xZWyZ61iYrPbtTHMz36W5GKikkkkuSXQy119AAAAAAAAAIPvO2FqbW2NCtZcCyNs2o8b4VUg+cdfPvXr4lrBl/TnU+lfNj843HtRuVw99hLnsL+1q2tXoqkdFLyfJ+hqVtW0brLOtWazqYdMkiAAAAAAAAAAEuILAAAAAAADNOEqtSMKcZTnJ6KMVq35Ievb1LcJu1yOR4al41YUX0ktaj9Onr8CrfkVr1Xt2rimfaf4TZDGYJKVvbqVZf16vtT9H09NCjfLe/uVitK19N1pocnRkAAAAAAAAAAAdW/xtrlLaVvd29O5oS506sVJEotNZ3DyYi0alW+0m5K1uOKthrh2dTn9HrtypvylzXzLlOVMdXVL8eJ+VX53ZjKbNVeDI2dSgm9I1ftU5eUl3fqXqZK3+ZU7UtT6hqzogAAAAAAAAS4gsAAAAA5La2rXlaNG3pTr1ZcoU4ts8mYiNy9iJn0meE3X3V1w1MlVVrT59jT0lN+b5L5lS/JiOq9u9cMz7T7EbOY/B0+Gzto05aaOo++cvNvvKV8lr/UrNaxX02SWhzSZAAAAAAAAAAAAAAAAcVe3pXVKVKtThVpSWkoTipRa96Z7EzHp5Mb9q/wBpNzGLyXHVxk3jLh9/AlxUW/LmvR+hbpybV6t2rX49Z+elWbRbEZjZeUne2knbp91zR9um/Xp66F+mWuT1KnfHanuGh11OrkAAAAABLiCwAAOexsLnJ11RtKE7iq/uwWunn4ep5a0Vjcy9iJnqE4wm6yc+GplK/AufYUH3+sv2+JSvyfxRYrh/7J5jcPZ4ij2VnbwoQ68K735vmyla1rzu0rEVivp3NNCKTIAAAAAAAAAAAAAAAAAAAAPmUIzi4ySaa0afJgQfaXdHhs3x1bWLxd0+/joL6tv3w5fDQtU5F69T2r3wVt66VVtLu6zWzPHUrW/0q0j/ANTbayil71zj693vL9M1L+lK+K1PaMJ68ju4gAABLiCwfNgT7Zrdm69OFzlpSgpd6tYPR6f3Pp5L4lHJyNdUWaYt92WBY422xtBUbWhC3pL7tNafHxKU2m07lZiIjqHaIvQAAAAAAAAAAAAAAAAAAAAAAAAAYa1Ah21G6zDbRcdWFL+H3j7+3t0km/7o8n8n7yzTPenXuHC+Gtv6UntPstfbJZH6JexTUlxUq0PsVI+K/VdDTx5K5I3DPvSaTqWnOjmAS4gsJPu6xcMltHGdVKVO2g63C+TlqlH5vX0K/It406/LtijdlwIyl1kAAAAAAAAAAAAAAAAAAAAAAAAAAAAABEd6ODp5nY+9k4J17SLuaUuqcea9Vqixgt43j+3DNXypLzubDLAJcQWE33T/APFr/wD7C/3FPlfMLGH6laC5GctsgAAAAAAAAAAAAAAAAAAAAAAAAAAAAANRtd/ytmP/AA63+xnTH9x/6hf5l5gXJG4xwD//2Q=='}
,Chrome Headless 114.0.5735.199 (Windows 10) ERROR: 'NG0304: 'app-nav-menu' is not a known element:
1. If 'app-nav-menu' is an Angular component, then verify that it is part of this module.
2. If 'app-nav-menu' is a Web Component then add 'CUSTOM_ELEMENTS_SCHEMA' to the '@NgModule.schemas' of this component to suppress this message.'
,Chrome Headless 114.0.5735.199 (Windows 10) LOG: Object{firstName: 'user_1', lastName: 'lastName_user_1', email: 'prueba@email.com', phone: '123456789', typeUser: 1, photo: 'data:image/jpeg;base64,/9j/4AAQSkZJRgABAQEAZABkAAD/2wBDAAMCAgMCAgMDAwMEAwMEBQgFBQQEBQoHBwYIDAoMDAsKCwsNDhIQDQ4RDgsLEBYQERMUFRUVDA8XGBYUGBIUFRT/2wBDAQMEBAUEBQkFBQkUDQsNFBQUFBQUFBQUFBQUFBQUFBQUFBQUFBQUFBQUFBQUFBQUFBQUFBQUFBQUFBQUFBQUFBT/wAARCAD6APoDAREAAhEBAxEB/8QAHAABAAICAwEAAAAAAAAAAAAAAAYHAQUDBAgC/8QAPhAAAgEDAQUFBAgFAgcAAAAAAAECAwQFEQYHEjFBEyFRcYEiYZGhFCMyQlKxwdEVM0NicmOyNTZEc3Si4f/EABkBAQADAQEAAAAAAAAAAAAAAAACBAUDAf/EACcRAQACAgIDAAEEAgMAAAAAAAABAgMRBCESMTJBEzNRYRQiQlJx/9oADAMBAAIRAxEAPwD2WbrMAAAAAAAAAAAAAAAAAAAAAAAAAAAAAAAAAAAAAAAAAAAAAAAAAAAAAAAAAAAAAAAAAAAAAAAAAAAAAAAAAAAAAAAAAAAAAAAAAAAAAAAAAAAAAAAAAAAAAAAAAAAAAAAAAAAAAAAAAAAAAAAAAAAAAAAAAAAAAAAAAAAAAAAAAAAAAAAAAAAAAAAAAAAAAAAAAAAAAAAAAAAAAAAAAAAAAAAAAAAAAAAAAAAAAAAAAAAAAAdiwxt1la/Y2lvUuKnVQXLzfJepG1orG7SlETPUJdjt1d9XSleXVK1T+5TXaSX5L8yrbk1j5h2jDP5buhuqxkI/W3F1Vl7pRivyOM8m/wCIdIw1c0t1uHa0UruPvVVfsef5Nz9GrW3u6am03aZCcZdI14Jr4rQ6Ryp/5QjOH+JRPNbIZTBJzuKHHQX9ei+KPr1XqWqZaX9S42pavtpddTq5sgAAAAAAAAAAAAAAAAAAAAAAAAAAAkGyGyNXaa6cpuVKxpv6youcn+GPv/I4ZcsY4/t1pTylb2OxlriraNva0Y0KUfuxXP3t9X7zLtabTuV2Iisah2SL1kAAA+ZRUk01qnzTArLeFsXHHUKmWx1H6iHtXFvTX2V1nFeHivVGhgzb/wBbKmWmv9oQGjcU7iHFTkpR93QvK8TtyngAAAAAAAAAAAAAAAAAAAAAAEm2klq33JID7dvWjVdN0aiqJ6cDg+LXyPNx7e6lK9m93d7lKkat9GVlac3GXdUn7kunmytkz1r1XuXauKZ9rSsrKhjrWnb29ONKjTWkYR6GbMzadytxERGodg8egAAAAAfM4KcXGSUotaNNapoDz5t5sRebGZKd1bpvGVqj7GrD+nr3qEv06M18OWMkan2zMmOcc7j001pm4y0jXXA/xrl6+B30hFv5bSM1OKaaafJrqeJvoAAAAAAAAAAAAAAAAAAAAHcwlBXWax9J8p3FNf8AsiF51WZSr3ML64dXqYrRZ0AyAAAAAAAAA6uTxtvl7CvZ3VNVbetFxnB9V+5KtprO4RmItGpeadqtnq2y+ducdVbmoPip1H9+D+y/396ZtY7xkrFoZV6+FtNfbXlW0etOXd1i+TOiETMNzZ5alcaRl9VUfRvufkyOnWLRLvaniTIAAAAAAAAAAAAAAAAAA22yEeLanFr/AF0/kzll/blOn1C8VyMdoMgAAAAAAAAAACrd+WGjVxtjlIx+soVOwm/GMu9fBr5l7i21M1U+RXqLKbNJQNAO5aZSta6Rb7Sn+GXTyZ5pKLTDc2t/Su17Eva6wfNHjrExLsnj0AAAAAAAAAAAAAAAAbXZOfZ7T4t/68V8e79Tnl+JTp9QvJcjGaDIAAAAAAAAAAAie9KhGvsJldVq4QjUXuanFljBOskOOb4l51NhlAADKbTTT0a6oDY2mZnT0jXXHH8S5/8A0806Rb+W4o3FO4hxU5KUfd0PHTe3IeAAAAAAAAAAAAAADsY64+h5G0r8uyrQn8JIjaN1mHsTqdr/AIvUxGkyAAAAAAAAAAAInvTrqhsJltXo5wjTXm5xRYwRvJDjm/bl51NhlAAAAA+6VWdCfHTk4S8UHu9NtaZqMtI11wP8a5evgR06Rb+WzjNSimmmnya6nib6AAAAAAAAAAAADDWqaAvPZbILKYCxuNdZSpKMv8l3P5oxslfG8w0KTusS2xzTAAAAAAAAAACtN+OTVDA2Vin7dzX42tfuwX7uJd4td2mVTkTqsQpQ02eAAAAAAA57a8q2kvq5ez1i+TCUTMNzaZalc6Rl9XUfSXJ+TI6dItEu7qeJsh4AAAAAAAAAMN6IC293eNyOJxtSje0lTozarUfbTa1XemunR+pl57VtbdV3FExHaXFZ2AAAAAAAAAGHyAojfRWu6m1sIV6bp28KEVbvXVTWuspfHu9EavGiPDpm8jfn2gJbVgAAAAAAABoByK4qpJKrNL/Jh7uUqIO4AAAAAAAAAxrw9/h3gehaE1VownH7Mopr4GHPUtJyHj0AAAAAAAAAAKX37VYvMYqmvtRt5yfk5LT8maXF+ZUOT9QrEvKYAAAAAAAAAAS4gsAAAAAAAAADDWq0AvHZG8+n7N46trrLsVB+cfZf5GPljxvMNCk7rDcHJMAAAAAAAAAYfIDz7vdv/p229zBS1jbU4UV56cT+cjX48axwzM87uhhZVwAAAAAAAAAAlxBYAAAAAAAAAACy91eWjUsbjHTlpUpT7WC8Yvn8H+Zn8mupiy3ht1pPSksAAAAAAAAADrZC+o42zr3VxNU6FGDqTk+iSPYibTqHkzERuXlzK5CeWyd3fVO6dxVlVa8NXrp6cjdrXxiIY9p8pmXVJIgAAAAAAAAABLiCwAAAAAAAAAAHJb3NazrRrW9WdCtH7NSnLRo8mInqXsTr0vLZ7I/xXC2V1rq6lJOX+S7n80zHyV8bTDQrO6xLZHNIAAAAAABh8gKM3x7RXF1tJUxlK5qKzt6cI1KMZvglU+1q11a1RqcakRTyn2zs95m3ir0uKoAAAAAAAAAAAJcQWAAAAAAAAAAAAWXuqyva2Nzj5v26Mu1gv7Zc/g/zM/k11MWW8NutJ6UlgAAAAAAB17+8pY+zr3VeXDRowlUm30SWrPYibTqHkzqNy8t5PIVMtkrq9q/zLirKq/dq9dPTl6G7WvjERDHtPlO3VJIgAAAAAAAAAAAlxBYAAAAAAAAAAABs9m8zLA5m3vO904vhqxXWD5/v6HPJTzrMJ0t4zteVGrGtSjOElOEkpRkuTT5Mx5jXTQfZ4AAAAAAVlvp2oVni6eGoz+vu9J1tPu0k+5erXwTLvGx7nzn8KnIvqPGFLGmzwAAAAAAAAAAAAJcQWAAAAAAAAAAAAALm2BjKOyeP45OTcZNa9FxPRGTn/clex/MJEcHUAAAAGHyA85bzYVIbd5ZVJSm+OLjxPXSLhFpeRs4P24ZWb7lFzu4gAAAAAAAAAAAAS4gsAAAAAAAAAAAAw+5AXpsvQ+jbO42n4W8H8Vr+pjZJ3eZaFOqw2pzTAAAABh8gKC3yW7o7b1J6fzrelP5OP6Gtxp3jZueNXQctKwAAAAAAAAAAAAEuILAAAAAAAAAAAAJdsdsNR2kspXdxdThSjUdN0qUdJPTT7z8/Aq5c0458Yh3pj8o3K1qFGNvRhTgtIwioryS0M2Z3O1z05DwAAAAAAh22+7e12yr0rmV1VtLunT7KM4pSg1q33x82+TLGLNOKNa6cMmKMnagsjafw/IXVr2iq9hVlS7RLRS4W1rp6GvWdxEs2Y1OnXPUQAAAAAAAAAAAS4gsAAAAAAAAAABhgXLsBjZY3Zm2U041KzdeSfTi5fLQyc9vK8r2ONVSQ4OoAAAAAADDA83bxcRPDbY5Gk46U61T6RTfjGff+eq9DZw28qQystfG8o2d3EAAAAAAAAAAAEuILAAAAAAAAAAdUubYEq2Y2DvspdUK15QdtYqSlLte6U14Jc+/xZWyZ61iYrPbtTHMz36W5GKikkkkuSXQy119AAAAAAAAAIPvO2FqbW2NCtZcCyNs2o8b4VUg+cdfPvXr4lrBl/TnU+lfNj843HtRuVw99hLnsL+1q2tXoqkdFLyfJ+hqVtW0brLOtWazqYdMkiAAAAAAAAAAEuILAAAAAAADNOEqtSMKcZTnJ6KMVq35Ievb1LcJu1yOR4al41YUX0ktaj9Onr8CrfkVr1Xt2rimfaf4TZDGYJKVvbqVZf16vtT9H09NCjfLe/uVitK19N1pocnRkAAAAAAAAAAAdW/xtrlLaVvd29O5oS506sVJEotNZ3DyYi0alW+0m5K1uOKthrh2dTn9HrtypvylzXzLlOVMdXVL8eJ+VX53ZjKbNVeDI2dSgm9I1ftU5eUl3fqXqZK3+ZU7UtT6hqzogAAAAAAAAS4gsAAAAA5La2rXlaNG3pTr1ZcoU4ts8mYiNy9iJn0meE3X3V1w1MlVVrT59jT0lN+b5L5lS/JiOq9u9cMz7T7EbOY/B0+Gzto05aaOo++cvNvvKV8lr/UrNaxX02SWhzSZAAAAAAAAAAAAAAAAcVe3pXVKVKtThVpSWkoTipRa96Z7EzHp5Mb9q/wBpNzGLyXHVxk3jLh9/AlxUW/LmvR+hbpybV6t2rX49Z+elWbRbEZjZeUne2knbp91zR9um/Xp66F+mWuT1KnfHanuGh11OrkAAAAABLiCwAAOexsLnJ11RtKE7iq/uwWunn4ep5a0Vjcy9iJnqE4wm6yc+GplK/AufYUH3+sv2+JSvyfxRYrh/7J5jcPZ4ij2VnbwoQ68K735vmyla1rzu0rEVivp3NNCKTIAAAAAAAAAAAAAAAAAAAAPmUIzi4ySaa0afJgQfaXdHhs3x1bWLxd0+/joL6tv3w5fDQtU5F69T2r3wVt66VVtLu6zWzPHUrW/0q0j/ANTbayil71zj693vL9M1L+lK+K1PaMJ68ju4gAABLiCwfNgT7Zrdm69OFzlpSgpd6tYPR6f3Pp5L4lHJyNdUWaYt92WBY422xtBUbWhC3pL7tNafHxKU2m07lZiIjqHaIvQAAAAAAAAAAAAAAAAAAAAAAAAAYa1Ah21G6zDbRcdWFL+H3j7+3t0km/7o8n8n7yzTPenXuHC+Gtv6UntPstfbJZH6JexTUlxUq0PsVI+K/VdDTx5K5I3DPvSaTqWnOjmAS4gsJPu6xcMltHGdVKVO2g63C+TlqlH5vX0K/It406/LtijdlwIyl1kAAAAAAAAAAAAAAAAAAAAAAAAAAAAABEd6ODp5nY+9k4J17SLuaUuqcea9Vqixgt43j+3DNXypLzubDLAJcQWE33T/APFr/wD7C/3FPlfMLGH6laC5GctsgAAAAAAAAAAAAAAAAAAAAAAAAAAAAANRtd/ytmP/AA63+xnTH9x/6hf5l5gXJG4xwD//2Q=='}
,Chrome Headless 114.0.5735.199 (Windows 10) ERROR: 'NG0304: 'app-nav-menu' is not a known element:
1. If 'app-nav-menu' is an Angular component, then verify that it is part of this module.
2. If 'app-nav-menu' is a Web Component then add 'CUSTOM_ELEMENTS_SCHEMA' to the '@NgModule.schemas' of this component to suppress this message.'
,Chrome Headless 114.0.5735.199 (Windows 10) LOG: Object{firstName: 'user_1', lastName: 'lastName_user_1', email: 'prueba@email.com', phone: '123456789', typeUser: 1, photo: 'data:image/jpeg;base64,/9j/4AAQSkZJRgABAQEAZABkAAD/2wBDAAMCAgMCAgMDAwMEAwMEBQgFBQQEBQoHBwYIDAoMDAsKCwsNDhIQDQ4RDgsLEBYQERMUFRUVDA8XGBYUGBIUFRT/2wBDAQMEBAUEBQkFBQkUDQsNFBQUFBQUFBQUFBQUFBQUFBQUFBQUFBQUFBQUFBQUFBQUFBQUFBQUFBQUFBQUFBQUFBT/wAARCAD6APoDAREAAhEBAxEB/8QAHAABAAICAwEAAAAAAAAAAAAAAAYHAQUDBAgC/8QAPhAAAgEDAQUFBAgFAgcAAAAAAAECAwQFEQYHEjFBEyFRcYEiYZGhFCMyQlKxwdEVM0NicmOyNTZEc3Si4f/EABkBAQADAQEAAAAAAAAAAAAAAAACBAUDAf/EACcRAQACAgIDAAEEAgMAAAAAAAABAgMRBCESMTJBEzNRYRQiQlJx/9oADAMBAAIRAxEAPwD2WbrMAAAAAAAAAAAAAAAAAAAAAAAAAAAAAAAAAAAAAAAAAAAAAAAAAAAAAAAAAAAAAAAAAAAAAAAAAAAAAAAAAAAAAAAAAAAAAAAAAAAAAAAAAAAAAAAAAAAAAAAAAAAAAAAAAAAAAAAAAAAAAAAAAAAAAAAAAAAAAAAAAAAAAAAAAAAAAAAAAAAAAAAAAAAAAAAAAAAAAAAAAAAAAAAAAAAAAAAAAAAAAAAAAAAAAAAAAAAAAAdiwxt1la/Y2lvUuKnVQXLzfJepG1orG7SlETPUJdjt1d9XSleXVK1T+5TXaSX5L8yrbk1j5h2jDP5buhuqxkI/W3F1Vl7pRivyOM8m/wCIdIw1c0t1uHa0UruPvVVfsef5Nz9GrW3u6am03aZCcZdI14Jr4rQ6Ryp/5QjOH+JRPNbIZTBJzuKHHQX9ei+KPr1XqWqZaX9S42pavtpddTq5sgAAAAAAAAAAAAAAAAAAAAAAAAAAAkGyGyNXaa6cpuVKxpv6youcn+GPv/I4ZcsY4/t1pTylb2OxlriraNva0Y0KUfuxXP3t9X7zLtabTuV2Iisah2SL1kAAA+ZRUk01qnzTArLeFsXHHUKmWx1H6iHtXFvTX2V1nFeHivVGhgzb/wBbKmWmv9oQGjcU7iHFTkpR93QvK8TtyngAAAAAAAAAAAAAAAAAAAAAAEm2klq33JID7dvWjVdN0aiqJ6cDg+LXyPNx7e6lK9m93d7lKkat9GVlac3GXdUn7kunmytkz1r1XuXauKZ9rSsrKhjrWnb29ONKjTWkYR6GbMzadytxERGodg8egAAAAAfM4KcXGSUotaNNapoDz5t5sRebGZKd1bpvGVqj7GrD+nr3qEv06M18OWMkan2zMmOcc7j001pm4y0jXXA/xrl6+B30hFv5bSM1OKaaafJrqeJvoAAAAAAAAAAAAAAAAAAAAHcwlBXWax9J8p3FNf8AsiF51WZSr3ML64dXqYrRZ0AyAAAAAAAAA6uTxtvl7CvZ3VNVbetFxnB9V+5KtprO4RmItGpeadqtnq2y+ducdVbmoPip1H9+D+y/396ZtY7xkrFoZV6+FtNfbXlW0etOXd1i+TOiETMNzZ5alcaRl9VUfRvufkyOnWLRLvaniTIAAAAAAAAAAAAAAAAAA22yEeLanFr/AF0/kzll/blOn1C8VyMdoMgAAAAAAAAAACrd+WGjVxtjlIx+soVOwm/GMu9fBr5l7i21M1U+RXqLKbNJQNAO5aZSta6Rb7Sn+GXTyZ5pKLTDc2t/Su17Eva6wfNHjrExLsnj0AAAAAAAAAAAAAAAAbXZOfZ7T4t/68V8e79Tnl+JTp9QvJcjGaDIAAAAAAAAAAAie9KhGvsJldVq4QjUXuanFljBOskOOb4l51NhlAADKbTTT0a6oDY2mZnT0jXXHH8S5/8A0806Rb+W4o3FO4hxU5KUfd0PHTe3IeAAAAAAAAAAAAAADsY64+h5G0r8uyrQn8JIjaN1mHsTqdr/AIvUxGkyAAAAAAAAAAAInvTrqhsJltXo5wjTXm5xRYwRvJDjm/bl51NhlAAAAA+6VWdCfHTk4S8UHu9NtaZqMtI11wP8a5evgR06Rb+WzjNSimmmnya6nib6AAAAAAAAAAAADDWqaAvPZbILKYCxuNdZSpKMv8l3P5oxslfG8w0KTusS2xzTAAAAAAAAAACtN+OTVDA2Vin7dzX42tfuwX7uJd4td2mVTkTqsQpQ02eAAAAAAA57a8q2kvq5ez1i+TCUTMNzaZalc6Rl9XUfSXJ+TI6dItEu7qeJsh4AAAAAAAAAMN6IC293eNyOJxtSje0lTozarUfbTa1XemunR+pl57VtbdV3FExHaXFZ2AAAAAAAAAGHyAojfRWu6m1sIV6bp28KEVbvXVTWuspfHu9EavGiPDpm8jfn2gJbVgAAAAAAABoByK4qpJKrNL/Jh7uUqIO4AAAAAAAAAxrw9/h3gehaE1VownH7Mopr4GHPUtJyHj0AAAAAAAAAAKX37VYvMYqmvtRt5yfk5LT8maXF+ZUOT9QrEvKYAAAAAAAAAAS4gsAAAAAAAAADDWq0AvHZG8+n7N46trrLsVB+cfZf5GPljxvMNCk7rDcHJMAAAAAAAAAYfIDz7vdv/p229zBS1jbU4UV56cT+cjX48axwzM87uhhZVwAAAAAAAAAAlxBYAAAAAAAAAACy91eWjUsbjHTlpUpT7WC8Yvn8H+Zn8mupiy3ht1pPSksAAAAAAAAADrZC+o42zr3VxNU6FGDqTk+iSPYibTqHkzERuXlzK5CeWyd3fVO6dxVlVa8NXrp6cjdrXxiIY9p8pmXVJIgAAAAAAAAABLiCwAAAAAAAAAAHJb3NazrRrW9WdCtH7NSnLRo8mInqXsTr0vLZ7I/xXC2V1rq6lJOX+S7n80zHyV8bTDQrO6xLZHNIAAAAAABh8gKM3x7RXF1tJUxlK5qKzt6cI1KMZvglU+1q11a1RqcakRTyn2zs95m3ir0uKoAAAAAAAAAAAJcQWAAAAAAAAAAAAWXuqyva2Nzj5v26Mu1gv7Zc/g/zM/k11MWW8NutJ6UlgAAAAAAB17+8pY+zr3VeXDRowlUm30SWrPYibTqHkzqNy8t5PIVMtkrq9q/zLirKq/dq9dPTl6G7WvjERDHtPlO3VJIgAAAAAAAAAAAlxBYAAAAAAAAAAABs9m8zLA5m3vO904vhqxXWD5/v6HPJTzrMJ0t4zteVGrGtSjOElOEkpRkuTT5Mx5jXTQfZ4AAAAAAVlvp2oVni6eGoz+vu9J1tPu0k+5erXwTLvGx7nzn8KnIvqPGFLGmzwAAAAAAAAAAAAJcQWAAAAAAAAAAAAALm2BjKOyeP45OTcZNa9FxPRGTn/clex/MJEcHUAAAAGHyA85bzYVIbd5ZVJSm+OLjxPXSLhFpeRs4P24ZWb7lFzu4gAAAAAAAAAAAAS4gsAAAAAAAAAAAAw+5AXpsvQ+jbO42n4W8H8Vr+pjZJ3eZaFOqw2pzTAAAABh8gKC3yW7o7b1J6fzrelP5OP6Gtxp3jZueNXQctKwAAAAAAAAAAAAEuILAAAAAAAAAAAAJdsdsNR2kspXdxdThSjUdN0qUdJPTT7z8/Aq5c0458Yh3pj8o3K1qFGNvRhTgtIwioryS0M2Z3O1z05DwAAAAAAh22+7e12yr0rmV1VtLunT7KM4pSg1q33x82+TLGLNOKNa6cMmKMnagsjafw/IXVr2iq9hVlS7RLRS4W1rp6GvWdxEs2Y1OnXPUQAAAAAAAAAAAS4gsAAAAAAAAAABhgXLsBjZY3Zm2U041KzdeSfTi5fLQyc9vK8r2ONVSQ4OoAAAAAADDA83bxcRPDbY5Gk46U61T6RTfjGff+eq9DZw28qQystfG8o2d3EAAAAAAAAAAAEuILAAAAAAAAAAdUubYEq2Y2DvspdUK15QdtYqSlLte6U14Jc+/xZWyZ61iYrPbtTHMz36W5GKikkkkuSXQy119AAAAAAAAAIPvO2FqbW2NCtZcCyNs2o8b4VUg+cdfPvXr4lrBl/TnU+lfNj843HtRuVw99hLnsL+1q2tXoqkdFLyfJ+hqVtW0brLOtWazqYdMkiAAAAAAAAAAEuILAAAAAAADNOEqtSMKcZTnJ6KMVq35Ievb1LcJu1yOR4al41YUX0ktaj9Onr8CrfkVr1Xt2rimfaf4TZDGYJKVvbqVZf16vtT9H09NCjfLe/uVitK19N1pocnRkAAAAAAAAAAAdW/xtrlLaVvd29O5oS506sVJEotNZ3DyYi0alW+0m5K1uOKthrh2dTn9HrtypvylzXzLlOVMdXVL8eJ+VX53ZjKbNVeDI2dSgm9I1ftU5eUl3fqXqZK3+ZU7UtT6hqzogAAAAAAAAS4gsAAAAA5La2rXlaNG3pTr1ZcoU4ts8mYiNy9iJn0meE3X3V1w1MlVVrT59jT0lN+b5L5lS/JiOq9u9cMz7T7EbOY/B0+Gzto05aaOo++cvNvvKV8lr/UrNaxX02SWhzSZAAAAAAAAAAAAAAAAcVe3pXVKVKtThVpSWkoTipRa96Z7EzHp5Mb9q/wBpNzGLyXHVxk3jLh9/AlxUW/LmvR+hbpybV6t2rX49Z+elWbRbEZjZeUne2knbp91zR9um/Xp66F+mWuT1KnfHanuGh11OrkAAAAABLiCwAAOexsLnJ11RtKE7iq/uwWunn4ep5a0Vjcy9iJnqE4wm6yc+GplK/AufYUH3+sv2+JSvyfxRYrh/7J5jcPZ4ij2VnbwoQ68K735vmyla1rzu0rEVivp3NNCKTIAAAAAAAAAAAAAAAAAAAAPmUIzi4ySaa0afJgQfaXdHhs3x1bWLxd0+/joL6tv3w5fDQtU5F69T2r3wVt66VVtLu6zWzPHUrW/0q0j/ANTbayil71zj693vL9M1L+lK+K1PaMJ68ju4gAABLiCwfNgT7Zrdm69OFzlpSgpd6tYPR6f3Pp5L4lHJyNdUWaYt92WBY422xtBUbWhC3pL7tNafHxKU2m07lZiIjqHaIvQAAAAAAAAAAAAAAAAAAAAAAAAAYa1Ah21G6zDbRcdWFL+H3j7+3t0km/7o8n8n7yzTPenXuHC+Gtv6UntPstfbJZH6JexTUlxUq0PsVI+K/VdDTx5K5I3DPvSaTqWnOjmAS4gsJPu6xcMltHGdVKVO2g63C+TlqlH5vX0K/It406/LtijdlwIyl1kAAAAAAAAAAAAAAAAAAAAAAAAAAAAABEd6ODp5nY+9k4J17SLuaUuqcea9Vqixgt43j+3DNXypLzubDLAJcQWE33T/APFr/wD7C/3FPlfMLGH6laC5GctsgAAAAAAAAAAAAAAAAAAAAAAAAAAAAANRtd/ytmP/AA63+xnTH9x/6hf5l5gXJG4xwD//2Q=='}
,Chrome Headless 114.0.5735.199 (Windows 10) ERROR: 'NG0304: 'app-nav-menu' is not a known element:
1. If 'app-nav-menu' is an Angular component, then verify that it is part of this module.
2. If 'app-nav-menu' is a Web Component then add 'CUSTOM_ELEMENTS_SCHEMA' to the '@NgModule.schemas' of this component to suppress this message.'
,Chrome Headless 114.0.5735.199 (Windows 10) LOG: Object{firstName: 'user_1', lastName: 'lastName_user_1', email: 'prueba@email.com', phone: '123456789', typeUser: 1, photo: 'data:image/jpeg;base64,/9j/4AAQSkZJRgABAQEAZABkAAD/2wBDAAMCAgMCAgMDAwMEAwMEBQgFBQQEBQoHBwYIDAoMDAsKCwsNDhIQDQ4RDgsLEBYQERMUFRUVDA8XGBYUGBIUFRT/2wBDAQMEBAUEBQkFBQkUDQsNFBQUFBQUFBQUFBQUFBQUFBQUFBQUFBQUFBQUFBQUFBQUFBQUFBQUFBQUFBQUFBQUFBT/wAARCAD6APoDAREAAhEBAxEB/8QAHAABAAICAwEAAAAAAAAAAAAAAAYHAQUDBAgC/8QAPhAAAgEDAQUFBAgFAgcAAAAAAAECAwQFEQYHEjFBEyFRcYEiYZGhFCMyQlKxwdEVM0NicmOyNTZEc3Si4f/EABkBAQADAQEAAAAAAAAAAAAAAAACBAUDAf/EACcRAQACAgIDAAEEAgMAAAAAAAABAgMRBCESMTJBEzNRYRQiQlJx/9oADAMBAAIRAxEAPwD2WbrMAAAAAAAAAAAAAAAAAAAAAAAAAAAAAAAAAAAAAAAAAAAAAAAAAAAAAAAAAAAAAAAAAAAAAAAAAAAAAAAAAAAAAAAAAAAAAAAAAAAAAAAAAAAAAAAAAAAAAAAAAAAAAAAAAAAAAAAAAAAAAAAAAAAAAAAAAAAAAAAAAAAAAAAAAAAAAAAAAAAAAAAAAAAAAAAAAAAAAAAAAAAAAAAAAAAAAAAAAAAAAAAAAAAAAAAAAAAAAAdiwxt1la/Y2lvUuKnVQXLzfJepG1orG7SlETPUJdjt1d9XSleXVK1T+5TXaSX5L8yrbk1j5h2jDP5buhuqxkI/W3F1Vl7pRivyOM8m/wCIdIw1c0t1uHa0UruPvVVfsef5Nz9GrW3u6am03aZCcZdI14Jr4rQ6Ryp/5QjOH+JRPNbIZTBJzuKHHQX9ei+KPr1XqWqZaX9S42pavtpddTq5sgAAAAAAAAAAAAAAAAAAAAAAAAAAAkGyGyNXaa6cpuVKxpv6youcn+GPv/I4ZcsY4/t1pTylb2OxlriraNva0Y0KUfuxXP3t9X7zLtabTuV2Iisah2SL1kAAA+ZRUk01qnzTArLeFsXHHUKmWx1H6iHtXFvTX2V1nFeHivVGhgzb/wBbKmWmv9oQGjcU7iHFTkpR93QvK8TtyngAAAAAAAAAAAAAAAAAAAAAAEm2klq33JID7dvWjVdN0aiqJ6cDg+LXyPNx7e6lK9m93d7lKkat9GVlac3GXdUn7kunmytkz1r1XuXauKZ9rSsrKhjrWnb29ONKjTWkYR6GbMzadytxERGodg8egAAAAAfM4KcXGSUotaNNapoDz5t5sRebGZKd1bpvGVqj7GrD+nr3qEv06M18OWMkan2zMmOcc7j001pm4y0jXXA/xrl6+B30hFv5bSM1OKaaafJrqeJvoAAAAAAAAAAAAAAAAAAAAHcwlBXWax9J8p3FNf8AsiF51WZSr3ML64dXqYrRZ0AyAAAAAAAAA6uTxtvl7CvZ3VNVbetFxnB9V+5KtprO4RmItGpeadqtnq2y+ducdVbmoPip1H9+D+y/396ZtY7xkrFoZV6+FtNfbXlW0etOXd1i+TOiETMNzZ5alcaRl9VUfRvufkyOnWLRLvaniTIAAAAAAAAAAAAAAAAAA22yEeLanFr/AF0/kzll/blOn1C8VyMdoMgAAAAAAAAAACrd+WGjVxtjlIx+soVOwm/GMu9fBr5l7i21M1U+RXqLKbNJQNAO5aZSta6Rb7Sn+GXTyZ5pKLTDc2t/Su17Eva6wfNHjrExLsnj0AAAAAAAAAAAAAAAAbXZOfZ7T4t/68V8e79Tnl+JTp9QvJcjGaDIAAAAAAAAAAAie9KhGvsJldVq4QjUXuanFljBOskOOb4l51NhlAADKbTTT0a6oDY2mZnT0jXXHH8S5/8A0806Rb+W4o3FO4hxU5KUfd0PHTe3IeAAAAAAAAAAAAAADsY64+h5G0r8uyrQn8JIjaN1mHsTqdr/AIvUxGkyAAAAAAAAAAAInvTrqhsJltXo5wjTXm5xRYwRvJDjm/bl51NhlAAAAA+6VWdCfHTk4S8UHu9NtaZqMtI11wP8a5evgR06Rb+WzjNSimmmnya6nib6AAAAAAAAAAAADDWqaAvPZbILKYCxuNdZSpKMv8l3P5oxslfG8w0KTusS2xzTAAAAAAAAAACtN+OTVDA2Vin7dzX42tfuwX7uJd4td2mVTkTqsQpQ02eAAAAAAA57a8q2kvq5ez1i+TCUTMNzaZalc6Rl9XUfSXJ+TI6dItEu7qeJsh4AAAAAAAAAMN6IC293eNyOJxtSje0lTozarUfbTa1XemunR+pl57VtbdV3FExHaXFZ2AAAAAAAAAGHyAojfRWu6m1sIV6bp28KEVbvXVTWuspfHu9EavGiPDpm8jfn2gJbVgAAAAAAABoByK4qpJKrNL/Jh7uUqIO4AAAAAAAAAxrw9/h3gehaE1VownH7Mopr4GHPUtJyHj0AAAAAAAAAAKX37VYvMYqmvtRt5yfk5LT8maXF+ZUOT9QrEvKYAAAAAAAAAAS4gsAAAAAAAAADDWq0AvHZG8+n7N46trrLsVB+cfZf5GPljxvMNCk7rDcHJMAAAAAAAAAYfIDz7vdv/p229zBS1jbU4UV56cT+cjX48axwzM87uhhZVwAAAAAAAAAAlxBYAAAAAAAAAACy91eWjUsbjHTlpUpT7WC8Yvn8H+Zn8mupiy3ht1pPSksAAAAAAAAADrZC+o42zr3VxNU6FGDqTk+iSPYibTqHkzERuXlzK5CeWyd3fVO6dxVlVa8NXrp6cjdrXxiIY9p8pmXVJIgAAAAAAAAABLiCwAAAAAAAAAAHJb3NazrRrW9WdCtH7NSnLRo8mInqXsTr0vLZ7I/xXC2V1rq6lJOX+S7n80zHyV8bTDQrO6xLZHNIAAAAAABh8gKM3x7RXF1tJUxlK5qKzt6cI1KMZvglU+1q11a1RqcakRTyn2zs95m3ir0uKoAAAAAAAAAAAJcQWAAAAAAAAAAAAWXuqyva2Nzj5v26Mu1gv7Zc/g/zM/k11MWW8NutJ6UlgAAAAAAB17+8pY+zr3VeXDRowlUm30SWrPYibTqHkzqNy8t5PIVMtkrq9q/zLirKq/dq9dPTl6G7WvjERDHtPlO3VJIgAAAAAAAAAAAlxBYAAAAAAAAAAABs9m8zLA5m3vO904vhqxXWD5/v6HPJTzrMJ0t4zteVGrGtSjOElOEkpRkuTT5Mx5jXTQfZ4AAAAAAVlvp2oVni6eGoz+vu9J1tPu0k+5erXwTLvGx7nzn8KnIvqPGFLGmzwAAAAAAAAAAAAJcQWAAAAAAAAAAAAALm2BjKOyeP45OTcZNa9FxPRGTn/clex/MJEcHUAAAAGHyA85bzYVIbd5ZVJSm+OLjxPXSLhFpeRs4P24ZWb7lFzu4gAAAAAAAAAAAAS4gsAAAAAAAAAAAAw+5AXpsvQ+jbO42n4W8H8Vr+pjZJ3eZaFOqw2pzTAAAABh8gKC3yW7o7b1J6fzrelP5OP6Gtxp3jZueNXQctKwAAAAAAAAAAAAEuILAAAAAAAAAAAAJdsdsNR2kspXdxdThSjUdN0qUdJPTT7z8/Aq5c0458Yh3pj8o3K1qFGNvRhTgtIwioryS0M2Z3O1z05DwAAAAAAh22+7e12yr0rmV1VtLunT7KM4pSg1q33x82+TLGLNOKNa6cMmKMnagsjafw/IXVr2iq9hVlS7RLRS4W1rp6GvWdxEs2Y1OnXPUQAAAAAAAAAAAS4gsAAAAAAAAAABhgXLsBjZY3Zm2U041KzdeSfTi5fLQyc9vK8r2ONVSQ4OoAAAAAADDA83bxcRPDbY5Gk46U61T6RTfjGff+eq9DZw28qQystfG8o2d3EAAAAAAAAAAAEuILAAAAAAAAAAdUubYEq2Y2DvspdUK15QdtYqSlLte6U14Jc+/xZWyZ61iYrPbtTHMz36W5GKikkkkuSXQy119AAAAAAAAAIPvO2FqbW2NCtZcCyNs2o8b4VUg+cdfPvXr4lrBl/TnU+lfNj843HtRuVw99hLnsL+1q2tXoqkdFLyfJ+hqVtW0brLOtWazqYdMkiAAAAAAAAAAEuILAAAAAAADNOEqtSMKcZTnJ6KMVq35Ievb1LcJu1yOR4al41YUX0ktaj9Onr8CrfkVr1Xt2rimfaf4TZDGYJKVvbqVZf16vtT9H09NCjfLe/uVitK19N1pocnRkAAAAAAAAAAAdW/xtrlLaVvd29O5oS506sVJEotNZ3DyYi0alW+0m5K1uOKthrh2dTn9HrtypvylzXzLlOVMdXVL8eJ+VX53ZjKbNVeDI2dSgm9I1ftU5eUl3fqXqZK3+ZU7UtT6hqzogAAAAAAAAS4gsAAAAA5La2rXlaNG3pTr1ZcoU4ts8mYiNy9iJn0meE3X3V1w1MlVVrT59jT0lN+b5L5lS/JiOq9u9cMz7T7EbOY/B0+Gzto05aaOo++cvNvvKV8lr/UrNaxX02SWhzSZAAAAAAAAAAAAAAAAcVe3pXVKVKtThVpSWkoTipRa96Z7EzHp5Mb9q/wBpNzGLyXHVxk3jLh9/AlxUW/LmvR+hbpybV6t2rX49Z+elWbRbEZjZeUne2knbp91zR9um/Xp66F+mWuT1KnfHanuGh11OrkAAAAABLiCwAAOexsLnJ11RtKE7iq/uwWunn4ep5a0Vjcy9iJnqE4wm6yc+GplK/AufYUH3+sv2+JSvyfxRYrh/7J5jcPZ4ij2VnbwoQ68K735vmyla1rzu0rEVivp3NNCKTIAAAAAAAAAAAAAAAAAAAAPmUIzi4ySaa0afJgQfaXdHhs3x1bWLxd0+/joL6tv3w5fDQtU5F69T2r3wVt66VVtLu6zWzPHUrW/0q0j/ANTbayil71zj693vL9M1L+lK+K1PaMJ68ju4gAABLiCwfNgT7Zrdm69OFzlpSgpd6tYPR6f3Pp5L4lHJyNdUWaYt92WBY422xtBUbWhC3pL7tNafHxKU2m07lZiIjqHaIvQAAAAAAAAAAAAAAAAAAAAAAAAAYa1Ah21G6zDbRcdWFL+H3j7+3t0km/7o8n8n7yzTPenXuHC+Gtv6UntPstfbJZH6JexTUlxUq0PsVI+K/VdDTx5K5I3DPvSaTqWnOjmAS4gsJPu6xcMltHGdVKVO2g63C+TlqlH5vX0K/It406/LtijdlwIyl1kAAAAAAAAAAAAAAAAAAAAAAAAAAAAABEd6ODp5nY+9k4J17SLuaUuqcea9Vqixgt43j+3DNXypLzubDLAJcQWE33T/APFr/wD7C/3FPlfMLGH6laC5GctsgAAAAAAAAAAAAAAAAAAAAAAAAAAAAANRtd/ytmP/AA63+xnTH9x/6hf5l5gXJG4xwD//2Q=='}
,Chrome Headless 114.0.5735.199 (Windows 10) ERROR: 'NG0303: Can't bind to 'ngModel' since it isn't a known property of 'input'.'
,Chrome Headless 114.0.5735.199 (Windows 10) ERROR: 'NG0303: Can't bind to 'ngModel' since it isn't a known property of 'input'.'
,Chrome Headless 114.0.5735.199 (Windows 10) ERROR: 'NG0303: Can't bind to 'ngModel' since it isn't a known property of 'input'.'
,Chrome Headless 114.0.5735.199 (Windows 10) ERROR: 'NG0303: Can't bind to 'ngModel' since it isn't a known property of 'input'.'
,Chrome Headless 114.0.5735.199 (Windows 10) ERROR: 'NG0303: Can't bind to 'ngModel' since it isn't a known property of 'input'.'
,Chrome Headless 114.0.5735.199 (Windows 10) ERROR: 'NG0303: Can't bind to 'ngModel' since it isn't a known property of 'input'.'
,Chrome Headless 114.0.5735.199 (Windows 10) ERROR: 'NG0303: Can't bind to 'ngModel' since it isn't a known property of 'input'.'
,Chrome Headless 114.0.5735.199 (Windows 10) ERROR: 'NG0303: Can't bind to 'ngModel' since it isn't a known property of 'input'.'
,Chrome Headless 114.0.5735.199 (Windows 10) ERROR: 'NG0303: Can't bind to 'ngModel' since it isn't a known property of 'input'.'
,Chrome Headless 114.0.5735.199 (Windows 10) ERROR: 'NG0303: Can't bind to 'ngModel' since it isn't a known property of 'input'.'
,Chrome Headless 114.0.5735.199 (Windows 10) ERROR: 'NG0304: 'mat-list' is not a known element:
1. If 'mat-list' is an Angular component, then verify that it is part of this module.
2. If 'mat-list' is a Web Component then add 'CUSTOM_ELEMENTS_SCHEMA' to the '@NgModule.schemas' of this component to suppress this message.'
,Chrome Headless 114.0.5735.199 (Windows 10) ERROR: 'NG0304: 'mat-list-item' is not a known element:
1. If 'mat-list-item' is an Angular component, then verify that it is part of this module.
2. If 'mat-list-item' is a Web Component then add 'CUSTOM_ELEMENTS_SCHEMA' to the '@NgModule.schemas' of this component to suppress this message.'
,Chrome Headless 114.0.5735.199 (Windows 10) ERROR: 'NG0304: 'mat-icon' is not a known element:
1. If 'mat-icon' is an Angular component, then verify that it is part of this module.
2. If 'mat-icon' is a Web Component then add 'CUSTOM_ELEMENTS_SCHEMA' to the '@NgModule.schemas' of this component to suppress this message.'
,Chrome Headless 114.0.5735.199 (Windows 10) ERROR: 'NG0304: 'mat-list-item' is not a known element:
1. If 'mat-list-item' is an Angular component, then verify that it is part of this module.
2. If 'mat-list-item' is a Web Component then add 'CUSTOM_ELEMENTS_SCHEMA' to the '@NgModule.schemas' of this component to suppress this message.'
,Chrome Headless 114.0.5735.199 (Windows 10) ERROR: 'NG0304: 'mat-icon' is not a known element:
1. If 'mat-icon' is an Angular component, then verify that it is part of this module.
2. If 'mat-icon' is a Web Component then add 'CUSTOM_ELEMENTS_SCHEMA' to the '@NgModule.schemas' of this component to suppress this message.'
,Chrome Headless 114.0.5735.199 (Windows 10) ERROR: 'NG0304: 'mat-list-item' is not a known element:
1. If 'mat-list-item' is an Angular component, then verify that it is part of this module.
2. If 'mat-list-item' is a Web Component then add 'CUSTOM_ELEMENTS_SCHEMA' to the '@NgModule.schemas' of this component to suppress this message.'
,Chrome Headless 114.0.5735.199 (Windows 10) ERROR: 'NG0304: 'mat-icon' is not a known element:
1. If 'mat-icon' is an Angular component, then verify that it is part of this module.
2. If 'mat-icon' is a Web Component then add 'CUSTOM_ELEMENTS_SCHEMA' to the '@NgModule.schemas' of this component to suppress this message.'
,Chrome Headless 114.0.5735.199 (Windows 10) ERROR: 'NG0304: 'mat-list' is not a known element:
1. If 'mat-list' is an Angular component, then verify that it is part of this module.
2. If 'mat-list' is a Web Component then add 'CUSTOM_ELEMENTS_SCHEMA' to the '@NgModule.schemas' of this component to suppress this message.'
,Chrome Headless 114.0.5735.199 (Windows 10) LOG: 'response connections', [Object{name: 'María González', title: 'Diseñadora Gráfica', image: 'data:image/jpeg;base64,/9j/4AAQSkZJRgABAQEAZABkAAD/2wBDAAMCAgMCAgMDAwMEAwMEBQgFBQQEBQoHBwYIDAoMDAsKCwsNDhIQDQ4RDgsLEBYQERMUFRUVDA8XGBYUGBIUFRT/2wBDAQMEBAUEBQkFBQkUDQsNFBQUFBQUFBQUFBQUFBQUFBQUFBQUFBQUFBQUFBQUFBQUFBQUFBQUFBQUFBQUFBQUFBT/wAARCAD6APoDAREAAhEBAxEB/8QAHAABAAICAwEAAAAAAAAAAAAAAAYHAQUDBAgC/8QAPhAAAgEDAQUFBAgFAgcAAAAAAAECAwQFEQYHEjFBEyFRcYEiYZGhFCMyQlKxwdEVM0NicmOyNTZEc3Si4f/EABkBAQADAQEAAAAAAAAAAAAAAAACBAUDAf/EACcRAQACAgIDAAEEAgMAAAAAAAABAgMRBCESMTJBEzNRYRQiQlJx/9oADAMBAAIRAxEAPwD2WbrMAAAAAAAAAAAAAAAAAAAAAAAAAAAAAAAAAAAAAAAAAAAAAAAAAAAAAAAAAAAAAAAAAAAAAAAAAAAAAAAAAAAAAAAAAAAAAAAAAAAAAAAAAAAAAAAAAAAAAAAAAAAAAAAAAAAAAAAAAAAAAAAAAAAAAAAAAAAAAAAAAAAAAAAAAAAAAAAAAAAAAAAAAAAAAAAAAAAAAAAAAAAAAAAAAAAAAAAAAAAAAAAAAAAAAAAAAAAAAAdiwxt1la/Y2lvUuKnVQXLzfJepG1orG7SlETPUJdjt1d9XSleXVK1T+5TXaSX5L8yrbk1j5h2jDP5buhuqxkI/W3F1Vl7pRivyOM8m/wCIdIw1c0t1uHa0UruPvVVfsef5Nz9GrW3u6am03aZCcZdI14Jr4rQ6Ryp/5QjOH+JRPNbIZTBJzuKHHQX9ei+KPr1XqWqZaX9S42pavtpddTq5sgAAAAAAAAAAAAAAAAAAAAAAAAAAAkGyGyNXaa6cpuVKxpv6youcn+GPv/I4ZcsY4/t1pTylb2OxlriraNva0Y0KUfuxXP3t9X7zLtabTuV2Iisah2SL1kAAA+ZRUk01qnzTArLeFsXHHUKmWx1H6iHtXFvTX2V1nFeHivVGhgzb/wBbKmWmv9oQGjcU7iHFTkpR93QvK8TtyngAAAAAAAAAAAAAAAAAAAAAAEm2klq33JID7dvWjVdN0aiqJ6cDg+LXyPNx7e6lK9m93d7lKkat9GVlac3GXdUn7kunmytkz1r1XuXauKZ9rSsrKhjrWnb29ONKjTWkYR6GbMzadytxERGodg8egAAAAAfM4KcXGSUotaNNapoDz5t5sRebGZKd1bpvGVqj7GrD+nr3qEv06M18OWMkan2zMmOcc7j001pm4y0jXXA/xrl6+B30hFv5bSM1OKaaafJrqeJvoAAAAAAAAAAAAAAAAAAAAHcwlBXWax9J8p3FNf8AsiF51WZSr3ML64dXqYrRZ0AyAAAAAAAAA6uTxtvl7CvZ3VNVbetFxnB9V+5KtprO4RmItGpeadqtnq2y+ducdVbmoPip1H9+D+y/396ZtY7xkrFoZV6+FtNfbXlW0etOXd1i+TOiETMNzZ5alcaRl9VUfRvufkyOnWLRLvaniTIAAAAAAAAAAAAAAAAAA22yEeLanFr/AF0/kzll/blOn1C8VyMdoMgAAAAAAAAAACrd+WGjVxtjlIx+soVOwm/GMu9fBr5l7i21M1U+RXqLKbNJQNAO5aZSta6Rb7Sn+GXTyZ5pKLTDc2t/Su17Eva6wfNHjrExLsnj0AAAAAAAAAAAAAAAAbXZOfZ7T4t/68V8e79Tnl+JTp9QvJcjGaDIAAAAAAAAAAAie9KhGvsJldVq4QjUXuanFljBOskOOb4l51NhlAADKbTTT0a6oDY2mZnT0jXXHH8S5/8A0806Rb+W4o3FO4hxU5KUfd0PHTe3IeAAAAAAAAAAAAAADsY64+h5G0r8uyrQn8JIjaN1mHsTqdr/AIvUxGkyAAAAAAAAAAAInvTrqhsJltXo5wjTXm5xRYwRvJDjm/bl51NhlAAAAA+6VWdCfHTk4S8UHu9NtaZqMtI11wP8a5evgR06Rb+WzjNSimmmnya6nib6AAAAAAAAAAAADDWqaAvPZbILKYCxuNdZSpKMv8l3P5oxslfG8w0KTusS2xzTAAAAAAAAAACtN+OTVDA2Vin7dzX42tfuwX7uJd4td2mVTkTqsQpQ02eAAAAAAA57a8q2kvq5ez1i+TCUTMNzaZalc6Rl9XUfSXJ+TI6dItEu7qeJsh4AAAAAAAAAMN6IC293eNyOJxtSje0lTozarUfbTa1XemunR+pl57VtbdV3FExHaXFZ2AAAAAAAAAGHyAojfRWu6m1sIV6bp28KEVbvXVTWuspfHu9EavGiPDpm8jfn2gJbVgAAAAAAABoByK4qpJKrNL/Jh7uUqIO4AAAAAAAAAxrw9/h3gehaE1VownH7Mopr4GHPUtJyHj0AAAAAAAAAAKX37VYvMYqmvtRt5yfk5LT8maXF+ZUOT9QrEvKYAAAAAAAAAAS4gsAAAAAAAAADDWq0AvHZG8+n7N46trrLsVB+cfZf5GPljxvMNCk7rDcHJMAAAAAAAAAYfIDz7vdv/p229zBS1jbU4UV56cT+cjX48axwzM87uhhZVwAAAAAAAAAAlxBYAAAAAAAAAACy91eWjUsbjHTlpUpT7WC8Yvn8H+Zn8mupiy3ht1pPSksAAAAAAAAADrZC+o42zr3VxNU6FGDqTk+iSPYibTqHkzERuXlzK5CeWyd3fVO6dxVlVa8NXrp6cjdrXxiIY9p8pmXVJIgAAAAAAAAABLiCwAAAAAAAAAAHJb3NazrRrW9WdCtH7NSnLRo8mInqXsTr0vLZ7I/xXC2V1rq6lJOX+S7n80zHyV8bTDQrO6xLZHNIAAAAAABh8gKM3x7RXF1tJUxlK5qKzt6cI1KMZvglU+1q11a1RqcakRTyn2zs95m3ir0uKoAAAAAAAAAAAJcQWAAAAAAAAAAAAWXuqyva2Nzj5v26Mu1gv7Zc/g/zM/k11MWW8NutJ6UlgAAAAAAB17+8pY+zr3VeXDRowlUm30SWrPYibTqHkzqNy8t5PIVMtkrq9q/zLirKq/dq9dPTl6G7WvjERDHtPlO3VJIgAAAAAAAAAAAlxBYAAAAAAAAAAABs9m8zLA5m3vO904vhqxXWD5/v6HPJTzrMJ0t4zteVGrGtSjOElOEkpRkuTT5Mx5jXTQfZ4AAAAAAVlvp2oVni6eGoz+vu9J1tPu0k+5erXwTLvGx7nzn8KnIvqPGFLGmzwAAAAAAAAAAAAJcQWAAAAAAAAAAAAALm2BjKOyeP45OTcZNa9FxPRGTn/clex/MJEcHUAAAAGHyA85bzYVIbd5ZVJSm+OLjxPXSLhFpeRs4P24ZWb7lFzu4gAAAAAAAAAAAAS4gsAAAAAAAAAAAAw+5AXpsvQ+jbO42n4W8H8Vr+pjZJ3eZaFOqw2pzTAAAABh8gKC3yW7o7b1J6fzrelP5OP6Gtxp3jZueNXQctKwAAAAAAAAAAAAEuILAAAAAAAAAAAAJdsdsNR2kspXdxdThSjUdN0qUdJPTT7z8/Aq5c0458Yh3pj8o3K1qFGNvRhTgtIwioryS0M2Z3O1z05DwAAAAAAh22+7e12yr0rmV1VtLunT7KM4pSg1q33x82+TLGLNOKNa6cMmKMnagsjafw/IXVr2iq9hVlS7RLRS4W1rp6GvWdxEs2Y1OnXPUQAAAAAAAAAAAS4gsAAAAAAAAAABhgXLsBjZY3Zm2U041KzdeSfTi5fLQyc9vK8r2ONVSQ4OoAAAAAADDA83bxcRPDbY5Gk46U61T6RTfjGff+eq9DZw28qQystfG8o2d3EAAAAAAAAAAAEuILAAAAAAAAAAdUubYEq2Y2DvspdUK15QdtYqSlLte6U14Jc+/xZWyZ61iYrPbtTHMz36W5GKikkkkuSXQy119AAAAAAAAAIPvO2FqbW2NCtZcCyNs2o8b4VUg+cdfPvXr4lrBl/TnU+lfNj843HtRuVw99hLnsL+1q2tXoqkdFLyfJ+hqVtW0brLOtWazqYdMkiAAAAAAAAAAEuILAAAAAAADNOEqtSMKcZTnJ6KMVq35Ievb1LcJu1yOR4al41YUX0ktaj9Onr8CrfkVr1Xt2rimfaf4TZDGYJKVvbqVZf16vtT9H09NCjfLe/uVitK19N1pocnRkAAAAAAAAAAAdW/xtrlLaVvd29O5oS506sVJEotNZ3DyYi0alW+0m5K1uOKthrh2dTn9HrtypvylzXzLlOVMdXVL8eJ+VX53ZjKbNVeDI2dSgm9I1ftU5eUl3fqXqZK3+ZU7UtT6hqzogAAAAAAAAS4gsAAAAA5La2rXlaNG3pTr1ZcoU4ts8mYiNy9iJn0meE3X3V1w1MlVVrT59jT0lN+b5L5lS/JiOq9u9cMz7T7EbOY/B0+Gzto05aaOo++cvNvvKV8lr/UrNaxX02SWhzSZAAAAAAAAAAAAAAAAcVe3pXVKVKtThVpSWkoTipRa96Z7EzHp5Mb9q/wBpNzGLyXHVxk3jLh9/AlxUW/LmvR+hbpybV6t2rX49Z+elWbRbEZjZeUne2knbp91zR9um/Xp66F+mWuT1KnfHanuGh11OrkAAAAABLiCwAAOexsLnJ11RtKE7iq/uwWunn4ep5a0Vjcy9iJnqE4wm6yc+GplK/AufYUH3+sv2+JSvyfxRYrh/7J5jcPZ4ij2VnbwoQ68K735vmyla1rzu0rEVivp3NNCKTIAAAAAAAAAAAAAAAAAAAAPmUIzi4ySaa0afJgQfaXdHhs3x1bWLxd0+/joL6tv3w5fDQtU5F69T2r3wVt66VVtLu6zWzPHUrW/0q0j/ANTbayil71zj693vL9M1L+lK+K1PaMJ68ju4gAABLiCwfNgT7Zrdm69OFzlpSgpd6tYPR6f3Pp5L4lHJyNdUWaYt92WBY422xtBUbWhC3pL7tNafHxKU2m07lZiIjqHaIvQAAAAAAAAAAAAAAAAAAAAAAAAAYa1Ah21G6zDbRcdWFL+H3j7+3t0km/7o8n8n7yzTPenXuHC+Gtv6UntPstfbJZH6JexTUlxUq0PsVI+K/VdDTx5K5I3DPvSaTqWnOjmAS4gsJPu6xcMltHGdVKVO2g63C+TlqlH5vX0K/It406/LtijdlwIyl1kAAAAAAAAAAAAAAAAAAAAAAAAAAAAABEd6ODp5nY+9k4J17SLuaUuqcea9Vqixgt43j+3DNXypLzubDLAJcQWE33T/APFr/wD7C/3FPlfMLGH6laC5GctsgAAAAAAAAAAAAAAAAAAAAAAAAAAAAANRtd/ytmP/AA63+xnTH9x/6hf5l5gXJG4xwD//2Q=='}, Object{name: 'Pedro Rodríguez', title: 'Confeccionista', image: 'data:image/jpeg;base64,/9j/4AAQSkZJRgABAQEAZABkAAD/2wBDAAMCAgMCAgMDAwMEAwMEBQgFBQQEBQoHBwYIDAoMDAsKCwsNDhIQDQ4RDgsLEBYQERMUFRUVDA8XGBYUGBIUFRT/2wBDAQMEBAUEBQkFBQkUDQsNFBQUFBQUFBQUFBQUFBQUFBQUFBQUFBQUFBQUFBQUFBQUFBQUFBQUFBQUFBQUFBQUFBT/wAARCAD6APoDAREAAhEBAxEB/8QAHAABAAICAwEAAAAAAAAAAAAAAAYHAQUDBAgC/8QAPhAAAgEDAQUFBAgFAgcAAAAAAAECAwQFEQYHEjFBEyFRcYEiYZGhFCMyQlKxwdEVM0NicmOyNTZEc3Si4f/EABkBAQADAQEAAAAAAAAAAAAAAAACBAUDAf/EACcRAQACAgIDAAEEAgMAAAAAAAABAgMRBCESMTJBEzNRYRQiQlJx/9oADAMBAAIRAxEAPwD2WbrMAAAAAAAAAAAAAAAAAAAAAAAAAAAAAAAAAAAAAAAAAAAAAAAAAAAAAAAAAAAAAAAAAAAAAAAAAAAAAAAAAAAAAAAAAAAAAAAAAAAAAAAAAAAAAAAAAAAAAAAAAAAAAAAAAAAAAAAAAAAAAAAAAAAAAAAAAAAAAAAAAAAAAAAAAAAAAAAAAAAAAAAAAAAAAAAAAAAAAAAAAAAAAAAAAAAAAAAAAAAAAAAAAAAAAAAAAAAAAAdiwxt1la/Y2lvUuKnVQXLzfJepG1orG7SlETPUJdjt1d9XSleXVK1T+5TXaSX5L8yrbk1j5h2jDP5buhuqxkI/W3F1Vl7pRivyOM8m/wCIdIw1c0t1uHa0UruPvVVfsef5Nz9GrW3u6am03aZCcZdI14Jr4rQ6Ryp/5QjOH+JRPNbIZTBJzuKHHQX9ei+KPr1XqWqZaX9S42pavtpddTq5sgAAAAAAAAAAAAAAAAAAAAAAAAAAAkGyGyNXaa6cpuVKxpv6youcn+GPv/I4ZcsY4/t1pTylb2OxlriraNva0Y0KUfuxXP3t9X7zLtabTuV2Iisah2SL1kAAA+ZRUk01qnzTArLeFsXHHUKmWx1H6iHtXFvTX2V1nFeHivVGhgzb/wBbKmWmv9oQGjcU7iHFTkpR93QvK8TtyngAAAAAAAAAAAAAAAAAAAAAAEm2klq33JID7dvWjVdN0aiqJ6cDg+LXyPNx7e6lK9m93d7lKkat9GVlac3GXdUn7kunmytkz1r1XuXauKZ9rSsrKhjrWnb29ONKjTWkYR6GbMzadytxERGodg8egAAAAAfM4KcXGSUotaNNapoDz5t5sRebGZKd1bpvGVqj7GrD+nr3qEv06M18OWMkan2zMmOcc7j001pm4y0jXXA/xrl6+B30hFv5bSM1OKaaafJrqeJvoAAAAAAAAAAAAAAAAAAAAHcwlBXWax9J8p3FNf8AsiF51WZSr3ML64dXqYrRZ0AyAAAAAAAAA6uTxtvl7CvZ3VNVbetFxnB9V+5KtprO4RmItGpeadqtnq2y+ducdVbmoPip1H9+D+y/396ZtY7xkrFoZV6+FtNfbXlW0etOXd1i+TOiETMNzZ5alcaRl9VUfRvufkyOnWLRLvaniTIAAAAAAAAAAAAAAAAAA22yEeLanFr/AF0/kzll/blOn1C8VyMdoMgAAAAAAAAAACrd+WGjVxtjlIx+soVOwm/GMu9fBr5l7i21M1U+RXqLKbNJQNAO5aZSta6Rb7Sn+GXTyZ5pKLTDc2t/Su17Eva6wfNHjrExLsnj0AAAAAAAAAAAAAAAAbXZOfZ7T4t/68V8e79Tnl+JTp9QvJcjGaDIAAAAAAAAAAAie9KhGvsJldVq4QjUXuanFljBOskOOb4l51NhlAADKbTTT0a6oDY2mZnT0jXXHH8S5/8A0806Rb+W4o3FO4hxU5KUfd0PHTe3IeAAAAAAAAAAAAAADsY64+h5G0r8uyrQn8JIjaN1mHsTqdr/AIvUxGkyAAAAAAAAAAAInvTrqhsJltXo5wjTXm5xRYwRvJDjm/bl51NhlAAAAA+6VWdCfHTk4S8UHu9NtaZqMtI11wP8a5evgR06Rb+WzjNSimmmnya6nib6AAAAAAAAAAAADDWqaAvPZbILKYCxuNdZSpKMv8l3P5oxslfG8w0KTusS2xzTAAAAAAAAAACtN+OTVDA2Vin7dzX42tfuwX7uJd4td2mVTkTqsQpQ02eAAAAAAA57a8q2kvq5ez1i+TCUTMNzaZalc6Rl9XUfSXJ+TI6dItEu7qeJsh4AAAAAAAAAMN6IC293eNyOJxtSje0lTozarUfbTa1XemunR+pl57VtbdV3FExHaXFZ2AAAAAAAAAGHyAojfRWu6m1sIV6bp28KEVbvXVTWuspfHu9EavGiPDpm8jfn2gJbVgAAAAAAABoByK4qpJKrNL/Jh7uUqIO4AAAAAAAAAxrw9/h3gehaE1VownH7Mopr4GHPUtJyHj0AAAAAAAAAAKX37VYvMYqmvtRt5yfk5LT8maXF+ZUOT9QrEvKYAAAAAAAAAAS4gsAAAAAAAAADDWq0AvHZG8+n7N46trrLsVB+cfZf5GPljxvMNCk7rDcHJMAAAAAAAAAYfIDz7vdv/p229zBS1jbU4UV56cT+cjX48axwzM87uhhZVwAAAAAAAAAAlxBYAAAAAAAAAACy91eWjUsbjHTlpUpT7WC8Yvn8H+Zn8mupiy3ht1pPSksAAAAAAAAADrZC+o42zr3VxNU6FGDqTk+iSPYibTqHkzERuXlzK5CeWyd3fVO6dxVlVa8NXrp6cjdrXxiIY9p8pmXVJIgAAAAAAAAABLiCwAAAAAAAAAAHJb3NazrRrW9WdCtH7NSnLRo8mInqXsTr0vLZ7I/xXC2V1rq6lJOX+S7n80zHyV8bTDQrO6xLZHNIAAAAAABh8gKM3x7RXF1tJUxlK5qKzt6cI1KMZvglU+1q11a1RqcakRTyn2zs95m3ir0uKoAAAAAAAAAAAJcQWAAAAAAAAAAAAWXuqyva2Nzj5v26Mu1gv7Zc/g/zM/k11MWW8NutJ6UlgAAAAAAB17+8pY+zr3VeXDRowlUm30SWrPYibTqHkzqNy8t5PIVMtkrq9q/zLirKq/dq9dPTl6G7WvjERDHtPlO3VJIgAAAAAAAAAAAlxBYAAAAAAAAAAABs9m8zLA5m3vO904vhqxXWD5/v6HPJTzrMJ0t4zteVGrGtSjOElOEkpRkuTT5Mx5jXTQfZ4AAAAAAVlvp2oVni6eGoz+vu9J1tPu0k+5erXwTLvGx7nzn8KnIvqPGFLGmzwAAAAAAAAAAAAJcQWAAAAAAAAAAAAALm2BjKOyeP45OTcZNa9FxPRGTn/clex/MJEcHUAAAAGHyA85bzYVIbd5ZVJSm+OLjxPXSLhFpeRs4P24ZWb7lFzu4gAAAAAAAAAAAAS4gsAAAAAAAAAAAAw+5AXpsvQ+jbO42n4W8H8Vr+pjZJ3eZaFOqw2pzTAAAABh8gKC3yW7o7b1J6fzrelP5OP6Gtxp3jZueNXQctKwAAAAAAAAAAAAEuILAAAAAAAAAAAAJdsdsNR2kspXdxdThSjUdN0qUdJPTT7z8/Aq5c0458Yh3pj8o3K1qFGNvRhTgtIwioryS0M2Z3O1z05DwAAAAAAh22+7e12yr0rmV1VtLunT7KM4pSg1q33x82+TLGLNOKNa6cMmKMnagsjafw/IXVr2iq9hVlS7RLRS4W1rp6GvWdxEs2Y1OnXPUQAAAAAAAAAAAS4gsAAAAAAAAAABhgXLsBjZY3Zm2U041KzdeSfTi5fLQyc9vK8r2ONVSQ4OoAAAAAADDA83bxcRPDbY5Gk46U61T6RTfjGff+eq9DZw28qQystfG8o2d3EAAAAAAAAAAAEuILAAAAAAAAAAdUubYEq2Y2DvspdUK15QdtYqSlLte6U14Jc+/xZWyZ61iYrPbtTHMz36W5GKikkkkuSXQy119AAAAAAAAAIPvO2FqbW2NCtZcCyNs2o8b4VUg+cdfPvXr4lrBl/TnU+lfNj843HtRuVw99hLnsL+1q2tXoqkdFLyfJ+hqVtW0brLOtWazqYdMkiAAAAAAAAAAEuILAAAAAAADNOEqtSMKcZTnJ6KMVq35Ievb1LcJu1yOR4al41YUX0ktaj9Onr8CrfkVr1Xt2rimfaf4TZDGYJKVvbqVZf16vtT9H09NCjfLe/uVitK19N1pocnRkAAAAAAAAAAAdW/xtrlLaVvd29O5oS506sVJEotNZ3DyYi0alW+0m5K1uOKthrh2dTn9HrtypvylzXzLlOVMdXVL8eJ+VX53ZjKbNVeDI2dSgm9I1ftU5eUl3fqXqZK3+ZU7UtT6hqzogAAAAAAAAS4gsAAAAA5La2rXlaNG3pTr1ZcoU4ts8mYiNy9iJn0meE3X3V1w1MlVVrT59jT0lN+b5L5lS/JiOq9u9cMz7T7EbOY/B0+Gzto05aaOo++cvNvvKV8lr/UrNaxX02SWhzSZAAAAAAAAAAAAAAAAcVe3pXVKVKtThVpSWkoTipRa96Z7EzHp5Mb9q/wBpNzGLyXHVxk3jLh9/AlxUW/LmvR+hbpybV6t2rX49Z+elWbRbEZjZeUne2knbp91zR9um/Xp66F+mWuT1KnfHanuGh11OrkAAAAABLiCwAAOexsLnJ11RtKE7iq/uwWunn4ep5a0Vjcy9iJnqE4wm6yc+GplK/AufYUH3+sv2+JSvyfxRYrh/7J5jcPZ4ij2VnbwoQ68K735vmyla1rzu0rEVivp3NNCKTIAAAAAAAAAAAAAAAAAAAAPmUIzi4ySaa0afJgQfaXdHhs3x1bWLxd0+/joL6tv3w5fDQtU5F69T2r3wVt66VVtLu6zWzPHUrW/0q0j/ANTbayil71zj693vL9M1L+lK+K1PaMJ68ju4gAABLiCwfNgT7Zrdm69OFzlpSgpd6tYPR6f3Pp5L4lHJyNdUWaYt92WBY422xtBUbWhC3pL7tNafHxKU2m07lZiIjqHaIvQAAAAAAAAAAAAAAAAAAAAAAAAAYa1Ah21G6zDbRcdWFL+H3j7+3t0km/7o8n8n7yzTPenXuHC+Gtv6UntPstfbJZH6JexTUlxUq0PsVI+K/VdDTx5K5I3DPvSaTqWnOjmAS4gsJPu6xcMltHGdVKVO2g63C+TlqlH5vX0K/It406/LtijdlwIyl1kAAAAAAAAAAAAAAAAAAAAAAAAAAAAABEd6ODp5nY+9k4J17SLuaUuqcea9Vqixgt43j+3DNXypLzubDLAJcQWE33T/APFr/wD7C/3FPlfMLGH6laC5GctsgAAAAAAAAAAAAAAAAAAAAAAAAAAAAANRtd/ytmP/AA63+xnTH9x/6hf5l5gXJG4xwD//2Q=='}, Object{name: 'Laura Martínez', title: 'Analista de Marketing', image: 'data:image/jpeg;base64,/9j/4AAQSkZJRgABAQEAZABkAAD/2wBDAAMCAgMCAgMDAwMEAwMEBQgFBQQEBQoHBwYIDAoMDAsKCwsNDhIQDQ4RDgsLEBYQERMUFRUVDA8XGBYUGBIUFRT/2wBDAQMEBAUEBQkFBQkUDQsNFBQUFBQUFBQUFBQUFBQUFBQUFBQUFBQUFBQUFBQUFBQUFBQUFBQUFBQUFBQUFBQUFBT/wAARCAD6APoDAREAAhEBAxEB/8QAHAABAAICAwEAAAAAAAAAAAAAAAYHAQUDBAgC/8QAPhAAAgEDAQUFBAgFAgcAAAAAAAECAwQFEQYHEjFBEyFRcYEiYZGhFCMyQlKxwdEVM0NicmOyNTZEc3Si4f/EABkBAQADAQEAAAAAAAAAAAAAAAACBAUDAf/EACcRAQACAgIDAAEEAgMAAAAAAAABAgMRBCESMTJBEzNRYRQiQlJx/9oADAMBAAIRAxEAPwD2WbrMAAAAAAAAAAAAAAAAAAAAAAAAAAAAAAAAAAAAAAAAAAAAAAAAAAAAAAAAAAAAAAAAAAAAAAAAAAAAAAAAAAAAAAAAAAAAAAAAAAAAAAAAAAAAAAAAAAAAAAAAAAAAAAAAAAAAAAAAAAAAAAAAAAAAAAAAAAAAAAAAAAAAAAAAAAAAAAAAAAAAAAAAAAAAAAAAAAAAAAAAAAAAAAAAAAAAAAAAAAAAAAAAAAAAAAAAAAAAAAdiwxt1la/Y2lvUuKnVQXLzfJepG1orG7SlETPUJdjt1d9XSleXVK1T+5TXaSX5L8yrbk1j5h2jDP5buhuqxkI/W3F1Vl7pRivyOM8m/wCIdIw1c0t1uHa0UruPvVVfsef5Nz9GrW3u6am03aZCcZdI14Jr4rQ6Ryp/5QjOH+JRPNbIZTBJzuKHHQX9ei+KPr1XqWqZaX9S42pavtpddTq5sgAAAAAAAAAAAAAAAAAAAAAAAAAAAkGyGyNXaa6cpuVKxpv6youcn+GPv/I4ZcsY4/t1pTylb2OxlriraNva0Y0KUfuxXP3t9X7zLtabTuV2Iisah2SL1kAAA+ZRUk01qnzTArLeFsXHHUKmWx1H6iHtXFvTX2V1nFeHivVGhgzb/wBbKmWmv9oQGjcU7iHFTkpR93QvK8TtyngAAAAAAAAAAAAAAAAAAAAAAEm2klq33JID7dvWjVdN0aiqJ6cDg+LXyPNx7e6lK9m93d7lKkat9GVlac3GXdUn7kunmytkz1r1XuXauKZ9rSsrKhjrWnb29ONKjTWkYR6GbMzadytxERGodg8egAAAAAfM4KcXGSUotaNNapoDz5t5sRebGZKd1bpvGVqj7GrD+nr3qEv06M18OWMkan2zMmOcc7j001pm4y0jXXA/xrl6+B30hFv5bSM1OKaaafJrqeJvoAAAAAAAAAAAAAAAAAAAAHcwlBXWax9J8p3FNf8AsiF51WZSr3ML64dXqYrRZ0AyAAAAAAAAA6uTxtvl7CvZ3VNVbetFxnB9V+5KtprO4RmItGpeadqtnq2y+ducdVbmoPip1H9+D+y/396ZtY7xkrFoZV6+FtNfbXlW0etOXd1i+TOiETMNzZ5alcaRl9VUfRvufkyOnWLRLvaniTIAAAAAAAAAAAAAAAAAA22yEeLanFr/AF0/kzll/blOn1C8VyMdoMgAAAAAAAAAACrd+WGjVxtjlIx+soVOwm/GMu9fBr5l7i21M1U+RXqLKbNJQNAO5aZSta6Rb7Sn+GXTyZ5pKLTDc2t/Su17Eva6wfNHjrExLsnj0AAAAAAAAAAAAAAAAbXZOfZ7T4t/68V8e79Tnl+JTp9QvJcjGaDIAAAAAAAAAAAie9KhGvsJldVq4QjUXuanFljBOskOOb4l51NhlAADKbTTT0a6oDY2mZnT0jXXHH8S5/8A0806Rb+W4o3FO4hxU5KUfd0PHTe3IeAAAAAAAAAAAAAADsY64+h5G0r8uyrQn8JIjaN1mHsTqdr/AIvUxGkyAAAAAAAAAAAInvTrqhsJltXo5wjTXm5xRYwRvJDjm/bl51NhlAAAAA+6VWdCfHTk4S8UHu9NtaZqMtI11wP8a5evgR06Rb+WzjNSimmmnya6nib6AAAAAAAAAAAADDWqaAvPZbILKYCxuNdZSpKMv8l3P5oxslfG8w0KTusS2xzTAAAAAAAAAACtN+OTVDA2Vin7dzX42tfuwX7uJd4td2mVTkTqsQpQ02eAAAAAAA57a8q2kvq5ez1i+TCUTMNzaZalc6Rl9XUfSXJ+TI6dItEu7qeJsh4AAAAAAAAAMN6IC293eNyOJxtSje0lTozarUfbTa1XemunR+pl57VtbdV3FExHaXFZ2AAAAAAAAAGHyAojfRWu6m1sIV6bp28KEVbvXVTWuspfHu9EavGiPDpm8jfn2gJbVgAAAAAAABoByK4qpJKrNL/Jh7uUqIO4AAAAAAAAAxrw9/h3gehaE1VownH7Mopr4GHPUtJyHj0AAAAAAAAAAKX37VYvMYqmvtRt5yfk5LT8maXF+ZUOT9QrEvKYAAAAAAAAAAS4gsAAAAAAAAADDWq0AvHZG8+n7N46trrLsVB+cfZf5GPljxvMNCk7rDcHJMAAAAAAAAAYfIDz7vdv/p229zBS1jbU4UV56cT+cjX48axwzM87uhhZVwAAAAAAAAAAlxBYAAAAAAAAAACy91eWjUsbjHTlpUpT7WC8Yvn8H+Zn8mupiy3ht1pPSksAAAAAAAAADrZC+o42zr3VxNU6FGDqTk+iSPYibTqHkzERuXlzK5CeWyd3fVO6dxVlVa8NXrp6cjdrXxiIY9p8pmXVJIgAAAAAAAAABLiCwAAAAAAAAAAHJb3NazrRrW9WdCtH7NSnLRo8mInqXsTr0vLZ7I/xXC2V1rq6lJOX+S7n80zHyV8bTDQrO6xLZHNIAAAAAABh8gKM3x7RXF1tJUxlK5qKzt6cI1KMZvglU+1q11a1RqcakRTyn2zs95m3ir0uKoAAAAAAAAAAAJcQWAAAAAAAAAAAAWXuqyva2Nzj5v26Mu1gv7Zc/g/zM/k11MWW8NutJ6UlgAAAAAAB17+8pY+zr3VeXDRowlUm30SWrPYibTqHkzqNy8t5PIVMtkrq9q/zLirKq/dq9dPTl6G7WvjERDHtPlO3VJIgAAAAAAAAAAAlxBYAAAAAAAAAAABs9m8zLA5m3vO904vhqxXWD5/v6HPJTzrMJ0t4zteVGrGtSjOElOEkpRkuTT5Mx5jXTQfZ4AAAAAAVlvp2oVni6eGoz+vu9J1tPu0k+5erXwTLvGx7nzn8KnIvqPGFLGmzwAAAAAAAAAAAAJcQWAAAAAAAAAAAAALm2BjKOyeP45OTcZNa9FxPRGTn/clex/MJEcHUAAAAGHyA85bzYVIbd5ZVJSm+OLjxPXSLhFpeRs4P24ZWb7lFzu4gAAAAAAAAAAAAS4gsAAAAAAAAAAAAw+5AXpsvQ+jbO42n4W8H8Vr+pjZJ3eZaFOqw2pzTAAAABh8gKC3yW7o7b1J6fzrelP5OP6Gtxp3jZueNXQctKwAAAAAAAAAAAAEuILAAAAAAAAAAAAJdsdsNR2kspXdxdThSjUdN0qUdJPTT7z8/Aq5c0458Yh3pj8o3K1qFGNvRhTgtIwioryS0M2Z3O1z05DwAAAAAAh22+7e12yr0rmV1VtLunT7KM4pSg1q33x82+TLGLNOKNa6cMmKMnagsjafw/IXVr2iq9hVlS7RLRS4W1rp6GvWdxEs2Y1OnXPUQAAAAAAAAAAAS4gsAAAAAAAAAABhgXLsBjZY3Zm2U041KzdeSfTi5fLQyc9vK8r2ONVSQ4OoAAAAAADDA83bxcRPDbY5Gk46U61T6RTfjGff+eq9DZw28qQystfG8o2d3EAAAAAAAAAAAEuILAAAAAAAAAAdUubYEq2Y2DvspdUK15QdtYqSlLte6U14Jc+/xZWyZ61iYrPbtTHMz36W5GKikkkkuSXQy119AAAAAAAAAIPvO2FqbW2NCtZcCyNs2o8b4VUg+cdfPvXr4lrBl/TnU+lfNj843HtRuVw99hLnsL+1q2tXoqkdFLyfJ+hqVtW0brLOtWazqYdMkiAAAAAAAAAAEuILAAAAAAADNOEqtSMKcZTnJ6KMVq35Ievb1LcJu1yOR4al41YUX0ktaj9Onr8CrfkVr1Xt2rimfaf4TZDGYJKVvbqVZf16vtT9H09NCjfLe/uVitK19N1pocnRkAAAAAAAAAAAdW/xtrlLaVvd29O5oS506sVJEotNZ3DyYi0alW+0m5K1uOKthrh2dTn9HrtypvylzXzLlOVMdXVL8eJ+VX53ZjKbNVeDI2dSgm9I1ftU5eUl3fqXqZK3+ZU7UtT6hqzogAAAAAAAAS4gsAAAAA5La2rXlaNG3pTr1ZcoU4ts8mYiNy9iJn0meE3X3V1w1MlVVrT59jT0lN+b5L5lS/JiOq9u9cMz7T7EbOY/B0+Gzto05aaOo++cvNvvKV8lr/UrNaxX02SWhzSZAAAAAAAAAAAAAAAAcVe3pXVKVKtThVpSWkoTipRa96Z7EzHp5Mb9q/wBpNzGLyXHVxk3jLh9/AlxUW/LmvR+hbpybV6t2rX49Z+elWbRbEZjZeUne2knbp91zR9um/Xp66F+mWuT1KnfHanuGh11OrkAAAAABLiCwAAOexsLnJ11RtKE7iq/uwWunn4ep5a0Vjcy9iJnqE4wm6yc+GplK/AufYUH3+sv2+JSvyfxRYrh/7J5jcPZ4ij2VnbwoQ68K735vmyla1rzu0rEVivp3NNCKTIAAAAAAAAAAAAAAAAAAAAPmUIzi4ySaa0afJgQfaXdHhs3x1bWLxd0+/joL6tv3w5fDQtU5F69T2r3wVt66VVtLu6zWzPHUrW/0q0j/ANTbayil71zj693vL9M1L+lK+K1PaMJ68ju4gAABLiCwfNgT7Zrdm69OFzlpSgpd6tYPR6f3Pp5L4lHJyNdUWaYt92WBY422xtBUbWhC3pL7tNafHxKU2m07lZiIjqHaIvQAAAAAAAAAAAAAAAAAAAAAAAAAYa1Ah21G6zDbRcdWFL+H3j7+3t0km/7o8n8n7yzTPenXuHC+Gtv6UntPstfbJZH6JexTUlxUq0PsVI+K/VdDTx5K5I3DPvSaTqWnOjmAS4gsJPu6xcMltHGdVKVO2g63C+TlqlH5vX0K/It406/LtijdlwIyl1kAAAAAAAAAAAAAAAAAAAAAAAAAAAAABEd6ODp5nY+9k4J17SLuaUuqcea9Vqixgt43j+3DNXypLzubDLAJcQWE33T/APFr/wD7C/3FPlfMLGH6laC5GctsgAAAAAAAAAAAAAAAAAAAAAAAAAAAAANRtd/ytmP/AA63+xnTH9x/6hf5l5gXJG4xwD//2Q=='}, Object{name: 'Juan Pérez', title: 'Diseñador de Interiores', image: 'data:image/jpeg;base64,/9j/4AAQSkZJRgABAQEAZABkAAD/2wBDAAMCAgMCAgMDAwMEAwMEBQgFBQQEBQoHBwYIDAoMDAsKCwsNDhIQDQ4RDgsLEBYQERMUFRUVDA8XGBYUGBIUFRT/2wBDAQMEBAUEBQkFBQkUDQsNFBQUFBQUFBQUFBQUFBQUFBQUFBQUFBQUFBQUFBQUFBQUFBQUFBQUFBQUFBQUFBQUFBT/wAARCAD6APoDAREAAhEBAxEB/8QAHAABAAICAwEAAAAAAAAAAAAAAAYHAQUDBAgC/8QAPhAAAgEDAQUFBAgFAgcAAAAAAAECAwQFEQYHEjFBEyFRcYEiYZGhFCMyQlKxwdEVM0NicmOyNTZEc3Si4f/EABkBAQADAQEAAAAAAAAAAAAAAAACBAUDAf/EACcRAQACAgIDAAEEAgMAAAAAAAABAgMRBCESMTJBEzNRYRQiQlJx/9oADAMBAAIRAxEAPwD2WbrMAAAAAAAAAAAAAAAAAAAAAAAAAAAAAAAAAAAAAAAAAAAAAAAAAAAAAAAAAAAAAAAAAAAAAAAAAAAAAAAAAAAAAAAAAAAAAAAAAAAAAAAAAAAAAAAAAAAAAAAAAAAAAAAAAAAAAAAAAAAAAAAAAAAAAAAAAAAAAAAAAAAAAAAAAAAAAAAAAAAAAAAAAAAAAAAAAAAAAAAAAAAAAAAAAAAAAAAAAAAAAAAAAAAAAAAAAAAAAAdiwxt1la/Y2lvUuKnVQXLzfJepG1orG7SlETPUJdjt1d9XSleXVK1T+5TXaSX5L8yrbk1j5h2jDP5buhuqxkI/W3F1Vl7pRivyOM8m/wCIdIw1c0t1uHa0UruPvVVfsef5Nz9GrW3u6am03aZCcZdI14Jr4rQ6Ryp/5QjOH+JRPNbIZTBJzuKHHQX9ei+KPr1XqWqZaX9S42pavtpddTq5sgAAAAAAAAAAAAAAAAAAAAAAAAAAAkGyGyNXaa6cpuVKxpv6youcn+GPv/I4ZcsY4/t1pTylb2OxlriraNva0Y0KUfuxXP3t9X7zLtabTuV2Iisah2SL1kAAA+ZRUk01qnzTArLeFsXHHUKmWx1H6iHtXFvTX2V1nFeHivVGhgzb/wBbKmWmv9oQGjcU7iHFTkpR93QvK8TtyngAAAAAAAAAAAAAAAAAAAAAAEm2klq33JID7dvWjVdN0aiqJ6cDg+LXyPNx7e6lK9m93d7lKkat9GVlac3GXdUn7kunmytkz1r1XuXauKZ9rSsrKhjrWnb29ONKjTWkYR6GbMzadytxERGodg8egAAAAAfM4KcXGSUotaNNapoDz5t5sRebGZKd1bpvGVqj7GrD+nr3qEv06M18OWMkan2zMmOcc7j001pm4y0jXXA/xrl6+B30hFv5bSM1OKaaafJrqeJvoAAAAAAAAAAAAAAAAAAAAHcwlBXWax9J8p3FNf8AsiF51WZSr3ML64dXqYrRZ0AyAAAAAAAAA6uTxtvl7CvZ3VNVbetFxnB9V+5KtprO4RmItGpeadqtnq2y+ducdVbmoPip1H9+D+y/396ZtY7xkrFoZV6+FtNfbXlW0etOXd1i+TOiETMNzZ5alcaRl9VUfRvufkyOnWLRLvaniTIAAAAAAAAAAAAAAAAAA22yEeLanFr/AF0/kzll/blOn1C8VyMdoMgAAAAAAAAAACrd+WGjVxtjlIx+soVOwm/GMu9fBr5l7i21M1U+RXqLKbNJQNAO5aZSta6Rb7Sn+GXTyZ5pKLTDc2t/Su17Eva6wfNHjrExLsnj0AAAAAAAAAAAAAAAAbXZOfZ7T4t/68V8e79Tnl+JTp9QvJcjGaDIAAAAAAAAAAAie9KhGvsJldVq4QjUXuanFljBOskOOb4l51NhlAADKbTTT0a6oDY2mZnT0jXXHH8S5/8A0806Rb+W4o3FO4hxU5KUfd0PHTe3IeAAAAAAAAAAAAAADsY64+h5G0r8uyrQn8JIjaN1mHsTqdr/AIvUxGkyAAAAAAAAAAAInvTrqhsJltXo5wjTXm5xRYwRvJDjm/bl51NhlAAAAA+6VWdCfHTk4S8UHu9NtaZqMtI11wP8a5evgR06Rb+WzjNSimmmnya6nib6AAAAAAAAAAAADDWqaAvPZbILKYCxuNdZSpKMv8l3P5oxslfG8w0KTusS2xzTAAAAAAAAAACtN+OTVDA2Vin7dzX42tfuwX7uJd4td2mVTkTqsQpQ02eAAAAAAA57a8q2kvq5ez1i+TCUTMNzaZalc6Rl9XUfSXJ+TI6dItEu7qeJsh4AAAAAAAAAMN6IC293eNyOJxtSje0lTozarUfbTa1XemunR+pl57VtbdV3FExHaXFZ2AAAAAAAAAGHyAojfRWu6m1sIV6bp28KEVbvXVTWuspfHu9EavGiPDpm8jfn2gJbVgAAAAAAABoByK4qpJKrNL/Jh7uUqIO4AAAAAAAAAxrw9/h3gehaE1VownH7Mopr4GHPUtJyHj0AAAAAAAAAAKX37VYvMYqmvtRt5yfk5LT8maXF+ZUOT9QrEvKYAAAAAAAAAAS4gsAAAAAAAAADDWq0AvHZG8+n7N46trrLsVB+cfZf5GPljxvMNCk7rDcHJMAAAAAAAAAYfIDz7vdv/p229zBS1jbU4UV56cT+cjX48axwzM87uhhZVwAAAAAAAAAAlxBYAAAAAAAAAACy91eWjUsbjHTlpUpT7WC8Yvn8H+Zn8mupiy3ht1pPSksAAAAAAAAADrZC+o42zr3VxNU6FGDqTk+iSPYibTqHkzERuXlzK5CeWyd3fVO6dxVlVa8NXrp6cjdrXxiIY9p8pmXVJIgAAAAAAAAABLiCwAAAAAAAAAAHJb3NazrRrW9WdCtH7NSnLRo8mInqXsTr0vLZ7I/xXC2V1rq6lJOX+S7n80zHyV8bTDQrO6xLZHNIAAAAAABh8gKM3x7RXF1tJUxlK5qKzt6cI1KMZvglU+1q11a1RqcakRTyn2zs95m3ir0uKoAAAAAAAAAAAJcQWAAAAAAAAAAAAWXuqyva2Nzj5v26Mu1gv7Zc/g/zM/k11MWW8NutJ6UlgAAAAAAB17+8pY+zr3VeXDRowlUm30SWrPYibTqHkzqNy8t5PIVMtkrq9q/zLirKq/dq9dPTl6G7WvjERDHtPlO3VJIgAAAAAAAAAAAlxBYAAAAAAAAAAABs9m8zLA5m3vO904vhqxXWD5/v6HPJTzrMJ0t4zteVGrGtSjOElOEkpRkuTT5Mx5jXTQfZ4AAAAAAVlvp2oVni6eGoz+vu9J1tPu0k+5erXwTLvGx7nzn8KnIvqPGFLGmzwAAAAAAAAAAAAJcQWAAAAAAAAAAAAALm2BjKOyeP45OTcZNa9FxPRGTn/clex/MJEcHUAAAAGHyA85bzYVIbd5ZVJSm+OLjxPXSLhFpeRs4P24ZWb7lFzu4gAAAAAAAAAAAAS4gsAAAAAAAAAAAAw+5AXpsvQ+jbO42n4W8H8Vr+pjZJ3eZaFOqw2pzTAAAABh8gKC3yW7o7b1J6fzrelP5OP6Gtxp3jZueNXQctKwAAAAAAAAAAAAEuILAAAAAAAAAAAAJdsdsNR2kspXdxdThSjUdN0qUdJPTT7z8/Aq5c0458Yh3pj8o3K1qFGNvRhTgtIwioryS0M2Z3O1z05DwAAAAAAh22+7e12yr0rmV1VtLunT7KM4pSg1q33x82+TLGLNOKNa6cMmKMnagsjafw/IXVr2iq9hVlS7RLRS4W1rp6GvWdxEs2Y1OnXPUQAAAAAAAAAAAS4gsAAAAAAAAAABhgXLsBjZY3Zm2U041KzdeSfTi5fLQyc9vK8r2ONVSQ4OoAAAAAADDA83bxcRPDbY5Gk46U61T6RTfjGff+eq9DZw28qQystfG8o2d3EAAAAAAAAAAAEuILAAAAAAAAAAdUubYEq2Y2DvspdUK15QdtYqSlLte6U14Jc+/xZWyZ61iYrPbtTHMz36W5GKikkkkuSXQy119AAAAAAAAAIPvO2FqbW2NCtZcCyNs2o8b4VUg+cdfPvXr4lrBl/TnU+lfNj843HtRuVw99hLnsL+1q2tXoqkdFLyfJ+hqVtW0brLOtWazqYdMkiAAAAAAAAAAEuILAAAAAAADNOEqtSMKcZTnJ6KMVq35Ievb1LcJu1yOR4al41YUX0ktaj9Onr8CrfkVr1Xt2rimfaf4TZDGYJKVvbqVZf16vtT9H09NCjfLe/uVitK19N1pocnRkAAAAAAAAAAAdW/xtrlLaVvd29O5oS506sVJEotNZ3DyYi0alW+0m5K1uOKthrh2dTn9HrtypvylzXzLlOVMdXVL8eJ+VX53ZjKbNVeDI2dSgm9I1ftU5eUl3fqXqZK3+ZU7UtT6hqzogAAAAAAAAS4gsAAAAA5La2rXlaNG3pTr1ZcoU4ts8mYiNy9iJn0meE3X3V1w1MlVVrT59jT0lN+b5L5lS/JiOq9u9cMz7T7EbOY/B0+Gzto05aaOo++cvNvvKV8lr/UrNaxX02SWhzSZAAAAAAAAAAAAAAAAcVe3pXVKVKtThVpSWkoTipRa96Z7EzHp5Mb9q/wBpNzGLyXHVxk3jLh9/AlxUW/LmvR+hbpybV6t2rX49Z+elWbRbEZjZeUne2knbp91zR9um/Xp66F+mWuT1KnfHanuGh11OrkAAAAABLiCwAAOexsLnJ11RtKE7iq/uwWunn4ep5a0Vjcy9iJnqE4wm6yc+GplK/AufYUH3+sv2+JSvyfxRYrh/7J5jcPZ4ij2VnbwoQ68K735vmyla1rzu0rEVivp3NNCKTIAAAAAAAAAAAAAAAAAAAAPmUIzi4ySaa0afJgQfaXdHhs3x1bWLxd0+/joL6tv3w5fDQtU5F69T2r3wVt66VVtLu6zWzPHUrW/0q0j/ANTbayil71zj693vL9M1L+lK+K1PaMJ68ju4gAABLiCwfNgT7Zrdm69OFzlpSgpd6tYPR6f3Pp5L4lHJyNdUWaYt92WBY422xtBUbWhC3pL7tNafHxKU2m07lZiIjqHaIvQAAAAAAAAAAAAAAAAAAAAAAAAAYa1Ah21G6zDbRcdWFL+H3j7+3t0km/7o8n8n7yzTPenXuHC+Gtv6UntPstfbJZH6JexTUlxUq0PsVI+K/VdDTx5K5I3DPvSaTqWnOjmAS4gsJPu6xcMltHGdVKVO2g63C+TlqlH5vX0K/It406/LtijdlwIyl1kAAAAAAAAAAAAAAAAAAAAAAAAAAAAABEd6ODp5nY+9k4J17SLuaUuqcea9Vqixgt43j+3DNXypLzubDLAJcQWE33T/APFr/wD7C/3FPlfMLGH6laC5GctsgAAAAAAAAAAAAAAAAAAAAAAAAAAAAANRtd/ytmP/AA63+xnTH9x/6hf5l5gXJG4xwD//2Q=='}, Object{name: 'Ana Gómez', title: 'Diseñadora de Modas', image: 'data:image/jpeg;base64,/9j/4AAQSkZJRgABAQEAZABkAAD/2wBDAAMCAgMCAgMDAwMEAwMEBQgFBQQEBQoHBwYIDAoMDAsKCwsNDhIQDQ4RDgsLEBYQERMUFRUVDA8XGBYUGBIUFRT/2wBDAQMEBAUEBQkFBQkUDQsNFBQUFBQUFBQUFBQUFBQUFBQUFBQUFBQUFBQUFBQUFBQUFBQUFBQUFBQUFBQUFBQUFBT/wAARCAD6APoDAREAAhEBAxEB/8QAHAABAAICAwEAAAAAAAAAAAAAAAYHAQUDBAgC/8QAPhAAAgEDAQUFBAgFAgcAAAAAAAECAwQFEQYHEjFBEyFRcYEiYZGhFCMyQlKxwdEVM0NicmOyNTZEc3Si4f/EABkBAQADAQEAAAAAAAAAAAAAAAACBAUDAf/EACcRAQACAgIDAAEEAgMAAAAAAAABAgMRBCESMTJBEzNRYRQiQlJx/9oADAMBAAIRAxEAPwD2WbrMAAAAAAAAAAAAAAAAAAAAAAAAAAAAAAAAAAAAAAAAAAAAAAAAAAAAAAAAAAAAAAAAAAAAAAAAAAAAAAAAAAAAAAAAAAAAAAAAAAAAAAAAAAAAAAAAAAAAAAAAAAAAAAAAAAAAAAAAAAAAAAAAAAAAAAAAAAAAAAAAAAAAAAAAAAAAAAAAAAAAAAAAAAAAAAAAAAAAAAAAAAAAAAAAAAAAAAAAAAAAAAAAAAAAAAAAAAAAAAdiwxt1la/Y2lvUuKnVQXLzfJepG1orG7SlETPUJdjt1d9XSleXVK1T+5TXaSX5L8yrbk1j5h2jDP5buhuqxkI/W3F1Vl7pRivyOM8m/wCIdIw1c0t1uHa0UruPvVVfsef5Nz9GrW3u6am03aZCcZdI14Jr4rQ6Ryp/5QjOH+JRPNbIZTBJzuKHHQX9ei+KPr1XqWqZaX9S42pavtpddTq5sgAAAAAAAAAAAAAAAAAAAAAAAAAAAkGyGyNXaa6cpuVKxpv6youcn+GPv/I4ZcsY4/t1pTylb2OxlriraNva0Y0KUfuxXP3t9X7zLtabTuV2Iisah2SL1kAAA+ZRUk01qnzTArLeFsXHHUKmWx1H6iHtXFvTX2V1nFeHivVGhgzb/wBbKmWmv9oQGjcU7iHFTkpR93QvK8TtyngAAAAAAAAAAAAAAAAAAAAAAEm2klq33JID7dvWjVdN0aiqJ6cDg+LXyPNx7e6lK9m93d7lKkat9GVlac3GXdUn7kunmytkz1r1XuXauKZ9rSsrKhjrWnb29ONKjTWkYR6GbMzadytxERGodg8egAAAAAfM4KcXGSUotaNNapoDz5t5sRebGZKd1bpvGVqj7GrD+nr3qEv06M18OWMkan2zMmOcc7j001pm4y0jXXA/xrl6+B30hFv5bSM1OKaaafJrqeJvoAAAAAAAAAAAAAAAAAAAAHcwlBXWax9J8p3FNf8AsiF51WZSr3ML64dXqYrRZ0AyAAAAAAAAA6uTxtvl7CvZ3VNVbetFxnB9V+5KtprO4RmItGpeadqtnq2y+ducdVbmoPip1H9+D+y/396ZtY7xkrFoZV6+FtNfbXlW0etOXd1i+TOiETMNzZ5alcaRl9VUfRvufkyOnWLRLvaniTIAAAAAAAAAAAAAAAAAA22yEeLanFr/AF0/kzll/blOn1C8VyMdoMgAAAAAAAAAACrd+WGjVxtjlIx+soVOwm/GMu9fBr5l7i21M1U+RXqLKbNJQNAO5aZSta6Rb7Sn+GXTyZ5pKLTDc2t/Su17Eva6wfNHjrExLsnj0AAAAAAAAAAAAAAAAbXZOfZ7T4t/68V8e79Tnl+JTp9QvJcjGaDIAAAAAAAAAAAie9KhGvsJldVq4QjUXuanFljBOskOOb4l51NhlAADKbTTT0a6oDY2mZnT0jXXHH8S5/8A0806Rb+W4o3FO4hxU5KUfd0PHTe3IeAAAAAAAAAAAAAADsY64+h5G0r8uyrQn8JIjaN1mHsTqdr/AIvUxGkyAAAAAAAAAAAInvTrqhsJltXo5wjTXm5xRYwRvJDjm/bl51NhlAAAAA+6VWdCfHTk4S8UHu9NtaZqMtI11wP8a5evgR06Rb+WzjNSimmmnya6nib6AAAAAAAAAAAADDWqaAvPZbILKYCxuNdZSpKMv8l3P5oxslfG8w0KTusS2xzTAAAAAAAAAACtN+OTVDA2Vin7dzX42tfuwX7uJd4td2mVTkTqsQpQ02eAAAAAAA57a8q2kvq5ez1i+TCUTMNzaZalc6Rl9XUfSXJ+TI6dItEu7qeJsh4AAAAAAAAAMN6IC293eNyOJxtSje0lTozarUfbTa1XemunR+pl57VtbdV3FExHaXFZ2AAAAAAAAAGHyAojfRWu6m1sIV6bp28KEVbvXVTWuspfHu9EavGiPDpm8jfn2gJbVgAAAAAAABoByK4qpJKrNL/Jh7uUqIO4AAAAAAAAAxrw9/h3gehaE1VownH7Mopr4GHPUtJyHj0AAAAAAAAAAKX37VYvMYqmvtRt5yfk5LT8maXF+ZUOT9QrEvKYAAAAAAAAAAS4gsAAAAAAAAADDWq0AvHZG8+n7N46trrLsVB+cfZf5GPljxvMNCk7rDcHJMAAAAAAAAAYfIDz7vdv/p229zBS1jbU4UV56cT+cjX48axwzM87uhhZVwAAAAAAAAAAlxBYAAAAAAAAAACy91eWjUsbjHTlpUpT7WC8Yvn8H+Zn8mupiy3ht1pPSksAAAAAAAAADrZC+o42zr3VxNU6FGDqTk+iSPYibTqHkzERuXlzK5CeWyd3fVO6dxVlVa8NXrp6cjdrXxiIY9p8pmXVJIgAAAAAAAAABLiCwAAAAAAAAAAHJb3NazrRrW9WdCtH7NSnLRo8mInqXsTr0vLZ7I/xXC2V1rq6lJOX+S7n80zHyV8bTDQrO6xLZHNIAAAAAABh8gKM3x7RXF1tJUxlK5qKzt6cI1KMZvglU+1q11a1RqcakRTyn2zs95m3ir0uKoAAAAAAAAAAAJcQWAAAAAAAAAAAAWXuqyva2Nzj5v26Mu1gv7Zc/g/zM/k11MWW8NutJ6UlgAAAAAAB17+8pY+zr3VeXDRowlUm30SWrPYibTqHkzqNy8t5PIVMtkrq9q/zLirKq/dq9dPTl6G7WvjERDHtPlO3VJIgAAAAAAAAAAAlxBYAAAAAAAAAAABs9m8zLA5m3vO904vhqxXWD5/v6HPJTzrMJ0t4zteVGrGtSjOElOEkpRkuTT5Mx5jXTQfZ4AAAAAAVlvp2oVni6eGoz+vu9J1tPu0k+5erXwTLvGx7nzn8KnIvqPGFLGmzwAAAAAAAAAAAAJcQWAAAAAAAAAAAAALm2BjKOyeP45OTcZNa9FxPRGTn/clex/MJEcHUAAAAGHyA85bzYVIbd5ZVJSm+OLjxPXSLhFpeRs4P24ZWb7lFzu4gAAAAAAAAAAAAS4gsAAAAAAAAAAAAw+5AXpsvQ+jbO42n4W8H8Vr+pjZJ3eZaFOqw2pzTAAAABh8gKC3yW7o7b1J6fzrelP5OP6Gtxp3jZueNXQctKwAAAAAAAAAAAAEuILAAAAAAAAAAAAJdsdsNR2kspXdxdThSjUdN0qUdJPTT7z8/Aq5c0458Yh3pj8o3K1qFGNvRhTgtIwioryS0M2Z3O1z05DwAAAAAAh22+7e12yr0rmV1VtLunT7KM4pSg1q33x82+TLGLNOKNa6cMmKMnagsjafw/IXVr2iq9hVlS7RLRS4W1rp6GvWdxEs2Y1OnXPUQAAAAAAAAAAAS4gsAAAAAAAAAABhgXLsBjZY3Zm2U041KzdeSfTi5fLQyc9vK8r2ONVSQ4OoAAAAAADDA83bxcRPDbY5Gk46U61T6RTfjGff+eq9DZw28qQystfG8o2d3EAAAAAAAAAAAEuILAAAAAAAAAAdUubYEq2Y2DvspdUK15QdtYqSlLte6U14Jc+/xZWyZ61iYrPbtTHMz36W5GKikkkkuSXQy119AAAAAAAAAIPvO2FqbW2NCtZcCyNs2o8b4VUg+cdfPvXr4lrBl/TnU+lfNj843HtRuVw99hLnsL+1q2tXoqkdFLyfJ+hqVtW0brLOtWazqYdMkiAAAAAAAAAAEuILAAAAAAADNOEqtSMKcZTnJ6KMVq35Ievb1LcJu1yOR4al41YUX0ktaj9Onr8CrfkVr1Xt2rimfaf4TZDGYJKVvbqVZf16vtT9H09NCjfLe/uVitK19N1pocnRkAAAAAAAAAAAdW/xtrlLaVvd29O5oS506sVJEotNZ3DyYi0alW+0m5K1uOKthrh2dTn9HrtypvylzXzLlOVMdXVL8eJ+VX53ZjKbNVeDI2dSgm9I1ftU5eUl3fqXqZK3+ZU7UtT6hqzogAAAAAAAAS4gsAAAAA5La2rXlaNG3pTr1ZcoU4ts8mYiNy9iJn0meE3X3V1w1MlVVrT59jT0lN+b5L5lS/JiOq9u9cMz7T7EbOY/B0+Gzto05aaOo++cvNvvKV8lr/UrNaxX02SWhzSZAAAAAAAAAAAAAAAAcVe3pXVKVKtThVpSWkoTipRa96Z7EzHp5Mb9q/wBpNzGLyXHVxk3jLh9/AlxUW/LmvR+hbpybV6t2rX49Z+elWbRbEZjZeUne2knbp91zR9um/Xp66F+mWuT1KnfHanuGh11OrkAAAAABLiCwAAOexsLnJ11RtKE7iq/uwWunn4ep5a0Vjcy9iJnqE4wm6yc+GplK/AufYUH3+sv2+JSvyfxRYrh/7J5jcPZ4ij2VnbwoQ68K735vmyla1rzu0rEVivp3NNCKTIAAAAAAAAAAAAAAAAAAAAPmUIzi4ySaa0afJgQfaXdHhs3x1bWLxd0+/joL6tv3w5fDQtU5F69T2r3wVt66VVtLu6zWzPHUrW/0q0j/ANTbayil71zj693vL9M1L+lK+K1PaMJ68ju4gAABLiCwfNgT7Zrdm69OFzlpSgpd6tYPR6f3Pp5L4lHJyNdUWaYt92WBY422xtBUbWhC3pL7tNafHxKU2m07lZiIjqHaIvQAAAAAAAAAAAAAAAAAAAAAAAAAYa1Ah21G6zDbRcdWFL+H3j7+3t0km/7o8n8n7yzTPenXuHC+Gtv6UntPstfbJZH6JexTUlxUq0PsVI+K/VdDTx5K5I3DPvSaTqWnOjmAS4gsJPu6xcMltHGdVKVO2g63C+TlqlH5vX0K/It406/LtijdlwIyl1kAAAAAAAAAAAAAAAAAAAAAAAAAAAAABEd6ODp5nY+9k4J17SLuaUuqcea9Vqixgt43j+3DNXypLzubDLAJcQWE33T/APFr/wD7C/3FPlfMLGH6laC5GctsgAAAAAAAAAAAAAAAAAAAAAAAAAAAAANRtd/ytmP/AA63+xnTH9x/6hf5l5gXJG4xwD//2Q=='}, Object{name: 'Carlos Sánchez', title: 'Diseñador Gráfico', image: 'data:image/jpeg;base64,/9j/4AAQSkZJRgABAQEAZABkAAD/2wBDAAMCAgMCAgMDAwMEAwMEBQgFBQQEBQoHBwYIDAoMDAsKCwsNDhIQDQ4RDgsLEBYQERMUFRUVDA8XGBYUGBIUFRT/2wBDAQMEBAUEBQkFBQkUDQsNFBQUFBQUFBQUFBQUFBQUFBQUFBQUFBQUFBQUFBQUFBQUFBQUFBQUFBQUFBQUFBQUFBT/wAARCAD6APoDAREAAhEBAxEB/8QAHAABAAICAwEAAAAAAAAAAAAAAAYHAQUDBAgC/8QAPhAAAgEDAQUFBAgFAgcAAAAAAAECAwQFEQYHEjFBEyFRcYEiYZGhFCMyQlKxwdEVM0NicmOyNTZEc3Si4f/EABkBAQADAQEAAAAAAAAAAAAAAAACBAUDAf/EACcRAQACAgIDAAEEAgMAAAAAAAABAgMRBCESMTJBEzNRYRQiQlJx/9oADAMBAAIRAxEAPwD2WbrMAAAAAAAAAAAAAAAAAAAAAAAAAAAAAAAAAAAAAAAAAAAAAAAAAAAAAAAAAAAAAAAAAAAAAAAAAAAAAAAAAAAAAAAAAAAAAAAAAAAAAAAAAAAAAAAAAAAAAAAAAAAAAAAAAAAAAAAAAAAAAAAAAAAAAAAAAAAAAAAAAAAAAAAAAAAAAAAAAAAAAAAAAAAAAAAAAAAAAAAAAAAAAAAAAAAAAAAAAAAAAAAAAAAAAAAAAAAAAAdiwxt1la/Y2lvUuKnVQXLzfJepG1orG7SlETPUJdjt1d9XSleXVK1T+5TXaSX5L8yrbk1j5h2jDP5buhuqxkI/W3F1Vl7pRivyOM8m/wCIdIw1c0t1uHa0UruPvVVfsef5Nz9GrW3u6am03aZCcZdI14Jr4rQ6Ryp/5QjOH+JRPNbIZTBJzuKHHQX9ei+KPr1XqWqZaX9S42pavtpddTq5sgAAAAAAAAAAAAAAAAAAAAAAAAAAAkGyGyNXaa6cpuVKxpv6youcn+GPv/I4ZcsY4/t1pTylb2OxlriraNva0Y0KUfuxXP3t9X7zLtabTuV2Iisah2SL1kAAA+ZRUk01qnzTArLeFsXHHUKmWx1H6iHtXFvTX2V1nFeHivVGhgzb/wBbKmWmv9oQGjcU7iHFTkpR93QvK8TtyngAAAAAAAAAAAAAAAAAAAAAAEm2klq33JID7dvWjVdN0aiqJ6cDg+LXyPNx7e6lK9m93d7lKkat9GVlac3GXdUn7kunmytkz1r1XuXauKZ9rSsrKhjrWnb29ONKjTWkYR6GbMzadytxERGodg8egAAAAAfM4KcXGSUotaNNapoDz5t5sRebGZKd1bpvGVqj7GrD+nr3qEv06M18OWMkan2zMmOcc7j001pm4y0jXXA/xrl6+B30hFv5bSM1OKaaafJrqeJvoAAAAAAAAAAAAAAAAAAAAHcwlBXWax9J8p3FNf8AsiF51WZSr3ML64dXqYrRZ0AyAAAAAAAAA6uTxtvl7CvZ3VNVbetFxnB9V+5KtprO4RmItGpeadqtnq2y+ducdVbmoPip1H9+D+y/396ZtY7xkrFoZV6+FtNfbXlW0etOXd1i+TOiETMNzZ5alcaRl9VUfRvufkyOnWLRLvaniTIAAAAAAAAAAAAAAAAAA22yEeLanFr/AF0/kzll/blOn1C8VyMdoMgAAAAAAAAAACrd+WGjVxtjlIx+soVOwm/GMu9fBr5l7i21M1U+RXqLKbNJQNAO5aZSta6Rb7Sn+GXTyZ5pKLTDc2t/Su17Eva6wfNHjrExLsnj0AAAAAAAAAAAAAAAAbXZOfZ7T4t/68V8e79Tnl+JTp9QvJcjGaDIAAAAAAAAAAAie9KhGvsJldVq4QjUXuanFljBOskOOb4l51NhlAADKbTTT0a6oDY2mZnT0jXXHH8S5/8A0806Rb+W4o3FO4hxU5KUfd0PHTe3IeAAAAAAAAAAAAAADsY64+h5G0r8uyrQn8JIjaN1mHsTqdr/AIvUxGkyAAAAAAAAAAAInvTrqhsJltXo5wjTXm5xRYwRvJDjm/bl51NhlAAAAA+6VWdCfHTk4S8UHu9NtaZqMtI11wP8a5evgR06Rb+WzjNSimmmnya6nib6AAAAAAAAAAAADDWqaAvPZbILKYCxuNdZSpKMv8l3P5oxslfG8w0KTusS2xzTAAAAAAAAAACtN+OTVDA2Vin7dzX42tfuwX7uJd4td2mVTkTqsQpQ02eAAAAAAA57a8q2kvq5ez1i+TCUTMNzaZalc6Rl9XUfSXJ+TI6dItEu7qeJsh4AAAAAAAAAMN6IC293eNyOJxtSje0lTozarUfbTa1XemunR+pl57VtbdV3FExHaXFZ2AAAAAAAAAGHyAojfRWu6m1sIV6bp28KEVbvXVTWuspfHu9EavGiPDpm8jfn2gJbVgAAAAAAABoByK4qpJKrNL/Jh7uUqIO4AAAAAAAAAxrw9/h3gehaE1VownH7Mopr4GHPUtJyHj0AAAAAAAAAAKX37VYvMYqmvtRt5yfk5LT8maXF+ZUOT9QrEvKYAAAAAAAAAAS4gsAAAAAAAAADDWq0AvHZG8+n7N46trrLsVB+cfZf5GPljxvMNCk7rDcHJMAAAAAAAAAYfIDz7vdv/p229zBS1jbU4UV56cT+cjX48axwzM87uhhZVwAAAAAAAAAAlxBYAAAAAAAAAACy91eWjUsbjHTlpUpT7WC8Yvn8H+Zn8mupiy3ht1pPSksAAAAAAAAADrZC+o42zr3VxNU6FGDqTk+iSPYibTqHkzERuXlzK5CeWyd3fVO6dxVlVa8NXrp6cjdrXxiIY9p8pmXVJIgAAAAAAAAABLiCwAAAAAAAAAAHJb3NazrRrW9WdCtH7NSnLRo8mInqXsTr0vLZ7I/xXC2V1rq6lJOX+S7n80zHyV8bTDQrO6xLZHNIAAAAAABh8gKM3x7RXF1tJUxlK5qKzt6cI1KMZvglU+1q11a1RqcakRTyn2zs95m3ir0uKoAAAAAAAAAAAJcQWAAAAAAAAAAAAWXuqyva2Nzj5v26Mu1gv7Zc/g/zM/k11MWW8NutJ6UlgAAAAAAB17+8pY+zr3VeXDRowlUm30SWrPYibTqHkzqNy8t5PIVMtkrq9q/zLirKq/dq9dPTl6G7WvjERDHtPlO3VJIgAAAAAAAAAAAlxBYAAAAAAAAAAABs9m8zLA5m3vO904vhqxXWD5/v6HPJTzrMJ0t4zteVGrGtSjOElOEkpRkuTT5Mx5jXTQfZ4AAAAAAVlvp2oVni6eGoz+vu9J1tPu0k+5erXwTLvGx7nzn8KnIvqPGFLGmzwAAAAAAAAAAAAJcQWAAAAAAAAAAAAALm2BjKOyeP45OTcZNa9FxPRGTn/clex/MJEcHUAAAAGHyA85bzYVIbd5ZVJSm+OLjxPXSLhFpeRs4P24ZWb7lFzu4gAAAAAAAAAAAAS4gsAAAAAAAAAAAAw+5AXpsvQ+jbO42n4W8H8Vr+pjZJ3eZaFOqw2pzTAAAABh8gKC3yW7o7b1J6fzrelP5OP6Gtxp3jZueNXQctKwAAAAAAAAAAAAEuILAAAAAAAAAAAAJdsdsNR2kspXdxdThSjUdN0qUdJPTT7z8/Aq5c0458Yh3pj8o3K1qFGNvRhTgtIwioryS0M2Z3O1z05DwAAAAAAh22+7e12yr0rmV1VtLunT7KM4pSg1q33x82+TLGLNOKNa6cMmKMnagsjafw/IXVr2iq9hVlS7RLRS4W1rp6GvWdxEs2Y1OnXPUQAAAAAAAAAAAS4gsAAAAAAAAAABhgXLsBjZY3Zm2U041KzdeSfTi5fLQyc9vK8r2ONVSQ4OoAAAAAADDA83bxcRPDbY5Gk46U61T6RTfjGff+eq9DZw28qQystfG8o2d3EAAAAAAAAAAAEuILAAAAAAAAAAdUubYEq2Y2DvspdUK15QdtYqSlLte6U14Jc+/xZWyZ61iYrPbtTHMz36W5GKikkkkuSXQy119AAAAAAAAAIPvO2FqbW2NCtZcCyNs2o8b4VUg+cdfPvXr4lrBl/TnU+lfNj843HtRuVw99hLnsL+1q2tXoqkdFLyfJ+hqVtW0brLOtWazqYdMkiAAAAAAAAAAEuILAAAAAAADNOEqtSMKcZTnJ6KMVq35Ievb1LcJu1yOR4al41YUX0ktaj9Onr8CrfkVr1Xt2rimfaf4TZDGYJKVvbqVZf16vtT9H09NCjfLe/uVitK19N1pocnRkAAAAAAAAAAAdW/xtrlLaVvd29O5oS506sVJEotNZ3DyYi0alW+0m5K1uOKthrh2dTn9HrtypvylzXzLlOVMdXVL8eJ+VX53ZjKbNVeDI2dSgm9I1ftU5eUl3fqXqZK3+ZU7UtT6hqzogAAAAAAAAS4gsAAAAA5La2rXlaNG3pTr1ZcoU4ts8mYiNy9iJn0meE3X3V1w1MlVVrT59jT0lN+b5L5lS/JiOq9u9cMz7T7EbOY/B0+Gzto05aaOo++cvNvvKV8lr/UrNaxX02SWhzSZAAAAAAAAAAAAAAAAcVe3pXVKVKtThVpSWkoTipRa96Z7EzHp5Mb9q/wBpNzGLyXHVxk3jLh9/AlxUW/LmvR+hbpybV6t2rX49Z+elWbRbEZjZeUne2knbp91zR9um/Xp66F+mWuT1KnfHanuGh11OrkAAAAABLiCwAAOexsLnJ11RtKE7iq/uwWunn4ep5a0Vjcy9iJnqE4wm6yc+GplK/AufYUH3+sv2+JSvyfxRYrh/7J5jcPZ4ij2VnbwoQ68K735vmyla1rzu0rEVivp3NNCKTIAAAAAAAAAAAAAAAAAAAAPmUIzi4ySaa0afJgQfaXdHhs3x1bWLxd0+/joL6tv3w5fDQtU5F69T2r3wVt66VVtLu6zWzPHUrW/0q0j/ANTbayil71zj693vL9M1L+lK+K1PaMJ68ju4gAABLiCwfNgT7Zrdm69OFzlpSgpd6tYPR6f3Pp5L4lHJyNdUWaYt92WBY422xtBUbWhC3pL7tNafHxKU2m07lZiIjqHaIvQAAAAAAAAAAAAAAAAAAAAAAAAAYa1Ah21G6zDbRcdWFL+H3j7+3t0km/7o8n8n7yzTPenXuHC+Gtv6UntPstfbJZH6JexTUlxUq0PsVI+K/VdDTx5K5I3DPvSaTqWnOjmAS4gsJPu6xcMltHGdVKVO2g63C+TlqlH5vX0K/It406/LtijdlwIyl1kAAAAAAAAAAAAAAAAAAAAAAAAAAAAABEd6ODp5nY+9k4J17SLuaUuqcea9Vqixgt43j+3DNXypLzubDLAJcQWE33T/APFr/wD7C/3FPlfMLGH6laC5GctsgAAAAAAAAAAAAAAAAAAAAAAAAAAAAANRtd/ytmP/AA63+xnTH9x/6hf5l5gXJG4xwD//2Q=='}, Object{name: 'María González', title: 'Diseñadora Gráfica', image: 'data:image/jpeg;base64,/9j/4AAQSkZJRgABAQEAZABkAAD/2wBDAAMCAgMCAgMDAwMEAwMEBQgFBQQEBQoHBwYIDAoMDAsKCwsNDhIQDQ4RDgsLEBYQERMUFRUVDA8XGBYUGBIUFRT/2wBDAQMEBAUEBQkFBQkUDQsNFBQUFBQUFBQUFBQUFBQUFBQUFBQUFBQUFBQUFBQUFBQUFBQUFBQUFBQUFBQUFBQUFBT/wAARCAD6APoDAREAAhEBAxEB/8QAHAABAAICAwEAAAAAAAAAAAAAAAYHAQUDBAgC/8QAPhAAAgEDAQUFBAgFAgcAAAAAAAECAwQFEQYHEjFBEyFRcYEiYZGhFCMyQlKxwdEVM0NicmOyNTZEc3Si4f/EABkBAQADAQEAAAAAAAAAAAAAAAACBAUDAf/EACcRAQACAgIDAAEEAgMAAAAAAAABAgMRBCESMTJBEzNRYRQiQlJx/9oADAMBAAIRAxEAPwD2WbrMAAAAAAAAAAAAAAAAAAAAAAAAAAAAAAAAAAAAAAAAAAAAAAAAAAAAAAAAAAAAAAAAAAAAAAAAAAAAAAAAAAAAAAAAAAAAAAAAAAAAAAAAAAAAAAAAAAAAAAAAAAAAAAAAAAAAAAAAAAAAAAAAAAAAAAAAAAAAAAAAAAAAAAAAAAAAAAAAAAAAAAAAAAAAAAAAAAAAAAAAAAAAAAAAAAAAAAAAAAAAAAAAAAAAAAAAAAAAAAdiwxt1la/Y2lvUuKnVQXLzfJepG1orG7SlETPUJdjt1d9XSleXVK1T+5TXaSX5L8yrbk1j5h2jDP5buhuqxkI/W3F1Vl7pRivyOM8m/wCIdIw1c0t1uHa0UruPvVVfsef5Nz9GrW3u6am03aZCcZdI14Jr4rQ6Ryp/5QjOH+JRPNbIZTBJzuKHHQX9ei+KPr1XqWqZaX9S42pavtpddTq5sgAAAAAAAAAAAAAAAAAAAAAAAAAAAkGyGyNXaa6cpuVKxpv6youcn+GPv/I4ZcsY4/t1pTylb2OxlriraNva0Y0KUfuxXP3t9X7zLtabTuV2Iisah2SL1kAAA+ZRUk01qnzTArLeFsXHHUKmWx1H6iHtXFvTX2V1nFeHivVGhgzb/wBbKmWmv9oQGjcU7iHFTkpR93QvK8TtyngAAAAAAAAAAAAAAAAAAAAAAEm2klq33JID7dvWjVdN0aiqJ6cDg+LXyPNx7e6lK9m93d7lKkat9GVlac3GXdUn7kunmytkz1r1XuXauKZ9rSsrKhjrWnb29ONKjTWkYR6GbMzadytxERGodg8egAAAAAfM4KcXGSUotaNNapoDz5t5sRebGZKd1bpvGVqj7GrD+nr3qEv06M18OWMkan2zMmOcc7j001pm4y0jXXA/xrl6+B30hFv5bSM1OKaaafJrqeJvoAAAAAAAAAAAAAAAAAAAAHcwlBXWax9J8p3FNf8AsiF51WZSr3ML64dXqYrRZ0AyAAAAAAAAA6uTxtvl7CvZ3VNVbetFxnB9V+5KtprO4RmItGpeadqtnq2y+ducdVbmoPip1H9+D+y/396ZtY7xkrFoZV6+FtNfbXlW0etOXd1i+TOiETMNzZ5alcaRl9VUfRvufkyOnWLRLvaniTIAAAAAAAAAAAAAAAAAA22yEeLanFr/AF0/kzll/blOn1C8VyMdoMgAAAAAAAAAACrd+WGjVxtjlIx+soVOwm/GMu9fBr5l7i21M1U+RXqLKbNJQNAO5aZSta6Rb7Sn+GXTyZ5pKLTDc2t/Su17Eva6wfNHjrExLsnj0AAAAAAAAAAAAAAAAbXZOfZ7T4t/68V8e79Tnl+JTp9QvJcjGaDIAAAAAAAAAAAie9KhGvsJldVq4QjUXuanFljBOskOOb4l51NhlAADKbTTT0a6oDY2mZnT0jXXHH8S5/8A0806Rb+W4o3FO4hxU5KUfd0PHTe3IeAAAAAAAAAAAAAADsY64+h5G0r8uyrQn8JIjaN1mHsTqdr/AIvUxGkyAAAAAAAAAAAInvTrqhsJltXo5wjTXm5xRYwRvJDjm/bl51NhlAAAAA+6VWdCfHTk4S8UHu9NtaZqMtI11wP8a5evgR06Rb+WzjNSimmmnya6nib6AAAAAAAAAAAADDWqaAvPZbILKYCxuNdZSpKMv8l3P5oxslfG8w0KTusS2xzTAAAAAAAAAACtN+OTVDA2Vin7dzX42tfuwX7uJd4td2mVTkTqsQpQ02eAAAAAAA57a8q2kvq5ez1i+TCUTMNzaZalc6Rl9XUfSXJ+TI6dItEu7qeJsh4AAAAAAAAAMN6IC293eNyOJxtSje0lTozarUfbTa1XemunR+pl57VtbdV3FExHaXFZ2AAAAAAAAAGHyAojfRWu6m1sIV6bp28KEVbvXVTWuspfHu9EavGiPDpm8jfn2gJbVgAAAAAAABoByK4qpJKrNL/Jh7uUqIO4AAAAAAAAAxrw9/h3gehaE1VownH7Mopr4GHPUtJyHj0AAAAAAAAAAKX37VYvMYqmvtRt5yfk5LT8maXF+ZUOT9QrEvKYAAAAAAAAAAS4gsAAAAAAAAADDWq0AvHZG8+n7N46trrLsVB+cfZf5GPljxvMNCk7rDcHJMAAAAAAAAAYfIDz7vdv/p229zBS1jbU4UV56cT+cjX48axwzM87uhhZVwAAAAAAAAAAlxBYAAAAAAAAAACy91eWjUsbjHTlpUpT7WC8Yvn8H+Zn8mupiy3ht1pPSksAAAAAAAAADrZC+o42zr3VxNU6FGDqTk+iSPYibTqHkzERuXlzK5CeWyd3fVO6dxVlVa8NXrp6cjdrXxiIY9p8pmXVJIgAAAAAAAAABLiCwAAAAAAAAAAHJb3NazrRrW9WdCtH7NSnLRo8mInqXsTr0vLZ7I/xXC2V1rq6lJOX+S7n80zHyV8bTDQrO6xLZHNIAAAAAABh8gKM3x7RXF1tJUxlK5qKzt6cI1KMZvglU+1q11a1RqcakRTyn2zs95m3ir0uKoAAAAAAAAAAAJcQWAAAAAAAAAAAAWXuqyva2Nzj5v26Mu1gv7Zc/g/zM/k11MWW8NutJ6UlgAAAAAAB17+8pY+zr3VeXDRowlUm30SWrPYibTqHkzqNy8t5PIVMtkrq9q/zLirKq/dq9dPTl6G7WvjERDHtPlO3VJIgAAAAAAAAAAAlxBYAAAAAAAAAAABs9m8zLA5m3vO904vhqxXWD5/v6HPJTzrMJ0t4zteVGrGtSjOElOEkpRkuTT5Mx5jXTQfZ4AAAAAAVlvp2oVni6eGoz+vu9J1tPu0k+5erXwTLvGx7nzn8KnIvqPGFLGmzwAAAAAAAAAAAAJcQWAAAAAAAAAAAAALm2BjKOyeP45OTcZNa9FxPRGTn/clex/MJEcHUAAAAGHyA85bzYVIbd5ZVJSm+OLjxPXSLhFpeRs4P24ZWb7lFzu4gAAAAAAAAAAAAS4gsAAAAAAAAAAAAw+5AXpsvQ+jbO42n4W8H8Vr+pjZJ3eZaFOqw2pzTAAAABh8gKC3yW7o7b1J6fzrelP5OP6Gtxp3jZueNXQctKwAAAAAAAAAAAAEuILAAAAAAAAAAAAJdsdsNR2kspXdxdThSjUdN0qUdJPTT7z8/Aq5c0458Yh3pj8o3K1qFGNvRhTgtIwioryS0M2Z3O1z05DwAAAAAAh22+7e12yr0rmV1VtLunT7KM4pSg1q33x82+TLGLNOKNa6cMmKMnagsjafw/IXVr2iq9hVlS7RLRS4W1rp6GvWdxEs2Y1OnXPUQAAAAAAAAAAAS4gsAAAAAAAAAABhgXLsBjZY3Zm2U041KzdeSfTi5fLQyc9vK8r2ONVSQ4OoAAAAAADDA83bxcRPDbY5Gk46U61T6RTfjGff+eq9DZw28qQystfG8o2d3EAAAAAAAAAAAEuILAAAAAAAAAAdUubYEq2Y2DvspdUK15QdtYqSlLte6U14Jc+/xZWyZ61iYrPbtTHMz36W5GKikkkkuSXQy119AAAAAAAAAIPvO2FqbW2NCtZcCyNs2o8b4VUg+cdfPvXr4lrBl/TnU+lfNj843HtRuVw99hLnsL+1q2tXoqkdFLyfJ+hqVtW0brLOtWazqYdMkiAAAAAAAAAAEuILAAAAAAADNOEqtSMKcZTnJ6KMVq35Ievb1LcJu1yOR4al41YUX0ktaj9Onr8CrfkVr1Xt2rimfaf4TZDGYJKVvbqVZf16vtT9H09NCjfLe/uVitK19N1pocnRkAAAAAAAAAAAdW/xtrlLaVvd29O5oS506sVJEotNZ3DyYi0alW+0m5K1uOKthrh2dTn9HrtypvylzXzLlOVMdXVL8eJ+VX53ZjKbNVeDI2dSgm9I1ftU5eUl3fqXqZK3+ZU7UtT6hqzogAAAAAAAAS4gsAAAAA5La2rXlaNG3pTr1ZcoU4ts8mYiNy9iJn0meE3X3V1w1MlVVrT59jT0lN+b5L5lS/JiOq9u9cMz7T7EbOY/B0+Gzto05aaOo++cvNvvKV8lr/UrNaxX02SWhzSZAAAAAAAAAAAAAAAAcVe3pXVKVKtThVpSWkoTipRa96Z7EzHp5Mb9q/wBpNzGLyXHVxk3jLh9/AlxUW/LmvR+hbpybV6t2rX49Z+elWbRbEZjZeUne2knbp91zR9um/Xp66F+mWuT1KnfHanuGh11OrkAAAAABLiCwAAOexsLnJ11RtKE7iq/uwWunn4ep5a0Vjcy9iJnqE4wm6yc+GplK/AufYUH3+sv2+JSvyfxRYrh/7J5jcPZ4ij2VnbwoQ68K735vmyla1rzu0rEVivp3NNCKTIAAAAAAAAAAAAAAAAAAAAPmUIzi4ySaa0afJgQfaXdHhs3x1bWLxd0+/joL6tv3w5fDQtU5F69T2r3wVt66VVtLu6zWzPHUrW/0q0j/ANTbayil71zj693vL9M1L+lK+K1PaMJ68ju4gAABLiCwfNgT7Zrdm69OFzlpSgpd6tYPR6f3Pp5L4lHJyNdUWaYt92WBY422xtBUbWhC3pL7tNafHxKU2m07lZiIjqHaIvQAAAAAAAAAAAAAAAAAAAAAAAAAYa1Ah21G6zDbRcdWFL+H3j7+3t0km/7o8n8n7yzTPenXuHC+Gtv6UntPstfbJZH6JexTUlxUq0PsVI+K/VdDTx5K5I3DPvSaTqWnOjmAS4gsJPu6xcMltHGdVKVO2g63C+TlqlH5vX0K/It406/LtijdlwIyl1kAAAAAAAAAAAAAAAAAAAAAAAAAAAAABEd6ODp5nY+9k4J17SLuaUuqcea9Vqixgt43j+3DNXypLzubDLAJcQWE33T/APFr/wD7C/3FPlfMLGH6laC5GctsgAAAAAAAAAAAAAAAAAAAAAAAAAAAAANRtd/ytmP/AA63+xnTH9x/6hf5l5gXJG4xwD//2Q=='}, Object{name: 'Pedro Rodríguez', title: 'Confeccionista', image: 'data:image/jpeg;base64,/9j/4AAQSkZJRgABAQEAZABkAAD/2wBDAAMCAgMCAgMDAwMEAwMEBQgFBQQEBQoHBwYIDAoMDAsKCwsNDhIQDQ4RDgsLEBYQERMUFRUVDA8XGBYUGBIUFRT/2wBDAQMEBAUEBQkFBQkUDQsNFBQUFBQUFBQUFBQUFBQUFBQUFBQUFBQUFBQUFBQUFBQUFBQUFBQUFBQUFBQUFBQUFBT/wAARCAD6APoDAREAAhEBAxEB/8QAHAABAAICAwEAAAAAAAAAAAAAAAYHAQUDBAgC/8QAPhAAAgEDAQUFBAgFAgcAAAAAAAECAwQFEQYHEjFBEyFRcYEiYZGhFCMyQlKxwdEVM0NicmOyNTZEc3Si4f/EABkBAQADAQEAAAAAAAAAAAAAAAACBAUDAf/EACcRAQACAgIDAAEEAgMAAAAAAAABAgMRBCESMTJBEzNRYRQiQlJx/9oADAMBAAIRAxEAPwD2WbrMAAAAAAAAAAAAAAAAAAAAAAAAAAAAAAAAAAAAAAAAAAAAAAAAAAAAAAAAAAAAAAAAAAAAAAAAAAAAAAAAAAAAAAAAAAAAAAAAAAAAAAAAAAAAAAAAAAAAAAAAAAAAAAAAAAAAAAAAAAAAAAAAAAAAAAAAAAAAAAAAAAAAAAAAAAAAAAAAAAAAAAAAAAAAAAAAAAAAAAAAAAAAAAAAAAAAAAAAAAAAAAAAAAAAAAAAAAAAAAdiwxt1la/Y2lvUuKnVQXLzfJepG1orG7SlETPUJdjt1d9XSleXVK1T+5TXaSX5L8yrbk1j5h2jDP5buhuqxkI/W3F1Vl7pRivyOM8m/wCIdIw1c0t1uHa0UruPvVVfsef5Nz9GrW3u6am03aZCcZdI14Jr4rQ6Ryp/5QjOH+JRPNbIZTBJzuKHHQX9ei+KPr1XqWqZaX9S42pavtpddTq5sgAAAAAAAAAAAAAAAAAAAAAAAAAAAkGyGyNXaa6cpuVKxpv6youcn+GPv/I4ZcsY4/t1pTylb2OxlriraNva0Y0KUfuxXP3t9X7zLtabTuV2Iisah2SL1kAAA+ZRUk01qnzTArLeFsXHHUKmWx1H6iHtXFvTX2V1nFeHivVGhgzb/wBbKmWmv9oQGjcU7iHFTkpR93QvK8TtyngAAAAAAAAAAAAAAAAAAAAAAEm2klq33JID7dvWjVdN0aiqJ6cDg+LXyPNx7e6lK9m93d7lKkat9GVlac3GXdUn7kunmytkz1r1XuXauKZ9rSsrKhjrWnb29ONKjTWkYR6GbMzadytxERGodg8egAAAAAfM4KcXGSUotaNNapoDz5t5sRebGZKd1bpvGVqj7GrD+nr3qEv06M18OWMkan2zMmOcc7j001pm4y0jXXA/xrl6+B30hFv5bSM1OKaaafJrqeJvoAAAAAAAAAAAAAAAAAAAAHcwlBXWax9J8p3FNf8AsiF51WZSr3ML64dXqYrRZ0AyAAAAAAAAA6uTxtvl7CvZ3VNVbetFxnB9V+5KtprO4RmItGpeadqtnq2y+ducdVbmoPip1H9+D+y/396ZtY7xkrFoZV6+FtNfbXlW0etOXd1i+TOiETMNzZ5alcaRl9VUfRvufkyOnWLRLvaniTIAAAAAAAAAAAAAAAAAA22yEeLanFr/AF0/kzll/blOn1C8VyMdoMgAAAAAAAAAACrd+WGjVxtjlIx+soVOwm/GMu9fBr5l7i21M1U+RXqLKbNJQNAO5aZSta6Rb7Sn+GXTyZ5pKLTDc2t/Su17Eva6wfNHjrExLsnj0AAAAAAAAAAAAAAAAbXZOfZ7T4t/68V8e79Tnl+JTp9QvJcjGaDIAAAAAAAAAAAie9KhGvsJldVq4QjUXuanFljBOskOOb4l51NhlAADKbTTT0a6oDY2mZnT0jXXHH8S5/8A0806Rb+W4o3FO4hxU5KUfd0PHTe3IeAAAAAAAAAAAAAADsY64+h5G0r8uyrQn8JIjaN1mHsTqdr/AIvUxGkyAAAAAAAAAAAInvTrqhsJltXo5wjTXm5xRYwRvJDjm/bl51NhlAAAAA+6VWdCfHTk4S8UHu9NtaZqMtI11wP8a5evgR06Rb+WzjNSimmmnya6nib6AAAAAAAAAAAADDWqaAvPZbILKYCxuNdZSpKMv8l3P5oxslfG8w0KTusS2xzTAAAAAAAAAACtN+OTVDA2Vin7dzX42tfuwX7uJd4td2mVTkTqsQpQ02eAAAAAAA57a8q2kvq5ez1i+TCUTMNzaZalc6Rl9XUfSXJ+TI6dItEu7qeJsh4AAAAAAAAAMN6IC293eNyOJxtSje0lTozarUfbTa1XemunR+pl57VtbdV3FExHaXFZ2AAAAAAAAAGHyAojfRWu6m1sIV6bp28KEVbvXVTWuspfHu9EavGiPDpm8jfn2gJbVgAAAAAAABoByK4qpJKrNL/Jh7uUqIO4AAAAAAAAAxrw9/h3gehaE1VownH7Mopr4GHPUtJyHj0AAAAAAAAAAKX37VYvMYqmvtRt5yfk5LT8maXF+ZUOT9QrEvKYAAAAAAAAAAS4gsAAAAAAAAADDWq0AvHZG8+n7N46trrLsVB+cfZf5GPljxvMNCk7rDcHJMAAAAAAAAAYfIDz7vdv/p229zBS1jbU4UV56cT+cjX48axwzM87uhhZVwAAAAAAAAAAlxBYAAAAAAAAAACy91eWjUsbjHTlpUpT7WC8Yvn8H+Zn8mupiy3ht1pPSksAAAAAAAAADrZC+o42zr3VxNU6FGDqTk+iSPYibTqHkzERuXlzK5CeWyd3fVO6dxVlVa8NXrp6cjdrXxiIY9p8pmXVJIgAAAAAAAAABLiCwAAAAAAAAAAHJb3NazrRrW9WdCtH7NSnLRo8mInqXsTr0vLZ7I/xXC2V1rq6lJOX+S7n80zHyV8bTDQrO6xLZHNIAAAAAABh8gKM3x7RXF1tJUxlK5qKzt6cI1KMZvglU+1q11a1RqcakRTyn2zs95m3ir0uKoAAAAAAAAAAAJcQWAAAAAAAAAAAAWXuqyva2Nzj5v26Mu1gv7Zc/g/zM/k11MWW8NutJ6UlgAAAAAAB17+8pY+zr3VeXDRowlUm30SWrPYibTqHkzqNy8t5PIVMtkrq9q/zLirKq/dq9dPTl6G7WvjERDHtPlO3VJIgAAAAAAAAAAAlxBYAAAAAAAAAAABs9m8zLA5m3vO904vhqxXWD5/v6HPJTzrMJ0t4zteVGrGtSjOElOEkpRkuTT5Mx5jXTQfZ4AAAAAAVlvp2oVni6eGoz+vu9J1tPu0k+5erXwTLvGx7nzn8KnIvqPGFLGmzwAAAAAAAAAAAAJcQWAAAAAAAAAAAAALm2BjKOyeP45OTcZNa9FxPRGTn/clex/MJEcHUAAAAGHyA85bzYVIbd5ZVJSm+OLjxPXSLhFpeRs4P24ZWb7lFzu4gAAAAAAAAAAAAS4gsAAAAAAAAAAAAw+5AXpsvQ+jbO42n4W8H8Vr+pjZJ3eZaFOqw2pzTAAAABh8gKC3yW7o7b1J6fzrelP5OP6Gtxp3jZueNXQctKwAAAAAAAAAAAAEuILAAAAAAAAAAAAJdsdsNR2kspXdxdThSjUdN0qUdJPTT7z8/Aq5c0458Yh3pj8o3K1qFGNvRhTgtIwioryS0M2Z3O1z05DwAAAAAAh22+7e12yr0rmV1VtLunT7KM4pSg1q33x82+TLGLNOKNa6cMmKMnagsjafw/IXVr2iq9hVlS7RLRS4W1rp6GvWdxEs2Y1OnXPUQAAAAAAAAAAAS4gsAAAAAAAAAABhgXLsBjZY3Zm2U041KzdeSfTi5fLQyc9vK8r2ONVSQ4OoAAAAAADDA83bxcRPDbY5Gk46U61T6RTfjGff+eq9DZw28qQystfG8o2d3EAAAAAAAAAAAEuILAAAAAAAAAAdUubYEq2Y2DvspdUK15QdtYqSlLte6U14Jc+/xZWyZ61iYrPbtTHMz36W5GKikkkkuSXQy119AAAAAAAAAIPvO2FqbW2NCtZcCyNs2o8b4VUg+cdfPvXr4lrBl/TnU+lfNj843HtRuVw99hLnsL+1q2tXoqkdFLyfJ+hqVtW0brLOtWazqYdMkiAAAAAAAAAAEuILAAAAAAADNOEqtSMKcZTnJ6KMVq35Ievb1LcJu1yOR4al41YUX0ktaj9Onr8CrfkVr1Xt2rimfaf4TZDGYJKVvbqVZf16vtT9H09NCjfLe/uVitK19N1pocnRkAAAAAAAAAAAdW/xtrlLaVvd29O5oS506sVJEotNZ3DyYi0alW+0m5K1uOKthrh2dTn9HrtypvylzXzLlOVMdXVL8eJ+VX53ZjKbNVeDI2dSgm9I1ftU5eUl3fqXqZK3+ZU7UtT6hqzogAAAAAAAAS4gsAAAAA5La2rXlaNG3pTr1ZcoU4ts8mYiNy9iJn0meE3X3V1w1MlVVrT59jT0lN+b5L5lS/JiOq9u9cMz7T7EbOY/B0+Gzto05aaOo++cvNvvKV8lr/UrNaxX02SWhzSZAAAAAAAAAAAAAAAAcVe3pXVKVKtThVpSWkoTipRa96Z7EzHp5Mb9q/wBpNzGLyXHVxk3jLh9/AlxUW/LmvR+hbpybV6t2rX49Z+elWbRbEZjZeUne2knbp91zR9um/Xp66F+mWuT1KnfHanuGh11OrkAAAAABLiCwAAOexsLnJ11RtKE7iq/uwWunn4ep5a0Vjcy9iJnqE4wm6yc+GplK/AufYUH3+sv2+JSvyfxRYrh/7J5jcPZ4ij2VnbwoQ68K735vmyla1rzu0rEVivp3NNCKTIAAAAAAAAAAAAAAAAAAAAPmUIzi4ySaa0afJgQfaXdHhs3x1bWLxd0+/joL6tv3w5fDQtU5F69T2r3wVt66VVtLu6zWzPHUrW/0q0j/ANTbayil71zj693vL9M1L+lK+K1PaMJ68ju4gAABLiCwfNgT7Zrdm69OFzlpSgpd6tYPR6f3Pp5L4lHJyNdUWaYt92WBY422xtBUbWhC3pL7tNafHxKU2m07lZiIjqHaIvQAAAAAAAAAAAAAAAAAAAAAAAAAYa1Ah21G6zDbRcdWFL+H3j7+3t0km/7o8n8n7yzTPenXuHC+Gtv6UntPstfbJZH6JexTUlxUq0PsVI+K/VdDTx5K5I3DPvSaTqWnOjmAS4gsJPu6xcMltHGdVKVO2g63C+TlqlH5vX0K/It406/LtijdlwIyl1kAAAAAAAAAAAAAAAAAAAAAAAAAAAAABEd6ODp5nY+9k4J17SLuaUuqcea9Vqixgt43j+3DNXypLzubDLAJcQWE33T/APFr/wD7C/3FPlfMLGH6laC5GctsgAAAAAAAAAAAAAAAAAAAAAAAAAAAAANRtd/ytmP/AA63+xnTH9x/6hf5l5gXJG4xwD//2Q=='}, Object{name: 'Laura Martínez', title: 'Analista de Marketing', image: 'data:image/jpeg;base64,/9j/4AAQSkZJRgABAQEAZABkAAD/2wBDAAMCAgMCAgMDAwMEAwMEBQgFBQQEBQoHBwYIDAoMDAsKCwsNDhIQDQ4RDgsLEBYQERMUFRUVDA8XGBYUGBIUFRT/2wBDAQMEBAUEBQkFBQkUDQsNFBQUFBQUFBQUFBQUFBQUFBQUFBQUFBQUFBQUFBQUFBQUFBQUFBQUFBQUFBQUFBQUFBT/wAARCAD6APoDAREAAhEBAxEB/8QAHAABAAICAwEAAAAAAAAAAAAAAAYHAQUDBAgC/8QAPhAAAgEDAQUFBAgFAgcAAAAAAAECAwQFEQYHEjFBEyFRcYEiYZGhFCMyQlKxwdEVM0NicmOyNTZEc3Si4f/EABkBAQADAQEAAAAAAAAAAAAAAAACBAUDAf/EACcRAQACAgIDAAEEAgMAAAAAAAABAgMRBCESMTJBEzNRYRQiQlJx/9oADAMBAAIRAxEAPwD2WbrMAAAAAAAAAAAAAAAAAAAAAAAAAAAAAAAAAAAAAAAAAAAAAAAAAAAAAAAAAAAAAAAAAAAAAAAAAAAAAAAAAAAAAAAAAAAAAAAAAAAAAAAAAAAAAAAAAAAAAAAAAAAAAAAAAAAAAAAAAAAAAAAAAAAAAAAAAAAAAAAAAAAAAAAAAAAAAAAAAAAAAAAAAAAAAAAAAAAAAAAAAAAAAAAAAAAAAAAAAAAAAAAAAAAAAAAAAAAAAAdiwxt1la/Y2lvUuKnVQXLzfJepG1orG7SlETPUJdjt1d9XSleXVK1T+5TXaSX5L8yrbk1j5h2jDP5buhuqxkI/W3F1Vl7pRivyOM8m/wCIdIw1c0t1uHa0UruPvVVfsef5Nz9GrW3u6am03aZCcZdI14Jr4rQ6Ryp/5QjOH+JRPNbIZTBJzuKHHQX9ei+KPr1XqWqZaX9S42pavtpddTq5sgAAAAAAAAAAAAAAAAAAAAAAAAAAAkGyGyNXaa6cpuVKxpv6youcn+GPv/I4ZcsY4/t1pTylb2OxlriraNva0Y0KUfuxXP3t9X7zLtabTuV2Iisah2SL1kAAA+ZRUk01qnzTArLeFsXHHUKmWx1H6iHtXFvTX2V1nFeHivVGhgzb/wBbKmWmv9oQGjcU7iHFTkpR93QvK8TtyngAAAAAAAAAAAAAAAAAAAAAAEm2klq33JID7dvWjVdN0aiqJ6cDg+LXyPNx7e6lK9m93d7lKkat9GVlac3GXdUn7kunmytkz1r1XuXauKZ9rSsrKhjrWnb29ONKjTWkYR6GbMzadytxERGodg8egAAAAAfM4KcXGSUotaNNapoDz5t5sRebGZKd1bpvGVqj7GrD+nr3qEv06M18OWMkan2zMmOcc7j001pm4y0jXXA/xrl6+B30hFv5bSM1OKaaafJrqeJvoAAAAAAAAAAAAAAAAAAAAHcwlBXWax9J8p3FNf8AsiF51WZSr3ML64dXqYrRZ0AyAAAAAAAAA6uTxtvl7CvZ3VNVbetFxnB9V+5KtprO4RmItGpeadqtnq2y+ducdVbmoPip1H9+D+y/396ZtY7xkrFoZV6+FtNfbXlW0etOXd1i+TOiETMNzZ5alcaRl9VUfRvufkyOnWLRLvaniTIAAAAAAAAAAAAAAAAAA22yEeLanFr/AF0/kzll/blOn1C8VyMdoMgAAAAAAAAAACrd+WGjVxtjlIx+soVOwm/GMu9fBr5l7i21M1U+RXqLKbNJQNAO5aZSta6Rb7Sn+GXTyZ5pKLTDc2t/Su17Eva6wfNHjrExLsnj0AAAAAAAAAAAAAAAAbXZOfZ7T4t/68V8e79Tnl+JTp9QvJcjGaDIAAAAAAAAAAAie9KhGvsJldVq4QjUXuanFljBOskOOb4l51NhlAADKbTTT0a6oDY2mZnT0jXXHH8S5/8A0806Rb+W4o3FO4hxU5KUfd0PHTe3IeAAAAAAAAAAAAAADsY64+h5G0r8uyrQn8JIjaN1mHsTqdr/AIvUxGkyAAAAAAAAAAAInvTrqhsJltXo5wjTXm5xRYwRvJDjm/bl51NhlAAAAA+6VWdCfHTk4S8UHu9NtaZqMtI11wP8a5evgR06Rb+WzjNSimmmnya6nib6AAAAAAAAAAAADDWqaAvPZbILKYCxuNdZSpKMv8l3P5oxslfG8w0KTusS2xzTAAAAAAAAAACtN+OTVDA2Vin7dzX42tfuwX7uJd4td2mVTkTqsQpQ02eAAAAAAA57a8q2kvq5ez1i+TCUTMNzaZalc6Rl9XUfSXJ+TI6dItEu7qeJsh4AAAAAAAAAMN6IC293eNyOJxtSje0lTozarUfbTa1XemunR+pl57VtbdV3FExHaXFZ2AAAAAAAAAGHyAojfRWu6m1sIV6bp28KEVbvXVTWuspfHu9EavGiPDpm8jfn2gJbVgAAAAAAABoByK4qpJKrNL/Jh7uUqIO4AAAAAAAAAxrw9/h3gehaE1VownH7Mopr4GHPUtJyHj0AAAAAAAAAAKX37VYvMYqmvtRt5yfk5LT8maXF+ZUOT9QrEvKYAAAAAAAAAAS4gsAAAAAAAAADDWq0AvHZG8+n7N46trrLsVB+cfZf5GPljxvMNCk7rDcHJMAAAAAAAAAYfIDz7vdv/p229zBS1jbU4UV56cT+cjX48axwzM87uhhZVwAAAAAAAAAAlxBYAAAAAAAAAACy91eWjUsbjHTlpUpT7WC8Yvn8H+Zn8mupiy3ht1pPSksAAAAAAAAADrZC+o42zr3VxNU6FGDqTk+iSPYibTqHkzERuXlzK5CeWyd3fVO6dxVlVa8NXrp6cjdrXxiIY9p8pmXVJIgAAAAAAAAABLiCwAAAAAAAAAAHJb3NazrRrW9WdCtH7NSnLRo8mInqXsTr0vLZ7I/xXC2V1rq6lJOX+S7n80zHyV8bTDQrO6xLZHNIAAAAAABh8gKM3x7RXF1tJUxlK5qKzt6cI1KMZvglU+1q11a1RqcakRTyn2zs95m3ir0uKoAAAAAAAAAAAJcQWAAAAAAAAAAAAWXuqyva2Nzj5v26Mu1gv7Zc/g/zM/k11MWW8NutJ6UlgAAAAAAB17+8pY+zr3VeXDRowlUm30SWrPYibTqHkzqNy8t5PIVMtkrq9q/zLirKq/dq9dPTl6G7WvjERDHtPlO3VJIgAAAAAAAAAAAlxBYAAAAAAAAAAABs9m8zLA5m3vO904vhqxXWD5/v6HPJTzrMJ0t4zteVGrGtSjOElOEkpRkuTT5Mx5jXTQfZ4AAAAAAVlvp2oVni6eGoz+vu9J1tPu0k+5erXwTLvGx7nzn8KnIvqPGFLGmzwAAAAAAAAAAAAJcQWAAAAAAAAAAAAALm2BjKOyeP45OTcZNa9FxPRGTn/clex/MJEcHUAAAAGHyA85bzYVIbd5ZVJSm+OLjxPXSLhFpeRs4P24ZWb7lFzu4gAAAAAAAAAAAAS4gsAAAAAAAAAAAAw+5AXpsvQ+jbO42n4W8H8Vr+pjZJ3eZaFOqw2pzTAAAABh8gKC3yW7o7b1J6fzrelP5OP6Gtxp3jZueNXQctKwAAAAAAAAAAAAEuILAAAAAAAAAAAAJdsdsNR2kspXdxdThSjUdN0qUdJPTT7z8/Aq5c0458Yh3pj8o3K1qFGNvRhTgtIwioryS0M2Z3O1z05DwAAAAAAh22+7e12yr0rmV1VtLunT7KM4pSg1q33x82+TLGLNOKNa6cMmKMnagsjafw/IXVr2iq9hVlS7RLRS4W1rp6GvWdxEs2Y1OnXPUQAAAAAAAAAAAS4gsAAAAAAAAAABhgXLsBjZY3Zm2U041KzdeSfTi5fLQyc9vK8r2ONVSQ4OoAAAAAADDA83bxcRPDbY5Gk46U61T6RTfjGff+eq9DZw28qQystfG8o2d3EAAAAAAAAAAAEuILAAAAAAAAAAdUubYEq2Y2DvspdUK15QdtYqSlLte6U14Jc+/xZWyZ61iYrPbtTHMz36W5GKikkkkuSXQy119AAAAAAAAAIPvO2FqbW2NCtZcCyNs2o8b4VUg+cdfPvXr4lrBl/TnU+lfNj843HtRuVw99hLnsL+1q2tXoqkdFLyfJ+hqVtW0brLOtWazqYdMkiAAAAAAAAAAEuILAAAAAAADNOEqtSMKcZTnJ6KMVq35Ievb1LcJu1yOR4al41YUX0ktaj9Onr8CrfkVr1Xt2rimfaf4TZDGYJKVvbqVZf16vtT9H09NCjfLe/uVitK19N1pocnRkAAAAAAAAAAAdW/xtrlLaVvd29O5oS506sVJEotNZ3DyYi0alW+0m5K1uOKthrh2dTn9HrtypvylzXzLlOVMdXVL8eJ+VX53ZjKbNVeDI2dSgm9I1ftU5eUl3fqXqZK3+ZU7UtT6hqzogAAAAAAAAS4gsAAAAA5La2rXlaNG3pTr1ZcoU4ts8mYiNy9iJn0meE3X3V1w1MlVVrT59jT0lN+b5L5lS/JiOq9u9cMz7T7EbOY/B0+Gzto05aaOo++cvNvvKV8lr/UrNaxX02SWhzSZAAAAAAAAAAAAAAAAcVe3pXVKVKtThVpSWkoTipRa96Z7EzHp5Mb9q/wBpNzGLyXHVxk3jLh9/AlxUW/LmvR+hbpybV6t2rX49Z+elWbRbEZjZeUne2knbp91zR9um/Xp66F+mWuT1KnfHanuGh11OrkAAAAABLiCwAAOexsLnJ11RtKE7iq/uwWunn4ep5a0Vjcy9iJnqE4wm6yc+GplK/AufYUH3+sv2+JSvyfxRYrh/7J5jcPZ4ij2VnbwoQ68K735vmyla1rzu0rEVivp3NNCKTIAAAAAAAAAAAAAAAAAAAAPmUIzi4ySaa0afJgQfaXdHhs3x1bWLxd0+/joL6tv3w5fDQtU5F69T2r3wVt66VVtLu6zWzPHUrW/0q0j/ANTbayil71zj693vL9M1L+lK+K1PaMJ68ju4gAABLiCwfNgT7Zrdm69OFzlpSgpd6tYPR6f3Pp5L4lHJyNdUWaYt92WBY422xtBUbWhC3pL7tNafHxKU2m07lZiIjqHaIvQAAAAAAAAAAAAAAAAAAAAAAAAAYa1Ah21G6zDbRcdWFL+H3j7+3t0km/7o8n8n7yzTPenXuHC+Gtv6UntPstfbJZH6JexTUlxUq0PsVI+K/VdDTx5K5I3DPvSaTqWnOjmAS4gsJPu6xcMltHGdVKVO2g63C+TlqlH5vX0K/It406/LtijdlwIyl1kAAAAAAAAAAAAAAAAAAAAAAAAAAAAABEd6ODp5nY+9k4J17SLuaUuqcea9Vqixgt43j+3DNXypLzubDLAJcQWE33T/APFr/wD7C/3FPlfMLGH6laC5GctsgAAAAAAAAAAAAAAAAAAAAAAAAAAAAANRtd/ytmP/AA63+xnTH9x/6hf5l5gXJG4xwD//2Q=='}, Object{name: 'Juan Pérez', title: 'Diseñador de Interiores', image: 'data:image/jpeg;base64,/9j/4AAQSkZJRgABAQEAZABkAAD/2wBDAAMCAgMCAgMDAwMEAwMEBQgFBQQEBQoHBwYIDAoMDAsKCwsNDhIQDQ4RDgsLEBYQERMUFRUVDA8XGBYUGBIUFRT/2wBDAQMEBAUEBQkFBQkUDQsNFBQUFBQUFBQUFBQUFBQUFBQUFBQUFBQUFBQUFBQUFBQUFBQUFBQUFBQUFBQUFBQUFBT/wAARCAD6APoDAREAAhEBAxEB/8QAHAABAAICAwEAAAAAAAAAAAAAAAYHAQUDBAgC/8QAPhAAAgEDAQUFBAgFAgcAAAAAAAECAwQFEQYHEjFBEyFRcYEiYZGhFCMyQlKxwdEVM0NicmOyNTZEc3Si4f/EABkBAQADAQEAAAAAAAAAAAAAAAACBAUDAf/EACcRAQACAgIDAAEEAgMAAAAAAAABAgMRBCESMTJBEzNRYRQiQlJx/9oADAMBAAIRAxEAPwD2WbrMAAAAAAAAAAAAAAAAAAAAAAAAAAAAAAAAAAAAAAAAAAAAAAAAAAAAAAAAAAAAAAAAAAAAAAAAAAAAAAAAAAAAAAAAAAAAAAAAAAAAAAAAAAAAAAAAAAAAAAAAAAAAAAAAAAAAAAAAAAAAAAAAAAAAAAAAAAAAAAAAAAAAAAAAAAAAAAAAAAAAAAAAAAAAAAAAAAAAAAAAAAAAAAAAAAAAAAAAAAAAAAAAAAAAAAAAAAAAAAdiwxt1la/Y2lvUuKnVQXLzfJepG1orG7SlETPUJdjt1d9XSleXVK1T+5TXaSX5L8yrbk1j5h2jDP5buhuqxkI/W3F1Vl7pRivyOM8m/wCIdIw1c0t1uHa0UruPvVVfsef5Nz9GrW3u6am03aZCcZdI14Jr4rQ6Ryp/5QjOH+JRPNbIZTBJzuKHHQX9ei+KPr1XqWqZaX9S42pavtpddTq5sgAAAAAAAAAAAAAAAAAAAAAAAAAAAkGyGyNXaa6cpuVKxpv6youcn+GPv/I4ZcsY4/t1pTylb2OxlriraNva0Y0KUfuxXP3t9X7zLtabTuV2Iisah2SL1kAAA+ZRUk01qnzTArLeFsXHHUKmWx1H6iHtXFvTX2V1nFeHivVGhgzb/wBbKmWmv9oQGjcU7iHFTkpR93QvK8TtyngAAAAAAAAAAAAAAAAAAAAAAEm2klq33JID7dvWjVdN0aiqJ6cDg+LXyPNx7e6lK9m93d7lKkat9GVlac3GXdUn7kunmytkz1r1XuXauKZ9rSsrKhjrWnb29ONKjTWkYR6GbMzadytxERGodg8egAAAAAfM4KcXGSUotaNNapoDz5t5sRebGZKd1bpvGVqj7GrD+nr3qEv06M18OWMkan2zMmOcc7j001pm4y0jXXA/xrl6+B30hFv5bSM1OKaaafJrqeJvoAAAAAAAAAAAAAAAAAAAAHcwlBXWax9J8p3FNf8AsiF51WZSr3ML64dXqYrRZ0AyAAAAAAAAA6uTxtvl7CvZ3VNVbetFxnB9V+5KtprO4RmItGpeadqtnq2y+ducdVbmoPip1H9+D+y/396ZtY7xkrFoZV6+FtNfbXlW0etOXd1i+TOiETMNzZ5alcaRl9VUfRvufkyOnWLRLvaniTIAAAAAAAAAAAAAAAAAA22yEeLanFr/AF0/kzll/blOn1C8VyMdoMgAAAAAAAAAACrd+WGjVxtjlIx+soVOwm/GMu9fBr5l7i21M1U+RXqLKbNJQNAO5aZSta6Rb7Sn+GXTyZ5pKLTDc2t/Su17Eva6wfNHjrExLsnj0AAAAAAAAAAAAAAAAbXZOfZ7T4t/68V8e79Tnl+JTp9QvJcjGaDIAAAAAAAAAAAie9KhGvsJldVq4QjUXuanFljBOskOOb4l51NhlAADKbTTT0a6oDY2mZnT0jXXHH8S5/8A0806Rb+W4o3FO4hxU5KUfd0PHTe3IeAAAAAAAAAAAAAADsY64+h5G0r8uyrQn8JIjaN1mHsTqdr/AIvUxGkyAAAAAAAAAAAInvTrqhsJltXo5wjTXm5xRYwRvJDjm/bl51NhlAAAAA+6VWdCfHTk4S8UHu9NtaZqMtI11wP8a5evgR06Rb+WzjNSimmmnya6nib6AAAAAAAAAAAADDWqaAvPZbILKYCxuNdZSpKMv8l3P5oxslfG8w0KTusS2xzTAAAAAAAAAACtN+OTVDA2Vin7dzX42tfuwX7uJd4td2mVTkTqsQpQ02eAAAAAAA57a8q2kvq5ez1i+TCUTMNzaZalc6Rl9XUfSXJ+TI6dItEu7qeJsh4AAAAAAAAAMN6IC293eNyOJxtSje0lTozarUfbTa1XemunR+pl57VtbdV3FExHaXFZ2AAAAAAAAAGHyAojfRWu6m1sIV6bp28KEVbvXVTWuspfHu9EavGiPDpm8jfn2gJbVgAAAAAAABoByK4qpJKrNL/Jh7uUqIO4AAAAAAAAAxrw9/h3gehaE1VownH7Mopr4GHPUtJyHj0AAAAAAAAAAKX37VYvMYqmvtRt5yfk5LT8maXF+ZUOT9QrEvKYAAAAAAAAAAS4gsAAAAAAAAADDWq0AvHZG8+n7N46trrLsVB+cfZf5GPljxvMNCk7rDcHJMAAAAAAAAAYfIDz7vdv/p229zBS1jbU4UV56cT+cjX48axwzM87uhhZVwAAAAAAAAAAlxBYAAAAAAAAAACy91eWjUsbjHTlpUpT7WC8Yvn8H+Zn8mupiy3ht1pPSksAAAAAAAAADrZC+o42zr3VxNU6FGDqTk+iSPYibTqHkzERuXlzK5CeWyd3fVO6dxVlVa8NXrp6cjdrXxiIY9p8pmXVJIgAAAAAAAAABLiCwAAAAAAAAAAHJb3NazrRrW9WdCtH7NSnLRo8mInqXsTr0vLZ7I/xXC2V1rq6lJOX+S7n80zHyV8bTDQrO6xLZHNIAAAAAABh8gKM3x7RXF1tJUxlK5qKzt6cI1KMZvglU+1q11a1RqcakRTyn2zs95m3ir0uKoAAAAAAAAAAAJcQWAAAAAAAAAAAAWXuqyva2Nzj5v26Mu1gv7Zc/g/zM/k11MWW8NutJ6UlgAAAAAAB17+8pY+zr3VeXDRowlUm30SWrPYibTqHkzqNy8t5PIVMtkrq9q/zLirKq/dq9dPTl6G7WvjERDHtPlO3VJIgAAAAAAAAAAAlxBYAAAAAAAAAAABs9m8zLA5m3vO904vhqxXWD5/v6HPJTzrMJ0t4zteVGrGtSjOElOEkpRkuTT5Mx5jXTQfZ4AAAAAAVlvp2oVni6eGoz+vu9J1tPu0k+5erXwTLvGx7nzn8KnIvqPGFLGmzwAAAAAAAAAAAAJcQWAAAAAAAAAAAAALm2BjKOyeP45OTcZNa9FxPRGTn/clex/MJEcHUAAAAGHyA85bzYVIbd5ZVJSm+OLjxPXSLhFpeRs4P24ZWb7lFzu4gAAAAAAAAAAAAS4gsAAAAAAAAAAAAw+5AXpsvQ+jbO42n4W8H8Vr+pjZJ3eZaFOqw2pzTAAAABh8gKC3yW7o7b1J6fzrelP5OP6Gtxp3jZueNXQctKwAAAAAAAAAAAAEuILAAAAAAAAAAAAJdsdsNR2kspXdxdThSjUdN0qUdJPTT7z8/Aq5c0458Yh3pj8o3K1qFGNvRhTgtIwioryS0M2Z3O1z05DwAAAAAAh22+7e12yr0rmV1VtLunT7KM4pSg1q33x82+TLGLNOKNa6cMmKMnagsjafw/IXVr2iq9hVlS7RLRS4W1rp6GvWdxEs2Y1OnXPUQAAAAAAAAAAAS4gsAAAAAAAAAABhgXLsBjZY3Zm2U041KzdeSfTi5fLQyc9vK8r2ONVSQ4OoAAAAAADDA83bxcRPDbY5Gk46U61T6RTfjGff+eq9DZw28qQystfG8o2d3EAAAAAAAAAAAEuILAAAAAAAAAAdUubYEq2Y2DvspdUK15QdtYqSlLte6U14Jc+/xZWyZ61iYrPbtTHMz36W5GKikkkkuSXQy119AAAAAAAAAIPvO2FqbW2NCtZcCyNs2o8b4VUg+cdfPvXr4lrBl/TnU+lfNj843HtRuVw99hLnsL+1q2tXoqkdFLyfJ+hqVtW0brLOtWazqYdMkiAAAAAAAAAAEuILAAAAAAADNOEqtSMKcZTnJ6KMVq35Ievb1LcJu1yOR4al41YUX0ktaj9Onr8CrfkVr1Xt2rimfaf4TZDGYJKVvbqVZf16vtT9H09NCjfLe/uVitK19N1pocnRkAAAAAAAAAAAdW/xtrlLaVvd29O5oS506sVJEotNZ3DyYi0alW+0m5K1uOKthrh2dTn9HrtypvylzXzLlOVMdXVL8eJ+VX53ZjKbNVeDI2dSgm9I1ftU5eUl3fqXqZK3+ZU7UtT6hqzogAAAAAAAAS4gsAAAAA5La2rXlaNG3pTr1ZcoU4ts8mYiNy9iJn0meE3X3V1w1MlVVrT59jT0lN+b5L5lS/JiOq9u9cMz7T7EbOY/B0+Gzto05aaOo++cvNvvKV8lr/UrNaxX02SWhzSZAAAAAAAAAAAAAAAAcVe3pXVKVKtThVpSWkoTipRa96Z7EzHp5Mb9q/wBpNzGLyXHVxk3jLh9/AlxUW/LmvR+hbpybV6t2rX49Z+elWbRbEZjZeUne2knbp91zR9um/Xp66F+mWuT1KnfHanuGh11OrkAAAAABLiCwAAOexsLnJ11RtKE7iq/uwWunn4ep5a0Vjcy9iJnqE4wm6yc+GplK/AufYUH3+sv2+JSvyfxRYrh/7J5jcPZ4ij2VnbwoQ68K735vmyla1rzu0rEVivp3NNCKTIAAAAAAAAAAAAAAAAAAAAPmUIzi4ySaa0afJgQfaXdHhs3x1bWLxd0+/joL6tv3w5fDQtU5F69T2r3wVt66VVtLu6zWzPHUrW/0q0j/ANTbayil71zj693vL9M1L+lK+K1PaMJ68ju4gAABLiCwfNgT7Zrdm69OFzlpSgpd6tYPR6f3Pp5L4lHJyNdUWaYt92WBY422xtBUbWhC3pL7tNafHxKU2m07lZiIjqHaIvQAAAAAAAAAAAAAAAAAAAAAAAAAYa1Ah21G6zDbRcdWFL+H3j7+3t0km/7o8n8n7yzTPenXuHC+Gtv6UntPstfbJZH6JexTUlxUq0PsVI+K/VdDTx5K5I3DPvSaTqWnOjmAS4gsJPu6xcMltHGdVKVO2g63C+TlqlH5vX0K/It406/LtijdlwIyl1kAAAAAAAAAAAAAAAAAAAAAAAAAAAAABEd6ODp5nY+9k4J17SLuaUuqcea9Vqixgt43j+3DNXypLzubDLAJcQWE33T/APFr/wD7C/3FPlfMLGH6laC5GctsgAAAAAAAAAAAAAAAAAAAAAAAAAAAAANRtd/ytmP/AA63+xnTH9x/6hf5l5gXJG4xwD//2Q=='}, Object{name: 'Ana Gómez', title: 'Diseñadora de Modas', image: 'data:image/jpeg;base64,/9j/4AAQSkZJRgABAQEAZABkAAD/2wBDAAMCAgMCAgMDAwMEAwMEBQgFBQQEBQoHBwYIDAoMDAsKCwsNDhIQDQ4RDgsLEBYQERMUFRUVDA8XGBYUGBIUFRT/2wBDAQMEBAUEBQkFBQkUDQsNFBQUFBQUFBQUFBQUFBQUFBQUFBQUFBQUFBQUFBQUFBQUFBQUFBQUFBQUFBQUFBQUFBT/wAARCAD6APoDAREAAhEBAxEB/8QAHAABAAICAwEAAAAAAAAAAAAAAAYHAQUDBAgC/8QAPhAAAgEDAQUFBAgFAgcAAAAAAAECAwQFEQYHEjFBEyFRcYEiYZGhFCMyQlKxwdEVM0NicmOyNTZEc3Si4f/EABkBAQADAQEAAAAAAAAAAAAAAAACBAUDAf/EACcRAQACAgIDAAEEAgMAAAAAAAABAgMRBCESMTJBEzNRYRQiQlJx/9oADAMBAAIRAxEAPwD2WbrMAAAAAAAAAAAAAAAAAAAAAAAAAAAAAAAAAAAAAAAAAAAAAAAAAAAAAAAAAAAAAAAAAAAAAAAAAAAAAAAAAAAAAAAAAAAAAAAAAAAAAAAAAAAAAAAAAAAAAAAAAAAAAAAAAAAAAAAAAAAAAAAAAAAAAAAAAAAAAAAAAAAAAAAAAAAAAAAAAAAAAAAAAAAAAAAAAAAAAAAAAAAAAAAAAAAAAAAAAAAAAAAAAAAAAAAAAAAAAAdiwxt1la/Y2lvUuKnVQXLzfJepG1orG7SlETPUJdjt1d9XSleXVK1T+5TXaSX5L8yrbk1j5h2jDP5buhuqxkI/W3F1Vl7pRivyOM8m/wCIdIw1c0t1uHa0UruPvVVfsef5Nz9GrW3u6am03aZCcZdI14Jr4rQ6Ryp/5QjOH+JRPNbIZTBJzuKHHQX9ei+KPr1XqWqZaX9S42pavtpddTq5sgAAAAAAAAAAAAAAAAAAAAAAAAAAAkGyGyNXaa6cpuVKxpv6youcn+GPv/I4ZcsY4/t1pTylb2OxlriraNva0Y0KUfuxXP3t9X7zLtabTuV2Iisah2SL1kAAA+ZRUk01qnzTArLeFsXHHUKmWx1H6iHtXFvTX2V1nFeHivVGhgzb/wBbKmWmv9oQGjcU7iHFTkpR93QvK8TtyngAAAAAAAAAAAAAAAAAAAAAAEm2klq33JID7dvWjVdN0aiqJ6cDg+LXyPNx7e6lK9m93d7lKkat9GVlac3GXdUn7kunmytkz1r1XuXauKZ9rSsrKhjrWnb29ONKjTWkYR6GbMzadytxERGodg8egAAAAAfM4KcXGSUotaNNapoDz5t5sRebGZKd1bpvGVqj7GrD+nr3qEv06M18OWMkan2zMmOcc7j001pm4y0jXXA/xrl6+B30hFv5bSM1OKaaafJrqeJvoAAAAAAAAAAAAAAAAAAAAHcwlBXWax9J8p3FNf8AsiF51WZSr3ML64dXqYrRZ0AyAAAAAAAAA6uTxtvl7CvZ3VNVbetFxnB9V+5KtprO4RmItGpeadqtnq2y+ducdVbmoPip1H9+D+y/396ZtY7xkrFoZV6+FtNfbXlW0etOXd1i+TOiETMNzZ5alcaRl9VUfRvufkyOnWLRLvaniTIAAAAAAAAAAAAAAAAAA22yEeLanFr/AF0/kzll/blOn1C8VyMdoMgAAAAAAAAAACrd+WGjVxtjlIx+soVOwm/GMu9fBr5l7i21M1U+RXqLKbNJQNAO5aZSta6Rb7Sn+GXTyZ5pKLTDc2t/Su17Eva6wfNHjrExLsnj0AAAAAAAAAAAAAAAAbXZOfZ7T4t/68V8e79Tnl+JTp9QvJcjGaDIAAAAAAAAAAAie9KhGvsJldVq4QjUXuanFljBOskOOb4l51NhlAADKbTTT0a6oDY2mZnT0jXXHH8S5/8A0806Rb+W4o3FO4hxU5KUfd0PHTe3IeAAAAAAAAAAAAAADsY64+h5G0r8uyrQn8JIjaN1mHsTqdr/AIvUxGkyAAAAAAAAAAAInvTrqhsJltXo5wjTXm5xRYwRvJDjm/bl51NhlAAAAA+6VWdCfHTk4S8UHu9NtaZqMtI11wP8a5evgR06Rb+WzjNSimmmnya6nib6AAAAAAAAAAAADDWqaAvPZbILKYCxuNdZSpKMv8l3P5oxslfG8w0KTusS2xzTAAAAAAAAAACtN+OTVDA2Vin7dzX42tfuwX7uJd4td2mVTkTqsQpQ02eAAAAAAA57a8q2kvq5ez1i+TCUTMNzaZalc6Rl9XUfSXJ+TI6dItEu7qeJsh4AAAAAAAAAMN6IC293eNyOJxtSje0lTozarUfbTa1XemunR+pl57VtbdV3FExHaXFZ2AAAAAAAAAGHyAojfRWu6m1sIV6bp28KEVbvXVTWuspfHu9EavGiPDpm8jfn2gJbVgAAAAAAABoByK4qpJKrNL/Jh7uUqIO4AAAAAAAAAxrw9/h3gehaE1VownH7Mopr4GHPUtJyHj0AAAAAAAAAAKX37VYvMYqmvtRt5yfk5LT8maXF+ZUOT9QrEvKYAAAAAAAAAAS4gsAAAAAAAAADDWq0AvHZG8+n7N46trrLsVB+cfZf5GPljxvMNCk7rDcHJMAAAAAAAAAYfIDz7vdv/p229zBS1jbU4UV56cT+cjX48axwzM87uhhZVwAAAAAAAAAAlxBYAAAAAAAAAACy91eWjUsbjHTlpUpT7WC8Yvn8H+Zn8mupiy3ht1pPSksAAAAAAAAADrZC+o42zr3VxNU6FGDqTk+iSPYibTqHkzERuXlzK5CeWyd3fVO6dxVlVa8NXrp6cjdrXxiIY9p8pmXVJIgAAAAAAAAABLiCwAAAAAAAAAAHJb3NazrRrW9WdCtH7NSnLRo8mInqXsTr0vLZ7I/xXC2V1rq6lJOX+S7n80zHyV8bTDQrO6xLZHNIAAAAAABh8gKM3x7RXF1tJUxlK5qKzt6cI1KMZvglU+1q11a1RqcakRTyn2zs95m3ir0uKoAAAAAAAAAAAJcQWAAAAAAAAAAAAWXuqyva2Nzj5v26Mu1gv7Zc/g/zM/k11MWW8NutJ6UlgAAAAAAB17+8pY+zr3VeXDRowlUm30SWrPYibTqHkzqNy8t5PIVMtkrq9q/zLirKq/dq9dPTl6G7WvjERDHtPlO3VJIgAAAAAAAAAAAlxBYAAAAAAAAAAABs9m8zLA5m3vO904vhqxXWD5/v6HPJTzrMJ0t4zteVGrGtSjOElOEkpRkuTT5Mx5jXTQfZ4AAAAAAVlvp2oVni6eGoz+vu9J1tPu0k+5erXwTLvGx7nzn8KnIvqPGFLGmzwAAAAAAAAAAAAJcQWAAAAAAAAAAAAALm2BjKOyeP45OTcZNa9FxPRGTn/clex/MJEcHUAAAAGHyA85bzYVIbd5ZVJSm+OLjxPXSLhFpeRs4P24ZWb7lFzu4gAAAAAAAAAAAAS4gsAAAAAAAAAAAAw+5AXpsvQ+jbO42n4W8H8Vr+pjZJ3eZaFOqw2pzTAAAABh8gKC3yW7o7b1J6fzrelP5OP6Gtxp3jZueNXQctKwAAAAAAAAAAAAEuILAAAAAAAAAAAAJdsdsNR2kspXdxdThSjUdN0qUdJPTT7z8/Aq5c0458Yh3pj8o3K1qFGNvRhTgtIwioryS0M2Z3O1z05DwAAAAAAh22+7e12yr0rmV1VtLunT7KM4pSg1q33x82+TLGLNOKNa6cMmKMnagsjafw/IXVr2iq9hVlS7RLRS4W1rp6GvWdxEs2Y1OnXPUQAAAAAAAAAAAS4gsAAAAAAAAAABhgXLsBjZY3Zm2U041KzdeSfTi5fLQyc9vK8r2ONVSQ4OoAAAAAADDA83bxcRPDbY5Gk46U61T6RTfjGff+eq9DZw28qQystfG8o2d3EAAAAAAAAAAAEuILAAAAAAAAAAdUubYEq2Y2DvspdUK15QdtYqSlLte6U14Jc+/xZWyZ61iYrPbtTHMz36W5GKikkkkuSXQy119AAAAAAAAAIPvO2FqbW2NCtZcCyNs2o8b4VUg+cdfPvXr4lrBl/TnU+lfNj843HtRuVw99hLnsL+1q2tXoqkdFLyfJ+hqVtW0brLOtWazqYdMkiAAAAAAAAAAEuILAAAAAAADNOEqtSMKcZTnJ6KMVq35Ievb1LcJu1yOR4al41YUX0ktaj9Onr8CrfkVr1Xt2rimfaf4TZDGYJKVvbqVZf16vtT9H09NCjfLe/uVitK19N1pocnRkAAAAAAAAAAAdW/xtrlLaVvd29O5oS506sVJEotNZ3DyYi0alW+0m5K1uOKthrh2dTn9HrtypvylzXzLlOVMdXVL8eJ+VX53ZjKbNVeDI2dSgm9I1ftU5eUl3fqXqZK3+ZU7UtT6hqzogAAAAAAAAS4gsAAAAA5La2rXlaNG3pTr1ZcoU4ts8mYiNy9iJn0meE3X3V1w1MlVVrT59jT0lN+b5L5lS/JiOq9u9cMz7T7EbOY/B0+Gzto05aaOo++cvNvvKV8lr/UrNaxX02SWhzSZAAAAAAAAAAAAAAAAcVe3pXVKVKtThVpSWkoTipRa96Z7EzHp5Mb9q/wBpNzGLyXHVxk3jLh9/AlxUW/LmvR+hbpybV6t2rX49Z+elWbRbEZjZeUne2knbp91zR9um/Xp66F+mWuT1KnfHanuGh11OrkAAAAABLiCwAAOexsLnJ11RtKE7iq/uwWunn4ep5a0Vjcy9iJnqE4wm6yc+GplK/AufYUH3+sv2+JSvyfxRYrh/7J5jcPZ4ij2VnbwoQ68K735vmyla1rzu0rEVivp3NNCKTIAAAAAAAAAAAAAAAAAAAAPmUIzi4ySaa0afJgQfaXdHhs3x1bWLxd0+/joL6tv3w5fDQtU5F69T2r3wVt66VVtLu6zWzPHUrW/0q0j/ANTbayil71zj693vL9M1L+lK+K1PaMJ68ju4gAABLiCwfNgT7Zrdm69OFzlpSgpd6tYPR6f3Pp5L4lHJyNdUWaYt92WBY422xtBUbWhC3pL7tNafHxKU2m07lZiIjqHaIvQAAAAAAAAAAAAAAAAAAAAAAAAAYa1Ah21G6zDbRcdWFL+H3j7+3t0km/7o8n8n7yzTPenXuHC+Gtv6UntPstfbJZH6JexTUlxUq0PsVI+K/VdDTx5K5I3DPvSaTqWnOjmAS4gsJPu6xcMltHGdVKVO2g63C+TlqlH5vX0K/It406/LtijdlwIyl1kAAAAAAAAAAAAAAAAAAAAAAAAAAAAABEd6ODp5nY+9k4J17SLuaUuqcea9Vqixgt43j+3DNXypLzubDLAJcQWE33T/APFr/wD7C/3FPlfMLGH6laC5GctsgAAAAAAAAAAAAAAAAAAAAAAAAAAAAANRtd/ytmP/AA63+xnTH9x/6hf5l5gXJG4xwD//2Q=='}, Object{name: 'Carlos Sánchez', title: 'Diseñador Gráfico', image: 'data:image/jpeg;base64,/9j/4AAQSkZJRgABAQEAZABkAAD/2wBDAAMCAgMCAgMDAwMEAwMEBQgFBQQEBQoHBwYIDAoMDAsKCwsNDhIQDQ4RDgsLEBYQERMUFRUVDA8XGBYUGBIUFRT/2wBDAQMEBAUEBQkFBQkUDQsNFBQUFBQUFBQUFBQUFBQUFBQUFBQUFBQUFBQUFBQUFBQUFBQUFBQUFBQUFBQUFBQUFBT/wAARCAD6APoDAREAAhEBAxEB/8QAHAABAAICAwEAAAAAAAAAAAAAAAYHAQUDBAgC/8QAPhAAAgEDAQUFBAgFAgcAAAAAAAECAwQFEQYHEjFBEyFRcYEiYZGhFCMyQlKxwdEVM0NicmOyNTZEc3Si4f/EABkBAQADAQEAAAAAAAAAAAAAAAACBAUDAf/EACcRAQACAgIDAAEEAgMAAAAAAAABAgMRBCESMTJBEzNRYRQiQlJx/9oADAMBAAIRAxEAPwD2WbrMAAAAAAAAAAAAAAAAAAAAAAAAAAAAAAAAAAAAAAAAAAAAAAAAAAAAAAAAAAAAAAAAAAAAAAAAAAAAAAAAAAAAAAAAAAAAAAAAAAAAAAAAAAAAAAAAAAAAAAAAAAAAAAAAAAAAAAAAAAAAAAAAAAAAAAAAAAAAAAAAAAAAAAAAAAAAAAAAAAAAAAAAAAAAAAAAAAAAAAAAAAAAAAAAAAAAAAAAAAAAAAAAAAAAAAAAAAAAAAdiwxt1la/Y2lvUuKnVQXLzfJepG1orG7SlETPUJdjt1d9XSleXVK1T+5TXaSX5L8yrbk1j5h2jDP5buhuqxkI/W3F1Vl7pRivyOM8m/wCIdIw1c0t1uHa0UruPvVVfsef5Nz9GrW3u6am03aZCcZdI14Jr4rQ6Ryp/5QjOH+JRPNbIZTBJzuKHHQX9ei+KPr1XqWqZaX9S42pavtpddTq5sgAAAAAAAAAAAAAAAAAAAAAAAAAAAkGyGyNXaa6cpuVKxpv6youcn+GPv/I4ZcsY4/t1pTylb2OxlriraNva0Y0KUfuxXP3t9X7zLtabTuV2Iisah2SL1kAAA+ZRUk01qnzTArLeFsXHHUKmWx1H6iHtXFvTX2V1nFeHivVGhgzb/wBbKmWmv9oQGjcU7iHFTkpR93QvK8TtyngAAAAAAAAAAAAAAAAAAAAAAEm2klq33JID7dvWjVdN0aiqJ6cDg+LXyPNx7e6lK9m93d7lKkat9GVlac3GXdUn7kunmytkz1r1XuXauKZ9rSsrKhjrWnb29ONKjTWkYR6GbMzadytxERGodg8egAAAAAfM4KcXGSUotaNNapoDz5t5sRebGZKd1bpvGVqj7GrD+nr3qEv06M18OWMkan2zMmOcc7j001pm4y0jXXA/xrl6+B30hFv5bSM1OKaaafJrqeJvoAAAAAAAAAAAAAAAAAAAAHcwlBXWax9J8p3FNf8AsiF51WZSr3ML64dXqYrRZ0AyAAAAAAAAA6uTxtvl7CvZ3VNVbetFxnB9V+5KtprO4RmItGpeadqtnq2y+ducdVbmoPip1H9+D+y/396ZtY7xkrFoZV6+FtNfbXlW0etOXd1i+TOiETMNzZ5alcaRl9VUfRvufkyOnWLRLvaniTIAAAAAAAAAAAAAAAAAA22yEeLanFr/AF0/kzll/blOn1C8VyMdoMgAAAAAAAAAACrd+WGjVxtjlIx+soVOwm/GMu9fBr5l7i21M1U+RXqLKbNJQNAO5aZSta6Rb7Sn+GXTyZ5pKLTDc2t/Su17Eva6wfNHjrExLsnj0AAAAAAAAAAAAAAAAbXZOfZ7T4t/68V8e79Tnl+JTp9QvJcjGaDIAAAAAAAAAAAie9KhGvsJldVq4QjUXuanFljBOskOOb4l51NhlAADKbTTT0a6oDY2mZnT0jXXHH8S5/8A0806Rb+W4o3FO4hxU5KUfd0PHTe3IeAAAAAAAAAAAAAADsY64+h5G0r8uyrQn8JIjaN1mHsTqdr/AIvUxGkyAAAAAAAAAAAInvTrqhsJltXo5wjTXm5xRYwRvJDjm/bl51NhlAAAAA+6VWdCfHTk4S8UHu9NtaZqMtI11wP8a5evgR06Rb+WzjNSimmmnya6nib6AAAAAAAAAAAADDWqaAvPZbILKYCxuNdZSpKMv8l3P5oxslfG8w0KTusS2xzTAAAAAAAAAACtN+OTVDA2Vin7dzX42tfuwX7uJd4td2mVTkTqsQpQ02eAAAAAAA57a8q2kvq5ez1i+TCUTMNzaZalc6Rl9XUfSXJ+TI6dItEu7qeJsh4AAAAAAAAAMN6IC293eNyOJxtSje0lTozarUfbTa1XemunR+pl57VtbdV3FExHaXFZ2AAAAAAAAAGHyAojfRWu6m1sIV6bp28KEVbvXVTWuspfHu9EavGiPDpm8jfn2gJbVgAAAAAAABoByK4qpJKrNL/Jh7uUqIO4AAAAAAAAAxrw9/h3gehaE1VownH7Mopr4GHPUtJyHj0AAAAAAAAAAKX37VYvMYqmvtRt5yfk5LT8maXF+ZUOT9QrEvKYAAAAAAAAAAS4gsAAAAAAAAADDWq0AvHZG8+n7N46trrLsVB+cfZf5GPljxvMNCk7rDcHJMAAAAAAAAAYfIDz7vdv/p229zBS1jbU4UV56cT+cjX48axwzM87uhhZVwAAAAAAAAAAlxBYAAAAAAAAAACy91eWjUsbjHTlpUpT7WC8Yvn8H+Zn8mupiy3ht1pPSksAAAAAAAAADrZC+o42zr3VxNU6FGDqTk+iSPYibTqHkzERuXlzK5CeWyd3fVO6dxVlVa8NXrp6cjdrXxiIY9p8pmXVJIgAAAAAAAAABLiCwAAAAAAAAAAHJb3NazrRrW9WdCtH7NSnLRo8mInqXsTr0vLZ7I/xXC2V1rq6lJOX+S7n80zHyV8bTDQrO6xLZHNIAAAAAABh8gKM3x7RXF1tJUxlK5qKzt6cI1KMZvglU+1q11a1RqcakRTyn2zs95m3ir0uKoAAAAAAAAAAAJcQWAAAAAAAAAAAAWXuqyva2Nzj5v26Mu1gv7Zc/g/zM/k11MWW8NutJ6UlgAAAAAAB17+8pY+zr3VeXDRowlUm30SWrPYibTqHkzqNy8t5PIVMtkrq9q/zLirKq/dq9dPTl6G7WvjERDHtPlO3VJIgAAAAAAAAAAAlxBYAAAAAAAAAAABs9m8zLA5m3vO904vhqxXWD5/v6HPJTzrMJ0t4zteVGrGtSjOElOEkpRkuTT5Mx5jXTQfZ4AAAAAAVlvp2oVni6eGoz+vu9J1tPu0k+5erXwTLvGx7nzn8KnIvqPGFLGmzwAAAAAAAAAAAAJcQWAAAAAAAAAAAAALm2BjKOyeP45OTcZNa9FxPRGTn/clex/MJEcHUAAAAGHyA85bzYVIbd5ZVJSm+OLjxPXSLhFpeRs4P24ZWb7lFzu4gAAAAAAAAAAAAS4gsAAAAAAAAAAAAw+5AXpsvQ+jbO42n4W8H8Vr+pjZJ3eZaFOqw2pzTAAAABh8gKC3yW7o7b1J6fzrelP5OP6Gtxp3jZueNXQctKwAAAAAAAAAAAAEuILAAAAAAAAAAAAJdsdsNR2kspXdxdThSjUdN0qUdJPTT7z8/Aq5c0458Yh3pj8o3K1qFGNvRhTgtIwioryS0M2Z3O1z05DwAAAAAAh22+7e12yr0rmV1VtLunT7KM4pSg1q33x82+TLGLNOKNa6cMmKMnagsjafw/IXVr2iq9hVlS7RLRS4W1rp6GvWdxEs2Y1OnXPUQAAAAAAAAAAAS4gsAAAAAAAAAABhgXLsBjZY3Zm2U041KzdeSfTi5fLQyc9vK8r2ONVSQ4OoAAAAAADDA83bxcRPDbY5Gk46U61T6RTfjGff+eq9DZw28qQystfG8o2d3EAAAAAAAAAAAEuILAAAAAAAAAAdUubYEq2Y2DvspdUK15QdtYqSlLte6U14Jc+/xZWyZ61iYrPbtTHMz36W5GKikkkkuSXQy119AAAAAAAAAIPvO2FqbW2NCtZcCyNs2o8b4VUg+cdfPvXr4lrBl/TnU+lfNj843HtRuVw99hLnsL+1q2tXoqkdFLyfJ+hqVtW0brLOtWazqYdMkiAAAAAAAAAAEuILAAAAAAADNOEqtSMKcZTnJ6KMVq35Ievb1LcJu1yOR4al41YUX0ktaj9Onr8CrfkVr1Xt2rimfaf4TZDGYJKVvbqVZf16vtT9H09NCjfLe/uVitK19N1pocnRkAAAAAAAAAAAdW/xtrlLaVvd29O5oS506sVJEotNZ3DyYi0alW+0m5K1uOKthrh2dTn9HrtypvylzXzLlOVMdXVL8eJ+VX53ZjKbNVeDI2dSgm9I1ftU5eUl3fqXqZK3+ZU7UtT6hqzogAAAAAAAAS4gsAAAAA5La2rXlaNG3pTr1ZcoU4ts8mYiNy9iJn0meE3X3V1w1MlVVrT59jT0lN+b5L5lS/JiOq9u9cMz7T7EbOY/B0+Gzto05aaOo++cvNvvKV8lr/UrNaxX02SWhzSZAAAAAAAAAAAAAAAAcVe3pXVKVKtThVpSWkoTipRa96Z7EzHp5Mb9q/wBpNzGLyXHVxk3jLh9/AlxUW/LmvR+hbpybV6t2rX49Z+elWbRbEZjZeUne2knbp91zR9um/Xp66F+mWuT1KnfHanuGh11OrkAAAAABLiCwAAOexsLnJ11RtKE7iq/uwWunn4ep5a0Vjcy9iJnqE4wm6yc+GplK/AufYUH3+sv2+JSvyfxRYrh/7J5jcPZ4ij2VnbwoQ68K735vmyla1rzu0rEVivp3NNCKTIAAAAAAAAAAAAAAAAAAAAPmUIzi4ySaa0afJgQfaXdHhs3x1bWLxd0+/joL6tv3w5fDQtU5F69T2r3wVt66VVtLu6zWzPHUrW/0q0j/ANTbayil71zj693vL9M1L+lK+K1PaMJ68ju4gAABLiCwfNgT7Zrdm69OFzlpSgpd6tYPR6f3Pp5L4lHJyNdUWaYt92WBY422xtBUbWhC3pL7tNafHxKU2m07lZiIjqHaIvQAAAAAAAAAAAAAAAAAAAAAAAAAYa1Ah21G6zDbRcdWFL+H3j7+3t0km/7o8n8n7yzTPenXuHC+Gtv6UntPstfbJZH6JexTUlxUq0PsVI+K/VdDTx5K5I3DPvSaTqWnOjmAS4gsJPu6xcMltHGdVKVO2g63C+TlqlH5vX0K/It406/LtijdlwIyl1kAAAAAAAAAAAAAAAAAAAAAAAAAAAAABEd6ODp5nY+9k4J17SLuaUuqcea9Vqixgt43j+3DNXypLzubDLAJcQWE33T/APFr/wD7C/3FPlfMLGH6laC5GctsgAAAAAAAAAAAAAAAAAAAAAAAAAAAAANRtd/ytmP/AA63+xnTH9x/6hf5l5gXJG4xwD//2Q=='}]
,Chrome Headless 114.0.5735.199 (Windows 10) ERROR: 'NG0304: 'mat-list-item' is not a known element:
1. If 'mat-list-item' is an Angular component, then verify that it is part of this module.
2. If 'mat-list-item' is a Web Component then add 'CUSTOM_ELEMENTS_SCHEMA' to the '@NgModule.schemas' of this component to suppress this message.'
,Chrome Headless 114.0.5735.199 (Windows 10) ERROR: 'NG0304: 'mat-icon' is not a known element:
1. If 'mat-icon' is an Angular component, then verify that it is part of this module.
2. If 'mat-icon' is a Web Component then add 'CUSTOM_ELEMENTS_SCHEMA' to the '@NgModule.schemas' of this component to suppress this message.'

]]>
  </system-out>
  <system-err/>
</testsuite>